#
# There is insufficient memory for the Java Runtime Environment to continue.
# Native memory allocation (mmap) failed to map 10485760 bytes. Error detail: G1 virtual space
# Possible reasons:
#   The system is out of physical RAM or swap space
#   This process is running with CompressedOops enabled, and the Java Heap may be blocking the growth of the native heap
# Possible solutions:
#   Reduce memory load on the system
#   Increase physical memory or swap space
#   Check if swap backing store is full
#   Decrease Java heap size (-Xmx/-Xms)
#   Decrease number of Java threads
#   Decrease Java thread stack sizes (-Xss)
#   Set larger code cache with -XX:ReservedCodeCacheSize=
#   JVM is running with Unscaled Compressed Oops mode in which the Java heap is
#     placed in the first 4GB address space. The Java Heap base address is the
#     maximum limit for the native heap growth. Please use -XX:HeapBaseMinAddress
#     to set the Java Heap base and to place the Java Heap above 4GB virtual address.
# This output file may be truncated or incomplete.
#
#  Out of Memory Error (os_windows.cpp:3631), pid=38568, tid=30256
#
# JRE version: Java(TM) SE Runtime Environment (22.0.1+8) (build 22.0.1+8-16)
# Java VM: Java HotSpot(TM) 64-Bit Server VM (22.0.1+8-16, mixed mode, sharing, tiered, compressed oops, compressed class ptrs, g1 gc, windows-amd64)
# No core dump will be written. Minidumps are not enabled by default on client versions of Windows
#

---------------  S U M M A R Y ------------

Command Line: -Dfile.encoding=UTF-8 --module-path=C:\Users\aishu\OneDrive\Documents\NetBeansProjects\Travel Management System\build\classes travel.management.system.CheckHotels

Host: AMD Ryzen 5 5500U with Radeon Graphics         , 12 cores, 5G,  Windows 11 , 64 bit Build 22621 (10.0.22621.3672)
Time: Sun Jul  7 23:17:07 2024 India Standard Time elapsed time: 0.863050 seconds (0d 0h 0m 0s)

---------------  T H R E A D  ---------------

Current thread (0x00000243839e54b0):  VMThread "VM Thread"          [id=30256, stack(0x000000ac28700000,0x000000ac28800000) (1024K)]

Stack: [0x000000ac28700000,0x000000ac28800000]
Native frames: (J=compiled Java code, j=interpreted, Vv=VM code, C=native code)
V  [jvm.dll+0x6e2279]  (no source info available)
V  [jvm.dll+0x874e33]  (no source info available)
V  [jvm.dll+0x87725e]  (no source info available)
V  [jvm.dll+0x877933]  (no source info available)
V  [jvm.dll+0x27fd76]  (no source info available)
V  [jvm.dll+0x6de915]  (no source info available)
V  [jvm.dll+0x6d341a]  (no source info available)
V  [jvm.dll+0x3589da]  (no source info available)
V  [jvm.dll+0x360f06]  (no source info available)
V  [jvm.dll+0x3b3e2e]  (no source info available)
V  [jvm.dll+0x3b40d8]  (no source info available)
V  [jvm.dll+0x32c59c]  (no source info available)
V  [jvm.dll+0x32eef6]  (no source info available)
V  [jvm.dll+0x3391c1]  (no source info available)
V  [jvm.dll+0x370365]  (no source info available)
V  [jvm.dll+0x87d7d0]  (no source info available)
V  [jvm.dll+0x87eb57]  (no source info available)
V  [jvm.dll+0x87f0d0]  (no source info available)
V  [jvm.dll+0x87f373]  (no source info available)
V  [jvm.dll+0x81d44b]  (no source info available)
V  [jvm.dll+0x6e0915]  (no source info available)
C  [ucrtbase.dll+0x29333]  (no source info available)
C  [KERNEL32.DLL+0x1257d]  (no source info available)
C  [ntdll.dll+0x5af28]  (no source info available)

VM_Operation (0x000000ac282ff4d0): G1PauseRemark, mode: safepoint, requested by thread 0x00000243e784e560


---------------  P R O C E S S  ---------------

Threads class SMR info:
_java_thread_list=0x0000024383f5f660, length=16, elements={
0x00000243e55a9660, 0x0000024383a01b90, 0x0000024383a029b0, 0x0000024383a04d90,
0x0000024383a05b20, 0x0000024383a0ad20, 0x0000024383a09bd0, 0x0000024383a2bac0,
0x0000024383a36590, 0x0000024383c09130, 0x0000024383d8d7f0, 0x0000024383f33590,
0x0000024383f34420, 0x0000024383f438d0, 0x00000243c9fc24e0, 0x00000243c9ff2320
}

Java Threads: ( => current thread )
  0x00000243e55a9660 JavaThread "main"                              [_thread_blocked, id=34272, stack(0x000000ac28000000,0x000000ac28100000) (1024K)]
  0x0000024383a01b90 JavaThread "Reference Handler"          daemon [_thread_blocked, id=7036, stack(0x000000ac28800000,0x000000ac28900000) (1024K)]
  0x0000024383a029b0 JavaThread "Finalizer"                  daemon [_thread_blocked, id=864, stack(0x000000ac28900000,0x000000ac28a00000) (1024K)]
  0x0000024383a04d90 JavaThread "Signal Dispatcher"          daemon [_thread_blocked, id=36916, stack(0x000000ac28a00000,0x000000ac28b00000) (1024K)]
  0x0000024383a05b20 JavaThread "Attach Listener"            daemon [_thread_blocked, id=38416, stack(0x000000ac28b00000,0x000000ac28c00000) (1024K)]
  0x0000024383a0ad20 JavaThread "Service Thread"             daemon [_thread_blocked, id=36564, stack(0x000000ac28c00000,0x000000ac28d00000) (1024K)]
  0x0000024383a09bd0 JavaThread "Monitor Deflation Thread"   daemon [_thread_blocked, id=21640, stack(0x000000ac28d00000,0x000000ac28e00000) (1024K)]
  0x0000024383a2bac0 JavaThread "C2 CompilerThread0"         daemon [_thread_blocked, id=35532, stack(0x000000ac28e00000,0x000000ac28f00000) (1024K)]
  0x0000024383a36590 JavaThread "C1 CompilerThread0"         daemon [_thread_blocked, id=11100, stack(0x000000ac28f00000,0x000000ac29000000) (1024K)]
  0x0000024383c09130 JavaThread "Common-Cleaner"             daemon [_thread_blocked, id=15064, stack(0x000000ac29000000,0x000000ac29100000) (1024K)]
  0x0000024383d8d7f0 JavaThread "Notification Thread"        daemon [_thread_blocked, id=18624, stack(0x000000ac29100000,0x000000ac29200000) (1024K)]
  0x0000024383f33590 JavaThread "Java2D Disposer"            daemon [_thread_blocked, id=37864, stack(0x000000ac29300000,0x000000ac29400000) (1024K)]
  0x0000024383f34420 JavaThread "AWT-Shutdown"                      [_thread_blocked, id=5028, stack(0x000000ac29400000,0x000000ac29500000) (1024K)]
  0x0000024383f438d0 JavaThread "AWT-Windows"                daemon [_thread_in_native, id=14556, stack(0x000000ac29500000,0x000000ac29600000) (1024K)]
  0x00000243c9fc24e0 JavaThread "Image Fetcher 0"            daemon [_thread_blocked, id=37464, stack(0x000000ac29200000,0x000000ac29300000) (1024K)]
  0x00000243c9ff2320 JavaThread "Image Fetcher 1"            daemon [_thread_blocked, id=21492, stack(0x000000ac2a900000,0x000000ac2aa00000) (1024K)]
Total: 16

Other Threads:
=>0x00000243839e54b0 VMThread "VM Thread"                           [id=30256, stack(0x000000ac28700000,0x000000ac28800000) (1024K)]
  0x00000243839cf100 WatcherThread "VM Periodic Task Thread"        [id=34340, stack(0x000000ac28600000,0x000000ac28700000) (1024K)]
  0x00000243e7840a20 WorkerThread "GC Thread#0"                     [id=36184, stack(0x000000ac28100000,0x000000ac28200000) (1024K)]
  0x00000243c9f8fcc0 WorkerThread "GC Thread#1"                     [id=38584, stack(0x000000ac2a100000,0x000000ac2a200000) (1024K)]
  0x00000243c9f90b80 WorkerThread "GC Thread#2"                     [id=34584, stack(0x000000ac2a200000,0x000000ac2a300000) (1024K)]
  0x00000243c9f90420 WorkerThread "GC Thread#3"                     [id=35628, stack(0x000000ac2a300000,0x000000ac2a400000) (1024K)]
  0x00000243c9f8f910 WorkerThread "GC Thread#4"                     [id=32632, stack(0x000000ac2a400000,0x000000ac2a500000) (1024K)]
  0x00000243c9f90f30 WorkerThread "GC Thread#5"                     [id=1852, stack(0x000000ac2a500000,0x000000ac2a600000) (1024K)]
  0x00000243c9f8f560 WorkerThread "GC Thread#6"                     [id=30932, stack(0x000000ac2a600000,0x000000ac2a700000) (1024K)]
  0x00000243c9f907d0 WorkerThread "GC Thread#7"                     [id=6356, stack(0x000000ac2a700000,0x000000ac2a800000) (1024K)]
  0x00000243c9f90070 WorkerThread "GC Thread#8"                     [id=3684, stack(0x000000ac2a800000,0x000000ac2a900000) (1024K)]
  0x00000243e784e560 ConcurrentGCThread "G1 Main Marker"            [id=31820, stack(0x000000ac28200000,0x000000ac28300000) (1024K)]
  0x00000243e7850230 WorkerThread "G1 Conc#0"                       [id=25056, stack(0x000000ac28300000,0x000000ac28400000) (1024K)]
  0x00000243ca56b540 WorkerThread "G1 Conc#1"                       [id=38284, stack(0x000000ac2aa00000,0x000000ac2ab00000) (1024K)]
  0x00000243ca56a680 WorkerThread "G1 Conc#2"                       [id=34960, stack(0x000000ac2ab00000,0x000000ac2ac00000) (1024K)]
  0x00000243838a28c0 ConcurrentGCThread "G1 Refine#0"               [id=20672, stack(0x000000ac28400000,0x000000ac28500000) (1024K)]
  0x00000243e78bd510 ConcurrentGCThread "G1 Service"                [id=16192, stack(0x000000ac28500000,0x000000ac28600000) (1024K)]
Total: 17

Threads with active compile tasks:
Total: 0

VM state: at safepoint (normal execution)

VM Mutex/Monitor currently owned by a thread:  ([mutex/lock_event])
[0x00007ff8424ebbb8] Threads_lock - owner thread: 0x00000243839e54b0
[0x00007ff8424ebcb8] Heap_lock - owner thread: 0x00000243e784e560

Heap address: 0x00000000a2600000, size: 1498 MB, Compressed Oops mode: 32-bit

CDS archive(s) mapped at: [0x0000024384000000-0x0000024384c60000-0x0000024384c60000), size 12976128, SharedBaseAddress: 0x0000024384000000, ArchiveRelocationMode: 1.
Compressed class space mapped at: 0x0000024385000000-0x00000243c5000000, reserved size: 1073741824
Narrow klass base: 0x0000024384000000, Narrow klass shift: 0, Narrow klass range: 0x41000000

GC Precious Log:
 CardTable entry size: 512
 Card Set container configuration: InlinePtr #cards 5 size 8 Array Of Cards #cards 12 size 40 Howl #buckets 4 coarsen threshold 1843 Howl Bitmap #cards 512 size 80 coarsen threshold 460 Card regions per heap region 1 cards per card region 2048
 CPUs: 12 total, 12 available
 Memory: 5989M
 Large Page Support: Disabled
 NUMA Support: Disabled
 Compressed Oops: Enabled (32-bit)
 Heap Region Size: 1M
 Heap Min Capacity: 8M
 Heap Initial Capacity: 94M
 Heap Max Capacity: 1498M
 Pre-touch: Disabled
 Parallel Workers: 10
 Concurrent Workers: 3
 Concurrent Refinement Workers: 10
 Periodic GC: Disabled

Heap:
 garbage-first heap   total reserved 1533952K, committed 96256K, used 63182K [0x00000000a2600000, 0x0000000100000000)
  region size 1024K, 3 young (3072K), 3 survivors (3072K)
 Metaspace       used 4862K, committed 5056K, reserved 1114112K
  class space    used 506K, committed 640K, reserved 1048576K

Heap Regions: E=young(eden), S=young(survivor), O=old, HS=humongous(starts), HC=humongous(continues), CS=collection set, F=free, TAMS=top-at-mark-start, PB=parsable bottom
|   0|0x00000000a2600000, 0x00000000a2700000, 0x00000000a2700000|100%|HS|  |TAMS 0x00000000a2700000| PB 0x00000000a2600000| Complete |  0
|   1|0x00000000a2700000, 0x00000000a2800000, 0x00000000a2800000|100%|HC|  |TAMS 0x00000000a2800000| PB 0x00000000a2700000| Complete |  0
|   2|0x00000000a2800000, 0x00000000a2900000, 0x00000000a2900000|100%|HC|  |TAMS 0x00000000a2900000| PB 0x00000000a2800000| Complete |  0
|   3|0x00000000a2900000, 0x00000000a2a00000, 0x00000000a2a00000|100%|HC|  |TAMS 0x00000000a2a00000| PB 0x00000000a2900000| Complete |  0
|   4|0x00000000a2a00000, 0x00000000a2b00000, 0x00000000a2b00000|100%|HC|  |TAMS 0x00000000a2b00000| PB 0x00000000a2a00000| Complete |  0
|   5|0x00000000a2b00000, 0x00000000a2c00000, 0x00000000a2c00000|100%|HC|  |TAMS 0x00000000a2c00000| PB 0x00000000a2b00000| Complete |  0
|   6|0x00000000a2c00000, 0x00000000a2d00000, 0x00000000a2d00000|100%|HC|  |TAMS 0x00000000a2d00000| PB 0x00000000a2c00000| Complete |  0
|   7|0x00000000a2d00000, 0x00000000a2e00000, 0x00000000a2e00000|100%|HC|  |TAMS 0x00000000a2e00000| PB 0x00000000a2d00000| Complete |  0
|   8|0x00000000a2e00000, 0x00000000a2f00000, 0x00000000a2f00000|100%|HS|  |TAMS 0x00000000a2f00000| PB 0x00000000a2e00000| Complete |  0
|   9|0x00000000a2f00000, 0x00000000a3000000, 0x00000000a3000000|100%|HC|  |TAMS 0x00000000a3000000| PB 0x00000000a2f00000| Complete |  0
|  10|0x00000000a3000000, 0x00000000a3100000, 0x00000000a3100000|100%|HS|  |TAMS 0x00000000a3100000| PB 0x00000000a3000000| Complete |  0
|  11|0x00000000a3100000, 0x00000000a3200000, 0x00000000a3200000|100%|HC|  |TAMS 0x00000000a3200000| PB 0x00000000a3100000| Complete |  0
|  12|0x00000000a3200000, 0x00000000a3300000, 0x00000000a3300000|100%|HC|  |TAMS 0x00000000a3300000| PB 0x00000000a3200000| Complete |  0
|  13|0x00000000a3300000, 0x00000000a3400000, 0x00000000a3400000|100%|HC|  |TAMS 0x00000000a3400000| PB 0x00000000a3300000| Complete |  0
|  14|0x00000000a3400000, 0x00000000a3500000, 0x00000000a3500000|100%|HC|  |TAMS 0x00000000a3500000| PB 0x00000000a3400000| Complete |  0
|  15|0x00000000a3500000, 0x00000000a3600000, 0x00000000a3600000|100%|HC|  |TAMS 0x00000000a3600000| PB 0x00000000a3500000| Complete |  0
|  16|0x00000000a3600000, 0x00000000a3700000, 0x00000000a3700000|100%|HC|  |TAMS 0x00000000a3700000| PB 0x00000000a3600000| Complete |  0
|  17|0x00000000a3700000, 0x00000000a3800000, 0x00000000a3800000|100%|HC|  |TAMS 0x00000000a3800000| PB 0x00000000a3700000| Complete |  0
|  18|0x00000000a3800000, 0x00000000a3900000, 0x00000000a3900000|100%|HS|  |TAMS 0x00000000a3900000| PB 0x00000000a3800000| Complete |  0
|  19|0x00000000a3900000, 0x00000000a3a00000, 0x00000000a3a00000|100%|HC|  |TAMS 0x00000000a3a00000| PB 0x00000000a3900000| Complete |  0
|  20|0x00000000a3a00000, 0x00000000a3b00000, 0x00000000a3b00000|100%|HS|  |TAMS 0x00000000a3b00000| PB 0x00000000a3a00000| Complete |  0
|  21|0x00000000a3b00000, 0x00000000a3c00000, 0x00000000a3c00000|100%|HC|  |TAMS 0x00000000a3c00000| PB 0x00000000a3b00000| Complete |  0
|  22|0x00000000a3c00000, 0x00000000a3d00000, 0x00000000a3d00000|100%|HC|  |TAMS 0x00000000a3d00000| PB 0x00000000a3c00000| Complete |  0
|  23|0x00000000a3d00000, 0x00000000a3e00000, 0x00000000a3e00000|100%|HC|  |TAMS 0x00000000a3e00000| PB 0x00000000a3d00000| Complete |  0
|  24|0x00000000a3e00000, 0x00000000a3f00000, 0x00000000a3f00000|100%|HC|  |TAMS 0x00000000a3f00000| PB 0x00000000a3e00000| Complete |  0
|  25|0x00000000a3f00000, 0x00000000a4000000, 0x00000000a4000000|100%|HC|  |TAMS 0x00000000a4000000| PB 0x00000000a3f00000| Complete |  0
|  26|0x00000000a4000000, 0x00000000a4100000, 0x00000000a4100000|100%|HC|  |TAMS 0x00000000a4100000| PB 0x00000000a4000000| Complete |  0
|  27|0x00000000a4100000, 0x00000000a4200000, 0x00000000a4200000|100%|HC|  |TAMS 0x00000000a4200000| PB 0x00000000a4100000| Complete |  0
|  28|0x00000000a4200000, 0x00000000a4300000, 0x00000000a4300000|100%|HS|  |TAMS 0x00000000a4300000| PB 0x00000000a4200000| Complete |  0
|  29|0x00000000a4300000, 0x00000000a4400000, 0x00000000a4400000|100%|HC|  |TAMS 0x00000000a4400000| PB 0x00000000a4300000| Complete |  0
|  30|0x00000000a4400000, 0x00000000a4500000, 0x00000000a4500000|100%|HS|  |TAMS 0x00000000a4500000| PB 0x00000000a4400000| Complete |  0
|  31|0x00000000a4500000, 0x00000000a4600000, 0x00000000a4600000|100%|HC|  |TAMS 0x00000000a4600000| PB 0x00000000a4500000| Complete |  0
|  32|0x00000000a4600000, 0x00000000a4700000, 0x00000000a4700000|100%|HC|  |TAMS 0x00000000a4700000| PB 0x00000000a4600000| Complete |  0
|  33|0x00000000a4700000, 0x00000000a4800000, 0x00000000a4800000|100%|HC|  |TAMS 0x00000000a4800000| PB 0x00000000a4700000| Complete |  0
|  34|0x00000000a4800000, 0x00000000a4900000, 0x00000000a4900000|100%|HC|  |TAMS 0x00000000a4900000| PB 0x00000000a4800000| Complete |  0
|  35|0x00000000a4900000, 0x00000000a4a00000, 0x00000000a4a00000|100%|HC|  |TAMS 0x00000000a4a00000| PB 0x00000000a4900000| Complete |  0
|  36|0x00000000a4a00000, 0x00000000a4b00000, 0x00000000a4b00000|100%|HC|  |TAMS 0x00000000a4b00000| PB 0x00000000a4a00000| Complete |  0
|  37|0x00000000a4b00000, 0x00000000a4c00000, 0x00000000a4c00000|100%|HC|  |TAMS 0x00000000a4c00000| PB 0x00000000a4b00000| Complete |  0
|  38|0x00000000a4c00000, 0x00000000a4d00000, 0x00000000a4d00000|100%|HS|  |TAMS 0x00000000a4d00000| PB 0x00000000a4c00000| Complete |  0
|  39|0x00000000a4d00000, 0x00000000a4e00000, 0x00000000a4e00000|100%|HC|  |TAMS 0x00000000a4e00000| PB 0x00000000a4d00000| Complete |  0
|  40|0x00000000a4e00000, 0x00000000a4f00000, 0x00000000a4f00000|100%|HS|  |TAMS 0x00000000a4f00000| PB 0x00000000a4e00000| Complete |  0
|  41|0x00000000a4f00000, 0x00000000a5000000, 0x00000000a5000000|100%|HC|  |TAMS 0x00000000a5000000| PB 0x00000000a4f00000| Complete |  0
|  42|0x00000000a5000000, 0x00000000a5100000, 0x00000000a5100000|100%|HC|  |TAMS 0x00000000a5100000| PB 0x00000000a5000000| Complete |  0
|  43|0x00000000a5100000, 0x00000000a5200000, 0x00000000a5200000|100%|HC|  |TAMS 0x00000000a5200000| PB 0x00000000a5100000| Complete |  0
|  44|0x00000000a5200000, 0x00000000a5300000, 0x00000000a5300000|100%|HC|  |TAMS 0x00000000a5300000| PB 0x00000000a5200000| Complete |  0
|  45|0x00000000a5300000, 0x00000000a5400000, 0x00000000a5400000|100%|HC|  |TAMS 0x00000000a5400000| PB 0x00000000a5300000| Complete |  0
|  46|0x00000000a5400000, 0x00000000a5500000, 0x00000000a5500000|100%|HC|  |TAMS 0x00000000a5500000| PB 0x00000000a5400000| Complete |  0
|  47|0x00000000a5500000, 0x00000000a5600000, 0x00000000a5600000|100%|HC|  |TAMS 0x00000000a5600000| PB 0x00000000a5500000| Complete |  0
|  48|0x00000000a5600000, 0x00000000a5700000, 0x00000000a5700000|100%|HC|  |TAMS 0x00000000a5700000| PB 0x00000000a5600000| Complete |  0
|  49|0x00000000a5700000, 0x00000000a5800000, 0x00000000a5800000|100%|HS|  |TAMS 0x00000000a5800000| PB 0x00000000a5700000| Complete |  0
|  50|0x00000000a5800000, 0x00000000a5900000, 0x00000000a5900000|100%|HC|  |TAMS 0x00000000a5900000| PB 0x00000000a5800000| Complete |  0
|  51|0x00000000a5900000, 0x00000000a5a00000, 0x00000000a5a00000|100%|HS|  |TAMS 0x00000000a5900000| PB 0x00000000a5900000| Complete |  0
|  52|0x00000000a5a00000, 0x00000000a5b00000, 0x00000000a5b00000|100%|HC|  |TAMS 0x00000000a5a00000| PB 0x00000000a5a00000| Complete |  0
|  53|0x00000000a5b00000, 0x00000000a5c00000, 0x00000000a5c00000|100%|HC|  |TAMS 0x00000000a5b00000| PB 0x00000000a5b00000| Complete |  0
|  54|0x00000000a5c00000, 0x00000000a5d00000, 0x00000000a5d00000|100%|HC|  |TAMS 0x00000000a5c00000| PB 0x00000000a5c00000| Complete |  0
|  55|0x00000000a5d00000, 0x00000000a5e00000, 0x00000000a5e00000|100%|HC|  |TAMS 0x00000000a5d00000| PB 0x00000000a5d00000| Complete |  0
|  56|0x00000000a5e00000, 0x00000000a5f00000, 0x00000000a5f00000|100%|HC|  |TAMS 0x00000000a5e00000| PB 0x00000000a5e00000| Complete |  0
|  57|0x00000000a5f00000, 0x00000000a6000000, 0x00000000a6000000|100%|HC|  |TAMS 0x00000000a5f00000| PB 0x00000000a5f00000| Complete |  0
|  58|0x00000000a6000000, 0x00000000a6100000, 0x00000000a6100000|100%|HC|  |TAMS 0x00000000a6000000| PB 0x00000000a6000000| Complete |  0
|  59|0x00000000a6100000, 0x00000000a6100000, 0x00000000a6200000|  0%| F|  |TAMS 0x00000000a6100000| PB 0x00000000a6100000| Untracked |  0
|  60|0x00000000a6200000, 0x00000000a6200000, 0x00000000a6300000|  0%| F|  |TAMS 0x00000000a6200000| PB 0x00000000a6200000| Untracked |  0
|  61|0x00000000a6300000, 0x00000000a6300000, 0x00000000a6400000|  0%| F|  |TAMS 0x00000000a6300000| PB 0x00000000a6300000| Untracked |  0
|  62|0x00000000a6400000, 0x00000000a6400000, 0x00000000a6500000|  0%| F|  |TAMS 0x00000000a6400000| PB 0x00000000a6400000| Untracked |  0
|  63|0x00000000a6500000, 0x00000000a6500000, 0x00000000a6600000|  0%| F|  |TAMS 0x00000000a6500000| PB 0x00000000a6500000| Untracked |  0
|  64|0x00000000a6600000, 0x00000000a6600000, 0x00000000a6700000|  0%| F|  |TAMS 0x00000000a6600000| PB 0x00000000a6600000| Untracked |  0
|  65|0x00000000a6700000, 0x00000000a6700000, 0x00000000a6800000|  0%| F|  |TAMS 0x00000000a6700000| PB 0x00000000a6700000| Untracked |  0
|  66|0x00000000a6800000, 0x00000000a6800000, 0x00000000a6900000|  0%| F|  |TAMS 0x00000000a6800000| PB 0x00000000a6800000| Untracked |  0
|  67|0x00000000a6900000, 0x00000000a6900000, 0x00000000a6a00000|  0%| F|  |TAMS 0x00000000a6900000| PB 0x00000000a6900000| Untracked |  0
|  68|0x00000000a6a00000, 0x00000000a6a00000, 0x00000000a6b00000|  0%| F|  |TAMS 0x00000000a6a00000| PB 0x00000000a6a00000| Untracked |  0
|  69|0x00000000a6b00000, 0x00000000a6b00000, 0x00000000a6c00000|  0%| F|  |TAMS 0x00000000a6b00000| PB 0x00000000a6b00000| Untracked |  0
|  70|0x00000000a6c00000, 0x00000000a6c00000, 0x00000000a6d00000|  0%| F|  |TAMS 0x00000000a6c00000| PB 0x00000000a6c00000| Untracked |  0
|  71|0x00000000a6d00000, 0x00000000a6d00000, 0x00000000a6e00000|  0%| F|  |TAMS 0x00000000a6d00000| PB 0x00000000a6d00000| Untracked |  0
|  72|0x00000000a6e00000, 0x00000000a6e00000, 0x00000000a6f00000|  0%| F|  |TAMS 0x00000000a6e00000| PB 0x00000000a6e00000| Untracked |  0
|  73|0x00000000a6f00000, 0x00000000a6f00000, 0x00000000a7000000|  0%| F|  |TAMS 0x00000000a6f00000| PB 0x00000000a6f00000| Untracked |  0
|  74|0x00000000a7000000, 0x00000000a7000000, 0x00000000a7100000|  0%| F|  |TAMS 0x00000000a7000000| PB 0x00000000a7000000| Untracked |  0
|  75|0x00000000a7100000, 0x00000000a7100000, 0x00000000a7200000|  0%| F|  |TAMS 0x00000000a7100000| PB 0x00000000a7100000| Untracked |  0
|  76|0x00000000a7200000, 0x00000000a7200000, 0x00000000a7300000|  0%| F|  |TAMS 0x00000000a7200000| PB 0x00000000a7200000| Untracked |  0
|  77|0x00000000a7300000, 0x00000000a7300000, 0x00000000a7400000|  0%| F|  |TAMS 0x00000000a7300000| PB 0x00000000a7300000| Untracked |  0
|  78|0x00000000a7400000, 0x00000000a7400000, 0x00000000a7500000|  0%| F|  |TAMS 0x00000000a7400000| PB 0x00000000a7400000| Untracked |  0
|  79|0x00000000a7500000, 0x00000000a7500000, 0x00000000a7600000|  0%| F|  |TAMS 0x00000000a7500000| PB 0x00000000a7500000| Untracked |  0
|  80|0x00000000a7600000, 0x00000000a7600000, 0x00000000a7700000|  0%| F|  |TAMS 0x00000000a7600000| PB 0x00000000a7600000| Untracked |  0
|  81|0x00000000a7700000, 0x00000000a7700000, 0x00000000a7800000|  0%| F|  |TAMS 0x00000000a7700000| PB 0x00000000a7700000| Untracked |  0
|  82|0x00000000a7800000, 0x00000000a7800000, 0x00000000a7900000|  0%| F|  |TAMS 0x00000000a7800000| PB 0x00000000a7800000| Untracked |  0
|  83|0x00000000a7900000, 0x00000000a7900000, 0x00000000a7a00000|  0%| F|  |TAMS 0x00000000a7900000| PB 0x00000000a7900000| Untracked |  0
|  84|0x00000000a7a00000, 0x00000000a7a00000, 0x00000000a7b00000|  0%| F|  |TAMS 0x00000000a7a00000| PB 0x00000000a7a00000| Untracked |  0
|  85|0x00000000a7b00000, 0x00000000a7b00000, 0x00000000a7c00000|  0%| F|  |TAMS 0x00000000a7b00000| PB 0x00000000a7b00000| Untracked |  0
|  86|0x00000000a7c00000, 0x00000000a7c00000, 0x00000000a7d00000|  0%| F|  |TAMS 0x00000000a7c00000| PB 0x00000000a7c00000| Untracked |  0
|  87|0x00000000a7d00000, 0x00000000a7d00000, 0x00000000a7e00000|  0%| F|  |TAMS 0x00000000a7d00000| PB 0x00000000a7d00000| Untracked |  0
|  88|0x00000000a7e00000, 0x00000000a7eb39d0, 0x00000000a7f00000| 70%| S|CS|TAMS 0x00000000a7e00000| PB 0x00000000a7e00000| Complete |  0
|  89|0x00000000a7f00000, 0x00000000a8000000, 0x00000000a8000000|100%| S|CS|TAMS 0x00000000a7f00000| PB 0x00000000a7f00000| Complete |  0
|  90|0x00000000a8000000, 0x00000000a8100000, 0x00000000a8100000|100%| S|CS|TAMS 0x00000000a8000000| PB 0x00000000a8000000| Complete |  0
|  91|0x00000000a8100000, 0x00000000a8100000, 0x00000000a8200000|  0%| F|  |TAMS 0x00000000a8100000| PB 0x00000000a8100000| Untracked |  0
|  92|0x00000000a8200000, 0x00000000a8200000, 0x00000000a8300000|  0%| F|  |TAMS 0x00000000a8200000| PB 0x00000000a8200000| Untracked |  0
|  93|0x00000000a8300000, 0x00000000a8300000, 0x00000000a8400000|  0%| F|  |TAMS 0x00000000a8300000| PB 0x00000000a8300000| Untracked |  0

Card table byte_map: [0x00000243ff380000,0x00000243ff670000] _byte_map_base: 0x00000243fee6d000

Marking Bits: (CMBitMap*) 0x00000243e7841130
 Bits: [0x0000024380000000, 0x0000024381768000)

Polling page: 0x00000243e6fc0000

Metaspace:

Usage:
  Non-class:      4.25 MB used.
      Class:    506.70 KB used.
       Both:      4.75 MB used.

Virtual space:
  Non-class space:       64.00 MB reserved,       4.31 MB (  7%) committed,  1 nodes.
      Class space:        1.00 GB reserved,     640.00 KB ( <1%) committed,  1 nodes.
             Both:        1.06 GB reserved,       4.94 MB ( <1%) committed. 

Chunk freelists:
   Non-Class:  10.88 MB
       Class:  15.24 MB
        Both:  26.12 MB

MaxMetaspaceSize: unlimited
CompressedClassSpaceSize: 1.00 GB
Initial GC threshold: 21.00 MB
Current GC threshold: 21.00 MB
CDS: on
 - commit_granule_bytes: 65536.
 - commit_granule_words: 8192.
 - virtual_space_node_default_size: 8388608.
 - enlarge_chunks_in_place: 1.
 - use_allocation_guard: 0.


Internal statistics:

num_allocs_failed_limit: 0.
num_arena_births: 126.
num_arena_deaths: 0.
num_vsnodes_births: 2.
num_vsnodes_deaths: 0.
num_space_committed: 79.
num_space_uncommitted: 0.
num_chunks_returned_to_freelist: 0.
num_chunks_taken_from_freelist: 149.
num_chunk_merges: 0.
num_chunk_splits: 93.
num_chunks_enlarged: 39.
num_inconsistent_stats: 0.

CodeHeap 'non-profiled nmethods': size=120000Kb used=278Kb max_used=288Kb free=119721Kb
 bounds [0x00000243f7610000, 0x00000243f7880000, 0x00000243feb40000]
CodeHeap 'profiled nmethods': size=120000Kb used=1106Kb max_used=1234Kb free=118893Kb
 bounds [0x00000243efb40000, 0x00000243efdb0000, 0x00000243f7070000]
CodeHeap 'non-nmethods': size=5760Kb used=1465Kb max_used=1484Kb free=4294Kb
 bounds [0x00000243f7070000, 0x00000243f72e0000, 0x00000243f7610000]
 total_blobs=1307 nmethods=760 adapters=452
 compilation: enabled
              stopped_count=0, restarted_count=0
 full_count=0

Compilation events (20 events):
Event: 0.707 Thread 0x0000024383a36590  814       3       java.lang.ref.Cleaner$1::apply (5 bytes)
Event: 0.707 Thread 0x0000024383a36590 nmethod 814 0x00000243efc73710 code [0x00000243efc738a0, 0x00000243efc739b8]
Event: 0.707 Thread 0x0000024383a36590  815  s    1       java.lang.StringBuffer::length (5 bytes)
Event: 0.707 Thread 0x0000024383a36590 nmethod 815 0x00000243f7656390 code [0x00000243f7656520, 0x00000243f76566a8]
Event: 0.782 Thread 0x0000024383a2bac0  816   !   4       jdk.internal.misc.Blocker::begin (97 bytes)
Event: 0.782 Thread 0x0000024383a2bac0 nmethod 816 0x00000243f7656710 code [0x00000243f76568a0, 0x00000243f7656968]
Event: 0.782 Thread 0x0000024383a2bac0  817       4       jdk.internal.misc.Blocker::end (71 bytes)
Event: 0.783 Thread 0x0000024383a2bac0 nmethod 817 0x00000243f7656a90 code [0x00000243f7656c00, 0x00000243f7656c98]
Event: 0.804 Thread 0x0000024383a2bac0  818   !   4       java.io.FileInputStream::available (24 bytes)
Event: 0.805 Thread 0x0000024383a2bac0 nmethod 818 0x00000243f7656d90 code [0x00000243f7656f20, 0x00000243f7657040]
Event: 0.831 Thread 0x0000024383a36590  819       3       jdk.internal.jimage.BasicImageReader::verifyLocation (39 bytes)
Event: 0.831 Thread 0x0000024383a36590 nmethod 819 0x00000243efc73a90 code [0x00000243efc73c60, 0x00000243efc73f38]
Event: 0.831 Thread 0x0000024383a2bac0  820       4       java.util.concurrent.ConcurrentHashMap::get (162 bytes)
Event: 0.831 Thread 0x0000024383a36590  822       3       java.lang.StringConcatHelper::stringOf (20 bytes)
Event: 0.832 Thread 0x0000024383a36590 nmethod 822 0x00000243efc74090 code [0x00000243efc74240, 0x00000243efc74470]
Event: 0.833 Thread 0x0000024383a36590  823       3       java.util.Calendar::internalGet (7 bytes)
Event: 0.834 Thread 0x0000024383a36590 nmethod 823 0x00000243efc74510 code [0x00000243efc746a0, 0x00000243efc747d8]
Event: 0.835 Thread 0x0000024383a2bac0 nmethod 820 0x00000243f7657190 code [0x00000243f7657360, 0x00000243f76578e8]
Event: 0.835 Thread 0x0000024383a2bac0  821   !   4       java.nio.DirectByteBuffer::get (34 bytes)
Event: 0.836 Thread 0x0000024383a2bac0 nmethod 821 0x00000243f7657d10 code [0x00000243f7657ec0, 0x00000243f7658020]

GC Heap History (8 events):
Event: 0.495 GC heap before
{Heap before GC invocations=0 (full 0):
 garbage-first heap   total reserved 1533952K, committed 96256K, used 43008K [0x00000000a2600000, 0x0000000100000000)
  region size 1024K, 24 young (24576K), 0 survivors (0K)
 Metaspace       used 4847K, committed 5056K, reserved 1114112K
  class space    used 506K, committed 640K, reserved 1048576K
}
Event: 0.501 GC heap after
{Heap after GC invocations=1 (full 0):
 garbage-first heap   total reserved 1533952K, committed 96256K, used 21200K [0x00000000a2600000, 0x0000000100000000)
  region size 1024K, 3 young (3072K), 3 survivors (3072K)
 Metaspace       used 4847K, committed 5056K, reserved 1114112K
  class space    used 506K, committed 640K, reserved 1048576K
}
Event: 0.712 GC heap before
{Heap before GC invocations=1 (full 0):
 garbage-first heap   total reserved 1533952K, committed 96256K, used 69328K [0x00000000a2600000, 0x0000000100000000)
  region size 1024K, 30 young (30720K), 3 survivors (3072K)
 Metaspace       used 4862K, committed 5056K, reserved 1114112K
  class space    used 506K, committed 640K, reserved 1048576K
}
Event: 0.715 GC heap after
{Heap after GC invocations=2 (full 0):
 garbage-first heap   total reserved 1533952K, committed 96256K, used 43717K [0x00000000a2600000, 0x0000000100000000)
  region size 1024K, 3 young (3072K), 3 survivors (3072K)
 Metaspace       used 4862K, committed 5056K, reserved 1114112K
  class space    used 506K, committed 640K, reserved 1048576K
}
Event: 0.775 GC heap before
{Heap before GC invocations=2 (full 0):
 garbage-first heap   total reserved 1533952K, committed 96256K, used 64197K [0x00000000a2600000, 0x0000000100000000)
  region size 1024K, 15 young (15360K), 3 survivors (3072K)
 Metaspace       used 4862K, committed 5056K, reserved 1114112K
  class space    used 506K, committed 640K, reserved 1048576K
}
Event: 0.778 GC heap after
{Heap after GC invocations=3 (full 0):
 garbage-first heap   total reserved 1533952K, committed 96256K, used 52936K [0x00000000a2600000, 0x0000000100000000)
  region size 1024K, 3 young (3072K), 3 survivors (3072K)
 Metaspace       used 4862K, committed 5056K, reserved 1114112K
  class space    used 506K, committed 640K, reserved 1048576K
}
Event: 0.838 GC heap before
{Heap before GC invocations=4 (full 0):
 garbage-first heap   total reserved 1533952K, committed 96256K, used 57032K [0x00000000a2600000, 0x0000000100000000)
  region size 1024K, 6 young (6144K), 3 survivors (3072K)
 Metaspace       used 4862K, committed 5056K, reserved 1114112K
  class space    used 506K, committed 640K, reserved 1048576K
}
Event: 0.841 GC heap after
{Heap after GC invocations=5 (full 0):
 garbage-first heap   total reserved 1533952K, committed 96256K, used 54990K [0x00000000a2600000, 0x0000000100000000)
  region size 1024K, 3 young (3072K), 3 survivors (3072K)
 Metaspace       used 4862K, committed 5056K, reserved 1114112K
  class space    used 506K, committed 640K, reserved 1048576K
}

Dll operation events (8 events):
Event: 0.013 Loaded shared library C:\Program Files\Java\jdk-22\bin\java.dll
Event: 0.045 Loaded shared library C:\Program Files\Java\jdk-22\bin\jsvml.dll
Event: 0.073 Loaded shared library C:\Program Files\Java\jdk-22\bin\net.dll
Event: 0.075 Loaded shared library C:\Program Files\Java\jdk-22\bin\nio.dll
Event: 0.095 Loaded shared library C:\Program Files\Java\jdk-22\bin\zip.dll
Event: 0.105 Loaded shared library C:\Program Files\Java\jdk-22\bin\jimage.dll
Event: 0.120 Loaded shared library C:\Program Files\Java\jdk-22\bin\awt.dll
Event: 0.381 Loaded shared library C:\Program Files\Java\jdk-22\bin\javajpeg.dll

Deoptimization events (20 events):
Event: 0.517 Thread 0x00000243c9fc24e0 DEOPT PACKING pc=0x00000243efc697d8 sp=0x000000ac292fe620
Event: 0.517 Thread 0x00000243c9fc24e0 DEOPT UNPACKING pc=0x00000243f70c4e42 sp=0x000000ac292fdab0 mode 0
Event: 0.518 Thread 0x00000243c9fc24e0 DEOPT PACKING pc=0x00000243efc697d8 sp=0x000000ac292fe620
Event: 0.518 Thread 0x00000243c9fc24e0 DEOPT UNPACKING pc=0x00000243f70c4e42 sp=0x000000ac292fdab0 mode 0
Event: 0.519 Thread 0x00000243c9fc24e0 DEOPT PACKING pc=0x00000243efc697d8 sp=0x000000ac292fe620
Event: 0.519 Thread 0x00000243c9fc24e0 DEOPT UNPACKING pc=0x00000243f70c4e42 sp=0x000000ac292fdab0 mode 0
Event: 0.522 Thread 0x00000243c9fc24e0 DEOPT PACKING pc=0x00000243efc697d8 sp=0x000000ac292fe620
Event: 0.522 Thread 0x00000243c9fc24e0 DEOPT UNPACKING pc=0x00000243f70c4e42 sp=0x000000ac292fdab0 mode 0
Event: 0.523 Thread 0x00000243c9fc24e0 DEOPT PACKING pc=0x00000243efc697d8 sp=0x000000ac292fe620
Event: 0.523 Thread 0x00000243c9fc24e0 DEOPT UNPACKING pc=0x00000243f70c4e42 sp=0x000000ac292fdab0 mode 0
Event: 0.530 Thread 0x00000243c9fc24e0 DEOPT PACKING pc=0x00000243efc697d8 sp=0x000000ac292fe620
Event: 0.530 Thread 0x00000243c9fc24e0 DEOPT UNPACKING pc=0x00000243f70c4e42 sp=0x000000ac292fdab0 mode 0
Event: 0.533 Thread 0x00000243c9fc24e0 DEOPT PACKING pc=0x00000243efc697d8 sp=0x000000ac292fe620
Event: 0.533 Thread 0x00000243c9fc24e0 DEOPT UNPACKING pc=0x00000243f70c4e42 sp=0x000000ac292fdab0 mode 0
Event: 0.534 Thread 0x00000243c9fc24e0 DEOPT PACKING pc=0x00000243efc697d8 sp=0x000000ac292fe620
Event: 0.534 Thread 0x00000243c9fc24e0 DEOPT UNPACKING pc=0x00000243f70c4e42 sp=0x000000ac292fdab0 mode 0
Event: 0.536 Thread 0x00000243c9fc24e0 DEOPT PACKING pc=0x00000243efc697d8 sp=0x000000ac292fe620
Event: 0.536 Thread 0x00000243c9fc24e0 DEOPT UNPACKING pc=0x00000243f70c4e42 sp=0x000000ac292fdab0 mode 0
Event: 0.537 Thread 0x00000243c9fc24e0 DEOPT PACKING pc=0x00000243efc697d8 sp=0x000000ac292fe620
Event: 0.537 Thread 0x00000243c9fc24e0 DEOPT UNPACKING pc=0x00000243f70c4e42 sp=0x000000ac292fdab0 mode 0

Classes loaded (20 events):
Event: 0.390 Loading class java/awt/image/WritableRenderedImage done
Event: 0.390 Loading class java/awt/image/BufferedImage done
Event: 0.390 Loading class java/awt/image/BufferedImage$1
Event: 0.390 Loading class java/awt/image/BufferedImage$1 done
Event: 0.417 Loading class java/awt/image/ReplicateScaleFilter
Event: 0.417 Loading class java/awt/image/ImageFilter
Event: 0.418 Loading class java/awt/image/ImageFilter done
Event: 0.418 Loading class java/awt/image/ReplicateScaleFilter done
Event: 0.418 Loading class java/awt/image/FilteredImageSource
Event: 0.418 Loading class java/awt/image/FilteredImageSource done
Event: 0.445 Loading class javax/swing/plaf/metal/MetalLabelUI
Event: 0.445 Loading class javax/swing/plaf/basic/BasicLabelUI
Event: 0.445 Loading class javax/swing/plaf/LabelUI
Event: 0.446 Loading class javax/swing/plaf/LabelUI done
Event: 0.446 Loading class javax/swing/plaf/basic/BasicLabelUI done
Event: 0.446 Loading class javax/swing/plaf/metal/MetalLabelUI done
Event: 0.446 Loading class javax/swing/plaf/metal/DefaultMetalTheme$FontDelegate$1
Event: 0.446 Loading class javax/swing/plaf/metal/DefaultMetalTheme$FontDelegate$1 done
Event: 0.446 Loading class javax/swing/plaf/basic/BasicHTML
Event: 0.446 Loading class javax/swing/plaf/basic/BasicHTML done

Classes unloaded (0 events):
No events

Classes redefined (0 events):
No events

Internal exceptions (14 events):
Event: 0.076 Thread 0x00000243e55a9660 Exception <a 'sun/nio/fs/WindowsException'{0x00000000a82bc360}> (0x00000000a82bc360) 
thrown [s\open\src\hotspot\share\prims\jni.cpp, line 520]
Event: 0.077 Thread 0x00000243e55a9660 Exception <a 'sun/nio/fs/WindowsException'{0x00000000a82bea30}> (0x00000000a82bea30) 
thrown [s\open\src\hotspot\share\prims\jni.cpp, line 520]
Event: 0.077 Thread 0x00000243e55a9660 Exception <a 'sun/nio/fs/WindowsException'{0x00000000a82bf5c8}> (0x00000000a82bf5c8) 
thrown [s\open\src\hotspot\share\prims\jni.cpp, line 520]
Event: 0.110 Thread 0x00000243e55a9660 Exception <a 'java/lang/ClassNotFoundException'{0x00000000a818de08}: sun/awt/resources/spi/awtProvider> (0x00000000a818de08) 
thrown [s\open\src\hotspot\share\classfile\systemDictionary.cpp, line 313]
Event: 0.130 Thread 0x00000243e55a9660 Exception <a 'java/io/FileNotFoundException'{0x00000000a81e1a18}> (0x00000000a81e1a18) 
thrown [s\open\src\hotspot\share\prims\jni.cpp, line 520]
Event: 0.137 Thread 0x00000243e55a9660 Exception <a 'java/io/FileNotFoundException'{0x00000000a80100a8}> (0x00000000a80100a8) 
thrown [s\open\src\hotspot\share\prims\jni.cpp, line 520]
Event: 0.286 Thread 0x00000243e55a9660 Exception <a 'java/lang/NoSuchMethodError'{0x00000000a80a9550}: 'void java.lang.invoke.DirectMethodHandle$Holder.invokeSpecial(java.lang.Object, java.lang.Object, java.lang.Object)'> (0x00000000a80a9550) 
thrown [s\open\src\hotspot\share\interpreter\linkResolver.cpp, line 774]
Event: 0.293 Thread 0x00000243e55a9660 Exception <a 'java/lang/NoSuchMethodError'{0x00000000a80cf930}: 'java.lang.Object java.lang.invoke.DirectMethodHandle$Holder.newInvokeSpecial(java.lang.Object, java.lang.Object, java.lang.Object, java.lang.Object, java.lang.Object)'> (0x00000000a80cf930) 
thrown [s\open\src\hotspot\share\interpreter\linkResolver.cpp, line 774]
Event: 0.297 Thread 0x00000243e55a9660 Exception <a 'java/lang/NoSuchMethodError'{0x00000000a7f816a8}: 'java.lang.Object java.lang.invoke.DirectMethodHandle$Holder.invokeStatic(java.lang.Object, int, java.lang.Object)'> (0x00000000a7f816a8) 
thrown [s\open\src\hotspot\share\interpreter\linkResolver.cpp, line 774]
Event: 0.314 Thread 0x00000243e55a9660 Exception <a 'java/lang/ClassNotFoundException'{0x00000000a7e238e0}: com/sun/swing/internal/plaf/metal/resources/spi/metalProvider> (0x00000000a7e238e0) 
thrown [s\open\src\hotspot\share\classfile\systemDictionary.cpp, line 313]
Event: 0.315 Thread 0x00000243e55a9660 Exception <a 'java/lang/ClassNotFoundException'{0x00000000a7e27890}: com/sun/swing/internal/plaf/basic/resources/spi/basicProvider> (0x00000000a7e27890) 
thrown [s\open\src\hotspot\share\classfile\systemDictionary.cpp, line 313]
Event: 0.323 Thread 0x00000243e55a9660 Exception <a 'java/lang/NoSuchMethodError'{0x00000000a7e47128}: 'int java.lang.invoke.Invokers$Holder.invokeExact_MT(java.lang.Object, java.lang.Object)'> (0x00000000a7e47128) 
thrown [s\open\src\hotspot\share\interpreter\linkResolver.cpp, line 774]
Event: 0.383 Thread 0x00000243c9fc24e0 Exception <a 'java/lang/NoSuchMethodError'{0x00000000a7c2a708}: 'java.lang.Object java.lang.invoke.DirectMethodHandle$Holder.newInvokeSpecial(java.lang.Object, java.lang.Object, java.lang.Object, int, int, int, int, int)'> (0x00000000a7c2a708) 
thrown [s\open\src\hotspot\share\interpreter\linkResolver.cpp, line 774]
Event: 0.513 Thread 0x00000243c9fc24e0 Implicit null exception at 0x00000243f76489ba to 0x00000243f7649098

ZGC Phase Switch (0 events):
No events

VM Operations (20 events):
Event: 0.078 Executing VM operation: HandshakeAllThreads (Deoptimize) done
Event: 0.145 Executing VM operation: HandshakeAllThreads (Deoptimize)
Event: 0.145 Executing VM operation: HandshakeAllThreads (Deoptimize) done
Event: 0.369 Executing VM operation: HandshakeAllThreads (Deoptimize)
Event: 0.369 Executing VM operation: HandshakeAllThreads (Deoptimize) done
Event: 0.418 Executing VM operation: HandshakeAllThreads (Deoptimize)
Event: 0.418 Executing VM operation: HandshakeAllThreads (Deoptimize) done
Event: 0.495 Executing VM operation: G1CollectForAllocation (G1 Evacuation Pause)
Event: 0.501 Executing VM operation: G1CollectForAllocation (G1 Evacuation Pause) done
Event: 0.712 Executing VM operation: G1TryInitiateConcMark (G1 Humongous Allocation)
Event: 0.715 Executing VM operation: G1TryInitiateConcMark (G1 Humongous Allocation) done
Event: 0.775 Executing VM operation: G1TryInitiateConcMark (G1 Humongous Allocation)
Event: 0.778 Executing VM operation: G1TryInitiateConcMark (G1 Humongous Allocation) done
Event: 0.779 Executing VM operation: G1PauseRemark
Event: 0.779 Executing VM operation: G1PauseRemark done
Event: 0.780 Executing VM operation: G1PauseCleanup
Event: 0.780 Executing VM operation: G1PauseCleanup done
Event: 0.838 Executing VM operation: G1TryInitiateConcMark (G1 Humongous Allocation)
Event: 0.841 Executing VM operation: G1TryInitiateConcMark (G1 Humongous Allocation) done
Event: 0.842 Executing VM operation: G1PauseRemark

Events (20 events):
Event: 0.859 Thread 0x00000243839e54b0 flushing nmethod 0x00000243efc13f10
Event: 0.859 Thread 0x00000243839e54b0 flushing nmethod 0x00000243efc14990
Event: 0.859 Thread 0x00000243839e54b0 flushing nmethod 0x00000243efc16590
Event: 0.859 Thread 0x00000243839e54b0 flushing nmethod 0x00000243f761ed10
Event: 0.859 Thread 0x00000243839e54b0 flushing nmethod 0x00000243efb40010
Event: 0.859 Thread 0x00000243839e54b0 flushing nmethod 0x00000243efb40490
Event: 0.859 Thread 0x00000243839e54b0 flushing nmethod 0x00000243efb40790
Event: 0.859 Thread 0x00000243839e54b0 flushing nmethod 0x00000243efb40b10
Event: 0.859 Thread 0x00000243839e54b0 flushing nmethod 0x00000243efb42090
Event: 0.859 Thread 0x00000243839e54b0 flushing nmethod 0x00000243efb43390
Event: 0.859 Thread 0x00000243839e54b0 flushing nmethod 0x00000243efb43890
Event: 0.859 Thread 0x00000243839e54b0 flushing nmethod 0x00000243efb57a90
Event: 0.859 Thread 0x00000243839e54b0 flushing nmethod 0x00000243efb5a590
Event: 0.859 Thread 0x00000243839e54b0 flushing nmethod 0x00000243efb5c290
Event: 0.859 Thread 0x00000243839e54b0 flushing nmethod 0x00000243efb5da10
Event: 0.859 Thread 0x00000243839e54b0 flushing nmethod 0x00000243efb7b810
Event: 0.859 Thread 0x00000243839e54b0 flushing nmethod 0x00000243efb7d290
Event: 0.859 Thread 0x00000243839e54b0 flushing nmethod 0x00000243efb7d610
Event: 0.859 Thread 0x00000243839e54b0 flushing nmethod 0x00000243efb84d10
Event: 0.859 Thread 0x00000243839e54b0 flushing nmethod 0x00000243efbfd910


Dynamic libraries:
0x00007ff7dc790000 - 0x00007ff7dc7a0000 	C:\Program Files\Java\jdk-22\bin\java.exe
0x00007ff8e16f0000 - 0x00007ff8e1907000 	C:\Windows\SYSTEM32\ntdll.dll
0x00007ff8e10e0000 - 0x00007ff8e11a4000 	C:\Windows\System32\KERNEL32.DLL
0x00007ff8decf0000 - 0x00007ff8df09d000 	C:\Windows\System32\KERNELBASE.dll
0x00007ff8deb60000 - 0x00007ff8dec71000 	C:\Windows\System32\ucrtbase.dll
0x00007ff84bfb0000 - 0x00007ff84bfcb000 	C:\Program Files\Java\jdk-22\bin\VCRUNTIME140.dll
0x00007ff8d43a0000 - 0x00007ff8d43b7000 	C:\Program Files\Java\jdk-22\bin\jli.dll
0x00007ff8e11f0000 - 0x00007ff8e12a2000 	C:\Windows\System32\ADVAPI32.dll
0x00007ff8e0d70000 - 0x00007ff8e0e17000 	C:\Windows\System32\msvcrt.dll
0x00007ff8e12c0000 - 0x00007ff8e1369000 	C:\Windows\System32\sechost.dll
0x00007ff8df400000 - 0x00007ff8df428000 	C:\Windows\System32\bcrypt.dll
0x00007ff8df740000 - 0x00007ff8df854000 	C:\Windows\System32\RPCRT4.dll
0x00007ff8df590000 - 0x00007ff8df73e000 	C:\Windows\System32\USER32.dll
0x00007ff8df3d0000 - 0x00007ff8df3f6000 	C:\Windows\System32\win32u.dll
0x00007ff8c25b0000 - 0x00007ff8c2843000 	C:\Windows\WinSxS\amd64_microsoft.windows.common-controls_6595b64144ccf1df_6.0.22621.3672_none_2713b9d173822955\COMCTL32.dll
0x00007ff8e11b0000 - 0x00007ff8e11d9000 	C:\Windows\System32\GDI32.dll
0x00007ff8df2b0000 - 0x00007ff8df3c9000 	C:\Windows\System32\gdi32full.dll
0x00007ff8df210000 - 0x00007ff8df2aa000 	C:\Windows\System32\msvcp_win.dll
0x00007ff8d4990000 - 0x00007ff8d499a000 	C:\Windows\SYSTEM32\VERSION.dll
0x00007ff8dfac0000 - 0x00007ff8dfaf1000 	C:\Windows\System32\IMM32.DLL
0x00007ff87e340000 - 0x00007ff87e34c000 	C:\Program Files\Java\jdk-22\bin\vcruntime140_1.dll
0x00007ff841410000 - 0x00007ff84149e000 	C:\Program Files\Java\jdk-22\bin\msvcp140.dll
0x00007ff841880000 - 0x00007ff8425c7000 	C:\Program Files\Java\jdk-22\bin\server\jvm.dll
0x00007ff8e1420000 - 0x00007ff8e1491000 	C:\Windows\System32\WS2_32.dll
0x00007ff8da270000 - 0x00007ff8da2a4000 	C:\Windows\SYSTEM32\WINMM.dll
0x00007ff8de730000 - 0x00007ff8de77d000 	C:\Windows\SYSTEM32\POWRPROF.dll
0x00007ff8de710000 - 0x00007ff8de723000 	C:\Windows\SYSTEM32\UMPDC.dll
0x00007ff8dda50000 - 0x00007ff8dda68000 	C:\Windows\SYSTEM32\kernel.appcore.dll
0x00007ff87d960000 - 0x00007ff87d96a000 	C:\Program Files\Java\jdk-22\bin\jimage.dll
0x00007ff8dc5d0000 - 0x00007ff8dc802000 	C:\Windows\SYSTEM32\DBGHELP.DLL
0x00007ff8e0820000 - 0x00007ff8e0ba8000 	C:\Windows\System32\combase.dll
0x00007ff8e0c30000 - 0x00007ff8e0d07000 	C:\Windows\System32\OLEAUT32.dll
0x00007ff8d5e90000 - 0x00007ff8d5ec2000 	C:\Windows\SYSTEM32\dbgcore.DLL
0x00007ff8dea20000 - 0x00007ff8dea9b000 	C:\Windows\System32\bcryptPrimitives.dll
0x00007ff841860000 - 0x00007ff84187e000 	C:\Program Files\Java\jdk-22\bin\java.dll
0x00007ff8dfb00000 - 0x00007ff8e035f000 	C:\Windows\System32\SHELL32.dll
0x00007ff8df860000 - 0x00007ff8dfa05000 	C:\Windows\System32\ole32.dll
0x00007ff8dc970000 - 0x00007ff8dd26c000 	C:\Windows\SYSTEM32\windows.storage.dll
0x00007ff8dc830000 - 0x00007ff8dc96f000 	C:\Windows\SYSTEM32\wintypes.dll
0x00007ff8e15b0000 - 0x00007ff8e16a4000 	C:\Windows\System32\SHCORE.dll
0x00007ff8e0d10000 - 0x00007ff8e0d6e000 	C:\Windows\System32\shlwapi.dll
0x00007ff8de950000 - 0x00007ff8de971000 	C:\Windows\SYSTEM32\profapi.dll
0x00007ff842780000 - 0x00007ff842857000 	C:\Program Files\Java\jdk-22\bin\jsvml.dll
0x00007ff87d450000 - 0x00007ff87d460000 	C:\Program Files\Java\jdk-22\bin\net.dll
0x00007ff8ddec0000 - 0x00007ff8ddf29000 	C:\Windows\system32\mswsock.dll
0x00007ff842760000 - 0x00007ff842776000 	C:\Program Files\Java\jdk-22\bin\nio.dll
0x00007ff841630000 - 0x00007ff841647000 	C:\Program Files\Java\jdk-22\bin\zip.dll
0x00007ff8414a0000 - 0x00007ff84162e000 	C:\Program Files\Java\jdk-22\bin\awt.dll
0x00007ff8da070000 - 0x00007ff8da107000 	C:\Windows\SYSTEM32\apphelp.dll
0x00007ff8dbe60000 - 0x00007ff8dbe8b000 	C:\Windows\system32\DWMAPI.DLL
0x00007ff8dba30000 - 0x00007ff8dbadf000 	C:\Windows\system32\uxtheme.dll
0x00007ff85c3d0000 - 0x00007ff85c4d0000 	C:\Windows\system32\opengl32.dll
0x00007ff872090000 - 0x00007ff8720bd000 	C:\Windows\SYSTEM32\GLU32.dll
0x00007ff8dbba0000 - 0x00007ff8dbbd9000 	C:\Windows\SYSTEM32\dxcore.dll
0x00007ff8df430000 - 0x00007ff8df583000 	C:\Windows\System32\MSCTF.dll
0x00007ff877690000 - 0x00007ff877838000 	C:\Windows\system32\d3d9.dll
0x00007ff8d4a40000 - 0x00007ff8d4bfb000 	C:\Windows\System32\DriverStore\FileRepository\u0390835.inf_amd64_66888840aa4163cc\B390488\aticfx64.dll
0x00007ff8a3d80000 - 0x00007ff8a3db4000 	C:\Windows\System32\DriverStore\FileRepository\u0390835.inf_amd64_66888840aa4163cc\B390488\atiu9p64.dll
0x00007ff81a460000 - 0x00007ff81b1b5000 	C:\Windows\System32\DriverStore\FileRepository\u0390835.inf_amd64_66888840aa4163cc\B390488\atiumd64.dll
0x00000000614a0000 - 0x00000000623c8000 	C:\Windows\System32\DriverStore\FileRepository\u0390835.inf_amd64_66888840aa4163cc\B390488\atiumd6a.dll
0x00007ff8e03a0000 - 0x00007ff8e0814000 	C:\Windows\System32\SETUPAPI.dll
0x00007ff8d1870000 - 0x00007ff8d18a5000 	C:\Windows\SYSTEM32\amdihk64.dll
0x00007ff8d7100000 - 0x00007ff8d7149000 	C:\Windows\SYSTEM32\directxdatabasehelper.dll
0x00007ff8c3980000 - 0x00007ff8c39ae000 	C:\Program Files\Java\jdk-22\bin\javajpeg.dll

dbghelp: loaded successfully - version: 4.0.5 - missing functions: none
symbol engine: initialized successfully - sym options: 0x614 - pdb path: .;C:\Program Files\Java\jdk-22\bin;C:\Windows\SYSTEM32;C:\Windows\WinSxS\amd64_microsoft.windows.common-controls_6595b64144ccf1df_6.0.22621.3672_none_2713b9d173822955;C:\Program Files\Java\jdk-22\bin\server;C:\Windows\System32\DriverStore\FileRepository\u0390835.inf_amd64_66888840aa4163cc\B390488

VM Arguments:
jvm_args: -Dfile.encoding=UTF-8 --module-path=C:\Users\aishu\OneDrive\Documents\NetBeansProjects\Travel Management System\build\classes 
java_command: travel.management.system.CheckHotels
java_class_path (initial): C:\Users\aishu\Downloads\mysql-connector-java-8.0.28.jar;C:\Users\aishu\OneDrive\Documents\NetBeansProjects\Travel Management System\build\classes
Launcher Type: SUN_STANDARD

[Global flags]
     intx CICompilerCount                          = 4                                         {product} {ergonomic}
     uint ConcGCThreads                            = 3                                         {product} {ergonomic}
     uint G1ConcRefinementThreads                  = 10                                        {product} {ergonomic}
   size_t G1HeapRegionSize                         = 1048576                                   {product} {ergonomic}
   size_t InitialHeapSize                          = 98566144                                  {product} {ergonomic}
   size_t MarkStackSize                            = 4194304                                   {product} {ergonomic}
   size_t MaxHeapSize                              = 1570766848                                {product} {ergonomic}
   size_t MaxNewSize                               = 941621248                                 {product} {ergonomic}
   size_t MinHeapDeltaBytes                        = 1048576                                   {product} {ergonomic}
   size_t MinHeapSize                              = 8388608                                   {product} {ergonomic}
    uintx NonNMethodCodeHeapSize                   = 5839372                                {pd product} {ergonomic}
    uintx NonProfiledCodeHeapSize                  = 122909434                              {pd product} {ergonomic}
    uintx ProfiledCodeHeapSize                     = 122909434                              {pd product} {ergonomic}
    uintx ReservedCodeCacheSize                    = 251658240                              {pd product} {ergonomic}
     bool SegmentedCodeCache                       = true                                      {product} {ergonomic}
   size_t SoftMaxHeapSize                          = 1570766848                             {manageable} {ergonomic}
     bool UseCompressedOops                        = true                           {product lp64_product} {ergonomic}
     bool UseG1GC                                  = true                                      {product} {ergonomic}
     bool UseLargePagesIndividualAllocation        = false                                  {pd product} {ergonomic}

Logging:
Log output configuration:
 #0: stdout all=warning uptime,level,tags foldmultilines=false
 #1: stderr all=off uptime,level,tags foldmultilines=false

Environment Variables:
PATH=C:\Program Files\Common Files\Oracle\Java\javapath;C:\Windows\system32;C:\Windows;C:\Windows\System32\Wbem;C:\Windows\System32\WindowsPowerShell\v1.0\;C:\Windows\System32\OpenSSH\;C:\Program Files\dotnet\;C:\Users\aishu\AppData\Local\Programs\Python\Launcher\;C:\Users\aishu\AppData\Local\Microsoft\WindowsApps;C:\Users\aishu\AppData\Local\Programs\Microsoft VS Code\bin;C:\Program Files\JetBrains\PyCharm 2023.3.4\bin;;C:\MinGW\bin;
USERNAME=aishu
OS=Windows_NT
PROCESSOR_IDENTIFIER=AMD64 Family 23 Model 104 Stepping 1, AuthenticAMD
TMP=C:\Users\aishu\AppData\Local\Temp
TEMP=C:\Users\aishu\AppData\Local\Temp




Periodic native trim disabled

---------------  S Y S T E M  ---------------

OS:
 Windows 11 , 64 bit Build 22621 (10.0.22621.3672)
OS uptime: 2 days 23:49 hours

CPU: total 12 (initial active 12) (12 cores per cpu, 2 threads per core) family 23 model 104 stepping 1 microcode 0x0, cx8, cmov, fxsr, ht, mmx, 3dnowpref, sse, sse2, sse3, ssse3, sse4a, sse4.1, sse4.2, popcnt, lzcnt, tsc, tscinvbit, avx, avx2, aes, clmul, bmi1, bmi2, adx, sha, fma, vzeroupper, clflush, clflushopt, rdtscp, rdpid, f16c
Processor Information for processor 0
  Max Mhz: 2100, Current Mhz: 1988, Mhz Limit: 2100
Processor Information for processor 1
  Max Mhz: 2100, Current Mhz: 1988, Mhz Limit: 2100
Processor Information for processor 2
  Max Mhz: 2100, Current Mhz: 1988, Mhz Limit: 2100
Processor Information for processor 3
  Max Mhz: 2100, Current Mhz: 2100, Mhz Limit: 2100
Processor Information for processor 4
  Max Mhz: 2100, Current Mhz: 1988, Mhz Limit: 2100
Processor Information for processor 5
  Max Mhz: 2100, Current Mhz: 2100, Mhz Limit: 2100
Processor Information for processor 6
  Max Mhz: 2100, Current Mhz: 1988, Mhz Limit: 2100
Processor Information for processor 7
  Max Mhz: 2100, Current Mhz: 2100, Mhz Limit: 2100
Processor Information for processor 8
  Max Mhz: 2100, Current Mhz: 1988, Mhz Limit: 2100
Processor Information for processor 9
  Max Mhz: 2100, Current Mhz: 1988, Mhz Limit: 2100
Processor Information for processor 10
  Max Mhz: 2100, Current Mhz: 1988, Mhz Limit: 2100
Processor Information for processor 11
  Max Mhz: 2100, Current Mhz: 1988, Mhz Limit: 2100

Memory: 4k page, system-wide physical 5989M (446M free)
TotalPageFile size 24421M (AvailPageFile size 13M)
current process WorkingSet (physical memory assigned to process): 158M, peak: 158M
current process commit charge ("private bytes"): 211M, peak: 221M

vm_info: Java HotSpot(TM) 64-Bit Server VM (22.0.1+8-16) for windows-amd64 JRE (22.0.1+8-16), built on 2024-03-12T10:33:16Z by "mach5one" with MS VC++ 17.6 (VS2022)

END.
