#
# There is insufficient memory for the Java Runtime Environment to continue.
# Native memory allocation (malloc) failed to allocate 1339904 bytes. Error detail: Chunk::new
# Possible reasons:
#   The system is out of physical RAM or swap space
#   This process is running with CompressedOops enabled, and the Java Heap may be blocking the growth of the native heap
# Possible solutions:
#   Reduce memory load on the system
#   Increase physical memory or swap space
#   Check if swap backing store is full
#   Decrease Java heap size (-Xmx/-Xms)
#   Decrease number of Java threads
#   Decrease Java thread stack sizes (-Xss)
#   Set larger code cache with -XX:ReservedCodeCacheSize=
#   JVM is running with Unscaled Compressed Oops mode in which the Java heap is
#     placed in the first 4GB address space. The Java Heap base address is the
#     maximum limit for the native heap growth. Please use -XX:HeapBaseMinAddress
#     to set the Java Heap base and to place the Java Heap above 4GB virtual address.
# This output file may be truncated or incomplete.
#
#  Out of Memory Error (arena.cpp:150), pid=35276, tid=10464
#
# JRE version: Java(TM) SE Runtime Environment (22.0.1+8) (build 22.0.1+8-16)
# Java VM: Java HotSpot(TM) 64-Bit Server VM (22.0.1+8-16, mixed mode, sharing, tiered, compressed oops, compressed class ptrs, g1 gc, windows-amd64)
# No core dump will be written. Minidumps are not enabled by default on client versions of Windows
#

---------------  S U M M A R Y ------------

Command Line: -Dfile.encoding=UTF-8 --module-path=C:\Users\aishu\OneDrive\Documents\NetBeansProjects\Travel Management System\build\classes travel.management.system.ForgetPassword

Host: AMD Ryzen 5 5500U with Radeon Graphics         , 12 cores, 5G,  Windows 11 , 64 bit Build 22621 (10.0.22621.3672)
Time: Sat Jul  6 20:46:07 2024 India Standard Time elapsed time: 9.904052 seconds (0d 0h 0m 9s)

---------------  T H R E A D  ---------------

Current thread (0x000002f084cb9390):  JavaThread "C2 CompilerThread0" daemon [_thread_in_native, id=10464, stack(0x000000f774900000,0x000000f774a00000) (1024K)]


Current CompileTask:
C2:9904 1866       4       sun.security.ec.ECOperations::setDouble (463 bytes)

Stack: [0x000000f774900000,0x000000f774a00000]
Native frames: (J=compiled Java code, j=interpreted, Vv=VM code, C=native code)
V  [jvm.dll+0x6e2279]  (no source info available)
V  [jvm.dll+0x874e33]  (no source info available)
V  [jvm.dll+0x87725e]  (no source info available)
V  [jvm.dll+0x877933]  (no source info available)
V  [jvm.dll+0x27fd76]  (no source info available)
V  [jvm.dll+0xc3d0f]  (no source info available)
V  [jvm.dll+0xc3f6b]  (no source info available)
V  [jvm.dll+0x3bb10c]  (no source info available)
V  [jvm.dll+0x387b6b]  (no source info available)
V  [jvm.dll+0x386fda]  (no source info available)
V  [jvm.dll+0x247918]  (no source info available)
V  [jvm.dll+0x246fbf]  (no source info available)
V  [jvm.dll+0x1c4e90]  (no source info available)
V  [jvm.dll+0x2569fe]  (no source info available)
V  [jvm.dll+0x254cba]  (no source info available)
V  [jvm.dll+0x3f5336]  (no source info available)
V  [jvm.dll+0x81d44b]  (no source info available)
V  [jvm.dll+0x6e0915]  (no source info available)
C  [ucrtbase.dll+0x29333]  (no source info available)
C  [KERNEL32.DLL+0x1257d]  (no source info available)
C  [ntdll.dll+0x5af28]  (no source info available)


---------------  P R O C E S S  ---------------

Threads class SMR info:
_java_thread_list=0x000002f0ca00d510, length=18, elements={
0x000002f084c9d710, 0x000002f084c9e430, 0x000002f084ca5f00, 0x000002f084caa5b0,
0x000002f084cadf20, 0x000002f084cafbd0, 0x000002f084cb9390, 0x000002f084cbab30,
0x000002f084caf540, 0x000002f084cb0f80, 0x000002f084cb0260, 0x000002f084caeeb0,
0x000002f084cb08f0, 0x000002f084cb1ca0, 0x000002f084cb2330, 0x000002f0cb588620,
0x000002f0cb587270, 0x000002f0cb588cb0
}

Java Threads: ( => current thread )
  0x000002f084c9d710 JavaThread "Reference Handler"          daemon [_thread_blocked, id=35648, stack(0x000000f774300000,0x000000f774400000) (1024K)]
  0x000002f084c9e430 JavaThread "Finalizer"                  daemon [_thread_blocked, id=35576, stack(0x000000f774400000,0x000000f774500000) (1024K)]
  0x000002f084ca5f00 JavaThread "Signal Dispatcher"          daemon [_thread_blocked, id=35464, stack(0x000000f774500000,0x000000f774600000) (1024K)]
  0x000002f084caa5b0 JavaThread "Attach Listener"            daemon [_thread_blocked, id=35296, stack(0x000000f774600000,0x000000f774700000) (1024K)]
  0x000002f084cadf20 JavaThread "Service Thread"             daemon [_thread_blocked, id=8444, stack(0x000000f774700000,0x000000f774800000) (1024K)]
  0x000002f084cafbd0 JavaThread "Monitor Deflation Thread"   daemon [_thread_blocked, id=32644, stack(0x000000f774800000,0x000000f774900000) (1024K)]
=>0x000002f084cb9390 JavaThread "C2 CompilerThread0"         daemon [_thread_in_native, id=10464, stack(0x000000f774900000,0x000000f774a00000) (1024K)]
  0x000002f084cbab30 JavaThread "C1 CompilerThread0"         daemon [_thread_blocked, id=35724, stack(0x000000f774a00000,0x000000f774b00000) (1024K)]
  0x000002f084caf540 JavaThread "Common-Cleaner"             daemon [_thread_blocked, id=35260, stack(0x000000f774b00000,0x000000f774c00000) (1024K)]
  0x000002f084cb0f80 JavaThread "Notification Thread"        daemon [_thread_blocked, id=33352, stack(0x000000f774c00000,0x000000f774d00000) (1024K)]
  0x000002f084cb0260 JavaThread "Java2D Disposer"            daemon [_thread_blocked, id=31424, stack(0x000000f774d00000,0x000000f774e00000) (1024K)]
  0x000002f084caeeb0 JavaThread "AWT-Shutdown"                      [_thread_blocked, id=35120, stack(0x000000f774e00000,0x000000f774f00000) (1024K)]
  0x000002f084cb08f0 JavaThread "AWT-Windows"                daemon [_thread_in_native, id=34360, stack(0x000000f774f00000,0x000000f775000000) (1024K)]
  0x000002f084cb1ca0 JavaThread "AWT-EventQueue-0"                  [_thread_blocked, id=35264, stack(0x000000f775c00000,0x000000f775d00000) (1024K)]
  0x000002f084cb2330 JavaThread "DestroyJavaVM"                     [_thread_blocked, id=9660, stack(0x000000f773b00000,0x000000f773c00000) (1024K)]
  0x000002f0cb588620 JavaThread "D3D Screen Updater"         daemon [_thread_blocked, id=35664, stack(0x000000f775d00000,0x000000f775e00000) (1024K)]
  0x000002f0cb587270 JavaThread "TimerQueue"                 daemon [_thread_blocked, id=35180, stack(0x000000f775e00000,0x000000f775f00000) (1024K)]
  0x000002f0cb588cb0 JavaThread "mysql-cj-abandoned-connection-cleanup" daemon [_thread_blocked, id=35428, stack(0x000000f775a00000,0x000000f775b00000) (1024K)]
Total: 18

Other Threads:
  0x000002f084c83080 VMThread "VM Thread"                           [id=35624, stack(0x000000f774200000,0x000000f774300000) (1024K)]
  0x000002f084c6a130 WatcherThread "VM Periodic Task Thread"        [id=20812, stack(0x000000f774100000,0x000000f774200000) (1024K)]
  0x000002f0e8acf6d0 WorkerThread "GC Thread#0"                     [id=24452, stack(0x000000f773c00000,0x000000f773d00000) (1024K)]
  0x000002f0e8adc200 ConcurrentGCThread "G1 Main Marker"            [id=7336, stack(0x000000f773d00000,0x000000f773e00000) (1024K)]
  0x000002f0e8ade6e0 WorkerThread "G1 Conc#0"                       [id=32884, stack(0x000000f773e00000,0x000000f773f00000) (1024K)]
  0x000002f084b420c0 ConcurrentGCThread "G1 Refine#0"               [id=34432, stack(0x000000f773f00000,0x000000f774000000) (1024K)]
  0x000002f0e8b48890 ConcurrentGCThread "G1 Service"                [id=11844, stack(0x000000f774000000,0x000000f774100000) (1024K)]
Total: 7

Threads with active compile tasks:
C2 CompilerThread0  10089 1866       4       sun.security.ec.ECOperations::setDouble (463 bytes)
Total: 1

VM state: not at safepoint (normal execution)

VM Mutex/Monitor currently owned by a thread: None

Heap address: 0x00000000a2600000, size: 1498 MB, Compressed Oops mode: 32-bit

CDS archive(s) mapped at: [0x000002f085000000-0x000002f085c60000-0x000002f085c60000), size 12976128, SharedBaseAddress: 0x000002f085000000, ArchiveRelocationMode: 1.
Compressed class space mapped at: 0x000002f086000000-0x000002f0c6000000, reserved size: 1073741824
Narrow klass base: 0x000002f085000000, Narrow klass shift: 0, Narrow klass range: 0x41000000

GC Precious Log:
 CardTable entry size: 512
 Card Set container configuration: InlinePtr #cards 5 size 8 Array Of Cards #cards 12 size 40 Howl #buckets 4 coarsen threshold 1843 Howl Bitmap #cards 512 size 80 coarsen threshold 460 Card regions per heap region 1 cards per card region 2048
 CPUs: 12 total, 12 available
 Memory: 5989M
 Large Page Support: Disabled
 NUMA Support: Disabled
 Compressed Oops: Enabled (32-bit)
 Heap Region Size: 1M
 Heap Min Capacity: 8M
 Heap Initial Capacity: 94M
 Heap Max Capacity: 1498M
 Pre-touch: Disabled
 Parallel Workers: 10
 Concurrent Workers: 3
 Concurrent Refinement Workers: 10
 Periodic GC: Disabled

Heap:
 garbage-first heap   total reserved 1533952K, committed 96256K, used 21504K [0x00000000a2600000, 0x0000000100000000)
  region size 1024K, 23 young (23552K), 0 survivors (0K)
 Metaspace       used 17266K, committed 17600K, reserved 1114112K
  class space    used 1953K, committed 2112K, reserved 1048576K

Heap Regions: E=young(eden), S=young(survivor), O=old, HS=humongous(starts), HC=humongous(continues), CS=collection set, F=free, TAMS=top-at-mark-start, PB=parsable bottom
|   0|0x00000000a2600000, 0x00000000a2600000, 0x00000000a2700000|  0%| F|  |TAMS 0x00000000a2600000| PB 0x00000000a2600000| Untracked |  0
|   1|0x00000000a2700000, 0x00000000a2700000, 0x00000000a2800000|  0%| F|  |TAMS 0x00000000a2700000| PB 0x00000000a2700000| Untracked |  0
|   2|0x00000000a2800000, 0x00000000a2800000, 0x00000000a2900000|  0%| F|  |TAMS 0x00000000a2800000| PB 0x00000000a2800000| Untracked |  0
|   3|0x00000000a2900000, 0x00000000a2900000, 0x00000000a2a00000|  0%| F|  |TAMS 0x00000000a2900000| PB 0x00000000a2900000| Untracked |  0
|   4|0x00000000a2a00000, 0x00000000a2a00000, 0x00000000a2b00000|  0%| F|  |TAMS 0x00000000a2a00000| PB 0x00000000a2a00000| Untracked |  0
|   5|0x00000000a2b00000, 0x00000000a2b00000, 0x00000000a2c00000|  0%| F|  |TAMS 0x00000000a2b00000| PB 0x00000000a2b00000| Untracked |  0
|   6|0x00000000a2c00000, 0x00000000a2c00000, 0x00000000a2d00000|  0%| F|  |TAMS 0x00000000a2c00000| PB 0x00000000a2c00000| Untracked |  0
|   7|0x00000000a2d00000, 0x00000000a2d00000, 0x00000000a2e00000|  0%| F|  |TAMS 0x00000000a2d00000| PB 0x00000000a2d00000| Untracked |  0
|   8|0x00000000a2e00000, 0x00000000a2e00000, 0x00000000a2f00000|  0%| F|  |TAMS 0x00000000a2e00000| PB 0x00000000a2e00000| Untracked |  0
|   9|0x00000000a2f00000, 0x00000000a2f00000, 0x00000000a3000000|  0%| F|  |TAMS 0x00000000a2f00000| PB 0x00000000a2f00000| Untracked |  0
|  10|0x00000000a3000000, 0x00000000a3000000, 0x00000000a3100000|  0%| F|  |TAMS 0x00000000a3000000| PB 0x00000000a3000000| Untracked |  0
|  11|0x00000000a3100000, 0x00000000a3100000, 0x00000000a3200000|  0%| F|  |TAMS 0x00000000a3100000| PB 0x00000000a3100000| Untracked |  0
|  12|0x00000000a3200000, 0x00000000a3200000, 0x00000000a3300000|  0%| F|  |TAMS 0x00000000a3200000| PB 0x00000000a3200000| Untracked |  0
|  13|0x00000000a3300000, 0x00000000a3300000, 0x00000000a3400000|  0%| F|  |TAMS 0x00000000a3300000| PB 0x00000000a3300000| Untracked |  0
|  14|0x00000000a3400000, 0x00000000a3400000, 0x00000000a3500000|  0%| F|  |TAMS 0x00000000a3400000| PB 0x00000000a3400000| Untracked |  0
|  15|0x00000000a3500000, 0x00000000a3500000, 0x00000000a3600000|  0%| F|  |TAMS 0x00000000a3500000| PB 0x00000000a3500000| Untracked |  0
|  16|0x00000000a3600000, 0x00000000a3600000, 0x00000000a3700000|  0%| F|  |TAMS 0x00000000a3600000| PB 0x00000000a3600000| Untracked |  0
|  17|0x00000000a3700000, 0x00000000a3700000, 0x00000000a3800000|  0%| F|  |TAMS 0x00000000a3700000| PB 0x00000000a3700000| Untracked |  0
|  18|0x00000000a3800000, 0x00000000a3800000, 0x00000000a3900000|  0%| F|  |TAMS 0x00000000a3800000| PB 0x00000000a3800000| Untracked |  0
|  19|0x00000000a3900000, 0x00000000a3900000, 0x00000000a3a00000|  0%| F|  |TAMS 0x00000000a3900000| PB 0x00000000a3900000| Untracked |  0
|  20|0x00000000a3a00000, 0x00000000a3a00000, 0x00000000a3b00000|  0%| F|  |TAMS 0x00000000a3a00000| PB 0x00000000a3a00000| Untracked |  0
|  21|0x00000000a3b00000, 0x00000000a3b00000, 0x00000000a3c00000|  0%| F|  |TAMS 0x00000000a3b00000| PB 0x00000000a3b00000| Untracked |  0
|  22|0x00000000a3c00000, 0x00000000a3c00000, 0x00000000a3d00000|  0%| F|  |TAMS 0x00000000a3c00000| PB 0x00000000a3c00000| Untracked |  0
|  23|0x00000000a3d00000, 0x00000000a3d00000, 0x00000000a3e00000|  0%| F|  |TAMS 0x00000000a3d00000| PB 0x00000000a3d00000| Untracked |  0
|  24|0x00000000a3e00000, 0x00000000a3e00000, 0x00000000a3f00000|  0%| F|  |TAMS 0x00000000a3e00000| PB 0x00000000a3e00000| Untracked |  0
|  25|0x00000000a3f00000, 0x00000000a3f00000, 0x00000000a4000000|  0%| F|  |TAMS 0x00000000a3f00000| PB 0x00000000a3f00000| Untracked |  0
|  26|0x00000000a4000000, 0x00000000a4000000, 0x00000000a4100000|  0%| F|  |TAMS 0x00000000a4000000| PB 0x00000000a4000000| Untracked |  0
|  27|0x00000000a4100000, 0x00000000a4100000, 0x00000000a4200000|  0%| F|  |TAMS 0x00000000a4100000| PB 0x00000000a4100000| Untracked |  0
|  28|0x00000000a4200000, 0x00000000a4200000, 0x00000000a4300000|  0%| F|  |TAMS 0x00000000a4200000| PB 0x00000000a4200000| Untracked |  0
|  29|0x00000000a4300000, 0x00000000a4300000, 0x00000000a4400000|  0%| F|  |TAMS 0x00000000a4300000| PB 0x00000000a4300000| Untracked |  0
|  30|0x00000000a4400000, 0x00000000a4400000, 0x00000000a4500000|  0%| F|  |TAMS 0x00000000a4400000| PB 0x00000000a4400000| Untracked |  0
|  31|0x00000000a4500000, 0x00000000a4500000, 0x00000000a4600000|  0%| F|  |TAMS 0x00000000a4500000| PB 0x00000000a4500000| Untracked |  0
|  32|0x00000000a4600000, 0x00000000a4600000, 0x00000000a4700000|  0%| F|  |TAMS 0x00000000a4600000| PB 0x00000000a4600000| Untracked |  0
|  33|0x00000000a4700000, 0x00000000a4700000, 0x00000000a4800000|  0%| F|  |TAMS 0x00000000a4700000| PB 0x00000000a4700000| Untracked |  0
|  34|0x00000000a4800000, 0x00000000a4800000, 0x00000000a4900000|  0%| F|  |TAMS 0x00000000a4800000| PB 0x00000000a4800000| Untracked |  0
|  35|0x00000000a4900000, 0x00000000a4900000, 0x00000000a4a00000|  0%| F|  |TAMS 0x00000000a4900000| PB 0x00000000a4900000| Untracked |  0
|  36|0x00000000a4a00000, 0x00000000a4a00000, 0x00000000a4b00000|  0%| F|  |TAMS 0x00000000a4a00000| PB 0x00000000a4a00000| Untracked |  0
|  37|0x00000000a4b00000, 0x00000000a4b00000, 0x00000000a4c00000|  0%| F|  |TAMS 0x00000000a4b00000| PB 0x00000000a4b00000| Untracked |  0
|  38|0x00000000a4c00000, 0x00000000a4c00000, 0x00000000a4d00000|  0%| F|  |TAMS 0x00000000a4c00000| PB 0x00000000a4c00000| Untracked |  0
|  39|0x00000000a4d00000, 0x00000000a4d00000, 0x00000000a4e00000|  0%| F|  |TAMS 0x00000000a4d00000| PB 0x00000000a4d00000| Untracked |  0
|  40|0x00000000a4e00000, 0x00000000a4e00000, 0x00000000a4f00000|  0%| F|  |TAMS 0x00000000a4e00000| PB 0x00000000a4e00000| Untracked |  0
|  41|0x00000000a4f00000, 0x00000000a4f00000, 0x00000000a5000000|  0%| F|  |TAMS 0x00000000a4f00000| PB 0x00000000a4f00000| Untracked |  0
|  42|0x00000000a5000000, 0x00000000a5000000, 0x00000000a5100000|  0%| F|  |TAMS 0x00000000a5000000| PB 0x00000000a5000000| Untracked |  0
|  43|0x00000000a5100000, 0x00000000a5100000, 0x00000000a5200000|  0%| F|  |TAMS 0x00000000a5100000| PB 0x00000000a5100000| Untracked |  0
|  44|0x00000000a5200000, 0x00000000a5200000, 0x00000000a5300000|  0%| F|  |TAMS 0x00000000a5200000| PB 0x00000000a5200000| Untracked |  0
|  45|0x00000000a5300000, 0x00000000a5300000, 0x00000000a5400000|  0%| F|  |TAMS 0x00000000a5300000| PB 0x00000000a5300000| Untracked |  0
|  46|0x00000000a5400000, 0x00000000a5400000, 0x00000000a5500000|  0%| F|  |TAMS 0x00000000a5400000| PB 0x00000000a5400000| Untracked |  0
|  47|0x00000000a5500000, 0x00000000a5500000, 0x00000000a5600000|  0%| F|  |TAMS 0x00000000a5500000| PB 0x00000000a5500000| Untracked |  0
|  48|0x00000000a5600000, 0x00000000a5600000, 0x00000000a5700000|  0%| F|  |TAMS 0x00000000a5600000| PB 0x00000000a5600000| Untracked |  0
|  49|0x00000000a5700000, 0x00000000a5700000, 0x00000000a5800000|  0%| F|  |TAMS 0x00000000a5700000| PB 0x00000000a5700000| Untracked |  0
|  50|0x00000000a5800000, 0x00000000a5800000, 0x00000000a5900000|  0%| F|  |TAMS 0x00000000a5800000| PB 0x00000000a5800000| Untracked |  0
|  51|0x00000000a5900000, 0x00000000a5900000, 0x00000000a5a00000|  0%| F|  |TAMS 0x00000000a5900000| PB 0x00000000a5900000| Untracked |  0
|  52|0x00000000a5a00000, 0x00000000a5a00000, 0x00000000a5b00000|  0%| F|  |TAMS 0x00000000a5a00000| PB 0x00000000a5a00000| Untracked |  0
|  53|0x00000000a5b00000, 0x00000000a5b00000, 0x00000000a5c00000|  0%| F|  |TAMS 0x00000000a5b00000| PB 0x00000000a5b00000| Untracked |  0
|  54|0x00000000a5c00000, 0x00000000a5c00000, 0x00000000a5d00000|  0%| F|  |TAMS 0x00000000a5c00000| PB 0x00000000a5c00000| Untracked |  0
|  55|0x00000000a5d00000, 0x00000000a5d00000, 0x00000000a5e00000|  0%| F|  |TAMS 0x00000000a5d00000| PB 0x00000000a5d00000| Untracked |  0
|  56|0x00000000a5e00000, 0x00000000a5e00000, 0x00000000a5f00000|  0%| F|  |TAMS 0x00000000a5e00000| PB 0x00000000a5e00000| Untracked |  0
|  57|0x00000000a5f00000, 0x00000000a5f00000, 0x00000000a6000000|  0%| F|  |TAMS 0x00000000a5f00000| PB 0x00000000a5f00000| Untracked |  0
|  58|0x00000000a6000000, 0x00000000a6000000, 0x00000000a6100000|  0%| F|  |TAMS 0x00000000a6000000| PB 0x00000000a6000000| Untracked |  0
|  59|0x00000000a6100000, 0x00000000a6100000, 0x00000000a6200000|  0%| F|  |TAMS 0x00000000a6100000| PB 0x00000000a6100000| Untracked |  0
|  60|0x00000000a6200000, 0x00000000a6200000, 0x00000000a6300000|  0%| F|  |TAMS 0x00000000a6200000| PB 0x00000000a6200000| Untracked |  0
|  61|0x00000000a6300000, 0x00000000a6300000, 0x00000000a6400000|  0%| F|  |TAMS 0x00000000a6300000| PB 0x00000000a6300000| Untracked |  0
|  62|0x00000000a6400000, 0x00000000a6400000, 0x00000000a6500000|  0%| F|  |TAMS 0x00000000a6400000| PB 0x00000000a6400000| Untracked |  0
|  63|0x00000000a6500000, 0x00000000a6500000, 0x00000000a6600000|  0%| F|  |TAMS 0x00000000a6500000| PB 0x00000000a6500000| Untracked |  0
|  64|0x00000000a6600000, 0x00000000a6600000, 0x00000000a6700000|  0%| F|  |TAMS 0x00000000a6600000| PB 0x00000000a6600000| Untracked |  0
|  65|0x00000000a6700000, 0x00000000a6700000, 0x00000000a6800000|  0%| F|  |TAMS 0x00000000a6700000| PB 0x00000000a6700000| Untracked |  0
|  66|0x00000000a6800000, 0x00000000a6800000, 0x00000000a6900000|  0%| F|  |TAMS 0x00000000a6800000| PB 0x00000000a6800000| Untracked |  0
|  67|0x00000000a6900000, 0x00000000a6900000, 0x00000000a6a00000|  0%| F|  |TAMS 0x00000000a6900000| PB 0x00000000a6900000| Untracked |  0
|  68|0x00000000a6a00000, 0x00000000a6a00000, 0x00000000a6b00000|  0%| F|  |TAMS 0x00000000a6a00000| PB 0x00000000a6a00000| Untracked |  0
|  69|0x00000000a6b00000, 0x00000000a6b00000, 0x00000000a6c00000|  0%| F|  |TAMS 0x00000000a6b00000| PB 0x00000000a6b00000| Untracked |  0
|  70|0x00000000a6c00000, 0x00000000a6c00000, 0x00000000a6d00000|  0%| F|  |TAMS 0x00000000a6c00000| PB 0x00000000a6c00000| Untracked |  0
|  71|0x00000000a6d00000, 0x00000000a6d7e018, 0x00000000a6e00000| 49%| E|  |TAMS 0x00000000a6d00000| PB 0x00000000a6d00000| Complete |  0
|  72|0x00000000a6e00000, 0x00000000a6f00000, 0x00000000a6f00000|100%| E|CS|TAMS 0x00000000a6e00000| PB 0x00000000a6e00000| Complete |  0
|  73|0x00000000a6f00000, 0x00000000a7000000, 0x00000000a7000000|100%| E|CS|TAMS 0x00000000a6f00000| PB 0x00000000a6f00000| Complete |  0
|  74|0x00000000a7000000, 0x00000000a7100000, 0x00000000a7100000|100%| E|CS|TAMS 0x00000000a7000000| PB 0x00000000a7000000| Complete |  0
|  75|0x00000000a7100000, 0x00000000a7200000, 0x00000000a7200000|100%| E|CS|TAMS 0x00000000a7100000| PB 0x00000000a7100000| Complete |  0
|  76|0x00000000a7200000, 0x00000000a7300000, 0x00000000a7300000|100%| E|CS|TAMS 0x00000000a7200000| PB 0x00000000a7200000| Complete |  0
|  77|0x00000000a7300000, 0x00000000a7400000, 0x00000000a7400000|100%| E|CS|TAMS 0x00000000a7300000| PB 0x00000000a7300000| Complete |  0
|  78|0x00000000a7400000, 0x00000000a7500000, 0x00000000a7500000|100%| E|CS|TAMS 0x00000000a7400000| PB 0x00000000a7400000| Complete |  0
|  79|0x00000000a7500000, 0x00000000a7600000, 0x00000000a7600000|100%| E|CS|TAMS 0x00000000a7500000| PB 0x00000000a7500000| Complete |  0
|  80|0x00000000a7600000, 0x00000000a7700000, 0x00000000a7700000|100%| E|  |TAMS 0x00000000a7600000| PB 0x00000000a7600000| Complete |  0
|  81|0x00000000a7700000, 0x00000000a7800000, 0x00000000a7800000|100%| E|CS|TAMS 0x00000000a7700000| PB 0x00000000a7700000| Complete |  0
|  82|0x00000000a7800000, 0x00000000a7900000, 0x00000000a7900000|100%| E|CS|TAMS 0x00000000a7800000| PB 0x00000000a7800000| Complete |  0
|  83|0x00000000a7900000, 0x00000000a7a00000, 0x00000000a7a00000|100%| E|CS|TAMS 0x00000000a7900000| PB 0x00000000a7900000| Complete |  0
|  84|0x00000000a7a00000, 0x00000000a7b00000, 0x00000000a7b00000|100%| E|CS|TAMS 0x00000000a7a00000| PB 0x00000000a7a00000| Complete |  0
|  85|0x00000000a7b00000, 0x00000000a7c00000, 0x00000000a7c00000|100%| E|CS|TAMS 0x00000000a7b00000| PB 0x00000000a7b00000| Complete |  0
|  86|0x00000000a7c00000, 0x00000000a7d00000, 0x00000000a7d00000|100%| E|CS|TAMS 0x00000000a7c00000| PB 0x00000000a7c00000| Complete |  0
|  87|0x00000000a7d00000, 0x00000000a7e00000, 0x00000000a7e00000|100%| E|CS|TAMS 0x00000000a7d00000| PB 0x00000000a7d00000| Complete |  0
|  88|0x00000000a7e00000, 0x00000000a7f00000, 0x00000000a7f00000|100%| E|CS|TAMS 0x00000000a7e00000| PB 0x00000000a7e00000| Complete |  0
|  89|0x00000000a7f00000, 0x00000000a8000000, 0x00000000a8000000|100%| E|CS|TAMS 0x00000000a7f00000| PB 0x00000000a7f00000| Complete |  0
|  90|0x00000000a8000000, 0x00000000a8100000, 0x00000000a8100000|100%| E|CS|TAMS 0x00000000a8000000| PB 0x00000000a8000000| Complete |  0
|  91|0x00000000a8100000, 0x00000000a8200000, 0x00000000a8200000|100%| E|CS|TAMS 0x00000000a8100000| PB 0x00000000a8100000| Complete |  0
|  92|0x00000000a8200000, 0x00000000a8300000, 0x00000000a8300000|100%| E|CS|TAMS 0x00000000a8200000| PB 0x00000000a8200000| Complete |  0
|  93|0x00000000a8300000, 0x00000000a8400000, 0x00000000a8400000|100%| E|CS|TAMS 0x00000000a8300000| PB 0x00000000a8300000| Complete |  0

Card table byte_map: [0x000002f080620000,0x000002f080910000] _byte_map_base: 0x000002f08010d000

Marking Bits: (CMBitMap*) 0x000002f0e8acfde0
 Bits: [0x000002f080910000, 0x000002f082078000)

Polling page: 0x000002f0e8250000

Metaspace:

Usage:
  Non-class:     14.95 MB used.
      Class:      1.91 MB used.
       Both:     16.86 MB used.

Virtual space:
  Non-class space:       64.00 MB reserved,      15.12 MB ( 24%) committed,  1 nodes.
      Class space:        1.00 GB reserved,       2.06 MB ( <1%) committed,  1 nodes.
             Both:        1.06 GB reserved,      17.19 MB (  2%) committed. 

Chunk freelists:
   Non-Class:  544.00 KB
       Class:  13.97 MB
        Both:  14.50 MB

MaxMetaspaceSize: unlimited
CompressedClassSpaceSize: 1.00 GB
Initial GC threshold: 21.00 MB
Current GC threshold: 21.00 MB
CDS: on
 - commit_granule_bytes: 65536.
 - commit_granule_words: 8192.
 - virtual_space_node_default_size: 8388608.
 - enlarge_chunks_in_place: 1.
 - use_allocation_guard: 0.


Internal statistics:

num_allocs_failed_limit: 0.
num_arena_births: 188.
num_arena_deaths: 0.
num_vsnodes_births: 2.
num_vsnodes_deaths: 0.
num_space_committed: 275.
num_space_uncommitted: 0.
num_chunks_returned_to_freelist: 0.
num_chunks_taken_from_freelist: 382.
num_chunk_merges: 0.
num_chunk_splits: 221.
num_chunks_enlarged: 116.
num_inconsistent_stats: 0.

CodeHeap 'non-profiled nmethods': size=120000Kb used=657Kb max_used=657Kb free=119342Kb
 bounds [0x000002f0f88a0000, 0x000002f0f8b10000, 0x000002f0ffdd0000]
CodeHeap 'profiled nmethods': size=120000Kb used=3420Kb max_used=3420Kb free=116579Kb
 bounds [0x000002f0f0dd0000, 0x000002f0f1130000, 0x000002f0f8300000]
CodeHeap 'non-nmethods': size=5760Kb used=1727Kb max_used=1737Kb free=4032Kb
 bounds [0x000002f0f8300000, 0x000002f0f8570000, 0x000002f0f88a0000]
 total_blobs=2750 nmethods=1995 adapters=660
 compilation: enabled
              stopped_count=0, restarted_count=0
 full_count=0

Compilation events (20 events):
Event: 9.813 Thread 0x000002f084cbab30 1993   !   3       java.util.zip.ZipFile::getInputStream (275 bytes)
Event: 9.815 Thread 0x000002f084cbab30 nmethod 1993 0x000002f0f1120690 code [0x000002f0f11209a0, 0x000002f0f1121af8]
Event: 9.815 Thread 0x000002f084cbab30 1994   !   3       java.util.zip.ZipFile$ZipFileInflaterInputStream::close (67 bytes)
Event: 9.815 Thread 0x000002f084cbab30 nmethod 1994 0x000002f0f1122590 code [0x000002f0f11227e0, 0x000002f0f1123030]
Event: 9.815 Thread 0x000002f084cbab30 1995       3       java.util.zip.InflaterInputStream::close (34 bytes)
Event: 9.816 Thread 0x000002f084cbab30 nmethod 1995 0x000002f0f1123410 code [0x000002f0f11235c0, 0x000002f0f1123860]
Event: 9.816 Thread 0x000002f084cbab30 1996       3       sun.net.www.protocol.jar.Handler::checkNestedProtocol (18 bytes)
Event: 9.816 Thread 0x000002f084cbab30 nmethod 1996 0x000002f0f1123990 code [0x000002f0f1123b40, 0x000002f0f1123d18]
Event: 9.816 Thread 0x000002f084cbab30 1997       3       sun.net.www.protocol.jar.Handler::parseURL (173 bytes)
Event: 9.817 Thread 0x000002f084cbab30 nmethod 1997 0x000002f0f1123e10 code [0x000002f0f11240a0, 0x000002f0f1124a60]
Event: 9.817 Thread 0x000002f084cbab30 1998       3       jdk.internal.loader.ClassLoaders$AppClassLoader::defineOrCheckPackage (8 bytes)
Event: 9.817 Thread 0x000002f084cbab30 nmethod 1998 0x000002f0f1124e90 code [0x000002f0f1125040, 0x000002f0f1125180]
Event: 9.817 Thread 0x000002f084cbab30 1999   !   3       jdk.internal.loader.BuiltinClassLoader::defineOrCheckPackage (94 bytes)
Event: 9.817 Thread 0x000002f084cbab30 nmethod 1999 0x000002f0f1125210 code [0x000002f0f1125480, 0x000002f0f1125d50]
Event: 9.818 Thread 0x000002f084cbab30 2000       3       jdk.internal.loader.URLClassPath$JarLoader$2::getCodeSourceURL (8 bytes)
Event: 9.818 Thread 0x000002f084cbab30 nmethod 2000 0x000002f0f1126090 code [0x000002f0f1126220, 0x000002f0f1126338]
Event: 9.818 Thread 0x000002f084cbab30 2001       3       jdk.internal.loader.URLClassPath$JarLoader$2::getManifest (26 bytes)
Event: 9.818 Thread 0x000002f084cbab30 nmethod 2001 0x000002f0f1126410 code [0x000002f0f1126660, 0x000002f0f1126dc8]
Event: 9.819 Thread 0x000002f084cbab30 2002       1       com.mysql.cj.protocol.a.NativeProtocol::getServerSession (5 bytes)
Event: 9.819 Thread 0x000002f084cbab30 nmethod 2002 0x000002f0f8944310 code [0x000002f0f89444a0, 0x000002f0f8944568]

GC Heap History (0 events):
No events

Dll operation events (11 events):
Event: 0.018 Loaded shared library C:\Program Files\Java\jdk-22\bin\java.dll
Event: 0.080 Loaded shared library C:\Program Files\Java\jdk-22\bin\jsvml.dll
Event: 0.125 Loaded shared library C:\Program Files\Java\jdk-22\bin\net.dll
Event: 0.129 Loaded shared library C:\Program Files\Java\jdk-22\bin\nio.dll
Event: 0.172 Loaded shared library C:\Program Files\Java\jdk-22\bin\zip.dll
Event: 0.196 Loaded shared library C:\Program Files\Java\jdk-22\bin\jimage.dll
Event: 0.232 Loaded shared library C:\Program Files\Java\jdk-22\bin\awt.dll
Event: 0.959 Loaded shared library C:\Program Files\Java\jdk-22\bin\freetype.dll
Event: 0.961 Loaded shared library C:\Program Files\Java\jdk-22\bin\fontmanager.dll
Event: 9.082 Loaded shared library C:\Program Files\Java\jdk-22\bin\extnet.dll
Event: 9.457 Loaded shared library C:\Program Files\Java\jdk-22\bin\sunmscapi.dll

Deoptimization events (20 events):
Event: 9.234 Thread 0x000002f084cb1ca0 Uncommon trap: trap_request=0xffffffde fr.pc=0x000002f0f88cfd5c relative=0x0000000000000bdc
Event: 9.234 Thread 0x000002f084cb1ca0 Uncommon trap: reason=class_check action=maybe_recompile pc=0x000002f0f88cfd5c method=java.util.HashMap.resize()[Ljava/util/HashMap$Node; @ 200 c2
Event: 9.234 Thread 0x000002f084cb1ca0 DEOPT PACKING pc=0x000002f0f88cfd5c sp=0x000000f775cfc830
Event: 9.234 Thread 0x000002f084cb1ca0 DEOPT UNPACKING pc=0x000002f0f83546a2 sp=0x000000f775cfc7d0 mode 2
Event: 9.237 Thread 0x000002f084cb1ca0 Uncommon trap: trap_request=0xffffffde fr.pc=0x000002f0f88cfd5c relative=0x0000000000000bdc
Event: 9.237 Thread 0x000002f084cb1ca0 Uncommon trap: reason=class_check action=maybe_recompile pc=0x000002f0f88cfd5c method=java.util.HashMap.resize()[Ljava/util/HashMap$Node; @ 200 c2
Event: 9.237 Thread 0x000002f084cb1ca0 DEOPT PACKING pc=0x000002f0f88cfd5c sp=0x000000f775cfc830
Event: 9.237 Thread 0x000002f084cb1ca0 DEOPT UNPACKING pc=0x000002f0f83546a2 sp=0x000000f775cfc7d0 mode 2
Event: 9.349 Thread 0x000002f084cb1ca0 Uncommon trap: trap_request=0xffffffde fr.pc=0x000002f0f88cfd5c relative=0x0000000000000bdc
Event: 9.349 Thread 0x000002f084cb1ca0 Uncommon trap: reason=class_check action=maybe_recompile pc=0x000002f0f88cfd5c method=java.util.HashMap.resize()[Ljava/util/HashMap$Node; @ 200 c2
Event: 9.349 Thread 0x000002f084cb1ca0 DEOPT PACKING pc=0x000002f0f88cfd5c sp=0x000000f775cfc790
Event: 9.349 Thread 0x000002f084cb1ca0 DEOPT UNPACKING pc=0x000002f0f83546a2 sp=0x000000f775cfc730 mode 2
Event: 9.475 Thread 0x000002f084cb1ca0 Uncommon trap: trap_request=0xffffff45 fr.pc=0x000002f0f88d64ac relative=0x000000000000026c
Event: 9.475 Thread 0x000002f084cb1ca0 Uncommon trap: reason=unstable_if action=reinterpret pc=0x000002f0f88d64ac method=java.util.HashMap.putVal(ILjava/lang/Object;Ljava/lang/Object;ZZ)Ljava/lang/Object; @ 162 c2
Event: 9.475 Thread 0x000002f084cb1ca0 DEOPT PACKING pc=0x000002f0f88d64ac sp=0x000000f775cfb5e0
Event: 9.475 Thread 0x000002f084cb1ca0 DEOPT UNPACKING pc=0x000002f0f83546a2 sp=0x000000f775cfb518 mode 2
Event: 9.490 Thread 0x000002f084cb1ca0 Uncommon trap: trap_request=0xffffff45 fr.pc=0x000002f0f88c94b0 relative=0x0000000000000190
Event: 9.490 Thread 0x000002f084cb1ca0 Uncommon trap: reason=unstable_if action=reinterpret pc=0x000002f0f88c94b0 method=jdk.internal.util.ArraysSupport.vectorizedHashCode(Ljava/lang/Object;IIII)I @ 2 c2
Event: 9.490 Thread 0x000002f084cb1ca0 DEOPT PACKING pc=0x000002f0f88c94b0 sp=0x000000f775cfb4f0
Event: 9.490 Thread 0x000002f084cb1ca0 DEOPT UNPACKING pc=0x000002f0f83546a2 sp=0x000000f775cfb4a0 mode 2

Classes loaded (20 events):
Event: 9.747 Loading class javax/security/auth/login/Configuration
Event: 9.747 Loading class javax/security/auth/login/Configuration done
Event: 9.748 Loading class javax/security/auth/callback/Callback
Event: 9.748 Loading class javax/security/auth/callback/Callback done
Event: 9.748 Loading class sun/invoke/util/VerifyAccess$1
Event: 9.748 Loading class sun/invoke/util/VerifyAccess$1 done
Event: 9.755 Loading class sun/security/ssl/PostHandshakeContext
Event: 9.755 Loading class sun/security/ssl/PostHandshakeContext done
Event: 9.755 Loading class sun/security/ssl/NewSessionTicket$T13NewSessionTicketMessage
Event: 9.755 Loading class sun/security/ssl/NewSessionTicket$NewSessionTicketMessage
Event: 9.755 Loading class sun/security/ssl/NewSessionTicket$NewSessionTicketMessage done
Event: 9.755 Loading class sun/security/ssl/NewSessionTicket$T13NewSessionTicketMessage done
Event: 9.798 Loading class java/util/TimerTask
Event: 9.798 Loading class java/util/TimerTask done
Event: 9.802 Loading class java/util/NoSuchElementException
Event: 9.802 Loading class java/util/NoSuchElementException done
Event: 9.822 Loading class java/time/format/DateTimeParseException
Event: 9.822 Loading class java/time/DateTimeException
Event: 9.822 Loading class java/time/DateTimeException done
Event: 9.822 Loading class java/time/format/DateTimeParseException done

Classes unloaded (0 events):
No events

Classes redefined (0 events):
No events

Internal exceptions (20 events):
Event: 0.207 Thread 0x000002f0e8a89380 Exception <a 'java/lang/ClassNotFoundException'{0x00000000a818f508}: sun/awt/resources/spi/awtProvider> (0x00000000a818f508) 
thrown [s\open\src\hotspot\share\classfile\systemDictionary.cpp, line 313]
Event: 0.252 Thread 0x000002f0e8a89380 Exception <a 'java/io/FileNotFoundException'{0x00000000a81e3170}> (0x00000000a81e3170) 
thrown [s\open\src\hotspot\share\prims\jni.cpp, line 520]
Event: 0.269 Thread 0x000002f0e8a89380 Exception <a 'java/io/FileNotFoundException'{0x00000000a80118d0}> (0x00000000a80118d0) 
thrown [s\open\src\hotspot\share\prims\jni.cpp, line 520]
Event: 0.558 Thread 0x000002f0e8a89380 Exception <a 'java/lang/NoSuchMethodError'{0x00000000a80aaab0}: 'void java.lang.invoke.DirectMethodHandle$Holder.invokeSpecial(java.lang.Object, java.lang.Object, java.lang.Object)'> (0x00000000a80aaab0) 
thrown [s\open\src\hotspot\share\interpreter\linkResolver.cpp, line 774]
Event: 0.576 Thread 0x000002f0e8a89380 Exception <a 'java/lang/NoSuchMethodError'{0x00000000a80d0df8}: 'java.lang.Object java.lang.invoke.DirectMethodHandle$Holder.newInvokeSpecial(java.lang.Object, java.lang.Object, java.lang.Object, java.lang.Object, java.lang.Object)'> (0x00000000a80d0df8) 
thrown [s\open\src\hotspot\share\interpreter\linkResolver.cpp, line 774]
Event: 0.585 Thread 0x000002f0e8a89380 Exception <a 'java/lang/NoSuchMethodError'{0x00000000a7f82ab0}: 'java.lang.Object java.lang.invoke.DirectMethodHandle$Holder.invokeStatic(java.lang.Object, int, java.lang.Object)'> (0x00000000a7f82ab0) 
thrown [s\open\src\hotspot\share\interpreter\linkResolver.cpp, line 774]
Event: 0.615 Thread 0x000002f0e8a89380 Exception <a 'java/lang/ClassNotFoundException'{0x00000000a7e24d38}: com/sun/swing/internal/plaf/metal/resources/spi/metalProvider> (0x00000000a7e24d38) 
thrown [s\open\src\hotspot\share\classfile\systemDictionary.cpp, line 313]
Event: 0.617 Thread 0x000002f0e8a89380 Exception <a 'java/lang/ClassNotFoundException'{0x00000000a7e28ce8}: com/sun/swing/internal/plaf/basic/resources/spi/basicProvider> (0x00000000a7e28ce8) 
thrown [s\open\src\hotspot\share\classfile\systemDictionary.cpp, line 313]
Event: 0.632 Thread 0x000002f0e8a89380 Exception <a 'java/lang/NoSuchMethodError'{0x00000000a7e48580}: 'int java.lang.invoke.Invokers$Holder.invokeExact_MT(java.lang.Object, java.lang.Object)'> (0x00000000a7e48580) 
thrown [s\open\src\hotspot\share\interpreter\linkResolver.cpp, line 774]
Event: 0.735 Thread 0x000002f084cb1610 Exception <a 'java/lang/NoSuchMethodError'{0x00000000a7c2d8a8}: 'java.lang.Object java.lang.invoke.DirectMethodHandle$Holder.newInvokeSpecial(java.lang.Object, java.lang.Object, java.lang.Object, int, int, int, int, int)'> (0x00000000a7c2d8a8) 
thrown [s\open\src\hotspot\share\interpreter\linkResolver.cpp, line 774]
Event: 0.906 Thread 0x000002f084cb08f0 Exception <a 'java/lang/NoSuchMethodError'{0x00000000a7f0efb0}: 'void java.lang.invoke.DirectMethodHandle$Holder.invokeVirtual(java.lang.Object, java.lang.Object)'> (0x00000000a7f0efb0) 
thrown [s\open\src\hotspot\share\interpreter\linkResolver.cpp, line 774]
Event: 0.948 Thread 0x000002f0e8a89380 Exception <a 'java/lang/NoSuchMethodError'{0x00000000a7cf9a08}: 'void java.lang.invoke.DirectMethodHandle$Holder.invokeStaticInit(java.lang.Object)'> (0x00000000a7cf9a08) 
thrown [s\open\src\hotspot\share\interpreter\linkResolver.cpp, line 774]
Event: 8.871 Thread 0x000002f084cb1ca0 Exception <a 'java/lang/NoSuchMethodError'{0x00000000a796b1c0}: 'void java.lang.invoke.DirectMethodHandle$Holder.invokeStatic(java.lang.Object, java.lang.Object)'> (0x00000000a796b1c0) 
thrown [s\open\src\hotspot\share\interpreter\linkResolver.cpp, line 774]
Event: 8.920 Thread 0x000002f084cb1ca0 Exception <a 'java/lang/NoSuchMethodError'{0x00000000a787ee18}: 'java.lang.Object java.lang.invoke.DirectMethodHandle$Holder.invokeInterface(java.lang.Object, java.lang.Object)'> (0x00000000a787ee18) 
thrown [s\open\src\hotspot\share\interpreter\linkResolver.cpp, line 774]
Event: 8.952 Thread 0x000002f084cb1ca0 Exception <a 'java/lang/NoSuchMethodError'{0x00000000a78f5ee0}: 'void java.lang.invoke.DirectMethodHandle$Holder.invokeStatic(java.lang.Object, java.lang.Object, java.lang.Object)'> (0x00000000a78f5ee0) 
thrown [s\open\src\hotspot\share\interpreter\linkResolver.cpp, line 774]
Event: 8.954 Thread 0x000002f084cb1ca0 Exception <a 'java/lang/NoSuchMethodError'{0x00000000a78ff108}: 'java.lang.Object java.lang.invoke.DirectMethodHandle$Holder.invokeVirtual(java.lang.Object, java.lang.Object, java.lang.Object)'> (0x00000000a78ff108) 
thrown [s\open\src\hotspot\share\interpreter\linkResolver.cpp, line 774]
Event: 9.173 Thread 0x000002f084cb1ca0 Exception <a 'java/lang/NoSuchMethodError'{0x00000000a73af030}: 'void java.lang.invoke.DirectMethodHandle$Holder.invokeStaticInit(java.lang.Object, java.lang.Object)'> (0x00000000a73af030) 
thrown [s\open\src\hotspot\share\interpreter\linkResolver.cpp, line 774]
Event: 9.284 Thread 0x000002f084cb1ca0 Exception <a 'sun/nio/fs/WindowsException'{0x00000000a72da420}> (0x00000000a72da420) 
thrown [s\open\src\hotspot\share\prims\jni.cpp, line 520]
Event: 9.367 Thread 0x000002f084cb1ca0 Exception <a 'java/lang/NoSuchMethodError'{0x00000000a7180ca0}: 'java.lang.Object java.lang.invoke.DirectMethodHandle$Holder.invokeStaticInit(java.lang.Object, int, int, int, int)'> (0x00000000a7180ca0) 
thrown [s\open\src\hotspot\share\interpreter\linkResolver.cpp, line 774]
Event: 9.404 Thread 0x000002f084cb1ca0 Exception <a 'java/lang/NoSuchMethodError'{0x00000000a7043000}: 'java.lang.Object java.lang.invoke.DirectMethodHandle$Holder.invokeStaticInit(java.lang.Object, java.lang.Object, int, int, int, int)'> (0x00000000a7043000) 
thrown [s\open\src\hotspot\share\interpreter\linkResolver.cpp, line 774]

ZGC Phase Switch (0 events):
No events

VM Operations (20 events):
Event: 2.861 Executing VM operation: Cleanup
Event: 2.861 Executing VM operation: Cleanup done
Event: 3.873 Executing VM operation: Cleanup
Event: 3.873 Executing VM operation: Cleanup done
Event: 4.890 Executing VM operation: Cleanup
Event: 4.890 Executing VM operation: Cleanup done
Event: 5.892 Executing VM operation: Cleanup
Event: 5.892 Executing VM operation: Cleanup done
Event: 6.908 Executing VM operation: Cleanup
Event: 6.908 Executing VM operation: Cleanup done
Event: 7.923 Executing VM operation: Cleanup
Event: 7.923 Executing VM operation: Cleanup done
Event: 8.889 Executing VM operation: HandshakeAllThreads (Deoptimize)
Event: 8.889 Executing VM operation: HandshakeAllThreads (Deoptimize) done
Event: 9.185 Executing VM operation: HandshakeAllThreads (Deoptimize)
Event: 9.185 Executing VM operation: HandshakeAllThreads (Deoptimize) done
Event: 9.185 Executing VM operation: Cleanup
Event: 9.185 Executing VM operation: Cleanup done
Event: 9.250 Executing VM operation: HandshakeAllThreads (Deoptimize)
Event: 9.250 Executing VM operation: HandshakeAllThreads (Deoptimize) done

Events (20 events):
Event: 0.076 Thread 0x000002f084caa5b0 Thread added: 0x000002f084caa5b0
Event: 0.076 Thread 0x000002f084cadf20 Thread added: 0x000002f084cadf20
Event: 0.076 Thread 0x000002f084cafbd0 Thread added: 0x000002f084cafbd0
Event: 0.076 Thread 0x000002f084cb9390 Thread added: 0x000002f084cb9390
Event: 0.076 Thread 0x000002f084cbab30 Thread added: 0x000002f084cbab30
Event: 0.110 Thread 0x000002f084caf540 Thread added: 0x000002f084caf540
Event: 0.160 Thread 0x000002f084cb0f80 Thread added: 0x000002f084cb0f80
Event: 0.390 Thread 0x000002f084cb0260 Thread added: 0x000002f084cb0260
Event: 0.394 Thread 0x000002f084caeeb0 Thread added: 0x000002f084caeeb0
Event: 0.397 Thread 0x000002f084cb08f0 Thread added: 0x000002f084cb08f0
Event: 0.644 Thread 0x000002f084cb1610 Thread added: 0x000002f084cb1610
Event: 0.691 Thread 0x000002f0cb425fc0 Thread added: 0x000002f0cb425fc0
Event: 0.904 Thread 0x000002f084cb1ca0 Thread added: 0x000002f084cb1ca0
Event: 0.970 Thread 0x000002f0cb425fc0 Thread exited: 0x000002f0cb425fc0
Event: 1.077 Thread 0x000002f0e8a89380 Thread exited: 0x000002f0e8a89380
Event: 1.077 Thread 0x000002f084cb2330 Thread added: 0x000002f084cb2330
Event: 1.089 Thread 0x000002f0cb588620 Thread added: 0x000002f0cb588620
Event: 1.243 Thread 0x000002f0cb587270 Thread added: 0x000002f0cb587270
Event: 5.795 Thread 0x000002f084cb1610 Thread exited: 0x000002f084cb1610
Event: 8.872 Thread 0x000002f0cb588cb0 Thread added: 0x000002f0cb588cb0


Dynamic libraries:
0x00007ff7dc790000 - 0x00007ff7dc7a0000 	C:\Program Files\Java\jdk-22\bin\java.exe
0x00007ff8e16f0000 - 0x00007ff8e1907000 	C:\Windows\SYSTEM32\ntdll.dll
0x00007ff8e10e0000 - 0x00007ff8e11a4000 	C:\Windows\System32\KERNEL32.DLL
0x00007ff8decf0000 - 0x00007ff8df09d000 	C:\Windows\System32\KERNELBASE.dll
0x00007ff8deb60000 - 0x00007ff8dec71000 	C:\Windows\System32\ucrtbase.dll
0x00007ff84bfb0000 - 0x00007ff84bfcb000 	C:\Program Files\Java\jdk-22\bin\VCRUNTIME140.dll
0x00007ff8d43a0000 - 0x00007ff8d43b7000 	C:\Program Files\Java\jdk-22\bin\jli.dll
0x00007ff8e11f0000 - 0x00007ff8e12a2000 	C:\Windows\System32\ADVAPI32.dll
0x00007ff8e0d70000 - 0x00007ff8e0e17000 	C:\Windows\System32\msvcrt.dll
0x00007ff8e12c0000 - 0x00007ff8e1369000 	C:\Windows\System32\sechost.dll
0x00007ff8df400000 - 0x00007ff8df428000 	C:\Windows\System32\bcrypt.dll
0x00007ff8df740000 - 0x00007ff8df854000 	C:\Windows\System32\RPCRT4.dll
0x00007ff8df590000 - 0x00007ff8df73e000 	C:\Windows\System32\USER32.dll
0x00007ff8df3d0000 - 0x00007ff8df3f6000 	C:\Windows\System32\win32u.dll
0x00007ff8c25b0000 - 0x00007ff8c2843000 	C:\Windows\WinSxS\amd64_microsoft.windows.common-controls_6595b64144ccf1df_6.0.22621.3672_none_2713b9d173822955\COMCTL32.dll
0x00007ff8e11b0000 - 0x00007ff8e11d9000 	C:\Windows\System32\GDI32.dll
0x00007ff8df2b0000 - 0x00007ff8df3c9000 	C:\Windows\System32\gdi32full.dll
0x00007ff8df210000 - 0x00007ff8df2aa000 	C:\Windows\System32\msvcp_win.dll
0x00007ff8d4990000 - 0x00007ff8d499a000 	C:\Windows\SYSTEM32\VERSION.dll
0x00007ff8dfac0000 - 0x00007ff8dfaf1000 	C:\Windows\System32\IMM32.DLL
0x00007ff87e340000 - 0x00007ff87e34c000 	C:\Program Files\Java\jdk-22\bin\vcruntime140_1.dll
0x00007ff841410000 - 0x00007ff84149e000 	C:\Program Files\Java\jdk-22\bin\msvcp140.dll
0x00007ff841880000 - 0x00007ff8425c7000 	C:\Program Files\Java\jdk-22\bin\server\jvm.dll
0x00007ff8e1420000 - 0x00007ff8e1491000 	C:\Windows\System32\WS2_32.dll
0x00007ff8de730000 - 0x00007ff8de77d000 	C:\Windows\SYSTEM32\POWRPROF.dll
0x00007ff8da270000 - 0x00007ff8da2a4000 	C:\Windows\SYSTEM32\WINMM.dll
0x00007ff8de710000 - 0x00007ff8de723000 	C:\Windows\SYSTEM32\UMPDC.dll
0x00007ff8dda50000 - 0x00007ff8dda68000 	C:\Windows\SYSTEM32\kernel.appcore.dll
0x00007ff87d960000 - 0x00007ff87d96a000 	C:\Program Files\Java\jdk-22\bin\jimage.dll
0x00007ff8dc5d0000 - 0x00007ff8dc802000 	C:\Windows\SYSTEM32\DBGHELP.DLL
0x00007ff8e0820000 - 0x00007ff8e0ba8000 	C:\Windows\System32\combase.dll
0x00007ff8e0c30000 - 0x00007ff8e0d07000 	C:\Windows\System32\OLEAUT32.dll
0x00007ff8d5e90000 - 0x00007ff8d5ec2000 	C:\Windows\SYSTEM32\dbgcore.DLL
0x00007ff8dea20000 - 0x00007ff8dea9b000 	C:\Windows\System32\bcryptPrimitives.dll
0x00007ff841860000 - 0x00007ff84187e000 	C:\Program Files\Java\jdk-22\bin\java.dll
0x00007ff8dfb00000 - 0x00007ff8e035f000 	C:\Windows\System32\SHELL32.dll
0x00007ff8df860000 - 0x00007ff8dfa05000 	C:\Windows\System32\ole32.dll
0x00007ff8dc970000 - 0x00007ff8dd26c000 	C:\Windows\SYSTEM32\windows.storage.dll
0x00007ff8dc830000 - 0x00007ff8dc96f000 	C:\Windows\SYSTEM32\wintypes.dll
0x00007ff8e15b0000 - 0x00007ff8e16a4000 	C:\Windows\System32\SHCORE.dll
0x00007ff8e0d10000 - 0x00007ff8e0d6e000 	C:\Windows\System32\shlwapi.dll
0x00007ff8de950000 - 0x00007ff8de971000 	C:\Windows\SYSTEM32\profapi.dll
0x00007ff842780000 - 0x00007ff842857000 	C:\Program Files\Java\jdk-22\bin\jsvml.dll
0x00007ff87d450000 - 0x00007ff87d460000 	C:\Program Files\Java\jdk-22\bin\net.dll
0x00007ff8ddec0000 - 0x00007ff8ddf29000 	C:\Windows\system32\mswsock.dll
0x00007ff842760000 - 0x00007ff842776000 	C:\Program Files\Java\jdk-22\bin\nio.dll
0x00007ff841630000 - 0x00007ff841647000 	C:\Program Files\Java\jdk-22\bin\zip.dll
0x00007ff8414a0000 - 0x00007ff84162e000 	C:\Program Files\Java\jdk-22\bin\awt.dll
0x00007ff8da070000 - 0x00007ff8da107000 	C:\Windows\SYSTEM32\apphelp.dll
0x00007ff8dbe60000 - 0x00007ff8dbe8b000 	C:\Windows\system32\DWMAPI.DLL
0x00007ff8dba30000 - 0x00007ff8dbadf000 	C:\Windows\system32\uxtheme.dll
0x00007ff85c3d0000 - 0x00007ff85c4d0000 	C:\Windows\system32\opengl32.dll
0x00007ff872090000 - 0x00007ff8720bd000 	C:\Windows\SYSTEM32\GLU32.dll
0x00007ff8dbba0000 - 0x00007ff8dbbd9000 	C:\Windows\SYSTEM32\dxcore.dll
0x00007ff8df430000 - 0x00007ff8df583000 	C:\Windows\System32\MSCTF.dll
0x00007ff877690000 - 0x00007ff877838000 	C:\Windows\system32\d3d9.dll
0x00007ff8d4a40000 - 0x00007ff8d4bfb000 	C:\Windows\System32\DriverStore\FileRepository\u0390835.inf_amd64_66888840aa4163cc\B390488\aticfx64.dll
0x00007ff8a3d80000 - 0x00007ff8a3db4000 	C:\Windows\System32\DriverStore\FileRepository\u0390835.inf_amd64_66888840aa4163cc\B390488\atiu9p64.dll
0x00007ff81a460000 - 0x00007ff81b1b5000 	C:\Windows\System32\DriverStore\FileRepository\u0390835.inf_amd64_66888840aa4163cc\B390488\atiumd64.dll
0x00000000614a0000 - 0x00000000623c8000 	C:\Windows\System32\DriverStore\FileRepository\u0390835.inf_amd64_66888840aa4163cc\B390488\atiumd6a.dll
0x00007ff8e03a0000 - 0x00007ff8e0814000 	C:\Windows\System32\SETUPAPI.dll
0x00007ff8d1870000 - 0x00007ff8d18a5000 	C:\Windows\SYSTEM32\amdihk64.dll
0x00007ff8d7100000 - 0x00007ff8d7149000 	C:\Windows\SYSTEM32\directxdatabasehelper.dll
0x00007ff841380000 - 0x00007ff841407000 	C:\Program Files\Java\jdk-22\bin\freetype.dll
0x00007ff8412a0000 - 0x00007ff841377000 	C:\Program Files\Java\jdk-22\bin\fontmanager.dll
0x00007ff8e1370000 - 0x00007ff8e1420000 	C:\Windows\System32\clbcatq.dll
0x00007ff8db840000 - 0x00007ff8db9f0000 	C:\Windows\SYSTEM32\WindowsCodecs.dll
0x00007ff8b4520000 - 0x00007ff8b457e000 	C:\Windows\system32\dataexchange.dll
0x00007ff8d4410000 - 0x00007ff8d469a000 	C:\Windows\system32\twinapi.appcore.dll
0x00007ff8b54f0000 - 0x00007ff8b563e000 	C:\Windows\SYSTEM32\textinputframework.dll
0x00007ff8d9bd0000 - 0x00007ff8d9d03000 	C:\Windows\SYSTEM32\CoreMessaging.dll
0x00007ff8d6ad0000 - 0x00007ff8d6e3d000 	C:\Windows\SYSTEM32\CoreUIComponents.dll
0x00007ff8de6f0000 - 0x00007ff8de6fc000 	C:\Windows\SYSTEM32\CRYPTBASE.DLL
0x00007ff8dd540000 - 0x00007ff8dd638000 	C:\Windows\SYSTEM32\DNSAPI.dll
0x00007ff8dd4d0000 - 0x00007ff8dd4fd000 	C:\Windows\SYSTEM32\IPHLPAPI.DLL
0x00007ff8e0bb0000 - 0x00007ff8e0bb9000 	C:\Windows\System32\NSI.dll
0x00007ff8da810000 - 0x00007ff8da81a000 	C:\Windows\System32\rasadhlp.dll
0x00007ff8d8440000 - 0x00007ff8d84c3000 	C:\Windows\System32\fwpuclnt.dll
0x00007ff879f60000 - 0x00007ff879f69000 	C:\Program Files\Java\jdk-22\bin\extnet.dll
0x00007ff8de120000 - 0x00007ff8de13b000 	C:\Windows\SYSTEM32\CRYPTSP.dll
0x00007ff8dd9b0000 - 0x00007ff8dd9e5000 	C:\Windows\system32\rsaenh.dll
0x00007ff8ddfc0000 - 0x00007ff8ddfe8000 	C:\Windows\SYSTEM32\USERENV.dll
0x00007ff8a00b0000 - 0x00007ff8a00be000 	C:\Program Files\Java\jdk-22\bin\sunmscapi.dll
0x00007ff8df0a0000 - 0x00007ff8df207000 	C:\Windows\System32\CRYPT32.dll
0x00007ff8de340000 - 0x00007ff8de36e000 	C:\Windows\SYSTEM32\ncrypt.dll
0x00007ff8de300000 - 0x00007ff8de337000 	C:\Windows\SYSTEM32\NTASN1.dll

dbghelp: loaded successfully - version: 4.0.5 - missing functions: none
symbol engine: initialized successfully - sym options: 0x614 - pdb path: .;C:\Program Files\Java\jdk-22\bin;C:\Windows\SYSTEM32;C:\Windows\WinSxS\amd64_microsoft.windows.common-controls_6595b64144ccf1df_6.0.22621.3672_none_2713b9d173822955;C:\Program Files\Java\jdk-22\bin\server;C:\Windows\System32\DriverStore\FileRepository\u0390835.inf_amd64_66888840aa4163cc\B390488

VM Arguments:
jvm_args: -Dfile.encoding=UTF-8 --module-path=C:\Users\aishu\OneDrive\Documents\NetBeansProjects\Travel Management System\build\classes 
java_command: travel.management.system.ForgetPassword
java_class_path (initial): C:\Users\aishu\Downloads\mysql-connector-java-8.0.28.jar;C:\Users\aishu\OneDrive\Documents\NetBeansProjects\Travel Management System\build\classes
Launcher Type: SUN_STANDARD

[Global flags]
     intx CICompilerCount                          = 4                                         {product} {ergonomic}
     uint ConcGCThreads                            = 3                                         {product} {ergonomic}
     uint G1ConcRefinementThreads                  = 10                                        {product} {ergonomic}
   size_t G1HeapRegionSize                         = 1048576                                   {product} {ergonomic}
   size_t InitialHeapSize                          = 98566144                                  {product} {ergonomic}
   size_t MarkStackSize                            = 4194304                                   {product} {ergonomic}
   size_t MaxHeapSize                              = 1570766848                                {product} {ergonomic}
   size_t MaxNewSize                               = 941621248                                 {product} {ergonomic}
   size_t MinHeapDeltaBytes                        = 1048576                                   {product} {ergonomic}
   size_t MinHeapSize                              = 8388608                                   {product} {ergonomic}
    uintx NonNMethodCodeHeapSize                   = 5839372                                {pd product} {ergonomic}
    uintx NonProfiledCodeHeapSize                  = 122909434                              {pd product} {ergonomic}
    uintx ProfiledCodeHeapSize                     = 122909434                              {pd product} {ergonomic}
    uintx ReservedCodeCacheSize                    = 251658240                              {pd product} {ergonomic}
     bool SegmentedCodeCache                       = true                                      {product} {ergonomic}
   size_t SoftMaxHeapSize                          = 1570766848                             {manageable} {ergonomic}
     bool UseCompressedOops                        = true                           {product lp64_product} {ergonomic}
     bool UseG1GC                                  = true                                      {product} {ergonomic}
     bool UseLargePagesIndividualAllocation        = false                                  {pd product} {ergonomic}

Logging:
Log output configuration:
 #0: stdout all=warning uptime,level,tags foldmultilines=false
 #1: stderr all=off uptime,level,tags foldmultilines=false

Environment Variables:
PATH=C:\Program Files\Common Files\Oracle\Java\javapath;C:\Windows\system32;C:\Windows;C:\Windows\System32\Wbem;C:\Windows\System32\WindowsPowerShell\v1.0\;C:\Windows\System32\OpenSSH\;C:\Program Files\dotnet\;C:\Users\aishu\AppData\Local\Programs\Python\Launcher\;C:\Users\aishu\AppData\Local\Microsoft\WindowsApps;C:\Users\aishu\AppData\Local\Programs\Microsoft VS Code\bin;C:\Program Files\JetBrains\PyCharm 2023.3.4\bin;;C:\MinGW\bin;
USERNAME=aishu
OS=Windows_NT
PROCESSOR_IDENTIFIER=AMD64 Family 23 Model 104 Stepping 1, AuthenticAMD
TMP=C:\Users\aishu\AppData\Local\Temp
TEMP=C:\Users\aishu\AppData\Local\Temp




Periodic native trim disabled

---------------  S Y S T E M  ---------------

OS:
 Windows 11 , 64 bit Build 22621 (10.0.22621.3672)
OS uptime: 1 days 21:18 hours

CPU: total 12 (initial active 12) (12 cores per cpu, 2 threads per core) family 23 model 104 stepping 1 microcode 0x0, cx8, cmov, fxsr, ht, mmx, 3dnowpref, sse, sse2, sse3, ssse3, sse4a, sse4.1, sse4.2, popcnt, lzcnt, tsc, tscinvbit, avx, avx2, aes, clmul, bmi1, bmi2, adx, sha, fma, vzeroupper, clflush, clflushopt, rdtscp, rdpid, f16c
Processor Information for processor 0
  Max Mhz: 2100, Current Mhz: 1813, Mhz Limit: 2100
Processor Information for processor 1
  Max Mhz: 2100, Current Mhz: 1813, Mhz Limit: 2100
Processor Information for processor 2
  Max Mhz: 2100, Current Mhz: 2100, Mhz Limit: 2100
Processor Information for processor 3
  Max Mhz: 2100, Current Mhz: 1813, Mhz Limit: 2100
Processor Information for processor 4
  Max Mhz: 2100, Current Mhz: 1813, Mhz Limit: 2100
Processor Information for processor 5
  Max Mhz: 2100, Current Mhz: 1813, Mhz Limit: 2100
Processor Information for processor 6
  Max Mhz: 2100, Current Mhz: 1813, Mhz Limit: 2100
Processor Information for processor 7
  Max Mhz: 2100, Current Mhz: 1813, Mhz Limit: 2100
Processor Information for processor 8
  Max Mhz: 2100, Current Mhz: 1813, Mhz Limit: 2100
Processor Information for processor 9
  Max Mhz: 2100, Current Mhz: 1813, Mhz Limit: 2100
Processor Information for processor 10
  Max Mhz: 2100, Current Mhz: 1813, Mhz Limit: 2100
Processor Information for processor 11
  Max Mhz: 2100, Current Mhz: 1813, Mhz Limit: 2100

Memory: 4k page, system-wide physical 5989M (365M free)
TotalPageFile size 24421M (AvailPageFile size 0M)
current process WorkingSet (physical memory assigned to process): 124M, peak: 124M
current process commit charge ("private bytes"): 250M, peak: 250M

vm_info: Java HotSpot(TM) 64-Bit Server VM (22.0.1+8-16) for windows-amd64 JRE (22.0.1+8-16), built on 2024-03-12T10:33:16Z by "mach5one" with MS VC++ 17.6 (VS2022)

END.
