#
# There is insufficient memory for the Java Runtime Environment to continue.
# Native memory allocation (malloc) failed to allocate 32744 bytes. Error detail: Chunk::new
# Possible reasons:
#   The system is out of physical RAM or swap space
#   This process is running with CompressedOops enabled, and the Java Heap may be blocking the growth of the native heap
# Possible solutions:
#   Reduce memory load on the system
#   Increase physical memory or swap space
#   Check if swap backing store is full
#   Decrease Java heap size (-Xmx/-Xms)
#   Decrease number of Java threads
#   Decrease Java thread stack sizes (-Xss)
#   Set larger code cache with -XX:ReservedCodeCacheSize=
#   JVM is running with Unscaled Compressed Oops mode in which the Java heap is
#     placed in the first 4GB address space. The Java Heap base address is the
#     maximum limit for the native heap growth. Please use -XX:HeapBaseMinAddress
#     to set the Java Heap base and to place the Java Heap above 4GB virtual address.
# This output file may be truncated or incomplete.
#
#  Out of Memory Error (arena.cpp:150), pid=28132, tid=6920
#
# JRE version: Java(TM) SE Runtime Environment (22.0.1+8) (build 22.0.1+8-16)
# Java VM: Java HotSpot(TM) 64-Bit Server VM (22.0.1+8-16, mixed mode, sharing, tiered, compressed oops, compressed class ptrs, g1 gc, windows-amd64)
# No core dump will be written. Minidumps are not enabled by default on client versions of Windows
#

---------------  S U M M A R Y ------------

Command Line: -Dfile.encoding=UTF-8 --module-path=C:\Users\aishu\OneDrive\Documents\NetBeansProjects\Travel Management System\build\classes travel.management.system.Splash

Host: AMD Ryzen 5 5500U with Radeon Graphics         , 12 cores, 5G,  Windows 11 , 64 bit Build 22621 (10.0.22621.3672)
Time: Sat Jul  6 21:08:20 2024 India Standard Time elapsed time: 26109.734667 seconds (0d 7h 15m 9s)

---------------  T H R E A D  ---------------

Current thread (0x0000025d529f6a30):  JavaThread "C2 CompilerThread0" daemon [_thread_in_native, id=6920, stack(0x000000ba67000000,0x000000ba67100000) (1024K)]


Current CompileTask:
C2:26109738  736       4       jdk.internal.org.objectweb.asm.SymbolTable::put (150 bytes)

Stack: [0x000000ba67000000,0x000000ba67100000]
Native frames: (J=compiled Java code, j=interpreted, Vv=VM code, C=native code)
V  [jvm.dll+0x6e2279]  (no source info available)
V  [jvm.dll+0x874e33]  (no source info available)
V  [jvm.dll+0x87725e]  (no source info available)
V  [jvm.dll+0x877933]  (no source info available)
V  [jvm.dll+0x27fd76]  (no source info available)
V  [jvm.dll+0xc3d0f]  (no source info available)
V  [jvm.dll+0xc3f6b]  (no source info available)
V  [jvm.dll+0x5ed74a]  (no source info available)
V  [jvm.dll+0x387b9a]  (no source info available)
V  [jvm.dll+0x386fda]  (no source info available)
V  [jvm.dll+0x247918]  (no source info available)
V  [jvm.dll+0x246fbf]  (no source info available)
V  [jvm.dll+0x1c4e90]  (no source info available)
V  [jvm.dll+0x2569fe]  (no source info available)
V  [jvm.dll+0x254cba]  (no source info available)
V  [jvm.dll+0x3f5336]  (no source info available)
V  [jvm.dll+0x81d44b]  (no source info available)
V  [jvm.dll+0x6e0915]  (no source info available)
C  [ucrtbase.dll+0x29333]  (no source info available)
C  [KERNEL32.DLL+0x1257d]  (no source info available)
C  [ntdll.dll+0x5af28]  (no source info available)


---------------  P R O C E S S  ---------------

Threads class SMR info:
_java_thread_list=0x0000025d9b04ac70, length=16, elements={
0x0000025d529c1130, 0x0000025d529c2050, 0x0000025d529c4180, 0x0000025d529c5040,
0x0000025d529cb440, 0x0000025d529cdad0, 0x0000025d529f6a30, 0x0000025d529f7690,
0x0000025d52bcf290, 0x0000025d52d27e50, 0x0000025d52e20910, 0x0000025d52e25090,
0x0000025d52e2b630, 0x0000025d9b040ba0, 0x0000025d345076f0, 0x0000025d52bfd5e0
}

Java Threads: ( => current thread )
  0x0000025d529c1130 JavaThread "Reference Handler"          daemon [_thread_blocked, id=27816, stack(0x000000ba66a00000,0x000000ba66b00000) (1024K)]
  0x0000025d529c2050 JavaThread "Finalizer"                  daemon [_thread_blocked, id=18288, stack(0x000000ba66b00000,0x000000ba66c00000) (1024K)]
  0x0000025d529c4180 JavaThread "Signal Dispatcher"          daemon [_thread_blocked, id=9560, stack(0x000000ba66c00000,0x000000ba66d00000) (1024K)]
  0x0000025d529c5040 JavaThread "Attach Listener"            daemon [_thread_blocked, id=25692, stack(0x000000ba66d00000,0x000000ba66e00000) (1024K)]
  0x0000025d529cb440 JavaThread "Service Thread"             daemon [_thread_blocked, id=28444, stack(0x000000ba66e00000,0x000000ba66f00000) (1024K)]
  0x0000025d529cdad0 JavaThread "Monitor Deflation Thread"   daemon [_thread_blocked, id=21376, stack(0x000000ba66f00000,0x000000ba67000000) (1024K)]
=>0x0000025d529f6a30 JavaThread "C2 CompilerThread0"         daemon [_thread_in_native, id=6920, stack(0x000000ba67000000,0x000000ba67100000) (1024K)]
  0x0000025d529f7690 JavaThread "C1 CompilerThread0"         daemon [_thread_blocked, id=26644, stack(0x000000ba67100000,0x000000ba67200000) (1024K)]
  0x0000025d52bcf290 JavaThread "Common-Cleaner"             daemon [_thread_blocked, id=27752, stack(0x000000ba67200000,0x000000ba67300000) (1024K)]
  0x0000025d52d27e50 JavaThread "Notification Thread"        daemon [_thread_blocked, id=28064, stack(0x000000ba67400000,0x000000ba67500000) (1024K)]
  0x0000025d52e20910 JavaThread "Java2D Disposer"            daemon [_thread_blocked, id=15724, stack(0x000000ba67500000,0x000000ba67600000) (1024K)]
  0x0000025d52e25090 JavaThread "AWT-Shutdown"                      [_thread_blocked, id=1972, stack(0x000000ba67600000,0x000000ba67700000) (1024K)]
  0x0000025d52e2b630 JavaThread "AWT-Windows"                daemon [_thread_in_native, id=25100, stack(0x000000ba67700000,0x000000ba67800000) (1024K)]
  0x0000025d9b040ba0 JavaThread "AWT-EventQueue-0"                  [_thread_in_Java, id=8172, stack(0x000000ba67300000,0x000000ba67400000) (1024K)]
  0x0000025d345076f0 JavaThread "DestroyJavaVM"                     [_thread_blocked, id=15052, stack(0x000000ba66200000,0x000000ba66300000) (1024K)]
  0x0000025d52bfd5e0 JavaThread "D3D Screen Updater"         daemon [_thread_blocked, id=20216, stack(0x000000ba68200000,0x000000ba68300000) (1024K)]
Total: 16

Other Threads:
  0x0000025d529a6e50 VMThread "VM Thread"                           [id=1652, stack(0x000000ba66900000,0x000000ba66a00000) (1024K)]
  0x0000025d5298e8f0 WatcherThread "VM Periodic Task Thread"        [id=20844, stack(0x000000ba66800000,0x000000ba66900000) (1024K)]
  0x0000025d367ff5f0 WorkerThread "GC Thread#0"                     [id=7176, stack(0x000000ba66300000,0x000000ba66400000) (1024K)]
  0x0000025d3680c930 ConcurrentGCThread "G1 Main Marker"            [id=16744, stack(0x000000ba66400000,0x000000ba66500000) (1024K)]
  0x0000025d3680ea00 WorkerThread "G1 Conc#0"                       [id=11048, stack(0x000000ba66500000,0x000000ba66600000) (1024K)]
  0x0000025d528620c0 ConcurrentGCThread "G1 Refine#0"               [id=20404, stack(0x000000ba66600000,0x000000ba66700000) (1024K)]
  0x0000025d36878c30 ConcurrentGCThread "G1 Service"                [id=12384, stack(0x000000ba66700000,0x000000ba66800000) (1024K)]
Total: 7

Threads with active compile tasks:
C2 CompilerThread0  26110352  736       4       jdk.internal.org.objectweb.asm.SymbolTable::put (150 bytes)
Total: 1

VM state: not at safepoint (normal execution)

VM Mutex/Monitor currently owned by a thread: None

Heap address: 0x00000000a2600000, size: 1498 MB, Compressed Oops mode: 32-bit

CDS archive(s) mapped at: [0x0000025d53000000-0x0000025d53c60000-0x0000025d53c60000), size 12976128, SharedBaseAddress: 0x0000025d53000000, ArchiveRelocationMode: 1.
Compressed class space mapped at: 0x0000025d54000000-0x0000025d94000000, reserved size: 1073741824
Narrow klass base: 0x0000025d53000000, Narrow klass shift: 0, Narrow klass range: 0x41000000

GC Precious Log:
 CardTable entry size: 512
 Card Set container configuration: InlinePtr #cards 5 size 8 Array Of Cards #cards 12 size 40 Howl #buckets 4 coarsen threshold 1843 Howl Bitmap #cards 512 size 80 coarsen threshold 460 Card regions per heap region 1 cards per card region 2048
 CPUs: 12 total, 12 available
 Memory: 5989M
 Large Page Support: Disabled
 NUMA Support: Disabled
 Compressed Oops: Enabled (32-bit)
 Heap Region Size: 1M
 Heap Min Capacity: 8M
 Heap Initial Capacity: 94M
 Heap Max Capacity: 1498M
 Pre-touch: Disabled
 Parallel Workers: 10
 Concurrent Workers: 3
 Concurrent Refinement Workers: 10
 Periodic GC: Disabled

Heap:
 garbage-first heap   total reserved 1533952K, committed 96256K, used 13312K [0x00000000a2600000, 0x0000000100000000)
  region size 1024K, 14 young (14336K), 0 survivors (0K)
 Metaspace       used 5862K, committed 6144K, reserved 1114112K
  class space    used 653K, committed 768K, reserved 1048576K

Heap Regions: E=young(eden), S=young(survivor), O=old, HS=humongous(starts), HC=humongous(continues), CS=collection set, F=free, TAMS=top-at-mark-start, PB=parsable bottom
|   0|0x00000000a2600000, 0x00000000a2600000, 0x00000000a2700000|  0%| F|  |TAMS 0x00000000a2600000| PB 0x00000000a2600000| Untracked |  0
|   1|0x00000000a2700000, 0x00000000a2700000, 0x00000000a2800000|  0%| F|  |TAMS 0x00000000a2700000| PB 0x00000000a2700000| Untracked |  0
|   2|0x00000000a2800000, 0x00000000a2800000, 0x00000000a2900000|  0%| F|  |TAMS 0x00000000a2800000| PB 0x00000000a2800000| Untracked |  0
|   3|0x00000000a2900000, 0x00000000a2900000, 0x00000000a2a00000|  0%| F|  |TAMS 0x00000000a2900000| PB 0x00000000a2900000| Untracked |  0
|   4|0x00000000a2a00000, 0x00000000a2a00000, 0x00000000a2b00000|  0%| F|  |TAMS 0x00000000a2a00000| PB 0x00000000a2a00000| Untracked |  0
|   5|0x00000000a2b00000, 0x00000000a2b00000, 0x00000000a2c00000|  0%| F|  |TAMS 0x00000000a2b00000| PB 0x00000000a2b00000| Untracked |  0
|   6|0x00000000a2c00000, 0x00000000a2c00000, 0x00000000a2d00000|  0%| F|  |TAMS 0x00000000a2c00000| PB 0x00000000a2c00000| Untracked |  0
|   7|0x00000000a2d00000, 0x00000000a2d00000, 0x00000000a2e00000|  0%| F|  |TAMS 0x00000000a2d00000| PB 0x00000000a2d00000| Untracked |  0
|   8|0x00000000a2e00000, 0x00000000a2e00000, 0x00000000a2f00000|  0%| F|  |TAMS 0x00000000a2e00000| PB 0x00000000a2e00000| Untracked |  0
|   9|0x00000000a2f00000, 0x00000000a2f00000, 0x00000000a3000000|  0%| F|  |TAMS 0x00000000a2f00000| PB 0x00000000a2f00000| Untracked |  0
|  10|0x00000000a3000000, 0x00000000a3000000, 0x00000000a3100000|  0%| F|  |TAMS 0x00000000a3000000| PB 0x00000000a3000000| Untracked |  0
|  11|0x00000000a3100000, 0x00000000a3100000, 0x00000000a3200000|  0%| F|  |TAMS 0x00000000a3100000| PB 0x00000000a3100000| Untracked |  0
|  12|0x00000000a3200000, 0x00000000a3200000, 0x00000000a3300000|  0%| F|  |TAMS 0x00000000a3200000| PB 0x00000000a3200000| Untracked |  0
|  13|0x00000000a3300000, 0x00000000a3300000, 0x00000000a3400000|  0%| F|  |TAMS 0x00000000a3300000| PB 0x00000000a3300000| Untracked |  0
|  14|0x00000000a3400000, 0x00000000a3400000, 0x00000000a3500000|  0%| F|  |TAMS 0x00000000a3400000| PB 0x00000000a3400000| Untracked |  0
|  15|0x00000000a3500000, 0x00000000a3500000, 0x00000000a3600000|  0%| F|  |TAMS 0x00000000a3500000| PB 0x00000000a3500000| Untracked |  0
|  16|0x00000000a3600000, 0x00000000a3600000, 0x00000000a3700000|  0%| F|  |TAMS 0x00000000a3600000| PB 0x00000000a3600000| Untracked |  0
|  17|0x00000000a3700000, 0x00000000a3700000, 0x00000000a3800000|  0%| F|  |TAMS 0x00000000a3700000| PB 0x00000000a3700000| Untracked |  0
|  18|0x00000000a3800000, 0x00000000a3800000, 0x00000000a3900000|  0%| F|  |TAMS 0x00000000a3800000| PB 0x00000000a3800000| Untracked |  0
|  19|0x00000000a3900000, 0x00000000a3900000, 0x00000000a3a00000|  0%| F|  |TAMS 0x00000000a3900000| PB 0x00000000a3900000| Untracked |  0
|  20|0x00000000a3a00000, 0x00000000a3a00000, 0x00000000a3b00000|  0%| F|  |TAMS 0x00000000a3a00000| PB 0x00000000a3a00000| Untracked |  0
|  21|0x00000000a3b00000, 0x00000000a3b00000, 0x00000000a3c00000|  0%| F|  |TAMS 0x00000000a3b00000| PB 0x00000000a3b00000| Untracked |  0
|  22|0x00000000a3c00000, 0x00000000a3c00000, 0x00000000a3d00000|  0%| F|  |TAMS 0x00000000a3c00000| PB 0x00000000a3c00000| Untracked |  0
|  23|0x00000000a3d00000, 0x00000000a3d00000, 0x00000000a3e00000|  0%| F|  |TAMS 0x00000000a3d00000| PB 0x00000000a3d00000| Untracked |  0
|  24|0x00000000a3e00000, 0x00000000a3e00000, 0x00000000a3f00000|  0%| F|  |TAMS 0x00000000a3e00000| PB 0x00000000a3e00000| Untracked |  0
|  25|0x00000000a3f00000, 0x00000000a3f00000, 0x00000000a4000000|  0%| F|  |TAMS 0x00000000a3f00000| PB 0x00000000a3f00000| Untracked |  0
|  26|0x00000000a4000000, 0x00000000a4000000, 0x00000000a4100000|  0%| F|  |TAMS 0x00000000a4000000| PB 0x00000000a4000000| Untracked |  0
|  27|0x00000000a4100000, 0x00000000a4100000, 0x00000000a4200000|  0%| F|  |TAMS 0x00000000a4100000| PB 0x00000000a4100000| Untracked |  0
|  28|0x00000000a4200000, 0x00000000a4200000, 0x00000000a4300000|  0%| F|  |TAMS 0x00000000a4200000| PB 0x00000000a4200000| Untracked |  0
|  29|0x00000000a4300000, 0x00000000a4300000, 0x00000000a4400000|  0%| F|  |TAMS 0x00000000a4300000| PB 0x00000000a4300000| Untracked |  0
|  30|0x00000000a4400000, 0x00000000a4400000, 0x00000000a4500000|  0%| F|  |TAMS 0x00000000a4400000| PB 0x00000000a4400000| Untracked |  0
|  31|0x00000000a4500000, 0x00000000a4500000, 0x00000000a4600000|  0%| F|  |TAMS 0x00000000a4500000| PB 0x00000000a4500000| Untracked |  0
|  32|0x00000000a4600000, 0x00000000a4600000, 0x00000000a4700000|  0%| F|  |TAMS 0x00000000a4600000| PB 0x00000000a4600000| Untracked |  0
|  33|0x00000000a4700000, 0x00000000a4700000, 0x00000000a4800000|  0%| F|  |TAMS 0x00000000a4700000| PB 0x00000000a4700000| Untracked |  0
|  34|0x00000000a4800000, 0x00000000a4800000, 0x00000000a4900000|  0%| F|  |TAMS 0x00000000a4800000| PB 0x00000000a4800000| Untracked |  0
|  35|0x00000000a4900000, 0x00000000a4900000, 0x00000000a4a00000|  0%| F|  |TAMS 0x00000000a4900000| PB 0x00000000a4900000| Untracked |  0
|  36|0x00000000a4a00000, 0x00000000a4a00000, 0x00000000a4b00000|  0%| F|  |TAMS 0x00000000a4a00000| PB 0x00000000a4a00000| Untracked |  0
|  37|0x00000000a4b00000, 0x00000000a4b00000, 0x00000000a4c00000|  0%| F|  |TAMS 0x00000000a4b00000| PB 0x00000000a4b00000| Untracked |  0
|  38|0x00000000a4c00000, 0x00000000a4c00000, 0x00000000a4d00000|  0%| F|  |TAMS 0x00000000a4c00000| PB 0x00000000a4c00000| Untracked |  0
|  39|0x00000000a4d00000, 0x00000000a4d00000, 0x00000000a4e00000|  0%| F|  |TAMS 0x00000000a4d00000| PB 0x00000000a4d00000| Untracked |  0
|  40|0x00000000a4e00000, 0x00000000a4e00000, 0x00000000a4f00000|  0%| F|  |TAMS 0x00000000a4e00000| PB 0x00000000a4e00000| Untracked |  0
|  41|0x00000000a4f00000, 0x00000000a4f00000, 0x00000000a5000000|  0%| F|  |TAMS 0x00000000a4f00000| PB 0x00000000a4f00000| Untracked |  0
|  42|0x00000000a5000000, 0x00000000a5000000, 0x00000000a5100000|  0%| F|  |TAMS 0x00000000a5000000| PB 0x00000000a5000000| Untracked |  0
|  43|0x00000000a5100000, 0x00000000a5100000, 0x00000000a5200000|  0%| F|  |TAMS 0x00000000a5100000| PB 0x00000000a5100000| Untracked |  0
|  44|0x00000000a5200000, 0x00000000a5200000, 0x00000000a5300000|  0%| F|  |TAMS 0x00000000a5200000| PB 0x00000000a5200000| Untracked |  0
|  45|0x00000000a5300000, 0x00000000a5300000, 0x00000000a5400000|  0%| F|  |TAMS 0x00000000a5300000| PB 0x00000000a5300000| Untracked |  0
|  46|0x00000000a5400000, 0x00000000a5400000, 0x00000000a5500000|  0%| F|  |TAMS 0x00000000a5400000| PB 0x00000000a5400000| Untracked |  0
|  47|0x00000000a5500000, 0x00000000a5500000, 0x00000000a5600000|  0%| F|  |TAMS 0x00000000a5500000| PB 0x00000000a5500000| Untracked |  0
|  48|0x00000000a5600000, 0x00000000a5600000, 0x00000000a5700000|  0%| F|  |TAMS 0x00000000a5600000| PB 0x00000000a5600000| Untracked |  0
|  49|0x00000000a5700000, 0x00000000a5700000, 0x00000000a5800000|  0%| F|  |TAMS 0x00000000a5700000| PB 0x00000000a5700000| Untracked |  0
|  50|0x00000000a5800000, 0x00000000a5800000, 0x00000000a5900000|  0%| F|  |TAMS 0x00000000a5800000| PB 0x00000000a5800000| Untracked |  0
|  51|0x00000000a5900000, 0x00000000a5900000, 0x00000000a5a00000|  0%| F|  |TAMS 0x00000000a5900000| PB 0x00000000a5900000| Untracked |  0
|  52|0x00000000a5a00000, 0x00000000a5a00000, 0x00000000a5b00000|  0%| F|  |TAMS 0x00000000a5a00000| PB 0x00000000a5a00000| Untracked |  0
|  53|0x00000000a5b00000, 0x00000000a5b00000, 0x00000000a5c00000|  0%| F|  |TAMS 0x00000000a5b00000| PB 0x00000000a5b00000| Untracked |  0
|  54|0x00000000a5c00000, 0x00000000a5c00000, 0x00000000a5d00000|  0%| F|  |TAMS 0x00000000a5c00000| PB 0x00000000a5c00000| Untracked |  0
|  55|0x00000000a5d00000, 0x00000000a5d00000, 0x00000000a5e00000|  0%| F|  |TAMS 0x00000000a5d00000| PB 0x00000000a5d00000| Untracked |  0
|  56|0x00000000a5e00000, 0x00000000a5e00000, 0x00000000a5f00000|  0%| F|  |TAMS 0x00000000a5e00000| PB 0x00000000a5e00000| Untracked |  0
|  57|0x00000000a5f00000, 0x00000000a5f00000, 0x00000000a6000000|  0%| F|  |TAMS 0x00000000a5f00000| PB 0x00000000a5f00000| Untracked |  0
|  58|0x00000000a6000000, 0x00000000a6000000, 0x00000000a6100000|  0%| F|  |TAMS 0x00000000a6000000| PB 0x00000000a6000000| Untracked |  0
|  59|0x00000000a6100000, 0x00000000a6100000, 0x00000000a6200000|  0%| F|  |TAMS 0x00000000a6100000| PB 0x00000000a6100000| Untracked |  0
|  60|0x00000000a6200000, 0x00000000a6200000, 0x00000000a6300000|  0%| F|  |TAMS 0x00000000a6200000| PB 0x00000000a6200000| Untracked |  0
|  61|0x00000000a6300000, 0x00000000a6300000, 0x00000000a6400000|  0%| F|  |TAMS 0x00000000a6300000| PB 0x00000000a6300000| Untracked |  0
|  62|0x00000000a6400000, 0x00000000a6400000, 0x00000000a6500000|  0%| F|  |TAMS 0x00000000a6400000| PB 0x00000000a6400000| Untracked |  0
|  63|0x00000000a6500000, 0x00000000a6500000, 0x00000000a6600000|  0%| F|  |TAMS 0x00000000a6500000| PB 0x00000000a6500000| Untracked |  0
|  64|0x00000000a6600000, 0x00000000a6600000, 0x00000000a6700000|  0%| F|  |TAMS 0x00000000a6600000| PB 0x00000000a6600000| Untracked |  0
|  65|0x00000000a6700000, 0x00000000a6700000, 0x00000000a6800000|  0%| F|  |TAMS 0x00000000a6700000| PB 0x00000000a6700000| Untracked |  0
|  66|0x00000000a6800000, 0x00000000a6800000, 0x00000000a6900000|  0%| F|  |TAMS 0x00000000a6800000| PB 0x00000000a6800000| Untracked |  0
|  67|0x00000000a6900000, 0x00000000a6900000, 0x00000000a6a00000|  0%| F|  |TAMS 0x00000000a6900000| PB 0x00000000a6900000| Untracked |  0
|  68|0x00000000a6a00000, 0x00000000a6a00000, 0x00000000a6b00000|  0%| F|  |TAMS 0x00000000a6a00000| PB 0x00000000a6a00000| Untracked |  0
|  69|0x00000000a6b00000, 0x00000000a6b00000, 0x00000000a6c00000|  0%| F|  |TAMS 0x00000000a6b00000| PB 0x00000000a6b00000| Untracked |  0
|  70|0x00000000a6c00000, 0x00000000a6c00000, 0x00000000a6d00000|  0%| F|  |TAMS 0x00000000a6c00000| PB 0x00000000a6c00000| Untracked |  0
|  71|0x00000000a6d00000, 0x00000000a6d00000, 0x00000000a6e00000|  0%| F|  |TAMS 0x00000000a6d00000| PB 0x00000000a6d00000| Untracked |  0
|  72|0x00000000a6e00000, 0x00000000a6e00000, 0x00000000a6f00000|  0%| F|  |TAMS 0x00000000a6e00000| PB 0x00000000a6e00000| Untracked |  0
|  73|0x00000000a6f00000, 0x00000000a6f00000, 0x00000000a7000000|  0%| F|  |TAMS 0x00000000a6f00000| PB 0x00000000a6f00000| Untracked |  0
|  74|0x00000000a7000000, 0x00000000a7000000, 0x00000000a7100000|  0%| F|  |TAMS 0x00000000a7000000| PB 0x00000000a7000000| Untracked |  0
|  75|0x00000000a7100000, 0x00000000a7100000, 0x00000000a7200000|  0%| F|  |TAMS 0x00000000a7100000| PB 0x00000000a7100000| Untracked |  0
|  76|0x00000000a7200000, 0x00000000a7200000, 0x00000000a7300000|  0%| F|  |TAMS 0x00000000a7200000| PB 0x00000000a7200000| Untracked |  0
|  77|0x00000000a7300000, 0x00000000a7300000, 0x00000000a7400000|  0%| F|  |TAMS 0x00000000a7300000| PB 0x00000000a7300000| Untracked |  0
|  78|0x00000000a7400000, 0x00000000a7400000, 0x00000000a7500000|  0%| F|  |TAMS 0x00000000a7400000| PB 0x00000000a7400000| Untracked |  0
|  79|0x00000000a7500000, 0x00000000a7500000, 0x00000000a7600000|  0%| F|  |TAMS 0x00000000a7500000| PB 0x00000000a7500000| Untracked |  0
|  80|0x00000000a7600000, 0x00000000a76f5c50, 0x00000000a7700000| 96%| E|  |TAMS 0x00000000a7600000| PB 0x00000000a7600000| Complete |  0
|  81|0x00000000a7700000, 0x00000000a7800000, 0x00000000a7800000|100%| E|CS|TAMS 0x00000000a7700000| PB 0x00000000a7700000| Complete |  0
|  82|0x00000000a7800000, 0x00000000a7900000, 0x00000000a7900000|100%| E|CS|TAMS 0x00000000a7800000| PB 0x00000000a7800000| Complete |  0
|  83|0x00000000a7900000, 0x00000000a7a00000, 0x00000000a7a00000|100%| E|CS|TAMS 0x00000000a7900000| PB 0x00000000a7900000| Complete |  0
|  84|0x00000000a7a00000, 0x00000000a7b00000, 0x00000000a7b00000|100%| E|CS|TAMS 0x00000000a7a00000| PB 0x00000000a7a00000| Complete |  0
|  85|0x00000000a7b00000, 0x00000000a7c00000, 0x00000000a7c00000|100%| E|CS|TAMS 0x00000000a7b00000| PB 0x00000000a7b00000| Complete |  0
|  86|0x00000000a7c00000, 0x00000000a7d00000, 0x00000000a7d00000|100%| E|CS|TAMS 0x00000000a7c00000| PB 0x00000000a7c00000| Complete |  0
|  87|0x00000000a7d00000, 0x00000000a7e00000, 0x00000000a7e00000|100%| E|CS|TAMS 0x00000000a7d00000| PB 0x00000000a7d00000| Complete |  0
|  88|0x00000000a7e00000, 0x00000000a7f00000, 0x00000000a7f00000|100%| E|CS|TAMS 0x00000000a7e00000| PB 0x00000000a7e00000| Complete |  0
|  89|0x00000000a7f00000, 0x00000000a8000000, 0x00000000a8000000|100%| E|CS|TAMS 0x00000000a7f00000| PB 0x00000000a7f00000| Complete |  0
|  90|0x00000000a8000000, 0x00000000a8100000, 0x00000000a8100000|100%| E|CS|TAMS 0x00000000a8000000| PB 0x00000000a8000000| Complete |  0
|  91|0x00000000a8100000, 0x00000000a8200000, 0x00000000a8200000|100%| E|CS|TAMS 0x00000000a8100000| PB 0x00000000a8100000| Complete |  0
|  92|0x00000000a8200000, 0x00000000a8300000, 0x00000000a8300000|100%| E|CS|TAMS 0x00000000a8200000| PB 0x00000000a8200000| Complete |  0
|  93|0x00000000a8300000, 0x00000000a8400000, 0x00000000a8400000|100%| E|CS|TAMS 0x00000000a8300000| PB 0x00000000a8300000| Complete |  0

Card table byte_map: [0x0000025d4e340000,0x0000025d4e630000] _byte_map_base: 0x0000025d4de2d000

Marking Bits: (CMBitMap*) 0x0000025d367ffd00
 Bits: [0x0000025d4e630000, 0x0000025d4fd98000)

Polling page: 0x0000025d34720000

Metaspace:

Usage:
  Non-class:      5.09 MB used.
      Class:    653.69 KB used.
       Both:      5.73 MB used.

Virtual space:
  Non-class space:       64.00 MB reserved,       5.25 MB (  8%) committed,  1 nodes.
      Class space:        1.00 GB reserved,     768.00 KB ( <1%) committed,  1 nodes.
             Both:        1.06 GB reserved,       6.00 MB ( <1%) committed. 

Chunk freelists:
   Non-Class:  10.37 MB
       Class:  15.24 MB
        Both:  25.61 MB

MaxMetaspaceSize: unlimited
CompressedClassSpaceSize: 1.00 GB
Initial GC threshold: 21.00 MB
Current GC threshold: 21.00 MB
CDS: on
 - commit_granule_bytes: 65536.
 - commit_granule_words: 8192.
 - virtual_space_node_default_size: 8388608.
 - enlarge_chunks_in_place: 1.
 - use_allocation_guard: 0.


Internal statistics:

num_allocs_failed_limit: 0.
num_arena_births: 140.
num_arena_deaths: 0.
num_vsnodes_births: 2.
num_vsnodes_deaths: 0.
num_space_committed: 96.
num_space_uncommitted: 0.
num_chunks_returned_to_freelist: 0.
num_chunks_taken_from_freelist: 172.
num_chunk_merges: 0.
num_chunk_splits: 102.
num_chunks_enlarged: 37.
num_inconsistent_stats: 0.

CodeHeap 'non-profiled nmethods': size=120000Kb used=245Kb max_used=245Kb free=119754Kb
 bounds [0x0000025d465d0000, 0x0000025d46840000, 0x0000025d4db00000]
CodeHeap 'profiled nmethods': size=120000Kb used=975Kb max_used=975Kb free=119024Kb
 bounds [0x0000025d3eb00000, 0x0000025d3ed70000, 0x0000025d46030000]
CodeHeap 'non-nmethods': size=5760Kb used=1497Kb max_used=1514Kb free=4262Kb
 bounds [0x0000025d46030000, 0x0000025d462a0000, 0x0000025d465d0000]
 total_blobs=1307 nmethods=736 adapters=476
 compilation: enabled
              stopped_count=0, restarted_count=0
 full_count=0

Compilation events (20 events):
Event: 26105.284 Thread 0x0000025d529f6a30 nmethod 726 0x0000025d4660c110 code [0x0000025d4660c2a0, 0x0000025d4660c5f0]
Event: 26105.488 Thread 0x0000025d529f7690  727       1       java.beans.PropertyChangeEvent::getNewValue (5 bytes)
Event: 26105.490 Thread 0x0000025d529f7690 nmethod 727 0x0000025d4660c690 code [0x0000025d4660c820, 0x0000025d4660c8e8]
Event: 26105.515 Thread 0x0000025d529f7690  728       1       java.awt.Color::getRGB (5 bytes)
Event: 26105.516 Thread 0x0000025d529f7690 nmethod 728 0x0000025d4660c990 code [0x0000025d4660cb20, 0x0000025d4660cbe8]
Event: 26109.272 Thread 0x0000025d529f7690  729       3       java.util.HashMap$EntryIterator::next (5 bytes)
Event: 26109.274 Thread 0x0000025d529f7690 nmethod 729 0x0000025d3ebf0e10 code [0x0000025d3ebf0fc0, 0x0000025d3ebf1158]
Event: 26109.275 Thread 0x0000025d529f7690  730       3       java.util.HashMap$EntryIterator::next (5 bytes)
Event: 26109.275 Thread 0x0000025d529f7690 nmethod 730 0x0000025d3ebf1210 code [0x0000025d3ebf13c0, 0x0000025d3ebf14f8]
Event: 26109.275 Thread 0x0000025d529f7690  731       3       java.beans.PropertyChangeSupport::firePropertyChange (35 bytes)
Event: 26109.288 Thread 0x0000025d529f7690 nmethod 731 0x0000025d3ebf1590 code [0x0000025d3ebf17a0, 0x0000025d3ebf1f18]
Event: 26109.288 Thread 0x0000025d529f7690  732       1       java.lang.Boolean::booleanValue (5 bytes)
Event: 26109.288 Thread 0x0000025d529f7690 nmethod 732 0x0000025d4660cc90 code [0x0000025d4660ce20, 0x0000025d4660cef0]
Event: 26109.288 Thread 0x0000025d529f7690  733       1       java.beans.PropertyChangeEvent::getOldValue (5 bytes)
Event: 26109.288 Thread 0x0000025d529f7690 nmethod 733 0x0000025d4660cf90 code [0x0000025d4660d120, 0x0000025d4660d1e8]
Event: 26109.337 Thread 0x0000025d529f6a30  734       4       java.lang.StringLatin1::hashCode (52 bytes)
Event: 26109.340 Thread 0x0000025d529f6a30 nmethod 734 0x0000025d4660d290 code [0x0000025d4660d440, 0x0000025d4660d6d8]
Event: 26109.388 Thread 0x0000025d529f7690  735   !   3       java.awt.Toolkit::setDesktopProperty (81 bytes)
Event: 26109.398 Thread 0x0000025d529f7690 nmethod 735 0x0000025d3ebf2110 code [0x0000025d3ebf2320, 0x0000025d3ebf2b20]
Event: 26109.495 Thread 0x0000025d529f6a30  736       4       jdk.internal.org.objectweb.asm.SymbolTable::put (150 bytes)

GC Heap History (0 events):
No events

Dll operation events (8 events):
Event: 0.011 Loaded shared library C:\Program Files\Java\jdk-22\bin\java.dll
Event: 0.049 Loaded shared library C:\Program Files\Java\jdk-22\bin\jsvml.dll
Event: 0.082 Loaded shared library C:\Program Files\Java\jdk-22\bin\net.dll
Event: 0.085 Loaded shared library C:\Program Files\Java\jdk-22\bin\nio.dll
Event: 0.113 Loaded shared library C:\Program Files\Java\jdk-22\bin\jimage.dll
Event: 0.128 Loaded shared library C:\Program Files\Java\jdk-22\bin\awt.dll
Event: 0.368 Loaded shared library C:\Program Files\Java\jdk-22\bin\freetype.dll
Event: 0.370 Loaded shared library C:\Program Files\Java\jdk-22\bin\fontmanager.dll

Deoptimization events (14 events):
Event: 0.286 Thread 0x0000025d345076f0 Uncommon trap: trap_request=0xffffff45 fr.pc=0x0000025d465e01bc relative=0x00000000000009fc
Event: 0.286 Thread 0x0000025d345076f0 Uncommon trap: reason=unstable_if action=reinterpret pc=0x0000025d465e01bc method=java.util.HashMap.putVal(ILjava/lang/Object;Ljava/lang/Object;ZZ)Ljava/lang/Object; @ 236 c2
Event: 0.286 Thread 0x0000025d345076f0 DEOPT PACKING pc=0x0000025d465e01bc sp=0x000000ba662fdf70
Event: 0.286 Thread 0x0000025d345076f0 DEOPT UNPACKING pc=0x0000025d460846a2 sp=0x000000ba662fdf28 mode 2
Event: 495.343 Thread 0x0000025d52bfd5e0 Uncommon trap: trap_request=0xffffffcc fr.pc=0x0000025d46602e08 relative=0x0000000000000248
Event: 495.343 Thread 0x0000025d52bfd5e0 Uncommon trap: reason=intrinsic_or_type_checked_inlining action=make_not_entrant pc=0x0000025d46602e08 method=java.util.Arrays.copyOf([Ljava/lang/Object;ILjava/lang/Class;)[Ljava/lang/Object; @ 35 c2
Event: 495.343 Thread 0x0000025d52bfd5e0 DEOPT PACKING pc=0x0000025d46602e08 sp=0x000000ba682ff250
Event: 495.343 Thread 0x0000025d52bfd5e0 DEOPT UNPACKING pc=0x0000025d460846a2 sp=0x000000ba682ff1e0 mode 2
Event: 585.147 Thread 0x0000025d52bfd5e0 Uncommon trap: trap_request=0xffffffdc fr.pc=0x0000025d46604544 relative=0x00000000000001a4
Event: 585.147 Thread 0x0000025d52bfd5e0 Uncommon trap: reason=class_check action=make_not_entrant pc=0x0000025d46604544 method=java.util.ArrayList.toArray([Ljava/lang/Object;)[Ljava/lang/Object; @ 21 c2
Event: 585.147 Thread 0x0000025d52bfd5e0 DEOPT PACKING pc=0x0000025d46604544 sp=0x000000ba682ff2b0
Event: 585.147 Thread 0x0000025d52bfd5e0 DEOPT UNPACKING pc=0x0000025d460846a2 sp=0x000000ba682ff270 mode 2
Event: 5916.459 Thread 0x0000025d52bfd5e0 DEOPT PACKING pc=0x0000025d3ebdb18d sp=0x000000ba682ff260
Event: 5916.460 Thread 0x0000025d52bfd5e0 DEOPT UNPACKING pc=0x0000025d46084e42 sp=0x000000ba682fe7f0 mode 0

Classes loaded (20 events):
Event: 0.520 Loading class java/text/AttributedCharacterIterator done
Event: 0.520 Loading class java/text/AttributedString$AttributedStringIterator done
Event: 0.520 Loading class java/awt/TextComponent
Event: 0.520 Loading class java/awt/TextComponent done
Event: 0.520 Loading class javax/swing/text/JTextComponent
Event: 0.521 Loading class javax/swing/Scrollable
Event: 0.521 Loading class javax/swing/Scrollable done
Event: 0.521 Loading class javax/swing/text/JTextComponent done
Event: 3.027 Loading class java/awt/event/MouseEvent$1
Event: 3.027 Loading class sun/awt/AWTAccessor$MouseEventAccessor
Event: 3.027 Loading class sun/awt/AWTAccessor$MouseEventAccessor done
Event: 3.027 Loading class java/awt/event/MouseEvent$1 done
Event: 3.028 Loading class java/awt/Cursor$CursorDisposer
Event: 3.028 Loading class java/awt/Cursor$CursorDisposer done
Event: 3.028 Loading class java/awt/event/MouseWheelEvent
Event: 3.028 Loading class java/awt/event/MouseWheelEvent done
Event: 24960.755 Loading class java/awt/desktop/SystemSleepListener
Event: 24960.822 Loading class java/awt/desktop/SystemEventListener
Event: 24960.870 Loading class java/awt/desktop/SystemEventListener done
Event: 24960.886 Loading class java/awt/desktop/SystemSleepListener done

Classes unloaded (0 events):
No events

Classes redefined (0 events):
No events

Internal exceptions (13 events):
Event: 0.086 Thread 0x0000025d345076f0 Exception <a 'sun/nio/fs/WindowsException'{0x00000000a82bbe60}> (0x00000000a82bbe60) 
thrown [s\open\src\hotspot\share\prims\jni.cpp, line 520]
Event: 0.088 Thread 0x0000025d345076f0 Exception <a 'sun/nio/fs/WindowsException'{0x00000000a82be538}> (0x00000000a82be538) 
thrown [s\open\src\hotspot\share\prims\jni.cpp, line 520]
Event: 0.118 Thread 0x0000025d345076f0 Exception <a 'java/lang/ClassNotFoundException'{0x00000000a8168980}: sun/awt/resources/spi/awtProvider> (0x00000000a8168980) 
thrown [s\open\src\hotspot\share\classfile\systemDictionary.cpp, line 313]
Event: 0.138 Thread 0x0000025d345076f0 Exception <a 'java/io/FileNotFoundException'{0x00000000a81bc7d0}> (0x00000000a81bc7d0) 
thrown [s\open\src\hotspot\share\prims\jni.cpp, line 520]
Event: 0.146 Thread 0x0000025d345076f0 Exception <a 'java/io/FileNotFoundException'{0x00000000a81ea9e8}> (0x00000000a81ea9e8) 
thrown [s\open\src\hotspot\share\prims\jni.cpp, line 520]
Event: 0.289 Thread 0x0000025d345076f0 Exception <a 'java/lang/NoSuchMethodError'{0x00000000a7f09a10}: 'void java.lang.invoke.DirectMethodHandle$Holder.invokeSpecial(java.lang.Object, java.lang.Object, java.lang.Object)'> (0x00000000a7f09a10) 
thrown [s\open\src\hotspot\share\interpreter\linkResolver.cpp, line 774]
Event: 0.297 Thread 0x0000025d345076f0 Exception <a 'java/lang/NoSuchMethodError'{0x00000000a7f2fe20}: 'java.lang.Object java.lang.invoke.DirectMethodHandle$Holder.newInvokeSpecial(java.lang.Object, java.lang.Object, java.lang.Object, java.lang.Object, java.lang.Object)'> (0x00000000a7f2fe20) 
thrown [s\open\src\hotspot\share\interpreter\linkResolver.cpp, line 774]
Event: 0.302 Thread 0x0000025d345076f0 Exception <a 'java/lang/NoSuchMethodError'{0x00000000a7f5c738}: 'java.lang.Object java.lang.invoke.DirectMethodHandle$Holder.invokeStatic(java.lang.Object, int, java.lang.Object)'> (0x00000000a7f5c738) 
thrown [s\open\src\hotspot\share\interpreter\linkResolver.cpp, line 774]
Event: 0.318 Thread 0x0000025d345076f0 Exception <a 'java/lang/ClassNotFoundException'{0x00000000a7ffec40}: com/sun/swing/internal/plaf/metal/resources/spi/metalProvider> (0x00000000a7ffec40) 
thrown [s\open\src\hotspot\share\classfile\systemDictionary.cpp, line 313]
Event: 0.319 Thread 0x0000025d345076f0 Exception <a 'java/lang/ClassNotFoundException'{0x00000000a7e02e60}: com/sun/swing/internal/plaf/basic/resources/spi/basicProvider> (0x00000000a7e02e60) 
thrown [s\open\src\hotspot\share\classfile\systemDictionary.cpp, line 313]
Event: 0.329 Thread 0x0000025d345076f0 Exception <a 'java/lang/NoSuchMethodError'{0x00000000a7e22550}: 'int java.lang.invoke.Invokers$Holder.invokeExact_MT(java.lang.Object, java.lang.Object)'> (0x00000000a7e22550) 
thrown [s\open\src\hotspot\share\interpreter\linkResolver.cpp, line 774]
Event: 0.340 Thread 0x0000025d52e2b630 Exception <a 'java/lang/NoSuchMethodError'{0x00000000a7e7fca0}: 'void java.lang.invoke.DirectMethodHandle$Holder.invokeVirtual(java.lang.Object, java.lang.Object)'> (0x00000000a7e7fca0) 
thrown [s\open\src\hotspot\share\interpreter\linkResolver.cpp, line 774]
Event: 0.364 Thread 0x0000025d345076f0 Exception <a 'java/lang/NoSuchMethodError'{0x00000000a7e4b2d8}: 'void java.lang.invoke.DirectMethodHandle$Holder.invokeStaticInit(java.lang.Object)'> (0x00000000a7e4b2d8) 
thrown [s\open\src\hotspot\share\interpreter\linkResolver.cpp, line 774]

ZGC Phase Switch (0 events):
No events

VM Operations (20 events):
Event: 0.089 Executing VM operation: HandshakeAllThreads (Deoptimize)
Event: 0.089 Executing VM operation: HandshakeAllThreads (Deoptimize) done
Event: 0.155 Executing VM operation: HandshakeAllThreads (Deoptimize)
Event: 0.156 Executing VM operation: HandshakeAllThreads (Deoptimize) done
Event: 0.353 Executing VM operation: HandshakeAllThreads (Deoptimize)
Event: 0.353 Executing VM operation: HandshakeAllThreads (Deoptimize) done
Event: 1.352 Executing VM operation: Cleanup
Event: 1.352 Executing VM operation: Cleanup done
Event: 3.367 Executing VM operation: Cleanup
Event: 3.367 Executing VM operation: Cleanup done
Event: 60.095 Executing VM operation: HandshakeAllThreads (HandshakeForDeflation)
Event: 60.095 Executing VM operation: HandshakeAllThreads (HandshakeForDeflation) done
Event: 60.095 Executing VM operation: Cleanup
Event: 60.095 Executing VM operation: Cleanup done
Event: 60.095 Executing VM operation: RendezvousGCThreads
Event: 60.095 Executing VM operation: RendezvousGCThreads done
Event: 3430.128 Executing VM operation: Cleanup
Event: 3430.137 Executing VM operation: Cleanup done
Event: 7741.288 Executing VM operation: Cleanup
Event: 7741.295 Executing VM operation: Cleanup done

Events (20 events):
Event: 0.032 Thread 0x0000025d345076f0 Thread added: 0x0000025d345076f0
Event: 0.046 Thread 0x0000025d529c1130 Thread added: 0x0000025d529c1130
Event: 0.046 Thread 0x0000025d529c2050 Thread added: 0x0000025d529c2050
Event: 0.046 Thread 0x0000025d529c4180 Thread added: 0x0000025d529c4180
Event: 0.046 Thread 0x0000025d529c5040 Thread added: 0x0000025d529c5040
Event: 0.047 Thread 0x0000025d529cb440 Thread added: 0x0000025d529cb440
Event: 0.047 Thread 0x0000025d529cdad0 Thread added: 0x0000025d529cdad0
Event: 0.047 Thread 0x0000025d529f6a30 Thread added: 0x0000025d529f6a30
Event: 0.047 Thread 0x0000025d529f7690 Thread added: 0x0000025d529f7690
Event: 0.071 Thread 0x0000025d52bcf290 Thread added: 0x0000025d52bcf290
Event: 0.098 Thread 0x0000025d52d09020 Thread added: 0x0000025d52d09020
Event: 0.101 Thread 0x0000025d52d27e50 Thread added: 0x0000025d52d27e50
Event: 0.197 Thread 0x0000025d52e20910 Thread added: 0x0000025d52e20910
Event: 0.198 Thread 0x0000025d52e25090 Thread added: 0x0000025d52e25090
Event: 0.200 Thread 0x0000025d52e2b630 Thread added: 0x0000025d52e2b630
Event: 0.279 Thread 0x0000025d52d09020 Thread exited: 0x0000025d52d09020
Event: 0.339 Thread 0x0000025d9b040ba0 Thread added: 0x0000025d9b040ba0
Event: 0.468 Thread 0x0000025d345076f0 Thread exited: 0x0000025d345076f0
Event: 0.468 Thread 0x0000025d345076f0 Thread added: 0x0000025d345076f0
Event: 0.482 Thread 0x0000025d52bfd5e0 Thread added: 0x0000025d52bfd5e0


Dynamic libraries:
0x00007ff7dc790000 - 0x00007ff7dc7a0000 	C:\Program Files\Java\jdk-22\bin\java.exe
0x00007ff8e16f0000 - 0x00007ff8e1907000 	C:\Windows\SYSTEM32\ntdll.dll
0x00007ff8e10e0000 - 0x00007ff8e11a4000 	C:\Windows\System32\KERNEL32.DLL
0x00007ff8decf0000 - 0x00007ff8df09d000 	C:\Windows\System32\KERNELBASE.dll
0x00007ff8deb60000 - 0x00007ff8dec71000 	C:\Windows\System32\ucrtbase.dll
0x00007ff84bfb0000 - 0x00007ff84bfcb000 	C:\Program Files\Java\jdk-22\bin\VCRUNTIME140.dll
0x00007ff8d43a0000 - 0x00007ff8d43b7000 	C:\Program Files\Java\jdk-22\bin\jli.dll
0x00007ff8e11f0000 - 0x00007ff8e12a2000 	C:\Windows\System32\ADVAPI32.dll
0x00007ff8e0d70000 - 0x00007ff8e0e17000 	C:\Windows\System32\msvcrt.dll
0x00007ff8e12c0000 - 0x00007ff8e1369000 	C:\Windows\System32\sechost.dll
0x00007ff8df400000 - 0x00007ff8df428000 	C:\Windows\System32\bcrypt.dll
0x00007ff8df740000 - 0x00007ff8df854000 	C:\Windows\System32\RPCRT4.dll
0x00007ff8df590000 - 0x00007ff8df73e000 	C:\Windows\System32\USER32.dll
0x00007ff8df3d0000 - 0x00007ff8df3f6000 	C:\Windows\System32\win32u.dll
0x00007ff8e11b0000 - 0x00007ff8e11d9000 	C:\Windows\System32\GDI32.dll
0x00007ff8df2b0000 - 0x00007ff8df3c9000 	C:\Windows\System32\gdi32full.dll
0x00007ff8df210000 - 0x00007ff8df2aa000 	C:\Windows\System32\msvcp_win.dll
0x00007ff8c25b0000 - 0x00007ff8c2843000 	C:\Windows\WinSxS\amd64_microsoft.windows.common-controls_6595b64144ccf1df_6.0.22621.3672_none_2713b9d173822955\COMCTL32.dll
0x00007ff8d4990000 - 0x00007ff8d499a000 	C:\Windows\SYSTEM32\VERSION.dll
0x00007ff8dfac0000 - 0x00007ff8dfaf1000 	C:\Windows\System32\IMM32.DLL
0x00007ff87e340000 - 0x00007ff87e34c000 	C:\Program Files\Java\jdk-22\bin\vcruntime140_1.dll
0x00007ff841410000 - 0x00007ff84149e000 	C:\Program Files\Java\jdk-22\bin\msvcp140.dll
0x00007ff841880000 - 0x00007ff8425c7000 	C:\Program Files\Java\jdk-22\bin\server\jvm.dll
0x00007ff8e1420000 - 0x00007ff8e1491000 	C:\Windows\System32\WS2_32.dll
0x00007ff8de730000 - 0x00007ff8de77d000 	C:\Windows\SYSTEM32\POWRPROF.dll
0x00007ff8da270000 - 0x00007ff8da2a4000 	C:\Windows\SYSTEM32\WINMM.dll
0x00007ff8de710000 - 0x00007ff8de723000 	C:\Windows\SYSTEM32\UMPDC.dll
0x00007ff8dda50000 - 0x00007ff8dda68000 	C:\Windows\SYSTEM32\kernel.appcore.dll
0x00007ff87d960000 - 0x00007ff87d96a000 	C:\Program Files\Java\jdk-22\bin\jimage.dll
0x00007ff8dc5d0000 - 0x00007ff8dc802000 	C:\Windows\SYSTEM32\DBGHELP.DLL
0x00007ff8e0820000 - 0x00007ff8e0ba8000 	C:\Windows\System32\combase.dll
0x00007ff8e0c30000 - 0x00007ff8e0d07000 	C:\Windows\System32\OLEAUT32.dll
0x00007ff8d5e90000 - 0x00007ff8d5ec2000 	C:\Windows\SYSTEM32\dbgcore.DLL
0x00007ff8dea20000 - 0x00007ff8dea9b000 	C:\Windows\System32\bcryptPrimitives.dll
0x00007ff841860000 - 0x00007ff84187e000 	C:\Program Files\Java\jdk-22\bin\java.dll
0x00007ff8dfb00000 - 0x00007ff8e035f000 	C:\Windows\System32\SHELL32.dll
0x00007ff8df860000 - 0x00007ff8dfa05000 	C:\Windows\System32\ole32.dll
0x00007ff8dc970000 - 0x00007ff8dd26c000 	C:\Windows\SYSTEM32\windows.storage.dll
0x00007ff8dc830000 - 0x00007ff8dc96f000 	C:\Windows\SYSTEM32\wintypes.dll
0x00007ff8e15b0000 - 0x00007ff8e16a4000 	C:\Windows\System32\SHCORE.dll
0x00007ff8e0d10000 - 0x00007ff8e0d6e000 	C:\Windows\System32\shlwapi.dll
0x00007ff8de950000 - 0x00007ff8de971000 	C:\Windows\SYSTEM32\profapi.dll
0x00007ff842780000 - 0x00007ff842857000 	C:\Program Files\Java\jdk-22\bin\jsvml.dll
0x00007ff87d450000 - 0x00007ff87d460000 	C:\Program Files\Java\jdk-22\bin\net.dll
0x00007ff8ddec0000 - 0x00007ff8ddf29000 	C:\Windows\system32\mswsock.dll
0x00007ff842760000 - 0x00007ff842776000 	C:\Program Files\Java\jdk-22\bin\nio.dll
0x00007ff8414a0000 - 0x00007ff84162e000 	C:\Program Files\Java\jdk-22\bin\awt.dll
0x00007ff8da070000 - 0x00007ff8da107000 	C:\Windows\SYSTEM32\apphelp.dll
0x00007ff8dbe60000 - 0x00007ff8dbe8b000 	C:\Windows\system32\DWMAPI.DLL
0x00007ff8dba30000 - 0x00007ff8dbadf000 	C:\Windows\system32\uxtheme.dll
0x00007ff85c3d0000 - 0x00007ff85c4d0000 	C:\Windows\system32\opengl32.dll
0x00007ff872090000 - 0x00007ff8720bd000 	C:\Windows\SYSTEM32\GLU32.dll
0x00007ff8dbba0000 - 0x00007ff8dbbd9000 	C:\Windows\SYSTEM32\dxcore.dll
0x00007ff8df430000 - 0x00007ff8df583000 	C:\Windows\System32\MSCTF.dll
0x00007ff877690000 - 0x00007ff877838000 	C:\Windows\system32\d3d9.dll
0x00007ff8d4a40000 - 0x00007ff8d4bfb000 	C:\Windows\System32\DriverStore\FileRepository\u0390835.inf_amd64_66888840aa4163cc\B390488\aticfx64.dll
0x00007ff8a3d80000 - 0x00007ff8a3db4000 	C:\Windows\System32\DriverStore\FileRepository\u0390835.inf_amd64_66888840aa4163cc\B390488\atiu9p64.dll
0x00007ff81a460000 - 0x00007ff81b1b5000 	C:\Windows\System32\DriverStore\FileRepository\u0390835.inf_amd64_66888840aa4163cc\B390488\atiumd64.dll
0x00000000614a0000 - 0x00000000623c8000 	C:\Windows\System32\DriverStore\FileRepository\u0390835.inf_amd64_66888840aa4163cc\B390488\atiumd6a.dll
0x00007ff8e03a0000 - 0x00007ff8e0814000 	C:\Windows\System32\SETUPAPI.dll
0x00007ff8d1870000 - 0x00007ff8d18a5000 	C:\Windows\SYSTEM32\amdihk64.dll
0x00007ff8d7100000 - 0x00007ff8d7149000 	C:\Windows\SYSTEM32\directxdatabasehelper.dll
0x00007ff841380000 - 0x00007ff841407000 	C:\Program Files\Java\jdk-22\bin\freetype.dll
0x00007ff8412a0000 - 0x00007ff841377000 	C:\Program Files\Java\jdk-22\bin\fontmanager.dll
0x00007ff8b54f0000 - 0x00007ff8b563e000 	C:\Windows\SYSTEM32\textinputframework.dll
0x00007ff8d9bd0000 - 0x00007ff8d9d03000 	C:\Windows\SYSTEM32\CoreMessaging.dll
0x00007ff8d6ad0000 - 0x00007ff8d6e3d000 	C:\Windows\SYSTEM32\CoreUIComponents.dll
0x00007ff8de6f0000 - 0x00007ff8de6fc000 	C:\Windows\SYSTEM32\CRYPTBASE.DLL
0x00007ff8bf870000 - 0x00007ff8bf920000 	C:\Windows\SYSTEM32\TextShaping.dll

dbghelp: loaded successfully - version: 4.0.5 - missing functions: none
symbol engine: initialized successfully - sym options: 0x614 - pdb path: .;C:\Program Files\Java\jdk-22\bin;C:\Windows\SYSTEM32;C:\Windows\WinSxS\amd64_microsoft.windows.common-controls_6595b64144ccf1df_6.0.22621.3672_none_2713b9d173822955;C:\Program Files\Java\jdk-22\bin\server;C:\Windows\System32\DriverStore\FileRepository\u0390835.inf_amd64_66888840aa4163cc\B390488

VM Arguments:
jvm_args: -Dfile.encoding=UTF-8 --module-path=C:\Users\aishu\OneDrive\Documents\NetBeansProjects\Travel Management System\build\classes 
java_command: travel.management.system.Splash
java_class_path (initial): C:\Users\aishu\OneDrive\Documents\NetBeansProjects\Travel Management System\build\classes
Launcher Type: SUN_STANDARD

[Global flags]
     intx CICompilerCount                          = 4                                         {product} {ergonomic}
     uint ConcGCThreads                            = 3                                         {product} {ergonomic}
     uint G1ConcRefinementThreads                  = 10                                        {product} {ergonomic}
   size_t G1HeapRegionSize                         = 1048576                                   {product} {ergonomic}
   size_t InitialHeapSize                          = 98566144                                  {product} {ergonomic}
   size_t MarkStackSize                            = 4194304                                   {product} {ergonomic}
   size_t MaxHeapSize                              = 1570766848                                {product} {ergonomic}
   size_t MaxNewSize                               = 941621248                                 {product} {ergonomic}
   size_t MinHeapDeltaBytes                        = 1048576                                   {product} {ergonomic}
   size_t MinHeapSize                              = 8388608                                   {product} {ergonomic}
    uintx NonNMethodCodeHeapSize                   = 5839372                                {pd product} {ergonomic}
    uintx NonProfiledCodeHeapSize                  = 122909434                              {pd product} {ergonomic}
    uintx ProfiledCodeHeapSize                     = 122909434                              {pd product} {ergonomic}
    uintx ReservedCodeCacheSize                    = 251658240                              {pd product} {ergonomic}
     bool SegmentedCodeCache                       = true                                      {product} {ergonomic}
   size_t SoftMaxHeapSize                          = 1570766848                             {manageable} {ergonomic}
     bool UseCompressedOops                        = true                           {product lp64_product} {ergonomic}
     bool UseG1GC                                  = true                                      {product} {ergonomic}
     bool UseLargePagesIndividualAllocation        = false                                  {pd product} {ergonomic}

Logging:
Log output configuration:
 #0: stdout all=warning uptime,level,tags foldmultilines=false
 #1: stderr all=off uptime,level,tags foldmultilines=false

Environment Variables:
PATH=C:\Program Files\Common Files\Oracle\Java\javapath;C:\Windows\system32;C:\Windows;C:\Windows\System32\Wbem;C:\Windows\System32\WindowsPowerShell\v1.0\;C:\Windows\System32\OpenSSH\;C:\Program Files\dotnet\;C:\Users\aishu\AppData\Local\Programs\Python\Launcher\;C:\Users\aishu\AppData\Local\Microsoft\WindowsApps;C:\Users\aishu\AppData\Local\Programs\Microsoft VS Code\bin;C:\Program Files\JetBrains\PyCharm 2023.3.4\bin;;C:\MinGW\bin;
USERNAME=aishu
OS=Windows_NT
PROCESSOR_IDENTIFIER=AMD64 Family 23 Model 104 Stepping 1, AuthenticAMD
TMP=C:\Users\aishu\AppData\Local\Temp
TEMP=C:\Users\aishu\AppData\Local\Temp




Periodic native trim disabled

---------------  S Y S T E M  ---------------

OS:
 Windows 11 , 64 bit Build 22621 (10.0.22621.3672)
OS uptime: 1 days 21:40 hours

CPU: total 12 (initial active 12) (12 cores per cpu, 2 threads per core) family 23 model 104 stepping 1 microcode 0x0, cx8, cmov, fxsr, ht, mmx, 3dnowpref, sse, sse2, sse3, ssse3, sse4a, sse4.1, sse4.2, popcnt, lzcnt, tsc, tscinvbit, avx, avx2, aes, clmul, bmi1, bmi2, adx, sha, fma, vzeroupper, clflush, clflushopt, rdtscp, rdpid, f16c
Processor Information for all 12 processors :
  Max Mhz: 2100, Current Mhz: 2100, Mhz Limit: 2100

Memory: 4k page, system-wide physical 5989M (115M free)
TotalPageFile size 24421M (AvailPageFile size 47M)
current process WorkingSet (physical memory assigned to process): 22M, peak: 67M
current process commit charge ("private bytes"): 216M, peak: 217M

vm_info: Java HotSpot(TM) 64-Bit Server VM (22.0.1+8-16) for windows-amd64 JRE (22.0.1+8-16), built on 2024-03-12T10:33:16Z by "mach5one" with MS VC++ 17.6 (VS2022)

END.
