#
# There is insufficient memory for the Java Runtime Environment to continue.
# Native memory allocation (malloc) failed to allocate 225296 bytes. Error detail: Chunk::new
# Possible reasons:
#   The system is out of physical RAM or swap space
#   This process is running with CompressedOops enabled, and the Java Heap may be blocking the growth of the native heap
# Possible solutions:
#   Reduce memory load on the system
#   Increase physical memory or swap space
#   Check if swap backing store is full
#   Decrease Java heap size (-Xmx/-Xms)
#   Decrease number of Java threads
#   Decrease Java thread stack sizes (-Xss)
#   Set larger code cache with -XX:ReservedCodeCacheSize=
#   JVM is running with Unscaled Compressed Oops mode in which the Java heap is
#     placed in the first 4GB address space. The Java Heap base address is the
#     maximum limit for the native heap growth. Please use -XX:HeapBaseMinAddress
#     to set the Java Heap base and to place the Java Heap above 4GB virtual address.
# This output file may be truncated or incomplete.
#
#  Out of Memory Error (arena.cpp:150), pid=15816, tid=32764
#
# JRE version: Java(TM) SE Runtime Environment (22.0.1+8) (build 22.0.1+8-16)
# Java VM: Java HotSpot(TM) 64-Bit Server VM (22.0.1+8-16, mixed mode, sharing, tiered, compressed oops, compressed class ptrs, g1 gc, windows-amd64)
# No core dump will be written. Minidumps are not enabled by default on client versions of Windows
#

---------------  S U M M A R Y ------------

Command Line: -Dfile.encoding=UTF-8 --module-path=C:\Users\aishu\OneDrive\Documents\NetBeansProjects\Travel Management System\build\classes travel.management.system.AddCustomer

Host: AMD Ryzen 5 5500U with Radeon Graphics         , 12 cores, 5G,  Windows 11 , 64 bit Build 22621 (10.0.22621.3672)
Time: Sun Jul  7 13:44:22 2024 India Standard Time elapsed time: 1.236218 seconds (0d 0h 0m 1s)

---------------  T H R E A D  ---------------

Current thread (0x00000242c01ed460):  JavaThread "C2 CompilerThread0" daemon [_thread_in_native, id=32764, stack(0x000000b94a800000,0x000000b94a900000) (1024K)]


Current CompileTask:
C2:1236 1221       4       java.util.HashMap::resize (356 bytes)

Stack: [0x000000b94a800000,0x000000b94a900000]
Native frames: (J=compiled Java code, j=interpreted, Vv=VM code, C=native code)
V  [jvm.dll+0x6e2279]  (no source info available)
V  [jvm.dll+0x874e33]  (no source info available)
V  [jvm.dll+0x87725e]  (no source info available)
V  [jvm.dll+0x877933]  (no source info available)
V  [jvm.dll+0x27fd76]  (no source info available)
V  [jvm.dll+0xc3d0f]  (no source info available)
V  [jvm.dll+0xc3f6b]  (no source info available)
V  [jvm.dll+0x3bb0d2]  (no source info available)
V  [jvm.dll+0x387b6b]  (no source info available)
V  [jvm.dll+0x386fda]  (no source info available)
V  [jvm.dll+0x247918]  (no source info available)
V  [jvm.dll+0x246fbf]  (no source info available)
V  [jvm.dll+0x1c4e90]  (no source info available)
V  [jvm.dll+0x2569fe]  (no source info available)
V  [jvm.dll+0x254cba]  (no source info available)
V  [jvm.dll+0x3f5336]  (no source info available)
V  [jvm.dll+0x81d44b]  (no source info available)
V  [jvm.dll+0x6e0915]  (no source info available)
C  [ucrtbase.dll+0x29333]  (no source info available)
C  [KERNEL32.DLL+0x1257d]  (no source info available)
C  [ntdll.dll+0x5af28]  (no source info available)


---------------  P R O C E S S  ---------------

Threads class SMR info:
_java_thread_list=0x0000024306e02120, length=19, elements={
0x00000242a1d06f30, 0x00000242c01e01a0, 0x00000242c01e0cd0, 0x00000242c01e2cc0,
0x00000242c01e5340, 0x00000242c01ea1e0, 0x00000242c01ea980, 0x00000242c01ed460,
0x00000242c01f4610, 0x00000242c03d3870, 0x00000242c0574cb0, 0x00000242c0716e40,
0x00000242c071bf80, 0x00000242c07220d0, 0x0000024306aec000, 0x0000024306b99c70,
0x0000024306b48ed0, 0x0000024306c09200, 0x0000024306ed5aa0
}

Java Threads: ( => current thread )
  0x00000242a1d06f30 JavaThread "main"                              [_thread_blocked, id=19648, stack(0x000000b949a00000,0x000000b949b00000) (1024K)]
  0x00000242c01e01a0 JavaThread "Reference Handler"          daemon [_thread_blocked, id=28716, stack(0x000000b94a200000,0x000000b94a300000) (1024K)]
  0x00000242c01e0cd0 JavaThread "Finalizer"                  daemon [_thread_blocked, id=21268, stack(0x000000b94a300000,0x000000b94a400000) (1024K)]
  0x00000242c01e2cc0 JavaThread "Signal Dispatcher"          daemon [_thread_blocked, id=18012, stack(0x000000b94a400000,0x000000b94a500000) (1024K)]
  0x00000242c01e5340 JavaThread "Attach Listener"            daemon [_thread_blocked, id=37092, stack(0x000000b94a500000,0x000000b94a600000) (1024K)]
  0x00000242c01ea1e0 JavaThread "Service Thread"             daemon [_thread_blocked, id=11164, stack(0x000000b94a600000,0x000000b94a700000) (1024K)]
  0x00000242c01ea980 JavaThread "Monitor Deflation Thread"   daemon [_thread_blocked, id=34464, stack(0x000000b94a700000,0x000000b94a800000) (1024K)]
=>0x00000242c01ed460 JavaThread "C2 CompilerThread0"         daemon [_thread_in_native, id=32764, stack(0x000000b94a800000,0x000000b94a900000) (1024K)]
  0x00000242c01f4610 JavaThread "C1 CompilerThread0"         daemon [_thread_blocked, id=31940, stack(0x000000b94a900000,0x000000b94aa00000) (1024K)]
  0x00000242c03d3870 JavaThread "Common-Cleaner"             daemon [_thread_blocked, id=34848, stack(0x000000b94aa00000,0x000000b94ab00000) (1024K)]
  0x00000242c0574cb0 JavaThread "Notification Thread"        daemon [_thread_blocked, id=2404, stack(0x000000b94ab00000,0x000000b94ac00000) (1024K)]
  0x00000242c0716e40 JavaThread "Java2D Disposer"            daemon [_thread_blocked, id=5464, stack(0x000000b94ad00000,0x000000b94ae00000) (1024K)]
  0x00000242c071bf80 JavaThread "AWT-Shutdown"                      [_thread_blocked, id=7632, stack(0x000000b94ae00000,0x000000b94af00000) (1024K)]
  0x00000242c07220d0 JavaThread "AWT-Windows"                daemon [_thread_in_native, id=36660, stack(0x000000b94af00000,0x000000b94b000000) (1024K)]
  0x0000024306aec000 JavaThread "AWT-EventQueue-0"                  [_thread_blocked, id=37728, stack(0x000000b94ac00000,0x000000b94ad00000) (1024K)]
  0x0000024306b99c70 JavaThread "Image Fetcher 0"            daemon [_thread_blocked, id=12708, stack(0x000000b94b200000,0x000000b94b300000) (1024K)]
  0x0000024306b48ed0 JavaThread "mysql-cj-abandoned-connection-cleanup" daemon [_thread_blocked, id=35036, stack(0x000000b94b300000,0x000000b94b400000) (1024K)]
  0x0000024306c09200 JavaThread "SeedGenerator Thread"       daemon [_thread_in_Java, id=8724, stack(0x000000b94b400000,0x000000b94b500000) (1024K)]
  0x0000024306ed5aa0 JavaThread "SeedGenerator Thread"       daemon [_thread_blocked, id=2704, stack(0x000000b94b500000,0x000000b94b600000) (1024K)]
Total: 19

Other Threads:
  0x00000242c01c4c20 VMThread "VM Thread"                           [id=14520, stack(0x000000b94a100000,0x000000b94a200000) (1024K)]
  0x00000242c01adfc0 WatcherThread "VM Periodic Task Thread"        [id=4980, stack(0x000000b94a000000,0x000000b94a100000) (1024K)]
  0x00000242a2081d00 WorkerThread "GC Thread#0"                     [id=30704, stack(0x000000b949b00000,0x000000b949c00000) (1024K)]
  0x00000242a208ef50 ConcurrentGCThread "G1 Main Marker"            [id=32424, stack(0x000000b949c00000,0x000000b949d00000) (1024K)]
  0x00000242a2091b40 WorkerThread "G1 Conc#0"                       [id=38188, stack(0x000000b949d00000,0x000000b949e00000) (1024K)]
  0x00000242c00810b0 ConcurrentGCThread "G1 Refine#0"               [id=37908, stack(0x000000b949e00000,0x000000b949f00000) (1024K)]
  0x00000242c0081750 ConcurrentGCThread "G1 Service"                [id=2284, stack(0x000000b949f00000,0x000000b94a000000) (1024K)]
Total: 7

Threads with active compile tasks:
C2 CompilerThread0  1363 1221       4       java.util.HashMap::resize (356 bytes)
Total: 1

VM state: not at safepoint (normal execution)

VM Mutex/Monitor currently owned by a thread: None

Heap address: 0x00000000a2600000, size: 1498 MB, Compressed Oops mode: 32-bit

CDS archive(s) mapped at: [0x00000242c1000000-0x00000242c1c60000-0x00000242c1c60000), size 12976128, SharedBaseAddress: 0x00000242c1000000, ArchiveRelocationMode: 1.
Compressed class space mapped at: 0x00000242c2000000-0x0000024302000000, reserved size: 1073741824
Narrow klass base: 0x00000242c1000000, Narrow klass shift: 0, Narrow klass range: 0x41000000

GC Precious Log:
 CardTable entry size: 512
 Card Set container configuration: InlinePtr #cards 5 size 8 Array Of Cards #cards 12 size 40 Howl #buckets 4 coarsen threshold 1843 Howl Bitmap #cards 512 size 80 coarsen threshold 460 Card regions per heap region 1 cards per card region 2048
 CPUs: 12 total, 12 available
 Memory: 5989M
 Large Page Support: Disabled
 NUMA Support: Disabled
 Compressed Oops: Enabled (32-bit)
 Heap Region Size: 1M
 Heap Min Capacity: 8M
 Heap Initial Capacity: 94M
 Heap Max Capacity: 1498M
 Pre-touch: Disabled
 Parallel Workers: 10
 Concurrent Workers: 3
 Concurrent Refinement Workers: 10
 Periodic GC: Disabled

Heap:
 garbage-first heap   total reserved 1533952K, committed 96256K, used 26624K [0x00000000a2600000, 0x0000000100000000)
  region size 1024K, 22 young (22528K), 0 survivors (0K)
 Metaspace       used 12119K, committed 12416K, reserved 1114112K
  class space    used 1394K, committed 1536K, reserved 1048576K

Heap Regions: E=young(eden), S=young(survivor), O=old, HS=humongous(starts), HC=humongous(continues), CS=collection set, F=free, TAMS=top-at-mark-start, PB=parsable bottom
|   0|0x00000000a2600000, 0x00000000a2700000, 0x00000000a2700000|100%|HS|  |TAMS 0x00000000a2600000| PB 0x00000000a2600000| Complete |  0
|   1|0x00000000a2700000, 0x00000000a2800000, 0x00000000a2800000|100%|HC|  |TAMS 0x00000000a2700000| PB 0x00000000a2700000| Complete |  0
|   2|0x00000000a2800000, 0x00000000a2900000, 0x00000000a2900000|100%|HC|  |TAMS 0x00000000a2800000| PB 0x00000000a2800000| Complete |  0
|   3|0x00000000a2900000, 0x00000000a2a00000, 0x00000000a2a00000|100%|HC|  |TAMS 0x00000000a2900000| PB 0x00000000a2900000| Complete |  0
|   4|0x00000000a2a00000, 0x00000000a2b00000, 0x00000000a2b00000|100%|HS|  |TAMS 0x00000000a2a00000| PB 0x00000000a2a00000| Complete |  0
|   5|0x00000000a2b00000, 0x00000000a2b00000, 0x00000000a2c00000|  0%| F|  |TAMS 0x00000000a2b00000| PB 0x00000000a2b00000| Untracked |  0
|   6|0x00000000a2c00000, 0x00000000a2c00000, 0x00000000a2d00000|  0%| F|  |TAMS 0x00000000a2c00000| PB 0x00000000a2c00000| Untracked |  0
|   7|0x00000000a2d00000, 0x00000000a2d00000, 0x00000000a2e00000|  0%| F|  |TAMS 0x00000000a2d00000| PB 0x00000000a2d00000| Untracked |  0
|   8|0x00000000a2e00000, 0x00000000a2e00000, 0x00000000a2f00000|  0%| F|  |TAMS 0x00000000a2e00000| PB 0x00000000a2e00000| Untracked |  0
|   9|0x00000000a2f00000, 0x00000000a2f00000, 0x00000000a3000000|  0%| F|  |TAMS 0x00000000a2f00000| PB 0x00000000a2f00000| Untracked |  0
|  10|0x00000000a3000000, 0x00000000a3000000, 0x00000000a3100000|  0%| F|  |TAMS 0x00000000a3000000| PB 0x00000000a3000000| Untracked |  0
|  11|0x00000000a3100000, 0x00000000a3100000, 0x00000000a3200000|  0%| F|  |TAMS 0x00000000a3100000| PB 0x00000000a3100000| Untracked |  0
|  12|0x00000000a3200000, 0x00000000a3200000, 0x00000000a3300000|  0%| F|  |TAMS 0x00000000a3200000| PB 0x00000000a3200000| Untracked |  0
|  13|0x00000000a3300000, 0x00000000a3300000, 0x00000000a3400000|  0%| F|  |TAMS 0x00000000a3300000| PB 0x00000000a3300000| Untracked |  0
|  14|0x00000000a3400000, 0x00000000a3400000, 0x00000000a3500000|  0%| F|  |TAMS 0x00000000a3400000| PB 0x00000000a3400000| Untracked |  0
|  15|0x00000000a3500000, 0x00000000a3500000, 0x00000000a3600000|  0%| F|  |TAMS 0x00000000a3500000| PB 0x00000000a3500000| Untracked |  0
|  16|0x00000000a3600000, 0x00000000a3600000, 0x00000000a3700000|  0%| F|  |TAMS 0x00000000a3600000| PB 0x00000000a3600000| Untracked |  0
|  17|0x00000000a3700000, 0x00000000a3700000, 0x00000000a3800000|  0%| F|  |TAMS 0x00000000a3700000| PB 0x00000000a3700000| Untracked |  0
|  18|0x00000000a3800000, 0x00000000a3800000, 0x00000000a3900000|  0%| F|  |TAMS 0x00000000a3800000| PB 0x00000000a3800000| Untracked |  0
|  19|0x00000000a3900000, 0x00000000a3900000, 0x00000000a3a00000|  0%| F|  |TAMS 0x00000000a3900000| PB 0x00000000a3900000| Untracked |  0
|  20|0x00000000a3a00000, 0x00000000a3a00000, 0x00000000a3b00000|  0%| F|  |TAMS 0x00000000a3a00000| PB 0x00000000a3a00000| Untracked |  0
|  21|0x00000000a3b00000, 0x00000000a3b00000, 0x00000000a3c00000|  0%| F|  |TAMS 0x00000000a3b00000| PB 0x00000000a3b00000| Untracked |  0
|  22|0x00000000a3c00000, 0x00000000a3c00000, 0x00000000a3d00000|  0%| F|  |TAMS 0x00000000a3c00000| PB 0x00000000a3c00000| Untracked |  0
|  23|0x00000000a3d00000, 0x00000000a3d00000, 0x00000000a3e00000|  0%| F|  |TAMS 0x00000000a3d00000| PB 0x00000000a3d00000| Untracked |  0
|  24|0x00000000a3e00000, 0x00000000a3e00000, 0x00000000a3f00000|  0%| F|  |TAMS 0x00000000a3e00000| PB 0x00000000a3e00000| Untracked |  0
|  25|0x00000000a3f00000, 0x00000000a3f00000, 0x00000000a4000000|  0%| F|  |TAMS 0x00000000a3f00000| PB 0x00000000a3f00000| Untracked |  0
|  26|0x00000000a4000000, 0x00000000a4000000, 0x00000000a4100000|  0%| F|  |TAMS 0x00000000a4000000| PB 0x00000000a4000000| Untracked |  0
|  27|0x00000000a4100000, 0x00000000a4100000, 0x00000000a4200000|  0%| F|  |TAMS 0x00000000a4100000| PB 0x00000000a4100000| Untracked |  0
|  28|0x00000000a4200000, 0x00000000a4200000, 0x00000000a4300000|  0%| F|  |TAMS 0x00000000a4200000| PB 0x00000000a4200000| Untracked |  0
|  29|0x00000000a4300000, 0x00000000a4300000, 0x00000000a4400000|  0%| F|  |TAMS 0x00000000a4300000| PB 0x00000000a4300000| Untracked |  0
|  30|0x00000000a4400000, 0x00000000a4400000, 0x00000000a4500000|  0%| F|  |TAMS 0x00000000a4400000| PB 0x00000000a4400000| Untracked |  0
|  31|0x00000000a4500000, 0x00000000a4500000, 0x00000000a4600000|  0%| F|  |TAMS 0x00000000a4500000| PB 0x00000000a4500000| Untracked |  0
|  32|0x00000000a4600000, 0x00000000a4600000, 0x00000000a4700000|  0%| F|  |TAMS 0x00000000a4600000| PB 0x00000000a4600000| Untracked |  0
|  33|0x00000000a4700000, 0x00000000a4700000, 0x00000000a4800000|  0%| F|  |TAMS 0x00000000a4700000| PB 0x00000000a4700000| Untracked |  0
|  34|0x00000000a4800000, 0x00000000a4800000, 0x00000000a4900000|  0%| F|  |TAMS 0x00000000a4800000| PB 0x00000000a4800000| Untracked |  0
|  35|0x00000000a4900000, 0x00000000a4900000, 0x00000000a4a00000|  0%| F|  |TAMS 0x00000000a4900000| PB 0x00000000a4900000| Untracked |  0
|  36|0x00000000a4a00000, 0x00000000a4a00000, 0x00000000a4b00000|  0%| F|  |TAMS 0x00000000a4a00000| PB 0x00000000a4a00000| Untracked |  0
|  37|0x00000000a4b00000, 0x00000000a4b00000, 0x00000000a4c00000|  0%| F|  |TAMS 0x00000000a4b00000| PB 0x00000000a4b00000| Untracked |  0
|  38|0x00000000a4c00000, 0x00000000a4c00000, 0x00000000a4d00000|  0%| F|  |TAMS 0x00000000a4c00000| PB 0x00000000a4c00000| Untracked |  0
|  39|0x00000000a4d00000, 0x00000000a4d00000, 0x00000000a4e00000|  0%| F|  |TAMS 0x00000000a4d00000| PB 0x00000000a4d00000| Untracked |  0
|  40|0x00000000a4e00000, 0x00000000a4e00000, 0x00000000a4f00000|  0%| F|  |TAMS 0x00000000a4e00000| PB 0x00000000a4e00000| Untracked |  0
|  41|0x00000000a4f00000, 0x00000000a4f00000, 0x00000000a5000000|  0%| F|  |TAMS 0x00000000a4f00000| PB 0x00000000a4f00000| Untracked |  0
|  42|0x00000000a5000000, 0x00000000a5000000, 0x00000000a5100000|  0%| F|  |TAMS 0x00000000a5000000| PB 0x00000000a5000000| Untracked |  0
|  43|0x00000000a5100000, 0x00000000a5100000, 0x00000000a5200000|  0%| F|  |TAMS 0x00000000a5100000| PB 0x00000000a5100000| Untracked |  0
|  44|0x00000000a5200000, 0x00000000a5200000, 0x00000000a5300000|  0%| F|  |TAMS 0x00000000a5200000| PB 0x00000000a5200000| Untracked |  0
|  45|0x00000000a5300000, 0x00000000a5300000, 0x00000000a5400000|  0%| F|  |TAMS 0x00000000a5300000| PB 0x00000000a5300000| Untracked |  0
|  46|0x00000000a5400000, 0x00000000a5400000, 0x00000000a5500000|  0%| F|  |TAMS 0x00000000a5400000| PB 0x00000000a5400000| Untracked |  0
|  47|0x00000000a5500000, 0x00000000a5500000, 0x00000000a5600000|  0%| F|  |TAMS 0x00000000a5500000| PB 0x00000000a5500000| Untracked |  0
|  48|0x00000000a5600000, 0x00000000a5600000, 0x00000000a5700000|  0%| F|  |TAMS 0x00000000a5600000| PB 0x00000000a5600000| Untracked |  0
|  49|0x00000000a5700000, 0x00000000a5700000, 0x00000000a5800000|  0%| F|  |TAMS 0x00000000a5700000| PB 0x00000000a5700000| Untracked |  0
|  50|0x00000000a5800000, 0x00000000a5800000, 0x00000000a5900000|  0%| F|  |TAMS 0x00000000a5800000| PB 0x00000000a5800000| Untracked |  0
|  51|0x00000000a5900000, 0x00000000a5900000, 0x00000000a5a00000|  0%| F|  |TAMS 0x00000000a5900000| PB 0x00000000a5900000| Untracked |  0
|  52|0x00000000a5a00000, 0x00000000a5a00000, 0x00000000a5b00000|  0%| F|  |TAMS 0x00000000a5a00000| PB 0x00000000a5a00000| Untracked |  0
|  53|0x00000000a5b00000, 0x00000000a5b00000, 0x00000000a5c00000|  0%| F|  |TAMS 0x00000000a5b00000| PB 0x00000000a5b00000| Untracked |  0
|  54|0x00000000a5c00000, 0x00000000a5c00000, 0x00000000a5d00000|  0%| F|  |TAMS 0x00000000a5c00000| PB 0x00000000a5c00000| Untracked |  0
|  55|0x00000000a5d00000, 0x00000000a5d00000, 0x00000000a5e00000|  0%| F|  |TAMS 0x00000000a5d00000| PB 0x00000000a5d00000| Untracked |  0
|  56|0x00000000a5e00000, 0x00000000a5e00000, 0x00000000a5f00000|  0%| F|  |TAMS 0x00000000a5e00000| PB 0x00000000a5e00000| Untracked |  0
|  57|0x00000000a5f00000, 0x00000000a5f00000, 0x00000000a6000000|  0%| F|  |TAMS 0x00000000a5f00000| PB 0x00000000a5f00000| Untracked |  0
|  58|0x00000000a6000000, 0x00000000a6000000, 0x00000000a6100000|  0%| F|  |TAMS 0x00000000a6000000| PB 0x00000000a6000000| Untracked |  0
|  59|0x00000000a6100000, 0x00000000a6100000, 0x00000000a6200000|  0%| F|  |TAMS 0x00000000a6100000| PB 0x00000000a6100000| Untracked |  0
|  60|0x00000000a6200000, 0x00000000a6200000, 0x00000000a6300000|  0%| F|  |TAMS 0x00000000a6200000| PB 0x00000000a6200000| Untracked |  0
|  61|0x00000000a6300000, 0x00000000a6300000, 0x00000000a6400000|  0%| F|  |TAMS 0x00000000a6300000| PB 0x00000000a6300000| Untracked |  0
|  62|0x00000000a6400000, 0x00000000a6400000, 0x00000000a6500000|  0%| F|  |TAMS 0x00000000a6400000| PB 0x00000000a6400000| Untracked |  0
|  63|0x00000000a6500000, 0x00000000a6500000, 0x00000000a6600000|  0%| F|  |TAMS 0x00000000a6500000| PB 0x00000000a6500000| Untracked |  0
|  64|0x00000000a6600000, 0x00000000a6600000, 0x00000000a6700000|  0%| F|  |TAMS 0x00000000a6600000| PB 0x00000000a6600000| Untracked |  0
|  65|0x00000000a6700000, 0x00000000a6700000, 0x00000000a6800000|  0%| F|  |TAMS 0x00000000a6700000| PB 0x00000000a6700000| Untracked |  0
|  66|0x00000000a6800000, 0x00000000a6800000, 0x00000000a6900000|  0%| F|  |TAMS 0x00000000a6800000| PB 0x00000000a6800000| Untracked |  0
|  67|0x00000000a6900000, 0x00000000a6900000, 0x00000000a6a00000|  0%| F|  |TAMS 0x00000000a6900000| PB 0x00000000a6900000| Untracked |  0
|  68|0x00000000a6a00000, 0x00000000a6a00000, 0x00000000a6b00000|  0%| F|  |TAMS 0x00000000a6a00000| PB 0x00000000a6a00000| Untracked |  0
|  69|0x00000000a6b00000, 0x00000000a6b00000, 0x00000000a6c00000|  0%| F|  |TAMS 0x00000000a6b00000| PB 0x00000000a6b00000| Untracked |  0
|  70|0x00000000a6c00000, 0x00000000a6c00000, 0x00000000a6d00000|  0%| F|  |TAMS 0x00000000a6c00000| PB 0x00000000a6c00000| Untracked |  0
|  71|0x00000000a6d00000, 0x00000000a6d00000, 0x00000000a6e00000|  0%| F|  |TAMS 0x00000000a6d00000| PB 0x00000000a6d00000| Untracked |  0
|  72|0x00000000a6e00000, 0x00000000a6ef5c90, 0x00000000a6f00000| 96%| E|  |TAMS 0x00000000a6e00000| PB 0x00000000a6e00000| Complete |  0
|  73|0x00000000a6f00000, 0x00000000a7000000, 0x00000000a7000000|100%| E|CS|TAMS 0x00000000a6f00000| PB 0x00000000a6f00000| Complete |  0
|  74|0x00000000a7000000, 0x00000000a7100000, 0x00000000a7100000|100%| E|CS|TAMS 0x00000000a7000000| PB 0x00000000a7000000| Complete |  0
|  75|0x00000000a7100000, 0x00000000a7200000, 0x00000000a7200000|100%| E|CS|TAMS 0x00000000a7100000| PB 0x00000000a7100000| Complete |  0
|  76|0x00000000a7200000, 0x00000000a7300000, 0x00000000a7300000|100%| E|CS|TAMS 0x00000000a7200000| PB 0x00000000a7200000| Complete |  0
|  77|0x00000000a7300000, 0x00000000a7400000, 0x00000000a7400000|100%| E|CS|TAMS 0x00000000a7300000| PB 0x00000000a7300000| Complete |  0
|  78|0x00000000a7400000, 0x00000000a7500000, 0x00000000a7500000|100%| E|CS|TAMS 0x00000000a7400000| PB 0x00000000a7400000| Complete |  0
|  79|0x00000000a7500000, 0x00000000a7600000, 0x00000000a7600000|100%| E|CS|TAMS 0x00000000a7500000| PB 0x00000000a7500000| Complete |  0
|  80|0x00000000a7600000, 0x00000000a7700000, 0x00000000a7700000|100%| E|CS|TAMS 0x00000000a7600000| PB 0x00000000a7600000| Complete |  0
|  81|0x00000000a7700000, 0x00000000a7800000, 0x00000000a7800000|100%| E|CS|TAMS 0x00000000a7700000| PB 0x00000000a7700000| Complete |  0
|  82|0x00000000a7800000, 0x00000000a7900000, 0x00000000a7900000|100%| E|CS|TAMS 0x00000000a7800000| PB 0x00000000a7800000| Complete |  0
|  83|0x00000000a7900000, 0x00000000a7a00000, 0x00000000a7a00000|100%| E|CS|TAMS 0x00000000a7900000| PB 0x00000000a7900000| Complete |  0
|  84|0x00000000a7a00000, 0x00000000a7b00000, 0x00000000a7b00000|100%| E|CS|TAMS 0x00000000a7a00000| PB 0x00000000a7a00000| Complete |  0
|  85|0x00000000a7b00000, 0x00000000a7c00000, 0x00000000a7c00000|100%| E|CS|TAMS 0x00000000a7b00000| PB 0x00000000a7b00000| Complete |  0
|  86|0x00000000a7c00000, 0x00000000a7d00000, 0x00000000a7d00000|100%| E|CS|TAMS 0x00000000a7c00000| PB 0x00000000a7c00000| Complete |  0
|  87|0x00000000a7d00000, 0x00000000a7e00000, 0x00000000a7e00000|100%| E|CS|TAMS 0x00000000a7d00000| PB 0x00000000a7d00000| Complete |  0
|  88|0x00000000a7e00000, 0x00000000a7f00000, 0x00000000a7f00000|100%| E|CS|TAMS 0x00000000a7e00000| PB 0x00000000a7e00000| Complete |  0
|  89|0x00000000a7f00000, 0x00000000a8000000, 0x00000000a8000000|100%| E|CS|TAMS 0x00000000a7f00000| PB 0x00000000a7f00000| Complete |  0
|  90|0x00000000a8000000, 0x00000000a8100000, 0x00000000a8100000|100%| E|CS|TAMS 0x00000000a8000000| PB 0x00000000a8000000| Complete |  0
|  91|0x00000000a8100000, 0x00000000a8200000, 0x00000000a8200000|100%| E|CS|TAMS 0x00000000a8100000| PB 0x00000000a8100000| Complete |  0
|  92|0x00000000a8200000, 0x00000000a8300000, 0x00000000a8300000|100%| E|CS|TAMS 0x00000000a8200000| PB 0x00000000a8200000| Complete |  0
|  93|0x00000000a8300000, 0x00000000a8400000, 0x00000000a8400000|100%| E|CS|TAMS 0x00000000a8300000| PB 0x00000000a8300000| Complete |  0

Card table byte_map: [0x00000242bbae0000,0x00000242bbdd0000] _byte_map_base: 0x00000242bb5cd000

Marking Bits: (CMBitMap*) 0x00000242a2082320
 Bits: [0x00000242bbdd0000, 0x00000242bd538000)

Polling page: 0x00000242a2100000

Metaspace:

Usage:
  Non-class:     10.47 MB used.
      Class:      1.36 MB used.
       Both:     11.84 MB used.

Virtual space:
  Non-class space:       64.00 MB reserved,      10.62 MB ( 17%) committed,  1 nodes.
      Class space:        1.00 GB reserved,       1.50 MB ( <1%) committed,  1 nodes.
             Both:        1.06 GB reserved,      12.12 MB (  1%) committed. 

Chunk freelists:
   Non-Class:  4.99 MB
       Class:  14.54 MB
        Both:  19.53 MB

MaxMetaspaceSize: unlimited
CompressedClassSpaceSize: 1.00 GB
Initial GC threshold: 21.00 MB
Current GC threshold: 21.00 MB
CDS: on
 - commit_granule_bytes: 65536.
 - commit_granule_words: 8192.
 - virtual_space_node_default_size: 8388608.
 - enlarge_chunks_in_place: 1.
 - use_allocation_guard: 0.


Internal statistics:

num_allocs_failed_limit: 0.
num_arena_births: 162.
num_arena_deaths: 0.
num_vsnodes_births: 2.
num_vsnodes_deaths: 0.
num_space_committed: 194.
num_space_uncommitted: 0.
num_chunks_returned_to_freelist: 0.
num_chunks_taken_from_freelist: 284.
num_chunk_merges: 0.
num_chunk_splits: 186.
num_chunks_enlarged: 111.
num_inconsistent_stats: 0.

CodeHeap 'non-profiled nmethods': size=120000Kb used=417Kb max_used=417Kb free=119582Kb
 bounds [0x00000242b3640000, 0x00000242b38b0000, 0x00000242bab70000]
CodeHeap 'profiled nmethods': size=120000Kb used=2132Kb max_used=2132Kb free=117867Kb
 bounds [0x00000242abb70000, 0x00000242abde0000, 0x00000242b30a0000]
CodeHeap 'non-nmethods': size=5760Kb used=1579Kb max_used=1594Kb free=4180Kb
 bounds [0x00000242b30a0000, 0x00000242b3310000, 0x00000242b3640000]
 total_blobs=1939 nmethods=1296 adapters=548
 compilation: enabled
              stopped_count=0, restarted_count=0
 full_count=0

Compilation events (20 events):
Event: 1.223 Thread 0x00000242c01f4610 nmethod 1236 0x00000242abd60990 code [0x00000242abd60b60, 0x00000242abd60fb8]
Event: 1.223 Thread 0x00000242c01f4610 1229       3       java.util.LinkedHashMap::newNode (23 bytes)
Event: 1.223 Thread 0x00000242c01f4610 nmethod 1229 0x00000242abd61110 code [0x00000242abd612c0, 0x00000242abd614c0]
Event: 1.223 Thread 0x00000242c01f4610 1234       3       sun.security.ssl.CipherSuite::supports (11 bytes)
Event: 1.224 Thread 0x00000242c01f4610 nmethod 1234 0x00000242abd61610 code [0x00000242abd617c0, 0x00000242abd61998]
Event: 1.224 Thread 0x00000242c01f4610 1235       3       java.util.Arrays$ArrayList::contains (14 bytes)
Event: 1.224 Thread 0x00000242c01f4610 nmethod 1235 0x00000242abd61a90 code [0x00000242abd61c40, 0x00000242abd61de8]
Event: 1.224 Thread 0x00000242c01f4610 1237       3       java.util.RegularEnumSet::isEmpty (15 bytes)
Event: 1.224 Thread 0x00000242c01f4610 nmethod 1237 0x00000242abd61e90 code [0x00000242abd62020, 0x00000242abd62188]
Event: 1.224 Thread 0x00000242c01ed460 nmethod 1217 0x00000242b36a5090 code [0x00000242b36a5240, 0x00000242b36a5798]
Event: 1.224 Thread 0x00000242c01ed460 1221       4       java.util.HashMap::resize (356 bytes)
Event: 1.227 Thread 0x00000242c01f4610 1238       3       java.lang.invoke.MethodHandles$Lookup::getDirectConstructorCommon (69 bytes)
Event: 1.228 Thread 0x00000242c01f4610 nmethod 1238 0x00000242abd62210 code [0x00000242abd62420, 0x00000242abd62968]
Event: 1.228 Thread 0x00000242c01f4610 1239       3       java.lang.invoke.DirectMethodHandle::makeAllocator (132 bytes)
Event: 1.228 Thread 0x00000242c01f4610 nmethod 1239 0x00000242abd62b90 code [0x00000242abd62da0, 0x00000242abd63210]
Event: 1.229 Thread 0x00000242c01f4610 1240       3       java.lang.invoke.DirectMethodHandle::shouldBeInitialized (117 bytes)
Event: 1.230 Thread 0x00000242c01f4610 nmethod 1240 0x00000242abd63490 code [0x00000242abd636e0, 0x00000242abd63e90]
Event: 1.232 Thread 0x00000242c01f4610 1242       3       jdk.internal.org.objectweb.asm.Frame::pop (53 bytes)
Event: 1.233 Thread 0x00000242c01f4610 nmethod 1242 0x00000242abd64090 code [0x00000242abd642e0, 0x00000242abd64a38]
Event: 1.233 Thread 0x00000242c01f4610 1243       3       jdk.internal.org.objectweb.asm.Type::getTypeInternal (218 bytes)

GC Heap History (0 events):
No events

Dll operation events (9 events):
Event: 0.018 Loaded shared library C:\Program Files\Java\jdk-22\bin\java.dll
Event: 0.066 Loaded shared library C:\Program Files\Java\jdk-22\bin\jsvml.dll
Event: 0.111 Loaded shared library C:\Program Files\Java\jdk-22\bin\net.dll
Event: 0.114 Loaded shared library C:\Program Files\Java\jdk-22\bin\nio.dll
Event: 0.148 Loaded shared library C:\Program Files\Java\jdk-22\bin\zip.dll
Event: 0.168 Loaded shared library C:\Program Files\Java\jdk-22\bin\jimage.dll
Event: 0.192 Loaded shared library C:\Program Files\Java\jdk-22\bin\awt.dll
Event: 0.701 Loaded shared library C:\Program Files\Java\jdk-22\bin\javajpeg.dll
Event: 0.974 Loaded shared library C:\Program Files\Java\jdk-22\bin\extnet.dll

Deoptimization events (20 events):
Event: 0.797 Thread 0x00000242a1d06f30 Uncommon trap: trap_request=0xffffffde fr.pc=0x00000242b3672ce4 relative=0x0000000000000304
Event: 0.797 Thread 0x00000242a1d06f30 Uncommon trap: reason=class_check action=maybe_recompile pc=0x00000242b3672ce4 method=java.util.regex.Pattern$BmpCharPropertyGreedy.match(Ljava/util/regex/Matcher;ILjava/lang/CharSequence;)Z @ 26 c2
Event: 0.797 Thread 0x00000242a1d06f30 DEOPT PACKING pc=0x00000242b3672ce4 sp=0x000000b949afed80
Event: 0.797 Thread 0x00000242a1d06f30 DEOPT UNPACKING pc=0x00000242b30f46a2 sp=0x000000b949afed38 mode 2
Event: 1.097 Thread 0x00000242a1d06f30 Uncommon trap: trap_request=0xffffffde fr.pc=0x00000242b366e1f0 relative=0x0000000000000bf0
Event: 1.097 Thread 0x00000242a1d06f30 Uncommon trap: reason=class_check action=maybe_recompile pc=0x00000242b366e1f0 method=java.util.HashMap.resize()[Ljava/util/HashMap$Node; @ 200 c2
Event: 1.097 Thread 0x00000242a1d06f30 DEOPT PACKING pc=0x00000242b366e1f0 sp=0x000000b949afd6f0
Event: 1.097 Thread 0x00000242a1d06f30 DEOPT UNPACKING pc=0x00000242b30f46a2 sp=0x000000b949afd690 mode 2
Event: 1.099 Thread 0x00000242a1d06f30 Uncommon trap: trap_request=0xffffffde fr.pc=0x00000242b366e1f0 relative=0x0000000000000bf0
Event: 1.099 Thread 0x00000242a1d06f30 Uncommon trap: reason=class_check action=maybe_recompile pc=0x00000242b366e1f0 method=java.util.HashMap.resize()[Ljava/util/HashMap$Node; @ 200 c2
Event: 1.099 Thread 0x00000242a1d06f30 DEOPT PACKING pc=0x00000242b366e1f0 sp=0x000000b949afd6f0
Event: 1.099 Thread 0x00000242a1d06f30 DEOPT UNPACKING pc=0x00000242b30f46a2 sp=0x000000b949afd690 mode 2
Event: 1.103 Thread 0x00000242a1d06f30 Uncommon trap: trap_request=0xffffffde fr.pc=0x00000242b366e1f0 relative=0x0000000000000bf0
Event: 1.103 Thread 0x00000242a1d06f30 Uncommon trap: reason=class_check action=maybe_recompile pc=0x00000242b366e1f0 method=java.util.HashMap.resize()[Ljava/util/HashMap$Node; @ 200 c2
Event: 1.103 Thread 0x00000242a1d06f30 DEOPT PACKING pc=0x00000242b366e1f0 sp=0x000000b949afd6f0
Event: 1.103 Thread 0x00000242a1d06f30 DEOPT UNPACKING pc=0x00000242b30f46a2 sp=0x000000b949afd690 mode 2
Event: 1.217 Thread 0x00000242a1d06f30 Uncommon trap: trap_request=0xffffffde fr.pc=0x00000242b366e1f0 relative=0x0000000000000bf0
Event: 1.217 Thread 0x00000242a1d06f30 Uncommon trap: reason=class_check action=maybe_recompile pc=0x00000242b366e1f0 method=java.util.HashMap.resize()[Ljava/util/HashMap$Node; @ 200 c2
Event: 1.217 Thread 0x00000242a1d06f30 DEOPT PACKING pc=0x00000242b366e1f0 sp=0x000000b949afd6f0
Event: 1.217 Thread 0x00000242a1d06f30 DEOPT UNPACKING pc=0x00000242b30f46a2 sp=0x000000b949afd690 mode 2

Classes loaded (20 events):
Event: 1.229 Loading class sun/security/provider/DRBG done
Event: 1.230 Loading class java/security/DrbgParameters$Capability
Event: 1.230 Loading class java/security/DrbgParameters$Capability done
Event: 1.230 Loading class sun/security/provider/MoreDrbgParameters
Event: 1.230 Loading class sun/security/provider/MoreDrbgParameters done
Event: 1.230 Loading class java/security/DrbgParameters
Event: 1.231 Loading class java/security/DrbgParameters done
Event: 1.231 Loading class java/security/DrbgParameters$Instantiation
Event: 1.231 Loading class java/security/DrbgParameters$Instantiation done
Event: 1.231 Loading class sun/security/provider/HashDrbg
Event: 1.231 Loading class sun/security/provider/AbstractHashDrbg
Event: 1.231 Loading class sun/security/provider/AbstractDrbg
Event: 1.232 Loading class sun/security/provider/AbstractDrbg done
Event: 1.232 Loading class sun/security/provider/AbstractHashDrbg done
Event: 1.232 Loading class sun/security/provider/HashDrbg done
Event: 1.232 Loading class sun/security/provider/EntropySource
Event: 1.232 Loading class sun/security/provider/EntropySource done
Event: 1.233 Loading class java/security/DrbgParameters$NextBytes
Event: 1.233 Loading class java/security/DrbgParameters$NextBytes done
Event: 1.234 Loading class sun/security/provider/AbstractDrbg$SeederHolder

Classes unloaded (0 events):
No events

Classes redefined (0 events):
No events

Internal exceptions (20 events):
Event: 0.116 Thread 0x00000242a1d06f30 Exception <a 'sun/nio/fs/WindowsException'{0x00000000a82bc360}> (0x00000000a82bc360) 
thrown [s\open\src\hotspot\share\prims\jni.cpp, line 520]
Event: 0.119 Thread 0x00000242a1d06f30 Exception <a 'sun/nio/fs/WindowsException'{0x00000000a82bea30}> (0x00000000a82bea30) 
thrown [s\open\src\hotspot\share\prims\jni.cpp, line 520]
Event: 0.119 Thread 0x00000242a1d06f30 Exception <a 'sun/nio/fs/WindowsException'{0x00000000a82bf5c8}> (0x00000000a82bf5c8) 
thrown [s\open\src\hotspot\share\prims\jni.cpp, line 520]
Event: 0.175 Thread 0x00000242a1d06f30 Exception <a 'java/lang/ClassNotFoundException'{0x00000000a818fed8}: sun/awt/resources/spi/awtProvider> (0x00000000a818fed8) 
thrown [s\open\src\hotspot\share\classfile\systemDictionary.cpp, line 313]
Event: 0.209 Thread 0x00000242a1d06f30 Exception <a 'java/io/FileNotFoundException'{0x00000000a81e3ab8}> (0x00000000a81e3ab8) 
thrown [s\open\src\hotspot\share\prims\jni.cpp, line 520]
Event: 0.222 Thread 0x00000242a1d06f30 Exception <a 'java/io/FileNotFoundException'{0x00000000a8012598}> (0x00000000a8012598) 
thrown [s\open\src\hotspot\share\prims\jni.cpp, line 520]
Event: 0.449 Thread 0x00000242a1d06f30 Exception <a 'java/lang/NoSuchMethodError'{0x00000000a80aaa90}: 'void java.lang.invoke.DirectMethodHandle$Holder.invokeSpecial(java.lang.Object, java.lang.Object, java.lang.Object)'> (0x00000000a80aaa90) 
thrown [s\open\src\hotspot\share\interpreter\linkResolver.cpp, line 774]
Event: 0.461 Thread 0x00000242a1d06f30 Exception <a 'java/lang/NoSuchMethodError'{0x00000000a80d0d30}: 'java.lang.Object java.lang.invoke.DirectMethodHandle$Holder.newInvokeSpecial(java.lang.Object, java.lang.Object, java.lang.Object, java.lang.Object, java.lang.Object)'> (0x00000000a80d0d30) 
thrown [s\open\src\hotspot\share\interpreter\linkResolver.cpp, line 774]
Event: 0.470 Thread 0x00000242a1d06f30 Exception <a 'java/lang/NoSuchMethodError'{0x00000000a7f82740}: 'java.lang.Object java.lang.invoke.DirectMethodHandle$Holder.invokeStatic(java.lang.Object, int, java.lang.Object)'> (0x00000000a7f82740) 
thrown [s\open\src\hotspot\share\interpreter\linkResolver.cpp, line 774]
Event: 0.498 Thread 0x00000242a1d06f30 Exception <a 'java/lang/ClassNotFoundException'{0x00000000a7e24cf8}: com/sun/swing/internal/plaf/metal/resources/spi/metalProvider> (0x00000000a7e24cf8) 
thrown [s\open\src\hotspot\share\classfile\systemDictionary.cpp, line 313]
Event: 0.499 Thread 0x00000242a1d06f30 Exception <a 'java/lang/ClassNotFoundException'{0x00000000a7e28ca8}: com/sun/swing/internal/plaf/basic/resources/spi/basicProvider> (0x00000000a7e28ca8) 
thrown [s\open\src\hotspot\share\classfile\systemDictionary.cpp, line 313]
Event: 0.515 Thread 0x00000242a1d06f30 Exception <a 'java/lang/NoSuchMethodError'{0x00000000a7e48540}: 'int java.lang.invoke.Invokers$Holder.invokeExact_MT(java.lang.Object, java.lang.Object)'> (0x00000000a7e48540) 
thrown [s\open\src\hotspot\share\interpreter\linkResolver.cpp, line 774]
Event: 0.703 Thread 0x0000024306b99c70 Exception <a 'java/lang/NoSuchMethodError'{0x00000000a7b2a628}: 'java.lang.Object java.lang.invoke.DirectMethodHandle$Holder.newInvokeSpecial(java.lang.Object, java.lang.Object, java.lang.Object, int, int, int, int, int)'> (0x00000000a7b2a628) 
thrown [s\open\src\hotspot\share\interpreter\linkResolver.cpp, line 774]
Event: 0.759 Thread 0x00000242a1d06f30 Exception <a 'java/lang/NoSuchMethodError'{0x00000000a7d3e438}: 'void java.lang.invoke.DirectMethodHandle$Holder.invokeStatic(java.lang.Object, java.lang.Object)'> (0x00000000a7d3e438) 
thrown [s\open\src\hotspot\share\interpreter\linkResolver.cpp, line 774]
Event: 0.803 Thread 0x00000242a1d06f30 Exception <a 'java/lang/NoSuchMethodError'{0x00000000a766f6a0}: 'java.lang.Object java.lang.invoke.DirectMethodHandle$Holder.invokeInterface(java.lang.Object, java.lang.Object)'> (0x00000000a766f6a0) 
thrown [s\open\src\hotspot\share\interpreter\linkResolver.cpp, line 774]
Event: 0.839 Thread 0x00000242a1d06f30 Exception <a 'java/lang/NoSuchMethodError'{0x00000000a76e95f0}: 'void java.lang.invoke.DirectMethodHandle$Holder.invokeStatic(java.lang.Object, java.lang.Object, java.lang.Object)'> (0x00000000a76e95f0) 
thrown [s\open\src\hotspot\share\interpreter\linkResolver.cpp, line 774]
Event: 0.842 Thread 0x00000242a1d06f30 Exception <a 'java/lang/NoSuchMethodError'{0x00000000a76f2568}: 'java.lang.Object java.lang.invoke.DirectMethodHandle$Holder.invokeVirtual(java.lang.Object, java.lang.Object, java.lang.Object)'> (0x00000000a76f2568) 
thrown [s\open\src\hotspot\share\interpreter\linkResolver.cpp, line 774]
Event: 1.044 Thread 0x00000242a1d06f30 Exception <a 'java/lang/NoSuchMethodError'{0x00000000a71a10a8}: 'void java.lang.invoke.DirectMethodHandle$Holder.invokeStaticInit(java.lang.Object, java.lang.Object)'> (0x00000000a71a10a8) 
thrown [s\open\src\hotspot\share\interpreter\linkResolver.cpp, line 774]
Event: 1.151 Thread 0x00000242a1d06f30 Exception <a 'sun/nio/fs/WindowsException'{0x00000000a70cb3f8}> (0x00000000a70cb3f8) 
thrown [s\open\src\hotspot\share\prims\jni.cpp, line 520]
Event: 1.233 Thread 0x00000242a1d06f30 Exception <a 'java/lang/NoSuchMethodError'{0x00000000a6f72010}: 'java.lang.Object java.lang.invoke.DirectMethodHandle$Holder.invokeStaticInit(java.lang.Object, int, int, int, int)'> (0x00000000a6f72010) 
thrown [s\open\src\hotspot\share\interpreter\linkResolver.cpp, line 774]

ZGC Phase Switch (0 events):
No events

VM Operations (16 events):
Event: 0.121 Executing VM operation: HandshakeAllThreads (Deoptimize)
Event: 0.121 Executing VM operation: HandshakeAllThreads (Deoptimize) done
Event: 0.523 Executing VM operation: HandshakeAllThreads (Deoptimize)
Event: 0.524 Executing VM operation: HandshakeAllThreads (Deoptimize) done
Event: 0.682 Executing VM operation: HandshakeAllThreads (Deoptimize)
Event: 0.682 Executing VM operation: HandshakeAllThreads (Deoptimize) done
Event: 0.730 Executing VM operation: HandshakeAllThreads (Deoptimize)
Event: 0.730 Executing VM operation: HandshakeAllThreads (Deoptimize) done
Event: 0.777 Executing VM operation: HandshakeAllThreads (Deoptimize)
Event: 0.777 Executing VM operation: HandshakeAllThreads (Deoptimize) done
Event: 1.043 Executing VM operation: ICBufferFull
Event: 1.043 Executing VM operation: ICBufferFull done
Event: 1.051 Executing VM operation: HandshakeAllThreads (Deoptimize)
Event: 1.051 Executing VM operation: HandshakeAllThreads (Deoptimize) done
Event: 1.113 Executing VM operation: HandshakeAllThreads (Deoptimize)
Event: 1.113 Executing VM operation: HandshakeAllThreads (Deoptimize) done

Events (19 events):
Event: 0.040 Thread 0x00000242a1d06f30 Thread added: 0x00000242a1d06f30
Event: 0.061 Thread 0x00000242c01e01a0 Thread added: 0x00000242c01e01a0
Event: 0.061 Thread 0x00000242c01e0cd0 Thread added: 0x00000242c01e0cd0
Event: 0.062 Thread 0x00000242c01e2cc0 Thread added: 0x00000242c01e2cc0
Event: 0.062 Thread 0x00000242c01e5340 Thread added: 0x00000242c01e5340
Event: 0.062 Thread 0x00000242c01ea1e0 Thread added: 0x00000242c01ea1e0
Event: 0.062 Thread 0x00000242c01ea980 Thread added: 0x00000242c01ea980
Event: 0.062 Thread 0x00000242c01ed460 Thread added: 0x00000242c01ed460
Event: 0.062 Thread 0x00000242c01f4610 Thread added: 0x00000242c01f4610
Event: 0.095 Thread 0x00000242c03d3870 Thread added: 0x00000242c03d3870
Event: 0.137 Thread 0x00000242c0574cb0 Thread added: 0x00000242c0574cb0
Event: 0.142 Thread 0x00000242c01f3f40 Thread added: 0x00000242c01f3f40
Event: 0.294 Thread 0x00000242c0716e40 Thread added: 0x00000242c0716e40
Event: 0.296 Thread 0x00000242c071bf80 Thread added: 0x00000242c071bf80
Event: 0.297 Thread 0x00000242c07220d0 Thread added: 0x00000242c07220d0
Event: 0.424 Thread 0x00000242c01f3f40 Thread exited: 0x00000242c01f3f40
Event: 0.562 Thread 0x0000024306aec000 Thread added: 0x0000024306aec000
Event: 0.616 Thread 0x0000024306b99c70 Thread added: 0x0000024306b99c70
Event: 0.760 Thread 0x0000024306b48ed0 Thread added: 0x0000024306b48ed0


Dynamic libraries:
0x00007ff7dc790000 - 0x00007ff7dc7a0000 	C:\Program Files\Java\jdk-22\bin\java.exe
0x00007ff8e16f0000 - 0x00007ff8e1907000 	C:\Windows\SYSTEM32\ntdll.dll
0x00007ff8e10e0000 - 0x00007ff8e11a4000 	C:\Windows\System32\KERNEL32.DLL
0x00007ff8decf0000 - 0x00007ff8df09d000 	C:\Windows\System32\KERNELBASE.dll
0x00007ff8deb60000 - 0x00007ff8dec71000 	C:\Windows\System32\ucrtbase.dll
0x00007ff84bfb0000 - 0x00007ff84bfcb000 	C:\Program Files\Java\jdk-22\bin\VCRUNTIME140.dll
0x00007ff8d43a0000 - 0x00007ff8d43b7000 	C:\Program Files\Java\jdk-22\bin\jli.dll
0x00007ff8e11f0000 - 0x00007ff8e12a2000 	C:\Windows\System32\ADVAPI32.dll
0x00007ff8e0d70000 - 0x00007ff8e0e17000 	C:\Windows\System32\msvcrt.dll
0x00007ff8e12c0000 - 0x00007ff8e1369000 	C:\Windows\System32\sechost.dll
0x00007ff8df400000 - 0x00007ff8df428000 	C:\Windows\System32\bcrypt.dll
0x00007ff8df740000 - 0x00007ff8df854000 	C:\Windows\System32\RPCRT4.dll
0x00007ff8df590000 - 0x00007ff8df73e000 	C:\Windows\System32\USER32.dll
0x00007ff8df3d0000 - 0x00007ff8df3f6000 	C:\Windows\System32\win32u.dll
0x00007ff8e11b0000 - 0x00007ff8e11d9000 	C:\Windows\System32\GDI32.dll
0x00007ff8df2b0000 - 0x00007ff8df3c9000 	C:\Windows\System32\gdi32full.dll
0x00007ff8c25b0000 - 0x00007ff8c2843000 	C:\Windows\WinSxS\amd64_microsoft.windows.common-controls_6595b64144ccf1df_6.0.22621.3672_none_2713b9d173822955\COMCTL32.dll
0x00007ff8df210000 - 0x00007ff8df2aa000 	C:\Windows\System32\msvcp_win.dll
0x00007ff8d4990000 - 0x00007ff8d499a000 	C:\Windows\SYSTEM32\VERSION.dll
0x00007ff8dfac0000 - 0x00007ff8dfaf1000 	C:\Windows\System32\IMM32.DLL
0x00007ff87e340000 - 0x00007ff87e34c000 	C:\Program Files\Java\jdk-22\bin\vcruntime140_1.dll
0x00007ff841410000 - 0x00007ff84149e000 	C:\Program Files\Java\jdk-22\bin\msvcp140.dll
0x00007ff841880000 - 0x00007ff8425c7000 	C:\Program Files\Java\jdk-22\bin\server\jvm.dll
0x00007ff8e1420000 - 0x00007ff8e1491000 	C:\Windows\System32\WS2_32.dll
0x00007ff8da270000 - 0x00007ff8da2a4000 	C:\Windows\SYSTEM32\WINMM.dll
0x00007ff8de730000 - 0x00007ff8de77d000 	C:\Windows\SYSTEM32\POWRPROF.dll
0x00007ff8de710000 - 0x00007ff8de723000 	C:\Windows\SYSTEM32\UMPDC.dll
0x00007ff8dda50000 - 0x00007ff8dda68000 	C:\Windows\SYSTEM32\kernel.appcore.dll
0x00007ff87d960000 - 0x00007ff87d96a000 	C:\Program Files\Java\jdk-22\bin\jimage.dll
0x00007ff8dc5d0000 - 0x00007ff8dc802000 	C:\Windows\SYSTEM32\DBGHELP.DLL
0x00007ff8e0820000 - 0x00007ff8e0ba8000 	C:\Windows\System32\combase.dll
0x00007ff8e0c30000 - 0x00007ff8e0d07000 	C:\Windows\System32\OLEAUT32.dll
0x00007ff8d5e90000 - 0x00007ff8d5ec2000 	C:\Windows\SYSTEM32\dbgcore.DLL
0x00007ff8dea20000 - 0x00007ff8dea9b000 	C:\Windows\System32\bcryptPrimitives.dll
0x00007ff841860000 - 0x00007ff84187e000 	C:\Program Files\Java\jdk-22\bin\java.dll
0x00007ff8dfb00000 - 0x00007ff8e035f000 	C:\Windows\System32\SHELL32.dll
0x00007ff8df860000 - 0x00007ff8dfa05000 	C:\Windows\System32\ole32.dll
0x00007ff8dc970000 - 0x00007ff8dd26c000 	C:\Windows\SYSTEM32\windows.storage.dll
0x00007ff8dc830000 - 0x00007ff8dc96f000 	C:\Windows\SYSTEM32\wintypes.dll
0x00007ff8e15b0000 - 0x00007ff8e16a4000 	C:\Windows\System32\SHCORE.dll
0x00007ff8e0d10000 - 0x00007ff8e0d6e000 	C:\Windows\System32\shlwapi.dll
0x00007ff8de950000 - 0x00007ff8de971000 	C:\Windows\SYSTEM32\profapi.dll
0x00007ff842780000 - 0x00007ff842857000 	C:\Program Files\Java\jdk-22\bin\jsvml.dll
0x00007ff87d450000 - 0x00007ff87d460000 	C:\Program Files\Java\jdk-22\bin\net.dll
0x00007ff8ddec0000 - 0x00007ff8ddf29000 	C:\Windows\system32\mswsock.dll
0x00007ff842760000 - 0x00007ff842776000 	C:\Program Files\Java\jdk-22\bin\nio.dll
0x00007ff841630000 - 0x00007ff841647000 	C:\Program Files\Java\jdk-22\bin\zip.dll
0x00007ff8414a0000 - 0x00007ff84162e000 	C:\Program Files\Java\jdk-22\bin\awt.dll
0x00007ff8da070000 - 0x00007ff8da107000 	C:\Windows\SYSTEM32\apphelp.dll
0x00007ff8dbe60000 - 0x00007ff8dbe8b000 	C:\Windows\system32\DWMAPI.DLL
0x00007ff8dba30000 - 0x00007ff8dbadf000 	C:\Windows\system32\uxtheme.dll
0x00007ff85c3d0000 - 0x00007ff85c4d0000 	C:\Windows\system32\opengl32.dll
0x00007ff872090000 - 0x00007ff8720bd000 	C:\Windows\SYSTEM32\GLU32.dll
0x00007ff8dbba0000 - 0x00007ff8dbbd9000 	C:\Windows\SYSTEM32\dxcore.dll
0x00007ff8df430000 - 0x00007ff8df583000 	C:\Windows\System32\MSCTF.dll
0x00007ff877690000 - 0x00007ff877838000 	C:\Windows\system32\d3d9.dll
0x00007ff8d4a40000 - 0x00007ff8d4bfb000 	C:\Windows\System32\DriverStore\FileRepository\u0390835.inf_amd64_66888840aa4163cc\B390488\aticfx64.dll
0x00007ff8a3d80000 - 0x00007ff8a3db4000 	C:\Windows\System32\DriverStore\FileRepository\u0390835.inf_amd64_66888840aa4163cc\B390488\atiu9p64.dll
0x00007ff81a460000 - 0x00007ff81b1b5000 	C:\Windows\System32\DriverStore\FileRepository\u0390835.inf_amd64_66888840aa4163cc\B390488\atiumd64.dll
0x00000000614a0000 - 0x00000000623c8000 	C:\Windows\System32\DriverStore\FileRepository\u0390835.inf_amd64_66888840aa4163cc\B390488\atiumd6a.dll
0x00007ff8e03a0000 - 0x00007ff8e0814000 	C:\Windows\System32\SETUPAPI.dll
0x00007ff8d1870000 - 0x00007ff8d18a5000 	C:\Windows\SYSTEM32\amdihk64.dll
0x00007ff8d7100000 - 0x00007ff8d7149000 	C:\Windows\SYSTEM32\directxdatabasehelper.dll
0x00007ff8c3980000 - 0x00007ff8c39ae000 	C:\Program Files\Java\jdk-22\bin\javajpeg.dll
0x00007ff8dd540000 - 0x00007ff8dd638000 	C:\Windows\SYSTEM32\DNSAPI.dll
0x00007ff8dd4d0000 - 0x00007ff8dd4fd000 	C:\Windows\SYSTEM32\IPHLPAPI.DLL
0x00007ff8e0bb0000 - 0x00007ff8e0bb9000 	C:\Windows\System32\NSI.dll
0x00007ff8da810000 - 0x00007ff8da81a000 	C:\Windows\System32\rasadhlp.dll
0x00007ff8d8440000 - 0x00007ff8d84c3000 	C:\Windows\System32\fwpuclnt.dll
0x00007ff879f60000 - 0x00007ff879f69000 	C:\Program Files\Java\jdk-22\bin\extnet.dll
0x00007ff8de120000 - 0x00007ff8de13b000 	C:\Windows\SYSTEM32\CRYPTSP.dll
0x00007ff8dd9b0000 - 0x00007ff8dd9e5000 	C:\Windows\system32\rsaenh.dll
0x00007ff8ddfc0000 - 0x00007ff8ddfe8000 	C:\Windows\SYSTEM32\USERENV.dll

dbghelp: loaded successfully - version: 4.0.5 - missing functions: none
symbol engine: initialized successfully - sym options: 0x614 - pdb path: .;C:\Program Files\Java\jdk-22\bin;C:\Windows\SYSTEM32;C:\Windows\WinSxS\amd64_microsoft.windows.common-controls_6595b64144ccf1df_6.0.22621.3672_none_2713b9d173822955;C:\Program Files\Java\jdk-22\bin\server;C:\Windows\System32\DriverStore\FileRepository\u0390835.inf_amd64_66888840aa4163cc\B390488

VM Arguments:
jvm_args: -Dfile.encoding=UTF-8 --module-path=C:\Users\aishu\OneDrive\Documents\NetBeansProjects\Travel Management System\build\classes 
java_command: travel.management.system.AddCustomer
java_class_path (initial): C:\Users\aishu\Downloads\mysql-connector-java-8.0.28.jar;C:\Users\aishu\OneDrive\Documents\NetBeansProjects\Travel Management System\build\classes
Launcher Type: SUN_STANDARD

[Global flags]
     intx CICompilerCount                          = 4                                         {product} {ergonomic}
     uint ConcGCThreads                            = 3                                         {product} {ergonomic}
     uint G1ConcRefinementThreads                  = 10                                        {product} {ergonomic}
   size_t G1HeapRegionSize                         = 1048576                                   {product} {ergonomic}
   size_t InitialHeapSize                          = 98566144                                  {product} {ergonomic}
   size_t MarkStackSize                            = 4194304                                   {product} {ergonomic}
   size_t MaxHeapSize                              = 1570766848                                {product} {ergonomic}
   size_t MaxNewSize                               = 941621248                                 {product} {ergonomic}
   size_t MinHeapDeltaBytes                        = 1048576                                   {product} {ergonomic}
   size_t MinHeapSize                              = 8388608                                   {product} {ergonomic}
    uintx NonNMethodCodeHeapSize                   = 5839372                                {pd product} {ergonomic}
    uintx NonProfiledCodeHeapSize                  = 122909434                              {pd product} {ergonomic}
    uintx ProfiledCodeHeapSize                     = 122909434                              {pd product} {ergonomic}
    uintx ReservedCodeCacheSize                    = 251658240                              {pd product} {ergonomic}
     bool SegmentedCodeCache                       = true                                      {product} {ergonomic}
   size_t SoftMaxHeapSize                          = 1570766848                             {manageable} {ergonomic}
     bool UseCompressedOops                        = true                           {product lp64_product} {ergonomic}
     bool UseG1GC                                  = true                                      {product} {ergonomic}
     bool UseLargePagesIndividualAllocation        = false                                  {pd product} {ergonomic}

Logging:
Log output configuration:
 #0: stdout all=warning uptime,level,tags foldmultilines=false
 #1: stderr all=off uptime,level,tags foldmultilines=false

Environment Variables:
PATH=C:\Program Files\Common Files\Oracle\Java\javapath;C:\Windows\system32;C:\Windows;C:\Windows\System32\Wbem;C:\Windows\System32\WindowsPowerShell\v1.0\;C:\Windows\System32\OpenSSH\;C:\Program Files\dotnet\;C:\Users\aishu\AppData\Local\Programs\Python\Launcher\;C:\Users\aishu\AppData\Local\Microsoft\WindowsApps;C:\Users\aishu\AppData\Local\Programs\Microsoft VS Code\bin;C:\Program Files\JetBrains\PyCharm 2023.3.4\bin;;C:\MinGW\bin;
USERNAME=aishu
OS=Windows_NT
PROCESSOR_IDENTIFIER=AMD64 Family 23 Model 104 Stepping 1, AuthenticAMD
TMP=C:\Users\aishu\AppData\Local\Temp
TEMP=C:\Users\aishu\AppData\Local\Temp




Periodic native trim disabled

---------------  S Y S T E M  ---------------

OS:
 Windows 11 , 64 bit Build 22621 (10.0.22621.3672)
OS uptime: 2 days 14:16 hours

CPU: total 12 (initial active 12) (12 cores per cpu, 2 threads per core) family 23 model 104 stepping 1 microcode 0x0, cx8, cmov, fxsr, ht, mmx, 3dnowpref, sse, sse2, sse3, ssse3, sse4a, sse4.1, sse4.2, popcnt, lzcnt, tsc, tscinvbit, avx, avx2, aes, clmul, bmi1, bmi2, adx, sha, fma, vzeroupper, clflush, clflushopt, rdtscp, rdpid, f16c
Processor Information for processor 0
  Max Mhz: 2100, Current Mhz: 2100, Mhz Limit: 2100
Processor Information for processor 1
  Max Mhz: 2100, Current Mhz: 1813, Mhz Limit: 2100
Processor Information for processor 2
  Max Mhz: 2100, Current Mhz: 1813, Mhz Limit: 2100
Processor Information for processor 3
  Max Mhz: 2100, Current Mhz: 1813, Mhz Limit: 2100
Processor Information for processor 4
  Max Mhz: 2100, Current Mhz: 2100, Mhz Limit: 2100
Processor Information for processor 5
  Max Mhz: 2100, Current Mhz: 1813, Mhz Limit: 2100
Processor Information for processor 6
  Max Mhz: 2100, Current Mhz: 2100, Mhz Limit: 2100
Processor Information for processor 7
  Max Mhz: 2100, Current Mhz: 1813, Mhz Limit: 2100
Processor Information for processor 8
  Max Mhz: 2100, Current Mhz: 2100, Mhz Limit: 2100
Processor Information for processor 9
  Max Mhz: 2100, Current Mhz: 1813, Mhz Limit: 2100
Processor Information for processor 10
  Max Mhz: 2100, Current Mhz: 1813, Mhz Limit: 2100
Processor Information for processor 11
  Max Mhz: 2100, Current Mhz: 2100, Mhz Limit: 2100

Memory: 4k page, system-wide physical 5989M (347M free)
TotalPageFile size 24421M (AvailPageFile size 0M)
current process WorkingSet (physical memory assigned to process): 93M, peak: 93M
current process commit charge ("private bytes"): 210M, peak: 210M

vm_info: Java HotSpot(TM) 64-Bit Server VM (22.0.1+8-16) for windows-amd64 JRE (22.0.1+8-16), built on 2024-03-12T10:33:16Z by "mach5one" with MS VC++ 17.6 (VS2022)

END.
