#
# There is insufficient memory for the Java Runtime Environment to continue.
# Native memory allocation (mmap) failed to map 67108864 bytes. Error detail: G1 virtual space
# Possible reasons:
#   The system is out of physical RAM or swap space
#   This process is running with CompressedOops enabled, and the Java Heap may be blocking the growth of the native heap
# Possible solutions:
#   Reduce memory load on the system
#   Increase physical memory or swap space
#   Check if swap backing store is full
#   Decrease Java heap size (-Xmx/-Xms)
#   Decrease number of Java threads
#   Decrease Java thread stack sizes (-Xss)
#   Set larger code cache with -XX:ReservedCodeCacheSize=
#   JVM is running with Unscaled Compressed Oops mode in which the Java heap is
#     placed in the first 4GB address space. The Java Heap base address is the
#     maximum limit for the native heap growth. Please use -XX:HeapBaseMinAddress
#     to set the Java Heap base and to place the Java Heap above 4GB virtual address.
# This output file may be truncated or incomplete.
#
#  Out of Memory Error (os_windows.cpp:3631), pid=34108, tid=35084
#
# JRE version: Java(TM) SE Runtime Environment (22.0.1+8) (build 22.0.1+8-16)
# Java VM: Java HotSpot(TM) 64-Bit Server VM (22.0.1+8-16, mixed mode, sharing, tiered, compressed oops, compressed class ptrs, g1 gc, windows-amd64)
# No core dump will be written. Minidumps are not enabled by default on client versions of Windows
#

---------------  S U M M A R Y ------------

Command Line: -Dfile.encoding=UTF-8 --module-path=C:\Users\aishu\OneDrive\Documents\NetBeansProjects\Travel Management System\build\classes travel.management.system.CheckHotels

Host: AMD Ryzen 5 5500U with Radeon Graphics         , 12 cores, 5G,  Windows 11 , 64 bit Build 22621 (10.0.22621.3672)
Time: Sun Jul  7 23:28:48 2024 India Standard Time elapsed time: 1.845785 seconds (0d 0h 0m 1s)

---------------  T H R E A D  ---------------

Current thread (0x0000029578386ff0):  VMThread "VM Thread"          [id=35084, stack(0x000000afffe00000,0x000000affff00000) (1024K)]

Stack: [0x000000afffe00000,0x000000affff00000]
Native frames: (J=compiled Java code, j=interpreted, Vv=VM code, C=native code)
V  [jvm.dll+0x6e2279]  (no source info available)
V  [jvm.dll+0x874e33]  (no source info available)
V  [jvm.dll+0x87725e]  (no source info available)
V  [jvm.dll+0x877933]  (no source info available)
V  [jvm.dll+0x27fd76]  (no source info available)
V  [jvm.dll+0x6de915]  (no source info available)
V  [jvm.dll+0x6d341a]  (no source info available)
V  [jvm.dll+0x3589da]  (no source info available)
V  [jvm.dll+0x360f06]  (no source info available)
V  [jvm.dll+0x3b3e2e]  (no source info available)
V  [jvm.dll+0x3b40d8]  (no source info available)
V  [jvm.dll+0x32c59c]  (no source info available)
V  [jvm.dll+0x32eef6]  (no source info available)
V  [jvm.dll+0x3391c1]  (no source info available)
V  [jvm.dll+0x370365]  (no source info available)
V  [jvm.dll+0x87d7d0]  (no source info available)
V  [jvm.dll+0x87eb57]  (no source info available)
V  [jvm.dll+0x87f0d0]  (no source info available)
V  [jvm.dll+0x87f373]  (no source info available)
V  [jvm.dll+0x81d44b]  (no source info available)
V  [jvm.dll+0x6e0915]  (no source info available)
C  [ucrtbase.dll+0x29333]  (no source info available)
C  [KERNEL32.DLL+0x1257d]  (no source info available)
C  [ntdll.dll+0x5af28]  (no source info available)

VM_Operation (0x000000afff9ff910): G1PauseRemark, mode: safepoint, requested by thread 0x000002955a27ecf0


---------------  P R O C E S S  ---------------

Threads class SMR info:
_java_thread_list=0x000002954542bf00, length=15, elements={
0x0000029559fdd080, 0x00000295783a33f0, 0x00000295783a3fb0, 0x00000295783a5ee0,
0x00000295783a6940, 0x00000295783a73a0, 0x00000295783a7e00, 0x00000295783a90a0,
0x00000295783a9d00, 0x00000295451ab790, 0x0000029545308f50, 0x0000029545436a90,
0x00000295454411b0, 0x0000029546630b80, 0x0000029546645350
}

Java Threads: ( => current thread )
  0x0000029559fdd080 JavaThread "main"                              [_thread_blocked, id=37940, stack(0x000000afff700000,0x000000afff800000) (1024K)]
  0x00000295783a33f0 JavaThread "Reference Handler"          daemon [_thread_blocked, id=27184, stack(0x000000affff00000,0x000000b000000000) (1024K)]
  0x00000295783a3fb0 JavaThread "Finalizer"                  daemon [_thread_blocked, id=34644, stack(0x000000af80000000,0x000000af80100000) (1024K)]
  0x00000295783a5ee0 JavaThread "Signal Dispatcher"          daemon [_thread_blocked, id=23524, stack(0x000000af80100000,0x000000af80200000) (1024K)]
  0x00000295783a6940 JavaThread "Attach Listener"            daemon [_thread_blocked, id=30820, stack(0x000000af80200000,0x000000af80300000) (1024K)]
  0x00000295783a73a0 JavaThread "Service Thread"             daemon [_thread_blocked, id=36860, stack(0x000000af80300000,0x000000af80400000) (1024K)]
  0x00000295783a7e00 JavaThread "Monitor Deflation Thread"   daemon [_thread_blocked, id=36640, stack(0x000000af80400000,0x000000af80500000) (1024K)]
  0x00000295783a90a0 JavaThread "C2 CompilerThread0"         daemon [_thread_blocked, id=36132, stack(0x000000af80500000,0x000000af80600000) (1024K)]
  0x00000295783a9d00 JavaThread "C1 CompilerThread0"         daemon [_thread_blocked, id=31892, stack(0x000000af80600000,0x000000af80700000) (1024K)]
  0x00000295451ab790 JavaThread "Common-Cleaner"             daemon [_thread_blocked, id=14060, stack(0x000000af80700000,0x000000af80800000) (1024K)]
  0x0000029545308f50 JavaThread "Notification Thread"        daemon [_thread_blocked, id=30640, stack(0x000000af80800000,0x000000af80900000) (1024K)]
  0x0000029545436a90 JavaThread "Java2D Disposer"            daemon [_thread_blocked, id=29312, stack(0x000000af80a00000,0x000000af80b00000) (1024K)]
  0x00000295454411b0 JavaThread "AWT-Windows"                daemon [_thread_in_native, id=37416, stack(0x000000af80c00000,0x000000af80d00000) (1024K)]
  0x0000029546630b80 JavaThread "Image Fetcher 0"            daemon [_thread_blocked, id=10852, stack(0x000000af80900000,0x000000af80a00000) (1024K)]
  0x0000029546645350 JavaThread "Image Fetcher 1"            daemon [_thread_blocked, id=17124, stack(0x000000af81f00000,0x000000af82000000) (1024K)]
Total: 15

Other Threads:
=>0x0000029578386ff0 VMThread "VM Thread"                           [id=35084, stack(0x000000afffe00000,0x000000affff00000) (1024K)]
  0x0000029578370630 WatcherThread "VM Periodic Task Thread"        [id=8412, stack(0x000000afffd00000,0x000000afffe00000) (1024K)]
  0x000002955a2722c0 WorkerThread "GC Thread#0"                     [id=31084, stack(0x000000afff800000,0x000000afff900000) (1024K)]
  0x000002954665feb0 WorkerThread "GC Thread#1"                     [id=36408, stack(0x000000af81700000,0x000000af81800000) (1024K)]
  0x0000029546660260 WorkerThread "GC Thread#2"                     [id=30208, stack(0x000000af81800000,0x000000af81900000) (1024K)]
  0x000002954665a900 WorkerThread "GC Thread#3"                     [id=38068, stack(0x000000af81900000,0x000000af81a00000) (1024K)]
  0x0000029546a09f70 WorkerThread "GC Thread#4"                     [id=35348, stack(0x000000af81a00000,0x000000af81b00000) (1024K)]
  0x0000029546a0a730 WorkerThread "GC Thread#5"                     [id=34676, stack(0x000000af81b00000,0x000000af81c00000) (1024K)]
  0x0000029546a0aae0 WorkerThread "GC Thread#6"                     [id=22560, stack(0x000000af81c00000,0x000000af81d00000) (1024K)]
  0x0000029546a0cea0 WorkerThread "GC Thread#7"                     [id=19340, stack(0x000000af81d00000,0x000000af81e00000) (1024K)]
  0x0000029546a0e8c0 WorkerThread "GC Thread#8"                     [id=18912, stack(0x000000af81e00000,0x000000af81f00000) (1024K)]
  0x000002955a27ecf0 ConcurrentGCThread "G1 Main Marker"            [id=27956, stack(0x000000afff900000,0x000000afffa00000) (1024K)]
  0x000002955a2814d0 WorkerThread "G1 Conc#0"                       [id=20592, stack(0x000000afffa00000,0x000000afffb00000) (1024K)]
  0x0000029546a0d2a0 WorkerThread "G1 Conc#1"                       [id=35792, stack(0x000000af82000000,0x000000af82100000) (1024K)]
  0x0000029546a0ec70 WorkerThread "G1 Conc#2"                       [id=17924, stack(0x000000af82100000,0x000000af82200000) (1024K)]
  0x00000295782420c0 ConcurrentGCThread "G1 Refine#0"               [id=1824, stack(0x000000afffb00000,0x000000afffc00000) (1024K)]
  0x0000029578242b40 ConcurrentGCThread "G1 Service"                [id=7832, stack(0x000000afffc00000,0x000000afffd00000) (1024K)]
Total: 17

Threads with active compile tasks:
Total: 0

VM state: at safepoint (normal execution)

VM Mutex/Monitor currently owned by a thread:  ([mutex/lock_event])
[0x00007ff8424ebbb8] Threads_lock - owner thread: 0x0000029578386ff0
[0x00007ff8424ebcb8] Heap_lock - owner thread: 0x000002955a27ecf0

Heap address: 0x00000000a2600000, size: 1498 MB, Compressed Oops mode: 32-bit

CDS archive(s) mapped at: [0x0000029500000000-0x0000029500c60000-0x0000029500c60000), size 12976128, SharedBaseAddress: 0x0000029500000000, ArchiveRelocationMode: 1.
Compressed class space mapped at: 0x0000029501000000-0x0000029541000000, reserved size: 1073741824
Narrow klass base: 0x0000029500000000, Narrow klass shift: 0, Narrow klass range: 0x41000000

GC Precious Log:
 CardTable entry size: 512
 Card Set container configuration: InlinePtr #cards 5 size 8 Array Of Cards #cards 12 size 40 Howl #buckets 4 coarsen threshold 1843 Howl Bitmap #cards 512 size 80 coarsen threshold 460 Card regions per heap region 1 cards per card region 2048
 CPUs: 12 total, 12 available
 Memory: 5989M
 Large Page Support: Disabled
 NUMA Support: Disabled
 Compressed Oops: Enabled (32-bit)
 Heap Region Size: 1M
 Heap Min Capacity: 8M
 Heap Initial Capacity: 94M
 Heap Max Capacity: 1498M
 Pre-touch: Disabled
 Parallel Workers: 10
 Concurrent Workers: 3
 Concurrent Refinement Workers: 10
 Periodic GC: Disabled

Heap:
 garbage-first heap   total reserved 1533952K, committed 158720K, used 133784K [0x00000000a2600000, 0x0000000100000000)
  region size 1024K, 3 young (3072K), 3 survivors (3072K)
 Metaspace       used 4885K, committed 5120K, reserved 1114112K
  class space    used 509K, committed 640K, reserved 1048576K

Heap Regions: E=young(eden), S=young(survivor), O=old, HS=humongous(starts), HC=humongous(continues), CS=collection set, F=free, TAMS=top-at-mark-start, PB=parsable bottom
|   0|0x00000000a2600000, 0x00000000a2700000, 0x00000000a2700000|100%|HS|  |TAMS 0x00000000a2700000| PB 0x00000000a2600000| Complete |  0
|   1|0x00000000a2700000, 0x00000000a2800000, 0x00000000a2800000|100%|HC|  |TAMS 0x00000000a2800000| PB 0x00000000a2700000| Complete |  0
|   2|0x00000000a2800000, 0x00000000a2900000, 0x00000000a2900000|100%|HC|  |TAMS 0x00000000a2900000| PB 0x00000000a2800000| Complete |  0
|   3|0x00000000a2900000, 0x00000000a2a00000, 0x00000000a2a00000|100%|HC|  |TAMS 0x00000000a2a00000| PB 0x00000000a2900000| Complete |  0
|   4|0x00000000a2a00000, 0x00000000a2b00000, 0x00000000a2b00000|100%|HC|  |TAMS 0x00000000a2b00000| PB 0x00000000a2a00000| Complete |  0
|   5|0x00000000a2b00000, 0x00000000a2c00000, 0x00000000a2c00000|100%|HC|  |TAMS 0x00000000a2c00000| PB 0x00000000a2b00000| Complete |  0
|   6|0x00000000a2c00000, 0x00000000a2d00000, 0x00000000a2d00000|100%|HC|  |TAMS 0x00000000a2d00000| PB 0x00000000a2c00000| Complete |  0
|   7|0x00000000a2d00000, 0x00000000a2e00000, 0x00000000a2e00000|100%|HC|  |TAMS 0x00000000a2e00000| PB 0x00000000a2d00000| Complete |  0
|   8|0x00000000a2e00000, 0x00000000a2f00000, 0x00000000a2f00000|100%|HS|  |TAMS 0x00000000a2f00000| PB 0x00000000a2e00000| Complete |  0
|   9|0x00000000a2f00000, 0x00000000a3000000, 0x00000000a3000000|100%|HC|  |TAMS 0x00000000a3000000| PB 0x00000000a2f00000| Complete |  0
|  10|0x00000000a3000000, 0x00000000a3100000, 0x00000000a3100000|100%|HS|  |TAMS 0x00000000a3100000| PB 0x00000000a3000000| Complete |  0
|  11|0x00000000a3100000, 0x00000000a3200000, 0x00000000a3200000|100%|HC|  |TAMS 0x00000000a3200000| PB 0x00000000a3100000| Complete |  0
|  12|0x00000000a3200000, 0x00000000a3300000, 0x00000000a3300000|100%|HC|  |TAMS 0x00000000a3300000| PB 0x00000000a3200000| Complete |  0
|  13|0x00000000a3300000, 0x00000000a3400000, 0x00000000a3400000|100%|HC|  |TAMS 0x00000000a3400000| PB 0x00000000a3300000| Complete |  0
|  14|0x00000000a3400000, 0x00000000a3500000, 0x00000000a3500000|100%|HC|  |TAMS 0x00000000a3500000| PB 0x00000000a3400000| Complete |  0
|  15|0x00000000a3500000, 0x00000000a3600000, 0x00000000a3600000|100%|HC|  |TAMS 0x00000000a3600000| PB 0x00000000a3500000| Complete |  0
|  16|0x00000000a3600000, 0x00000000a3700000, 0x00000000a3700000|100%|HC|  |TAMS 0x00000000a3700000| PB 0x00000000a3600000| Complete |  0
|  17|0x00000000a3700000, 0x00000000a3800000, 0x00000000a3800000|100%|HC|  |TAMS 0x00000000a3800000| PB 0x00000000a3700000| Complete |  0
|  18|0x00000000a3800000, 0x00000000a3900000, 0x00000000a3900000|100%|HS|  |TAMS 0x00000000a3900000| PB 0x00000000a3800000| Complete |  0
|  19|0x00000000a3900000, 0x00000000a3a00000, 0x00000000a3a00000|100%|HC|  |TAMS 0x00000000a3a00000| PB 0x00000000a3900000| Complete |  0
|  20|0x00000000a3a00000, 0x00000000a3b00000, 0x00000000a3b00000|100%|HS|  |TAMS 0x00000000a3b00000| PB 0x00000000a3a00000| Complete |  0
|  21|0x00000000a3b00000, 0x00000000a3c00000, 0x00000000a3c00000|100%|HC|  |TAMS 0x00000000a3c00000| PB 0x00000000a3b00000| Complete |  0
|  22|0x00000000a3c00000, 0x00000000a3d00000, 0x00000000a3d00000|100%|HC|  |TAMS 0x00000000a3d00000| PB 0x00000000a3c00000| Complete |  0
|  23|0x00000000a3d00000, 0x00000000a3e00000, 0x00000000a3e00000|100%|HC|  |TAMS 0x00000000a3e00000| PB 0x00000000a3d00000| Complete |  0
|  24|0x00000000a3e00000, 0x00000000a3f00000, 0x00000000a3f00000|100%|HC|  |TAMS 0x00000000a3f00000| PB 0x00000000a3e00000| Complete |  0
|  25|0x00000000a3f00000, 0x00000000a4000000, 0x00000000a4000000|100%|HC|  |TAMS 0x00000000a4000000| PB 0x00000000a3f00000| Complete |  0
|  26|0x00000000a4000000, 0x00000000a4100000, 0x00000000a4100000|100%|HC|  |TAMS 0x00000000a4100000| PB 0x00000000a4000000| Complete |  0
|  27|0x00000000a4100000, 0x00000000a4200000, 0x00000000a4200000|100%|HC|  |TAMS 0x00000000a4200000| PB 0x00000000a4100000| Complete |  0
|  28|0x00000000a4200000, 0x00000000a4300000, 0x00000000a4300000|100%|HS|  |TAMS 0x00000000a4300000| PB 0x00000000a4200000| Complete |  0
|  29|0x00000000a4300000, 0x00000000a4400000, 0x00000000a4400000|100%|HC|  |TAMS 0x00000000a4400000| PB 0x00000000a4300000| Complete |  0
|  30|0x00000000a4400000, 0x00000000a4500000, 0x00000000a4500000|100%|HS|  |TAMS 0x00000000a4500000| PB 0x00000000a4400000| Complete |  0
|  31|0x00000000a4500000, 0x00000000a4600000, 0x00000000a4600000|100%|HC|  |TAMS 0x00000000a4600000| PB 0x00000000a4500000| Complete |  0
|  32|0x00000000a4600000, 0x00000000a4700000, 0x00000000a4700000|100%|HC|  |TAMS 0x00000000a4700000| PB 0x00000000a4600000| Complete |  0
|  33|0x00000000a4700000, 0x00000000a4800000, 0x00000000a4800000|100%|HC|  |TAMS 0x00000000a4800000| PB 0x00000000a4700000| Complete |  0
|  34|0x00000000a4800000, 0x00000000a4900000, 0x00000000a4900000|100%|HC|  |TAMS 0x00000000a4900000| PB 0x00000000a4800000| Complete |  0
|  35|0x00000000a4900000, 0x00000000a4a00000, 0x00000000a4a00000|100%|HC|  |TAMS 0x00000000a4a00000| PB 0x00000000a4900000| Complete |  0
|  36|0x00000000a4a00000, 0x00000000a4b00000, 0x00000000a4b00000|100%|HC|  |TAMS 0x00000000a4b00000| PB 0x00000000a4a00000| Complete |  0
|  37|0x00000000a4b00000, 0x00000000a4c00000, 0x00000000a4c00000|100%|HC|  |TAMS 0x00000000a4c00000| PB 0x00000000a4b00000| Complete |  0
|  38|0x00000000a4c00000, 0x00000000a4d00000, 0x00000000a4d00000|100%|HS|  |TAMS 0x00000000a4d00000| PB 0x00000000a4c00000| Complete |  0
|  39|0x00000000a4d00000, 0x00000000a4e00000, 0x00000000a4e00000|100%|HC|  |TAMS 0x00000000a4e00000| PB 0x00000000a4d00000| Complete |  0
|  40|0x00000000a4e00000, 0x00000000a4f00000, 0x00000000a4f00000|100%|HS|  |TAMS 0x00000000a4f00000| PB 0x00000000a4e00000| Complete |  0
|  41|0x00000000a4f00000, 0x00000000a5000000, 0x00000000a5000000|100%|HC|  |TAMS 0x00000000a5000000| PB 0x00000000a4f00000| Complete |  0
|  42|0x00000000a5000000, 0x00000000a5100000, 0x00000000a5100000|100%|HC|  |TAMS 0x00000000a5100000| PB 0x00000000a5000000| Complete |  0
|  43|0x00000000a5100000, 0x00000000a5200000, 0x00000000a5200000|100%|HC|  |TAMS 0x00000000a5200000| PB 0x00000000a5100000| Complete |  0
|  44|0x00000000a5200000, 0x00000000a5300000, 0x00000000a5300000|100%|HC|  |TAMS 0x00000000a5300000| PB 0x00000000a5200000| Complete |  0
|  45|0x00000000a5300000, 0x00000000a5400000, 0x00000000a5400000|100%|HC|  |TAMS 0x00000000a5400000| PB 0x00000000a5300000| Complete |  0
|  46|0x00000000a5400000, 0x00000000a5500000, 0x00000000a5500000|100%|HC|  |TAMS 0x00000000a5500000| PB 0x00000000a5400000| Complete |  0
|  47|0x00000000a5500000, 0x00000000a5600000, 0x00000000a5600000|100%|HC|  |TAMS 0x00000000a5600000| PB 0x00000000a5500000| Complete |  0
|  48|0x00000000a5600000, 0x00000000a5700000, 0x00000000a5700000|100%|HC|  |TAMS 0x00000000a5700000| PB 0x00000000a5600000| Complete |  0
|  49|0x00000000a5700000, 0x00000000a5800000, 0x00000000a5800000|100%|HS|  |TAMS 0x00000000a5800000| PB 0x00000000a5700000| Complete |  0
|  50|0x00000000a5800000, 0x00000000a5900000, 0x00000000a5900000|100%|HC|  |TAMS 0x00000000a5900000| PB 0x00000000a5800000| Complete |  0
|  51|0x00000000a5900000, 0x00000000a5a00000, 0x00000000a5a00000|100%|HS|  |TAMS 0x00000000a5a00000| PB 0x00000000a5900000| Complete |  0
|  52|0x00000000a5a00000, 0x00000000a5b00000, 0x00000000a5b00000|100%|HC|  |TAMS 0x00000000a5b00000| PB 0x00000000a5a00000| Complete |  0
|  53|0x00000000a5b00000, 0x00000000a5c00000, 0x00000000a5c00000|100%|HC|  |TAMS 0x00000000a5c00000| PB 0x00000000a5b00000| Complete |  0
|  54|0x00000000a5c00000, 0x00000000a5d00000, 0x00000000a5d00000|100%|HC|  |TAMS 0x00000000a5d00000| PB 0x00000000a5c00000| Complete |  0
|  55|0x00000000a5d00000, 0x00000000a5e00000, 0x00000000a5e00000|100%|HC|  |TAMS 0x00000000a5e00000| PB 0x00000000a5d00000| Complete |  0
|  56|0x00000000a5e00000, 0x00000000a5f00000, 0x00000000a5f00000|100%|HC|  |TAMS 0x00000000a5f00000| PB 0x00000000a5e00000| Complete |  0
|  57|0x00000000a5f00000, 0x00000000a6000000, 0x00000000a6000000|100%|HC|  |TAMS 0x00000000a6000000| PB 0x00000000a5f00000| Complete |  0
|  58|0x00000000a6000000, 0x00000000a6100000, 0x00000000a6100000|100%|HC|  |TAMS 0x00000000a6100000| PB 0x00000000a6000000| Complete |  0
|  59|0x00000000a6100000, 0x00000000a6200000, 0x00000000a6200000|100%|HS|  |TAMS 0x00000000a6200000| PB 0x00000000a6100000| Complete |  0
|  60|0x00000000a6200000, 0x00000000a6300000, 0x00000000a6300000|100%|HC|  |TAMS 0x00000000a6300000| PB 0x00000000a6200000| Complete |  0
|  61|0x00000000a6300000, 0x00000000a6400000, 0x00000000a6400000|100%|HS|  |TAMS 0x00000000a6400000| PB 0x00000000a6300000| Complete |  0
|  62|0x00000000a6400000, 0x00000000a6500000, 0x00000000a6500000|100%|HC|  |TAMS 0x00000000a6500000| PB 0x00000000a6400000| Complete |  0
|  63|0x00000000a6500000, 0x00000000a6600000, 0x00000000a6600000|100%|HC|  |TAMS 0x00000000a6600000| PB 0x00000000a6500000| Complete |  0
|  64|0x00000000a6600000, 0x00000000a6700000, 0x00000000a6700000|100%|HS|  |TAMS 0x00000000a6700000| PB 0x00000000a6600000| Complete |  0
|  65|0x00000000a6700000, 0x00000000a6800000, 0x00000000a6800000|100%|HC|  |TAMS 0x00000000a6800000| PB 0x00000000a6700000| Complete |  0
|  66|0x00000000a6800000, 0x00000000a6900000, 0x00000000a6900000|100%|HS|  |TAMS 0x00000000a6900000| PB 0x00000000a6800000| Complete |  0
|  67|0x00000000a6900000, 0x00000000a6a00000, 0x00000000a6a00000|100%|HC|  |TAMS 0x00000000a6a00000| PB 0x00000000a6900000| Complete |  0
|  68|0x00000000a6a00000, 0x00000000a6b00000, 0x00000000a6b00000|100%|HC|  |TAMS 0x00000000a6b00000| PB 0x00000000a6a00000| Complete |  0
|  69|0x00000000a6b00000, 0x00000000a6c00000, 0x00000000a6c00000|100%|HC|  |TAMS 0x00000000a6c00000| PB 0x00000000a6b00000| Complete |  0
|  70|0x00000000a6c00000, 0x00000000a6d00000, 0x00000000a6d00000|100%|HC|  |TAMS 0x00000000a6d00000| PB 0x00000000a6c00000| Complete |  0
|  71|0x00000000a6d00000, 0x00000000a6e00000, 0x00000000a6e00000|100%|HC|  |TAMS 0x00000000a6e00000| PB 0x00000000a6d00000| Complete |  0
|  72|0x00000000a6e00000, 0x00000000a6f00000, 0x00000000a6f00000|100%|HC|  |TAMS 0x00000000a6f00000| PB 0x00000000a6e00000| Complete |  0
|  73|0x00000000a6f00000, 0x00000000a7000000, 0x00000000a7000000|100%|HC|  |TAMS 0x00000000a7000000| PB 0x00000000a6f00000| Complete |  0
|  74|0x00000000a7000000, 0x00000000a7100000, 0x00000000a7100000|100%|HC|  |TAMS 0x00000000a7100000| PB 0x00000000a7000000| Complete |  0
|  75|0x00000000a7100000, 0x00000000a7200000, 0x00000000a7200000|100%|HC|  |TAMS 0x00000000a7200000| PB 0x00000000a7100000| Complete |  0
|  76|0x00000000a7200000, 0x00000000a7300000, 0x00000000a7300000|100%|HC|  |TAMS 0x00000000a7300000| PB 0x00000000a7200000| Complete |  0
|  77|0x00000000a7300000, 0x00000000a7400000, 0x00000000a7400000|100%|HS|  |TAMS 0x00000000a7400000| PB 0x00000000a7300000| Complete |  0
|  78|0x00000000a7400000, 0x00000000a7500000, 0x00000000a7500000|100%|HC|  |TAMS 0x00000000a7500000| PB 0x00000000a7400000| Complete |  0
|  79|0x00000000a7500000, 0x00000000a7600000, 0x00000000a7600000|100%|HS|  |TAMS 0x00000000a7600000| PB 0x00000000a7500000| Complete |  0
|  80|0x00000000a7600000, 0x00000000a7700000, 0x00000000a7700000|100%|HC|  |TAMS 0x00000000a7700000| PB 0x00000000a7600000| Complete |  0
|  81|0x00000000a7700000, 0x00000000a7800000, 0x00000000a7800000|100%|HC|  |TAMS 0x00000000a7800000| PB 0x00000000a7700000| Complete |  0
|  82|0x00000000a7800000, 0x00000000a7900000, 0x00000000a7900000|100%|HC|  |TAMS 0x00000000a7900000| PB 0x00000000a7800000| Complete |  0
|  83|0x00000000a7900000, 0x00000000a7a00000, 0x00000000a7a00000|100%|HC|  |TAMS 0x00000000a7a00000| PB 0x00000000a7900000| Complete |  0
|  84|0x00000000a7a00000, 0x00000000a7b00000, 0x00000000a7b00000|100%|HC|  |TAMS 0x00000000a7b00000| PB 0x00000000a7a00000| Complete |  0
|  85|0x00000000a7b00000, 0x00000000a7c00000, 0x00000000a7c00000|100%|HC|  |TAMS 0x00000000a7c00000| PB 0x00000000a7b00000| Complete |  0
|  86|0x00000000a7c00000, 0x00000000a7d00000, 0x00000000a7d00000|100%|HC|  |TAMS 0x00000000a7d00000| PB 0x00000000a7c00000| Complete |  0
|  87|0x00000000a7d00000, 0x00000000a7e00000, 0x00000000a7e00000|100%|HC|  |TAMS 0x00000000a7e00000| PB 0x00000000a7d00000| Complete |  0
|  88|0x00000000a7e00000, 0x00000000a7f00000, 0x00000000a7f00000|100%|HS|  |TAMS 0x00000000a7f00000| PB 0x00000000a7e00000| Complete |  0
|  89|0x00000000a7f00000, 0x00000000a8000000, 0x00000000a8000000|100%|HC|  |TAMS 0x00000000a8000000| PB 0x00000000a7f00000| Complete |  0
|  90|0x00000000a8000000, 0x00000000a8100000, 0x00000000a8100000|100%|HS|  |TAMS 0x00000000a8000000| PB 0x00000000a8000000| Complete |  0
|  91|0x00000000a8100000, 0x00000000a8200000, 0x00000000a8200000|100%|HC|  |TAMS 0x00000000a8100000| PB 0x00000000a8100000| Complete |  0
|  92|0x00000000a8200000, 0x00000000a8300000, 0x00000000a8300000|100%|HC|  |TAMS 0x00000000a8200000| PB 0x00000000a8200000| Complete |  0
|  93|0x00000000a8300000, 0x00000000a8400000, 0x00000000a8400000|100%|HC|  |TAMS 0x00000000a8300000| PB 0x00000000a8300000| Complete |  0
|  94|0x00000000a8400000, 0x00000000a8500000, 0x00000000a8500000|100%|HC|  |TAMS 0x00000000a8400000| PB 0x00000000a8400000| Complete |  0
|  95|0x00000000a8500000, 0x00000000a8600000, 0x00000000a8600000|100%|HC|  |TAMS 0x00000000a8500000| PB 0x00000000a8500000| Complete |  0
|  96|0x00000000a8600000, 0x00000000a8700000, 0x00000000a8700000|100%|HC|  |TAMS 0x00000000a8600000| PB 0x00000000a8600000| Complete |  0
|  97|0x00000000a8700000, 0x00000000a8800000, 0x00000000a8800000|100%|HC|  |TAMS 0x00000000a8700000| PB 0x00000000a8700000| Complete |  0
|  98|0x00000000a8800000, 0x00000000a8900000, 0x00000000a8900000|100%|HC|  |TAMS 0x00000000a8800000| PB 0x00000000a8800000| Complete |  0
|  99|0x00000000a8900000, 0x00000000a8a00000, 0x00000000a8a00000|100%|HC|  |TAMS 0x00000000a8900000| PB 0x00000000a8900000| Complete |  0
| 100|0x00000000a8a00000, 0x00000000a8b00000, 0x00000000a8b00000|100%|HC|  |TAMS 0x00000000a8a00000| PB 0x00000000a8a00000| Complete |  0
| 101|0x00000000a8b00000, 0x00000000a8c00000, 0x00000000a8c00000|100%|HC|  |TAMS 0x00000000a8b00000| PB 0x00000000a8b00000| Complete |  0
| 102|0x00000000a8c00000, 0x00000000a8d00000, 0x00000000a8d00000|100%|HC|  |TAMS 0x00000000a8c00000| PB 0x00000000a8c00000| Complete |  0
| 103|0x00000000a8d00000, 0x00000000a8e00000, 0x00000000a8e00000|100%|HC|  |TAMS 0x00000000a8d00000| PB 0x00000000a8d00000| Complete |  0
| 104|0x00000000a8e00000, 0x00000000a8f00000, 0x00000000a8f00000|100%|HC|  |TAMS 0x00000000a8e00000| PB 0x00000000a8e00000| Complete |  0
| 105|0x00000000a8f00000, 0x00000000a9000000, 0x00000000a9000000|100%|HC|  |TAMS 0x00000000a8f00000| PB 0x00000000a8f00000| Complete |  0
| 106|0x00000000a9000000, 0x00000000a9100000, 0x00000000a9100000|100%|HC|  |TAMS 0x00000000a9000000| PB 0x00000000a9000000| Complete |  0
| 107|0x00000000a9100000, 0x00000000a9200000, 0x00000000a9200000|100%|HC|  |TAMS 0x00000000a9100000| PB 0x00000000a9100000| Complete |  0
| 108|0x00000000a9200000, 0x00000000a9300000, 0x00000000a9300000|100%|HC|  |TAMS 0x00000000a9200000| PB 0x00000000a9200000| Complete |  0
| 109|0x00000000a9300000, 0x00000000a9400000, 0x00000000a9400000|100%|HC|  |TAMS 0x00000000a9300000| PB 0x00000000a9300000| Complete |  0
| 110|0x00000000a9400000, 0x00000000a9500000, 0x00000000a9500000|100%|HC|  |TAMS 0x00000000a9400000| PB 0x00000000a9400000| Complete |  0
| 111|0x00000000a9500000, 0x00000000a9600000, 0x00000000a9600000|100%|HC|  |TAMS 0x00000000a9500000| PB 0x00000000a9500000| Complete |  0
| 112|0x00000000a9600000, 0x00000000a9700000, 0x00000000a9700000|100%|HC|  |TAMS 0x00000000a9600000| PB 0x00000000a9600000| Complete |  0
| 113|0x00000000a9700000, 0x00000000a9800000, 0x00000000a9800000|100%|HC|  |TAMS 0x00000000a9700000| PB 0x00000000a9700000| Complete |  0
| 114|0x00000000a9800000, 0x00000000a9900000, 0x00000000a9900000|100%|HC|  |TAMS 0x00000000a9800000| PB 0x00000000a9800000| Complete |  0
| 115|0x00000000a9900000, 0x00000000a9a00000, 0x00000000a9a00000|100%|HC|  |TAMS 0x00000000a9900000| PB 0x00000000a9900000| Complete |  0
| 116|0x00000000a9a00000, 0x00000000a9b00000, 0x00000000a9b00000|100%|HC|  |TAMS 0x00000000a9a00000| PB 0x00000000a9a00000| Complete |  0
| 117|0x00000000a9b00000, 0x00000000a9c00000, 0x00000000a9c00000|100%|HC|  |TAMS 0x00000000a9b00000| PB 0x00000000a9b00000| Complete |  0
| 118|0x00000000a9c00000, 0x00000000a9d00000, 0x00000000a9d00000|100%|HC|  |TAMS 0x00000000a9c00000| PB 0x00000000a9c00000| Complete |  0
| 119|0x00000000a9d00000, 0x00000000a9e00000, 0x00000000a9e00000|100%|HC|  |TAMS 0x00000000a9d00000| PB 0x00000000a9d00000| Complete |  0
| 120|0x00000000a9e00000, 0x00000000a9f00000, 0x00000000a9f00000|100%|HC|  |TAMS 0x00000000a9e00000| PB 0x00000000a9e00000| Complete |  0
| 121|0x00000000a9f00000, 0x00000000aa000000, 0x00000000aa000000|100%|HC|  |TAMS 0x00000000a9f00000| PB 0x00000000a9f00000| Complete |  0
| 122|0x00000000aa000000, 0x00000000aa100000, 0x00000000aa100000|100%|HC|  |TAMS 0x00000000aa000000| PB 0x00000000aa000000| Complete |  0
| 123|0x00000000aa100000, 0x00000000aa200000, 0x00000000aa200000|100%|HC|  |TAMS 0x00000000aa100000| PB 0x00000000aa100000| Complete |  0
| 124|0x00000000aa200000, 0x00000000aa300000, 0x00000000aa300000|100%|HC|  |TAMS 0x00000000aa200000| PB 0x00000000aa200000| Complete |  0
| 125|0x00000000aa300000, 0x00000000aa400000, 0x00000000aa400000|100%|HC|  |TAMS 0x00000000aa300000| PB 0x00000000aa300000| Complete |  0
| 126|0x00000000aa400000, 0x00000000aa500000, 0x00000000aa500000|100%|HC|  |TAMS 0x00000000aa400000| PB 0x00000000aa400000| Complete |  0
| 127|0x00000000aa500000, 0x00000000aa600000, 0x00000000aa600000|100%|HC|  |TAMS 0x00000000aa500000| PB 0x00000000aa500000| Complete |  0
| 128|0x00000000aa600000, 0x00000000aa600000, 0x00000000aa700000|  0%| F|  |TAMS 0x00000000aa600000| PB 0x00000000aa600000| Untracked |  0
| 129|0x00000000aa700000, 0x00000000aa700000, 0x00000000aa800000|  0%| F|  |TAMS 0x00000000aa700000| PB 0x00000000aa700000| Untracked |  0
| 130|0x00000000aa800000, 0x00000000aa800000, 0x00000000aa900000|  0%| F|  |TAMS 0x00000000aa800000| PB 0x00000000aa800000| Untracked |  0
| 131|0x00000000aa900000, 0x00000000aa900000, 0x00000000aaa00000|  0%| F|  |TAMS 0x00000000aa900000| PB 0x00000000aa900000| Untracked |  0
| 132|0x00000000aaa00000, 0x00000000aaa00000, 0x00000000aab00000|  0%| F|  |TAMS 0x00000000aaa00000| PB 0x00000000aaa00000| Untracked |  0
| 133|0x00000000aab00000, 0x00000000aab00000, 0x00000000aac00000|  0%| F|  |TAMS 0x00000000aab00000| PB 0x00000000aab00000| Untracked |  0
| 134|0x00000000aac00000, 0x00000000aac00000, 0x00000000aad00000|  0%| F|  |TAMS 0x00000000aac00000| PB 0x00000000aac00000| Untracked |  0
| 135|0x00000000aad00000, 0x00000000aad00000, 0x00000000aae00000|  0%| F|  |TAMS 0x00000000aad00000| PB 0x00000000aad00000| Untracked |  0
| 136|0x00000000aae00000, 0x00000000aae00000, 0x00000000aaf00000|  0%| F|  |TAMS 0x00000000aae00000| PB 0x00000000aae00000| Untracked |  0
| 137|0x00000000aaf00000, 0x00000000aaf00000, 0x00000000ab000000|  0%| F|  |TAMS 0x00000000aaf00000| PB 0x00000000aaf00000| Untracked |  0
| 138|0x00000000ab000000, 0x00000000ab000000, 0x00000000ab100000|  0%| F|  |TAMS 0x00000000ab000000| PB 0x00000000ab000000| Untracked |  0
| 139|0x00000000ab100000, 0x00000000ab100000, 0x00000000ab200000|  0%| F|  |TAMS 0x00000000ab100000| PB 0x00000000ab100000| Untracked |  0
| 140|0x00000000ab200000, 0x00000000ab200000, 0x00000000ab300000|  0%| F|  |TAMS 0x00000000ab200000| PB 0x00000000ab200000| Untracked |  0
| 141|0x00000000ab300000, 0x00000000ab300000, 0x00000000ab400000|  0%| F|  |TAMS 0x00000000ab300000| PB 0x00000000ab300000| Untracked |  0
| 142|0x00000000ab400000, 0x00000000ab400000, 0x00000000ab500000|  0%| F|  |TAMS 0x00000000ab400000| PB 0x00000000ab400000| Untracked |  0
| 143|0x00000000ab500000, 0x00000000ab500000, 0x00000000ab600000|  0%| F|  |TAMS 0x00000000ab500000| PB 0x00000000ab500000| Untracked |  0
| 144|0x00000000ab600000, 0x00000000ab600000, 0x00000000ab700000|  0%| F|  |TAMS 0x00000000ab600000| PB 0x00000000ab600000| Untracked |  0
| 145|0x00000000ab700000, 0x00000000ab700000, 0x00000000ab800000|  0%| F|  |TAMS 0x00000000ab700000| PB 0x00000000ab700000| Untracked |  0
| 146|0x00000000ab800000, 0x00000000ab800000, 0x00000000ab900000|  0%| F|  |TAMS 0x00000000ab800000| PB 0x00000000ab800000| Untracked |  0
| 147|0x00000000ab900000, 0x00000000ab900000, 0x00000000aba00000|  0%| F|  |TAMS 0x00000000ab900000| PB 0x00000000ab900000| Untracked |  0
| 148|0x00000000aba00000, 0x00000000aba00000, 0x00000000abb00000|  0%| F|  |TAMS 0x00000000aba00000| PB 0x00000000aba00000| Untracked |  0
| 149|0x00000000abb00000, 0x00000000abba6360, 0x00000000abc00000| 64%| S|CS|TAMS 0x00000000abb00000| PB 0x00000000abb00000| Complete |  0
| 150|0x00000000abc00000, 0x00000000abd00000, 0x00000000abd00000|100%| S|CS|TAMS 0x00000000abc00000| PB 0x00000000abc00000| Complete |  0
| 151|0x00000000abd00000, 0x00000000abd00000, 0x00000000abe00000|  0%| F|  |TAMS 0x00000000abd00000| PB 0x00000000abd00000| Untracked |  0
| 152|0x00000000abe00000, 0x00000000abf00000, 0x00000000abf00000|100%| S|CS|TAMS 0x00000000abe00000| PB 0x00000000abe00000| Complete |  0
| 153|0x00000000abf00000, 0x00000000abf00000, 0x00000000ac000000|  0%| F|  |TAMS 0x00000000abf00000| PB 0x00000000abf00000| Untracked |  0
| 154|0x00000000ac000000, 0x00000000ac000000, 0x00000000ac100000|  0%| F|  |TAMS 0x00000000ac000000| PB 0x00000000ac000000| Untracked |  0

Card table byte_map: [0x0000029573ca0000,0x0000029573f90000] _byte_map_base: 0x000002957378d000

Marking Bits: (CMBitMap*) 0x000002955a2728d0
 Bits: [0x0000029573f90000, 0x00000295756f8000)

Polling page: 0x0000029559f90000

Metaspace:

Usage:
  Non-class:      4.27 MB used.
      Class:    509.12 KB used.
       Both:      4.77 MB used.

Virtual space:
  Non-class space:       64.00 MB reserved,       4.38 MB (  7%) committed,  1 nodes.
      Class space:        1.00 GB reserved,     640.00 KB ( <1%) committed,  1 nodes.
             Both:        1.06 GB reserved,       5.00 MB ( <1%) committed. 

Chunk freelists:
   Non-Class:  10.88 MB
       Class:  15.24 MB
        Both:  26.12 MB

MaxMetaspaceSize: unlimited
CompressedClassSpaceSize: 1.00 GB
Initial GC threshold: 21.00 MB
Current GC threshold: 21.00 MB
CDS: on
 - commit_granule_bytes: 65536.
 - commit_granule_words: 8192.
 - virtual_space_node_default_size: 8388608.
 - enlarge_chunks_in_place: 1.
 - use_allocation_guard: 0.


Internal statistics:

num_allocs_failed_limit: 0.
num_arena_births: 126.
num_arena_deaths: 0.
num_vsnodes_births: 2.
num_vsnodes_deaths: 0.
num_space_committed: 80.
num_space_uncommitted: 0.
num_chunks_returned_to_freelist: 0.
num_chunks_taken_from_freelist: 149.
num_chunk_merges: 0.
num_chunk_splits: 93.
num_chunks_enlarged: 39.
num_inconsistent_stats: 0.

CodeHeap 'non-profiled nmethods': size=120000Kb used=296Kb max_used=296Kb free=119703Kb
 bounds [0x000002956b7f0000, 0x000002956ba60000, 0x0000029572d20000]
CodeHeap 'profiled nmethods': size=120000Kb used=1148Kb max_used=1291Kb free=118851Kb
 bounds [0x0000029563d20000, 0x0000029563f90000, 0x000002956b250000]
CodeHeap 'non-nmethods': size=5760Kb used=1463Kb max_used=1482Kb free=4296Kb
 bounds [0x000002956b250000, 0x000002956b4c0000, 0x000002956b7f0000]
 total_blobs=1353 nmethods=806 adapters=452
 compilation: enabled
              stopped_count=0, restarted_count=0
 full_count=0

Compilation events (20 events):
Event: 1.726 Thread 0x00000295783a9d00 nmethod 872 0x000002956b838110 code [0x000002956b8382a0, 0x000002956b838368]
Event: 1.740 Thread 0x00000295783a90a0 nmethod 873 0x000002956b838410 code [0x000002956b8385e0, 0x000002956b838b78]
Event: 1.740 Thread 0x00000295783a90a0  874       4       java.lang.StringBuilder::append (8 bytes)
Event: 1.747 Thread 0x00000295783a90a0 nmethod 874 0x000002956b838e10 code [0x000002956b838fe0, 0x000002956b839688]
Event: 1.779 Thread 0x00000295783a9d00  875       3       java.lang.Float::isNaN (12 bytes)
Event: 1.779 Thread 0x00000295783a9d00 nmethod 875 0x0000029563d5d490 code [0x0000029563d5d620, 0x0000029563d5d780]
Event: 1.781 Thread 0x00000295783a9d00  876       3       java.util.Locale::hashCode (41 bytes)
Event: 1.781 Thread 0x00000295783a90a0  877       4       java.util.Calendar::internalSet (8 bytes)
Event: 1.781 Thread 0x00000295783a9d00 nmethod 876 0x0000029563d26b90 code [0x0000029563d26d40, 0x0000029563d26f40]
Event: 1.786 Thread 0x00000295783a90a0 nmethod 877 0x000002956b839990 code [0x000002956b839b20, 0x000002956b839bf8]
Event: 1.821 Thread 0x00000295783a9d00  878       1       java.awt.Component::getObjectLock (5 bytes)
Event: 1.822 Thread 0x00000295783a9d00 nmethod 878 0x000002956b839d10 code [0x000002956b839ea0, 0x000002956b839f70]
Event: 1.822 Thread 0x00000295783a9d00  879       3       java.lang.String::lastIndexOf (29 bytes)
Event: 1.822 Thread 0x00000295783a9d00 nmethod 879 0x0000029563de8c90 code [0x0000029563de8e60, 0x0000029563de90f8]
Event: 1.822 Thread 0x00000295783a9d00  880       3       java.lang.StringLatin1::inflate (34 bytes)
Event: 1.822 Thread 0x00000295783a9d00 nmethod 880 0x0000029563d4d710 code [0x0000029563d4d8c0, 0x0000029563d4dac0]
Event: 1.822 Thread 0x00000295783a90a0  881       4       jdk.internal.util.Preconditions::checkFromToIndex (24 bytes)
Event: 1.823 Thread 0x00000295783a90a0 nmethod 881 0x000002956b83a010 code [0x000002956b83a1a0, 0x000002956b83a288]
Event: 1.824 Thread 0x00000295783a9d00  882       3       java.lang.String::lastIndexOf (12 bytes)
Event: 1.825 Thread 0x00000295783a9d00 nmethod 882 0x0000029563d28e90 code [0x0000029563d29080, 0x0000029563d29470]

GC Heap History (20 events):
Event: 1.240 GC heap before
{Heap before GC invocations=2 (full 0):
 garbage-first heap   total reserved 1533952K, committed 96256K, used 63302K [0x00000000a2600000, 0x0000000100000000)
  region size 1024K, 14 young (14336K), 3 survivors (3072K)
 Metaspace       used 4875K, committed 5056K, reserved 1114112K
  class space    used 506K, committed 640K, reserved 1048576K
}
Event: 1.243 GC heap after
{Heap after GC invocations=3 (full 0):
 garbage-first heap   total reserved 1533952K, committed 96256K, used 52961K [0x00000000a2600000, 0x0000000100000000)
  region size 1024K, 3 young (3072K), 3 survivors (3072K)
 Metaspace       used 4875K, committed 5056K, reserved 1114112K
  class space    used 506K, committed 640K, reserved 1048576K
}
Event: 1.332 GC heap before
{Heap before GC invocations=4 (full 0):
 garbage-first heap   total reserved 1533952K, committed 96256K, used 58081K [0x00000000a2600000, 0x0000000100000000)
  region size 1024K, 7 young (7168K), 3 survivors (3072K)
 Metaspace       used 4875K, committed 5056K, reserved 1114112K
  class space    used 506K, committed 640K, reserved 1048576K
}
Event: 1.335 GC heap after
{Heap after GC invocations=5 (full 0):
 garbage-first heap   total reserved 1533952K, committed 96256K, used 55117K [0x00000000a2600000, 0x0000000100000000)
  region size 1024K, 3 young (3072K), 3 survivors (3072K)
 Metaspace       used 4875K, committed 5056K, reserved 1114112K
  class space    used 506K, committed 640K, reserved 1048576K
}
Event: 1.384 GC heap before
{Heap before GC invocations=6 (full 0):
 garbage-first heap   total reserved 1533952K, committed 106496K, used 71501K [0x00000000a2600000, 0x0000000100000000)
  region size 1024K, 12 young (12288K), 3 survivors (3072K)
 Metaspace       used 4875K, committed 5056K, reserved 1114112K
  class space    used 506K, committed 640K, reserved 1048576K
}
Event: 1.388 GC heap after
{Heap after GC invocations=7 (full 0):
 garbage-first heap   total reserved 1533952K, committed 106496K, used 63207K [0x00000000a2600000, 0x0000000100000000)
  region size 1024K, 3 young (3072K), 3 survivors (3072K)
 Metaspace       used 4875K, committed 5056K, reserved 1114112K
  class space    used 506K, committed 640K, reserved 1048576K
}
Event: 1.436 GC heap before
{Heap before GC invocations=8 (full 0):
 garbage-first heap   total reserved 1533952K, committed 109568K, used 67303K [0x00000000a2600000, 0x0000000100000000)
  region size 1024K, 6 young (6144K), 3 survivors (3072K)
 Metaspace       used 4877K, committed 5056K, reserved 1114112K
  class space    used 507K, committed 640K, reserved 1048576K
}
Event: 1.440 GC heap after
{Heap after GC invocations=9 (full 0):
 garbage-first heap   total reserved 1533952K, committed 109568K, used 65178K [0x00000000a2600000, 0x0000000100000000)
  region size 1024K, 3 young (3072K), 3 survivors (3072K)
 Metaspace       used 4877K, committed 5056K, reserved 1114112K
  class space    used 507K, committed 640K, reserved 1048576K
}
Event: 1.463 GC heap before
{Heap before GC invocations=10 (full 0):
 garbage-first heap   total reserved 1533952K, committed 114688K, used 71322K [0x00000000a2600000, 0x0000000100000000)
  region size 1024K, 7 young (7168K), 3 survivors (3072K)
 Metaspace       used 4877K, committed 5056K, reserved 1114112K
  class space    used 507K, committed 640K, reserved 1048576K
}
Event: 1.468 GC heap after
{Heap after GC invocations=11 (full 0):
 garbage-first heap   total reserved 1533952K, committed 114688K, used 68310K [0x00000000a2600000, 0x0000000100000000)
  region size 1024K, 3 young (3072K), 3 survivors (3072K)
 Metaspace       used 4877K, committed 5056K, reserved 1114112K
  class space    used 507K, committed 640K, reserved 1048576K
}
Event: 1.492 GC heap before
{Heap before GC invocations=12 (full 0):
 garbage-first heap   total reserved 1533952K, committed 117760K, used 72406K [0x00000000a2600000, 0x0000000100000000)
  region size 1024K, 6 young (6144K), 3 survivors (3072K)
 Metaspace       used 4877K, committed 5056K, reserved 1114112K
  class space    used 507K, committed 640K, reserved 1048576K
}
Event: 1.496 GC heap after
{Heap after GC invocations=13 (full 0):
 garbage-first heap   total reserved 1533952K, committed 117760K, used 70129K [0x00000000a2600000, 0x0000000100000000)
  region size 1024K, 3 young (3072K), 3 survivors (3072K)
 Metaspace       used 4877K, committed 5056K, reserved 1114112K
  class space    used 507K, committed 640K, reserved 1048576K
}
Event: 1.601 GC heap before
{Heap before GC invocations=14 (full 0):
 garbage-first heap   total reserved 1533952K, committed 137216K, used 92657K [0x00000000a2600000, 0x0000000100000000)
  region size 1024K, 15 young (15360K), 3 survivors (3072K)
 Metaspace       used 4877K, committed 5056K, reserved 1114112K
  class space    used 507K, committed 640K, reserved 1048576K
}
Event: 1.608 GC heap after
{Heap after GC invocations=15 (full 0):
 garbage-first heap   total reserved 1533952K, committed 137216K, used 81562K [0x00000000a2600000, 0x0000000100000000)
  region size 1024K, 3 young (3072K), 3 survivors (3072K)
 Metaspace       used 4877K, committed 5056K, reserved 1114112K
  class space    used 507K, committed 640K, reserved 1048576K
}
Event: 1.728 GC heap before
{Heap before GC invocations=16 (full 0):
 garbage-first heap   total reserved 1533952K, committed 140288K, used 85658K [0x00000000a2600000, 0x0000000100000000)
  region size 1024K, 6 young (6144K), 3 survivors (3072K)
 Metaspace       used 4885K, committed 5120K, reserved 1114112K
  class space    used 509K, committed 640K, reserved 1048576K
}
Event: 1.732 GC heap after
{Heap after GC invocations=17 (full 0):
 garbage-first heap   total reserved 1533952K, committed 140288K, used 83593K [0x00000000a2600000, 0x0000000100000000)
  region size 1024K, 3 young (3072K), 3 survivors (3072K)
 Metaspace       used 4885K, committed 5120K, reserved 1114112K
  class space    used 509K, committed 640K, reserved 1048576K
}
Event: 1.782 GC heap before
{Heap before GC invocations=18 (full 0):
 garbage-first heap   total reserved 1533952K, committed 155648K, used 102025K [0x00000000a2600000, 0x0000000100000000)
  region size 1024K, 13 young (13312K), 3 survivors (3072K)
 Metaspace       used 4885K, committed 5120K, reserved 1114112K
  class space    used 509K, committed 640K, reserved 1048576K
}
Event: 1.786 GC heap after
{Heap after GC invocations=19 (full 0):
 garbage-first heap   total reserved 1533952K, committed 155648K, used 92803K [0x00000000a2600000, 0x0000000100000000)
  region size 1024K, 3 young (3072K), 3 survivors (3072K)
 Metaspace       used 4885K, committed 5120K, reserved 1114112K
  class space    used 509K, committed 640K, reserved 1048576K
}
Event: 1.825 GC heap before
{Heap before GC invocations=20 (full 0):
 garbage-first heap   total reserved 1533952K, committed 158720K, used 96899K [0x00000000a2600000, 0x0000000100000000)
  region size 1024K, 6 young (6144K), 3 survivors (3072K)
 Metaspace       used 4885K, committed 5120K, reserved 1114112K
  class space    used 509K, committed 640K, reserved 1048576K
}
Event: 1.830 GC heap after
{Heap after GC invocations=21 (full 0):
 garbage-first heap   total reserved 1533952K, committed 158720K, used 94872K [0x00000000a2600000, 0x0000000100000000)
  region size 1024K, 3 young (3072K), 3 survivors (3072K)
 Metaspace       used 4885K, committed 5120K, reserved 1114112K
  class space    used 509K, committed 640K, reserved 1048576K
}

Dll operation events (8 events):
Event: 0.019 Loaded shared library C:\Program Files\Java\jdk-22\bin\java.dll
Event: 0.070 Loaded shared library C:\Program Files\Java\jdk-22\bin\jsvml.dll
Event: 0.113 Loaded shared library C:\Program Files\Java\jdk-22\bin\net.dll
Event: 0.116 Loaded shared library C:\Program Files\Java\jdk-22\bin\nio.dll
Event: 0.151 Loaded shared library C:\Program Files\Java\jdk-22\bin\zip.dll
Event: 0.168 Loaded shared library C:\Program Files\Java\jdk-22\bin\jimage.dll
Event: 0.192 Loaded shared library C:\Program Files\Java\jdk-22\bin\awt.dll
Event: 0.606 Loaded shared library C:\Program Files\Java\jdk-22\bin\javajpeg.dll

Deoptimization events (20 events):
Event: 0.875 Thread 0x0000029546630b80 DEOPT PACKING pc=0x0000029563e57e58 sp=0x000000af809fe540
Event: 0.875 Thread 0x0000029546630b80 DEOPT UNPACKING pc=0x000002956b2a4e42 sp=0x000000af809fd9d0 mode 0
Event: 0.875 Thread 0x0000029546630b80 DEOPT PACKING pc=0x0000029563e57e58 sp=0x000000af809fe540
Event: 0.875 Thread 0x0000029546630b80 DEOPT UNPACKING pc=0x000002956b2a4e42 sp=0x000000af809fd9d0 mode 0
Event: 0.876 Thread 0x0000029546630b80 DEOPT PACKING pc=0x0000029563e57e58 sp=0x000000af809fe540
Event: 0.876 Thread 0x0000029546630b80 DEOPT UNPACKING pc=0x000002956b2a4e42 sp=0x000000af809fd9d0 mode 0
Event: 0.876 Thread 0x0000029546630b80 DEOPT PACKING pc=0x0000029563e57e58 sp=0x000000af809fe540
Event: 0.876 Thread 0x0000029546630b80 DEOPT UNPACKING pc=0x000002956b2a4e42 sp=0x000000af809fd9d0 mode 0
Event: 0.876 Thread 0x0000029546630b80 DEOPT PACKING pc=0x0000029563e57e58 sp=0x000000af809fe540
Event: 0.876 Thread 0x0000029546630b80 DEOPT UNPACKING pc=0x000002956b2a4e42 sp=0x000000af809fd9d0 mode 0
Event: 0.877 Thread 0x0000029546630b80 DEOPT PACKING pc=0x0000029563e57e58 sp=0x000000af809fe540
Event: 0.877 Thread 0x0000029546630b80 DEOPT UNPACKING pc=0x000002956b2a4e42 sp=0x000000af809fd9d0 mode 0
Event: 0.877 Thread 0x0000029546630b80 DEOPT PACKING pc=0x0000029563e57e58 sp=0x000000af809fe540
Event: 0.877 Thread 0x0000029546630b80 DEOPT UNPACKING pc=0x000002956b2a4e42 sp=0x000000af809fd9d0 mode 0
Event: 0.878 Thread 0x0000029546630b80 DEOPT PACKING pc=0x0000029563e57e58 sp=0x000000af809fe540
Event: 0.878 Thread 0x0000029546630b80 DEOPT UNPACKING pc=0x000002956b2a4e42 sp=0x000000af809fd9d0 mode 0
Event: 0.878 Thread 0x0000029546630b80 DEOPT PACKING pc=0x0000029563e57e58 sp=0x000000af809fe540
Event: 0.878 Thread 0x0000029546630b80 DEOPT UNPACKING pc=0x000002956b2a4e42 sp=0x000000af809fd9d0 mode 0
Event: 0.878 Thread 0x0000029546630b80 DEOPT PACKING pc=0x0000029563e57e58 sp=0x000000af809fe540
Event: 0.878 Thread 0x0000029546630b80 DEOPT UNPACKING pc=0x000002956b2a4e42 sp=0x000000af809fd9d0 mode 0

Classes loaded (20 events):
Event: 0.620 Loading class java/awt/image/RenderedImage
Event: 0.620 Loading class java/awt/image/RenderedImage done
Event: 0.620 Loading class java/awt/image/WritableRenderedImage done
Event: 0.621 Loading class java/awt/image/BufferedImage done
Event: 0.621 Loading class java/awt/image/BufferedImage$1
Event: 0.621 Loading class java/awt/image/BufferedImage$1 done
Event: 0.679 Loading class java/awt/image/ReplicateScaleFilter
Event: 0.679 Loading class java/awt/image/ImageFilter
Event: 0.679 Loading class java/awt/image/ImageFilter done
Event: 0.679 Loading class java/awt/image/ReplicateScaleFilter done
Event: 0.679 Loading class java/awt/image/FilteredImageSource
Event: 0.680 Loading class java/awt/image/FilteredImageSource done
Event: 1.428 Loading class sun/awt/AppContext$PostShutdownEventRunnable
Event: 1.429 Loading class sun/awt/AppContext$PostShutdownEventRunnable done
Event: 1.429 Loading class sun/awt/AWTAutoShutdown$1
Event: 1.429 Loading class sun/awt/AWTAutoShutdown$1 done
Event: 1.722 Loading class jdk/internal/foreign/MemorySessionImpl
Event: 1.724 Loading class java/lang/foreign/MemorySegment$Scope
Event: 1.724 Loading class java/lang/foreign/MemorySegment$Scope done
Event: 1.724 Loading class jdk/internal/foreign/MemorySessionImpl done

Classes unloaded (0 events):
No events

Classes redefined (0 events):
No events

Internal exceptions (14 events):
Event: 0.118 Thread 0x0000029559fdd080 Exception <a 'sun/nio/fs/WindowsException'{0x00000000a82bc360}> (0x00000000a82bc360) 
thrown [s\open\src\hotspot\share\prims\jni.cpp, line 520]
Event: 0.121 Thread 0x0000029559fdd080 Exception <a 'sun/nio/fs/WindowsException'{0x00000000a82bea30}> (0x00000000a82bea30) 
thrown [s\open\src\hotspot\share\prims\jni.cpp, line 520]
Event: 0.121 Thread 0x0000029559fdd080 Exception <a 'sun/nio/fs/WindowsException'{0x00000000a82bf5c8}> (0x00000000a82bf5c8) 
thrown [s\open\src\hotspot\share\prims\jni.cpp, line 520]
Event: 0.177 Thread 0x0000029559fdd080 Exception <a 'java/lang/ClassNotFoundException'{0x00000000a818e110}: sun/awt/resources/spi/awtProvider> (0x00000000a818e110) 
thrown [s\open\src\hotspot\share\classfile\systemDictionary.cpp, line 313]
Event: 0.209 Thread 0x0000029559fdd080 Exception <a 'java/io/FileNotFoundException'{0x00000000a81e1d20}> (0x00000000a81e1d20) 
thrown [s\open\src\hotspot\share\prims\jni.cpp, line 520]
Event: 0.220 Thread 0x0000029559fdd080 Exception <a 'java/io/FileNotFoundException'{0x00000000a8010438}> (0x00000000a8010438) 
thrown [s\open\src\hotspot\share\prims\jni.cpp, line 520]
Event: 0.446 Thread 0x0000029559fdd080 Exception <a 'java/lang/NoSuchMethodError'{0x00000000a80a9a90}: 'void java.lang.invoke.DirectMethodHandle$Holder.invokeSpecial(java.lang.Object, java.lang.Object, java.lang.Object)'> (0x00000000a80a9a90) 
thrown [s\open\src\hotspot\share\interpreter\linkResolver.cpp, line 774]
Event: 0.454 Thread 0x0000029559fdd080 Exception <a 'java/lang/NoSuchMethodError'{0x00000000a80cfe70}: 'java.lang.Object java.lang.invoke.DirectMethodHandle$Holder.newInvokeSpecial(java.lang.Object, java.lang.Object, java.lang.Object, java.lang.Object, java.lang.Object)'> (0x00000000a80cfe70) 
thrown [s\open\src\hotspot\share\interpreter\linkResolver.cpp, line 774]
Event: 0.463 Thread 0x0000029559fdd080 Exception <a 'java/lang/NoSuchMethodError'{0x00000000a7f817a0}: 'java.lang.Object java.lang.invoke.DirectMethodHandle$Holder.invokeStatic(java.lang.Object, int, java.lang.Object)'> (0x00000000a7f817a0) 
thrown [s\open\src\hotspot\share\interpreter\linkResolver.cpp, line 774]
Event: 0.495 Thread 0x0000029559fdd080 Exception <a 'java/lang/ClassNotFoundException'{0x00000000a7e23a60}: com/sun/swing/internal/plaf/metal/resources/spi/metalProvider> (0x00000000a7e23a60) 
thrown [s\open\src\hotspot\share\classfile\systemDictionary.cpp, line 313]
Event: 0.496 Thread 0x0000029559fdd080 Exception <a 'java/lang/ClassNotFoundException'{0x00000000a7e27a10}: com/sun/swing/internal/plaf/basic/resources/spi/basicProvider> (0x00000000a7e27a10) 
thrown [s\open\src\hotspot\share\classfile\systemDictionary.cpp, line 313]
Event: 0.508 Thread 0x0000029559fdd080 Exception <a 'java/lang/NoSuchMethodError'{0x00000000a7e47100}: 'int java.lang.invoke.Invokers$Holder.invokeExact_MT(java.lang.Object, java.lang.Object)'> (0x00000000a7e47100) 
thrown [s\open\src\hotspot\share\interpreter\linkResolver.cpp, line 774]
Event: 0.608 Thread 0x0000029546630b80 Exception <a 'java/lang/NoSuchMethodError'{0x00000000a7c2a8d0}: 'java.lang.Object java.lang.invoke.DirectMethodHandle$Holder.newInvokeSpecial(java.lang.Object, java.lang.Object, java.lang.Object, int, int, int, int, int)'> (0x00000000a7c2a8d0) 
thrown [s\open\src\hotspot\share\interpreter\linkResolver.cpp, line 774]
Event: 0.831 Thread 0x0000029546630b80 Implicit null exception at 0x000002956b8284ba to 0x000002956b828b98

ZGC Phase Switch (0 events):
No events

VM Operations (20 events):
Event: 1.608 Executing VM operation: G1TryInitiateConcMark (G1 Humongous Allocation) done
Event: 1.610 Executing VM operation: G1PauseRemark
Event: 1.612 Executing VM operation: G1PauseRemark done
Event: 1.612 Executing VM operation: G1PauseCleanup
Event: 1.612 Executing VM operation: G1PauseCleanup done
Event: 1.728 Executing VM operation: G1TryInitiateConcMark (G1 Humongous Allocation)
Event: 1.732 Executing VM operation: G1TryInitiateConcMark (G1 Humongous Allocation) done
Event: 1.733 Executing VM operation: G1PauseRemark
Event: 1.735 Executing VM operation: G1PauseRemark done
Event: 1.735 Executing VM operation: G1PauseCleanup
Event: 1.735 Executing VM operation: G1PauseCleanup done
Event: 1.782 Executing VM operation: G1TryInitiateConcMark (G1 Humongous Allocation)
Event: 1.786 Executing VM operation: G1TryInitiateConcMark (G1 Humongous Allocation) done
Event: 1.787 Executing VM operation: G1PauseRemark
Event: 1.788 Executing VM operation: G1PauseRemark done
Event: 1.788 Executing VM operation: G1PauseCleanup
Event: 1.788 Executing VM operation: G1PauseCleanup done
Event: 1.825 Executing VM operation: G1TryInitiateConcMark (G1 Humongous Allocation)
Event: 1.830 Executing VM operation: G1TryInitiateConcMark (G1 Humongous Allocation) done
Event: 1.831 Executing VM operation: G1PauseRemark

Events (20 events):
Event: 1.341 Thread 0x0000029578386ff0 flushing nmethod 0x0000029563e4a910
Event: 1.341 Thread 0x0000029578386ff0 flushing nmethod 0x0000029563e00e10
Event: 1.341 Thread 0x0000029578386ff0 flushing nmethod 0x0000029563e3ed10
Event: 1.341 Thread 0x0000029578386ff0 flushing nmethod 0x0000029563e41410
Event: 1.341 Thread 0x0000029578386ff0 flushing nmethod 0x0000029563e42410
Event: 1.341 Thread 0x0000029578386ff0 flushing nmethod 0x0000029563e4fa10
Event: 1.390 Thread 0x0000029578386ff0 flushing nmethod 0x0000029563d2f190
Event: 1.390 Thread 0x0000029578386ff0 flushing nmethod 0x0000029563e52390
Event: 1.390 Thread 0x0000029578386ff0 flushing nmethod 0x0000029563e53090
Event: 1.390 Thread 0x0000029578386ff0 flushing nmethod 0x0000029563e53d10
Event: 1.390 Thread 0x0000029578386ff0 flushing nmethod 0x0000029563e54210
Event: 1.429 Thread 0x000002954543bc60 Thread exited: 0x000002954543bc60
Event: 1.470 Thread 0x0000029578386ff0 flushing nmethod 0x0000029563dd8610
Event: 1.612 Thread 0x0000029578386ff0 flushing nmethod 0x0000029563d5bf10
Event: 1.734 Thread 0x0000029578386ff0 flushing nmethod 0x0000029563d4f210
Event: 1.788 Thread 0x0000029578386ff0 flushing nmethod 0x0000029563d4ee90
Event: 1.788 Thread 0x0000029578386ff0 flushing nmethod 0x0000029563d5cf10
Event: 1.788 Thread 0x0000029578386ff0 flushing nmethod 0x0000029563d5d810
Event: 1.788 Thread 0x0000029578386ff0 flushing nmethod 0x0000029563d81810
Event: 1.840 Thread 0x0000029578386ff0 flushing nmethod 0x0000029563e57090


Dynamic libraries:
0x00007ff7dc790000 - 0x00007ff7dc7a0000 	C:\Program Files\Java\jdk-22\bin\java.exe
0x00007ff8e16f0000 - 0x00007ff8e1907000 	C:\Windows\SYSTEM32\ntdll.dll
0x00007ff8e10e0000 - 0x00007ff8e11a4000 	C:\Windows\System32\KERNEL32.DLL
0x00007ff8decf0000 - 0x00007ff8df09d000 	C:\Windows\System32\KERNELBASE.dll
0x00007ff8deb60000 - 0x00007ff8dec71000 	C:\Windows\System32\ucrtbase.dll
0x00007ff84bfb0000 - 0x00007ff84bfcb000 	C:\Program Files\Java\jdk-22\bin\VCRUNTIME140.dll
0x00007ff8d43a0000 - 0x00007ff8d43b7000 	C:\Program Files\Java\jdk-22\bin\jli.dll
0x00007ff8e11f0000 - 0x00007ff8e12a2000 	C:\Windows\System32\ADVAPI32.dll
0x00007ff8e0d70000 - 0x00007ff8e0e17000 	C:\Windows\System32\msvcrt.dll
0x00007ff8e12c0000 - 0x00007ff8e1369000 	C:\Windows\System32\sechost.dll
0x00007ff8df400000 - 0x00007ff8df428000 	C:\Windows\System32\bcrypt.dll
0x00007ff8df740000 - 0x00007ff8df854000 	C:\Windows\System32\RPCRT4.dll
0x00007ff8df590000 - 0x00007ff8df73e000 	C:\Windows\System32\USER32.dll
0x00007ff8df3d0000 - 0x00007ff8df3f6000 	C:\Windows\System32\win32u.dll
0x00007ff8e11b0000 - 0x00007ff8e11d9000 	C:\Windows\System32\GDI32.dll
0x00007ff8df2b0000 - 0x00007ff8df3c9000 	C:\Windows\System32\gdi32full.dll
0x00007ff8c25b0000 - 0x00007ff8c2843000 	C:\Windows\WinSxS\amd64_microsoft.windows.common-controls_6595b64144ccf1df_6.0.22621.3672_none_2713b9d173822955\COMCTL32.dll
0x00007ff8df210000 - 0x00007ff8df2aa000 	C:\Windows\System32\msvcp_win.dll
0x00007ff8d4990000 - 0x00007ff8d499a000 	C:\Windows\SYSTEM32\VERSION.dll
0x00007ff8dfac0000 - 0x00007ff8dfaf1000 	C:\Windows\System32\IMM32.DLL
0x00007ff87e340000 - 0x00007ff87e34c000 	C:\Program Files\Java\jdk-22\bin\vcruntime140_1.dll
0x00007ff841410000 - 0x00007ff84149e000 	C:\Program Files\Java\jdk-22\bin\msvcp140.dll
0x00007ff841880000 - 0x00007ff8425c7000 	C:\Program Files\Java\jdk-22\bin\server\jvm.dll
0x00007ff8e1420000 - 0x00007ff8e1491000 	C:\Windows\System32\WS2_32.dll
0x00007ff8de730000 - 0x00007ff8de77d000 	C:\Windows\SYSTEM32\POWRPROF.dll
0x00007ff8da270000 - 0x00007ff8da2a4000 	C:\Windows\SYSTEM32\WINMM.dll
0x00007ff8de710000 - 0x00007ff8de723000 	C:\Windows\SYSTEM32\UMPDC.dll
0x00007ff8dda50000 - 0x00007ff8dda68000 	C:\Windows\SYSTEM32\kernel.appcore.dll
0x00007ff87d960000 - 0x00007ff87d96a000 	C:\Program Files\Java\jdk-22\bin\jimage.dll
0x00007ff8dc5d0000 - 0x00007ff8dc802000 	C:\Windows\SYSTEM32\DBGHELP.DLL
0x00007ff8e0820000 - 0x00007ff8e0ba8000 	C:\Windows\System32\combase.dll
0x00007ff8e0c30000 - 0x00007ff8e0d07000 	C:\Windows\System32\OLEAUT32.dll
0x00007ff8d5e90000 - 0x00007ff8d5ec2000 	C:\Windows\SYSTEM32\dbgcore.DLL
0x00007ff8dea20000 - 0x00007ff8dea9b000 	C:\Windows\System32\bcryptPrimitives.dll
0x00007ff841860000 - 0x00007ff84187e000 	C:\Program Files\Java\jdk-22\bin\java.dll
0x00007ff8dfb00000 - 0x00007ff8e035f000 	C:\Windows\System32\SHELL32.dll
0x00007ff8df860000 - 0x00007ff8dfa05000 	C:\Windows\System32\ole32.dll
0x00007ff8dc970000 - 0x00007ff8dd26c000 	C:\Windows\SYSTEM32\windows.storage.dll
0x00007ff8dc830000 - 0x00007ff8dc96f000 	C:\Windows\SYSTEM32\wintypes.dll
0x00007ff8e15b0000 - 0x00007ff8e16a4000 	C:\Windows\System32\SHCORE.dll
0x00007ff8e0d10000 - 0x00007ff8e0d6e000 	C:\Windows\System32\shlwapi.dll
0x00007ff8de950000 - 0x00007ff8de971000 	C:\Windows\SYSTEM32\profapi.dll
0x00007ff842780000 - 0x00007ff842857000 	C:\Program Files\Java\jdk-22\bin\jsvml.dll
0x00007ff87d450000 - 0x00007ff87d460000 	C:\Program Files\Java\jdk-22\bin\net.dll
0x00007ff8ddec0000 - 0x00007ff8ddf29000 	C:\Windows\system32\mswsock.dll
0x00007ff842760000 - 0x00007ff842776000 	C:\Program Files\Java\jdk-22\bin\nio.dll
0x00007ff841630000 - 0x00007ff841647000 	C:\Program Files\Java\jdk-22\bin\zip.dll
0x00007ff8414a0000 - 0x00007ff84162e000 	C:\Program Files\Java\jdk-22\bin\awt.dll
0x00007ff8da070000 - 0x00007ff8da107000 	C:\Windows\SYSTEM32\apphelp.dll
0x00007ff8dbe60000 - 0x00007ff8dbe8b000 	C:\Windows\system32\DWMAPI.DLL
0x00007ff8dba30000 - 0x00007ff8dbadf000 	C:\Windows\system32\uxtheme.dll
0x00007ff85c3d0000 - 0x00007ff85c4d0000 	C:\Windows\system32\opengl32.dll
0x00007ff872090000 - 0x00007ff8720bd000 	C:\Windows\SYSTEM32\GLU32.dll
0x00007ff8dbba0000 - 0x00007ff8dbbd9000 	C:\Windows\SYSTEM32\dxcore.dll
0x00007ff8df430000 - 0x00007ff8df583000 	C:\Windows\System32\MSCTF.dll
0x00007ff877690000 - 0x00007ff877838000 	C:\Windows\system32\d3d9.dll
0x00007ff8d4a40000 - 0x00007ff8d4bfb000 	C:\Windows\System32\DriverStore\FileRepository\u0390835.inf_amd64_66888840aa4163cc\B390488\aticfx64.dll
0x00007ff8a3d80000 - 0x00007ff8a3db4000 	C:\Windows\System32\DriverStore\FileRepository\u0390835.inf_amd64_66888840aa4163cc\B390488\atiu9p64.dll
0x00007ff81a460000 - 0x00007ff81b1b5000 	C:\Windows\System32\DriverStore\FileRepository\u0390835.inf_amd64_66888840aa4163cc\B390488\atiumd64.dll
0x00000000614a0000 - 0x00000000623c8000 	C:\Windows\System32\DriverStore\FileRepository\u0390835.inf_amd64_66888840aa4163cc\B390488\atiumd6a.dll
0x00007ff8e03a0000 - 0x00007ff8e0814000 	C:\Windows\System32\SETUPAPI.dll
0x00007ff8d1870000 - 0x00007ff8d18a5000 	C:\Windows\SYSTEM32\amdihk64.dll
0x00007ff8d7100000 - 0x00007ff8d7149000 	C:\Windows\SYSTEM32\directxdatabasehelper.dll
0x00007ff8c3980000 - 0x00007ff8c39ae000 	C:\Program Files\Java\jdk-22\bin\javajpeg.dll

dbghelp: loaded successfully - version: 4.0.5 - missing functions: none
symbol engine: initialized successfully - sym options: 0x614 - pdb path: .;C:\Program Files\Java\jdk-22\bin;C:\Windows\SYSTEM32;C:\Windows\WinSxS\amd64_microsoft.windows.common-controls_6595b64144ccf1df_6.0.22621.3672_none_2713b9d173822955;C:\Program Files\Java\jdk-22\bin\server;C:\Windows\System32\DriverStore\FileRepository\u0390835.inf_amd64_66888840aa4163cc\B390488

VM Arguments:
jvm_args: -Dfile.encoding=UTF-8 --module-path=C:\Users\aishu\OneDrive\Documents\NetBeansProjects\Travel Management System\build\classes 
java_command: travel.management.system.CheckHotels
java_class_path (initial): C:\Users\aishu\Downloads\mysql-connector-java-8.0.28.jar;C:\Users\aishu\OneDrive\Documents\NetBeansProjects\Travel Management System\build\classes
Launcher Type: SUN_STANDARD

[Global flags]
     intx CICompilerCount                          = 4                                         {product} {ergonomic}
     uint ConcGCThreads                            = 3                                         {product} {ergonomic}
     uint G1ConcRefinementThreads                  = 10                                        {product} {ergonomic}
   size_t G1HeapRegionSize                         = 1048576                                   {product} {ergonomic}
   size_t InitialHeapSize                          = 98566144                                  {product} {ergonomic}
   size_t MarkStackSize                            = 4194304                                   {product} {ergonomic}
   size_t MaxHeapSize                              = 1570766848                                {product} {ergonomic}
   size_t MaxNewSize                               = 941621248                                 {product} {ergonomic}
   size_t MinHeapDeltaBytes                        = 1048576                                   {product} {ergonomic}
   size_t MinHeapSize                              = 8388608                                   {product} {ergonomic}
    uintx NonNMethodCodeHeapSize                   = 5839372                                {pd product} {ergonomic}
    uintx NonProfiledCodeHeapSize                  = 122909434                              {pd product} {ergonomic}
    uintx ProfiledCodeHeapSize                     = 122909434                              {pd product} {ergonomic}
    uintx ReservedCodeCacheSize                    = 251658240                              {pd product} {ergonomic}
     bool SegmentedCodeCache                       = true                                      {product} {ergonomic}
   size_t SoftMaxHeapSize                          = 1570766848                             {manageable} {ergonomic}
     bool UseCompressedOops                        = true                           {product lp64_product} {ergonomic}
     bool UseG1GC                                  = true                                      {product} {ergonomic}
     bool UseLargePagesIndividualAllocation        = false                                  {pd product} {ergonomic}

Logging:
Log output configuration:
 #0: stdout all=warning uptime,level,tags foldmultilines=false
 #1: stderr all=off uptime,level,tags foldmultilines=false

Environment Variables:
PATH=C:\Program Files\Common Files\Oracle\Java\javapath;C:\Windows\system32;C:\Windows;C:\Windows\System32\Wbem;C:\Windows\System32\WindowsPowerShell\v1.0\;C:\Windows\System32\OpenSSH\;C:\Program Files\dotnet\;C:\Users\aishu\AppData\Local\Programs\Python\Launcher\;C:\Users\aishu\AppData\Local\Microsoft\WindowsApps;C:\Users\aishu\AppData\Local\Programs\Microsoft VS Code\bin;C:\Program Files\JetBrains\PyCharm 2023.3.4\bin;;C:\MinGW\bin;
USERNAME=aishu
OS=Windows_NT
PROCESSOR_IDENTIFIER=AMD64 Family 23 Model 104 Stepping 1, AuthenticAMD
TMP=C:\Users\aishu\AppData\Local\Temp
TEMP=C:\Users\aishu\AppData\Local\Temp




Periodic native trim disabled

---------------  S Y S T E M  ---------------

OS:
 Windows 11 , 64 bit Build 22621 (10.0.22621.3672)
OS uptime: 3 days 0:01 hours

CPU: total 12 (initial active 12) (12 cores per cpu, 2 threads per core) family 23 model 104 stepping 1 microcode 0x0, cx8, cmov, fxsr, ht, mmx, 3dnowpref, sse, sse2, sse3, ssse3, sse4a, sse4.1, sse4.2, popcnt, lzcnt, tsc, tscinvbit, avx, avx2, aes, clmul, bmi1, bmi2, adx, sha, fma, vzeroupper, clflush, clflushopt, rdtscp, rdpid, f16c
Processor Information for processor 0
  Max Mhz: 2100, Current Mhz: 2100, Mhz Limit: 2100
Processor Information for processor 1
  Max Mhz: 2100, Current Mhz: 2100, Mhz Limit: 2100
Processor Information for processor 2
  Max Mhz: 2100, Current Mhz: 2100, Mhz Limit: 2100
Processor Information for processor 3
  Max Mhz: 2100, Current Mhz: 1813, Mhz Limit: 2100
Processor Information for processor 4
  Max Mhz: 2100, Current Mhz: 1813, Mhz Limit: 2100
Processor Information for processor 5
  Max Mhz: 2100, Current Mhz: 1813, Mhz Limit: 2100
Processor Information for processor 6
  Max Mhz: 2100, Current Mhz: 1813, Mhz Limit: 2100
Processor Information for processor 7
  Max Mhz: 2100, Current Mhz: 1813, Mhz Limit: 2100
Processor Information for processor 8
  Max Mhz: 2100, Current Mhz: 1813, Mhz Limit: 2100
Processor Information for processor 9
  Max Mhz: 2100, Current Mhz: 1813, Mhz Limit: 2100
Processor Information for processor 10
  Max Mhz: 2100, Current Mhz: 1813, Mhz Limit: 2100
Processor Information for processor 11
  Max Mhz: 2100, Current Mhz: 1813, Mhz Limit: 2100

Memory: 4k page, system-wide physical 5989M (339M free)
TotalPageFile size 24421M (AvailPageFile size 31M)
current process WorkingSet (physical memory assigned to process): 212M, peak: 212M
current process commit charge ("private bytes"): 267M, peak: 331M

vm_info: Java HotSpot(TM) 64-Bit Server VM (22.0.1+8-16) for windows-amd64 JRE (22.0.1+8-16), built on 2024-03-12T10:33:16Z by "mach5one" with MS VC++ 17.6 (VS2022)

END.
