#
# There is insufficient memory for the Java Runtime Environment to continue.
# Native memory allocation (malloc) failed to allocate 763056 bytes. Error detail: Chunk::new
# Possible reasons:
#   The system is out of physical RAM or swap space
#   This process is running with CompressedOops enabled, and the Java Heap may be blocking the growth of the native heap
# Possible solutions:
#   Reduce memory load on the system
#   Increase physical memory or swap space
#   Check if swap backing store is full
#   Decrease Java heap size (-Xmx/-Xms)
#   Decrease number of Java threads
#   Decrease Java thread stack sizes (-Xss)
#   Set larger code cache with -XX:ReservedCodeCacheSize=
#   JVM is running with Unscaled Compressed Oops mode in which the Java heap is
#     placed in the first 4GB address space. The Java Heap base address is the
#     maximum limit for the native heap growth. Please use -XX:HeapBaseMinAddress
#     to set the Java Heap base and to place the Java Heap above 4GB virtual address.
# This output file may be truncated or incomplete.
#
#  Out of Memory Error (arena.cpp:150), pid=5860, tid=16000
#
# JRE version: Java(TM) SE Runtime Environment (22.0.1+8) (build 22.0.1+8-16)
# Java VM: Java HotSpot(TM) 64-Bit Server VM (22.0.1+8-16, mixed mode, sharing, tiered, compressed oops, compressed class ptrs, g1 gc, windows-amd64)
# No core dump will be written. Minidumps are not enabled by default on client versions of Windows
#

---------------  S U M M A R Y ------------

Command Line: -Dfile.encoding=UTF-8 --module-path=C:\Users\aishu\OneDrive\Documents\NetBeansProjects\Travel Management System\build\classes travel.management.system.ForgetPassword

Host: AMD Ryzen 5 5500U with Radeon Graphics         , 12 cores, 5G,  Windows 11 , 64 bit Build 22621 (10.0.22621.3672)
Time: Sat Jul  6 21:27:20 2024 India Standard Time elapsed time: 18.657650 seconds (0d 0h 0m 18s)

---------------  T H R E A D  ---------------

Current thread (0x0000029a3f067480):  JavaThread "C2 CompilerThread0" daemon [_thread_in_native, id=16000, stack(0x000000afc2600000,0x000000afc2700000) (1024K)]


Current CompileTask:
C2:18657 2244   !   4       sun.awt.image.PNGImageDecoder::produceImage (1917 bytes)

Stack: [0x000000afc2600000,0x000000afc2700000]
Native frames: (J=compiled Java code, j=interpreted, Vv=VM code, C=native code)
V  [jvm.dll+0x6e2279]  (no source info available)
V  [jvm.dll+0x874e33]  (no source info available)
V  [jvm.dll+0x87725e]  (no source info available)
V  [jvm.dll+0x877933]  (no source info available)
V  [jvm.dll+0x27fd76]  (no source info available)
V  [jvm.dll+0xc3d0f]  (no source info available)
V  [jvm.dll+0xc3f6b]  (no source info available)
V  [jvm.dll+0x2f3c2f]  (no source info available)
V  [jvm.dll+0x60bc9a]  (no source info available)
V  [jvm.dll+0x249a35]  (no source info available)
V  [jvm.dll+0x246ec6]  (no source info available)
V  [jvm.dll+0x1c4e90]  (no source info available)
V  [jvm.dll+0x2569fe]  (no source info available)
V  [jvm.dll+0x254cba]  (no source info available)
V  [jvm.dll+0x3f5336]  (no source info available)
V  [jvm.dll+0x81d44b]  (no source info available)
V  [jvm.dll+0x6e0915]  (no source info available)
C  [ucrtbase.dll+0x29333]  (no source info available)
C  [KERNEL32.DLL+0x1257d]  (no source info available)
C  [ntdll.dll+0x5af28]  (no source info available)


---------------  P R O C E S S  ---------------

Threads class SMR info:
_java_thread_list=0x0000029a8b847520, length=20, elements={
0x0000029a3f0603a0, 0x0000029a3f060f60, 0x0000029a3f062b30, 0x0000029a3f063590,
0x0000029a3f063ff0, 0x0000029a3f064cb0, 0x0000029a3f067480, 0x0000029a3f0727e0,
0x0000029a3f274910, 0x0000029a3f3bba30, 0x0000029a3f4fdf40, 0x0000029a3f50b0a0,
0x0000029a3f50f610, 0x0000029a85e196d0, 0x0000029a20bde4a0, 0x0000029a3f2846b0,
0x0000029a85f900a0, 0x0000029a85f9f520, 0x0000029a8b8ee3a0, 0x0000029a8b8ecff0
}

Java Threads: ( => current thread )
  0x0000029a3f0603a0 JavaThread "Reference Handler"          daemon [_thread_blocked, id=34740, stack(0x000000afc2000000,0x000000afc2100000) (1024K)]
  0x0000029a3f060f60 JavaThread "Finalizer"                  daemon [_thread_blocked, id=13468, stack(0x000000afc2100000,0x000000afc2200000) (1024K)]
  0x0000029a3f062b30 JavaThread "Signal Dispatcher"          daemon [_thread_blocked, id=36252, stack(0x000000afc2200000,0x000000afc2300000) (1024K)]
  0x0000029a3f063590 JavaThread "Attach Listener"            daemon [_thread_blocked, id=37420, stack(0x000000afc2300000,0x000000afc2400000) (1024K)]
  0x0000029a3f063ff0 JavaThread "Service Thread"             daemon [_thread_blocked, id=14956, stack(0x000000afc2400000,0x000000afc2500000) (1024K)]
  0x0000029a3f064cb0 JavaThread "Monitor Deflation Thread"   daemon [_thread_blocked, id=38676, stack(0x000000afc2500000,0x000000afc2600000) (1024K)]
=>0x0000029a3f067480 JavaThread "C2 CompilerThread0"         daemon [_thread_in_native, id=16000, stack(0x000000afc2600000,0x000000afc2700000) (1024K)]
  0x0000029a3f0727e0 JavaThread "C1 CompilerThread0"         daemon [_thread_blocked, id=18428, stack(0x000000afc2700000,0x000000afc2800000) (1024K)]
  0x0000029a3f274910 JavaThread "Common-Cleaner"             daemon [_thread_blocked, id=36960, stack(0x000000afc2800000,0x000000afc2900000) (1024K)]
  0x0000029a3f3bba30 JavaThread "Notification Thread"        daemon [_thread_blocked, id=28460, stack(0x000000afc2900000,0x000000afc2a00000) (1024K)]
  0x0000029a3f4fdf40 JavaThread "Java2D Disposer"            daemon [_thread_blocked, id=28052, stack(0x000000afc2a00000,0x000000afc2b00000) (1024K)]
  0x0000029a3f50b0a0 JavaThread "AWT-Shutdown"                      [_thread_blocked, id=36188, stack(0x000000afc2b00000,0x000000afc2c00000) (1024K)]
  0x0000029a3f50f610 JavaThread "AWT-Windows"                daemon [_thread_in_native, id=8292, stack(0x000000afc2c00000,0x000000afc2d00000) (1024K)]
  0x0000029a85e196d0 JavaThread "AWT-EventQueue-0"                  [_thread_in_native, id=23816, stack(0x000000afc3800000,0x000000afc3900000) (1024K)]
  0x0000029a20bde4a0 JavaThread "DestroyJavaVM"                     [_thread_blocked, id=3660, stack(0x000000afc1800000,0x000000afc1900000) (1024K)]
  0x0000029a3f2846b0 JavaThread "D3D Screen Updater"         daemon [_thread_blocked, id=36040, stack(0x000000afc3a00000,0x000000afc3b00000) (1024K)]
  0x0000029a85f900a0 JavaThread "TimerQueue"                 daemon [_thread_blocked, id=32640, stack(0x000000afc3b00000,0x000000afc3c00000) (1024K)]
  0x0000029a85f9f520 JavaThread "mysql-cj-abandoned-connection-cleanup" daemon [_thread_blocked, id=36680, stack(0x000000afc3700000,0x000000afc3800000) (1024K)]
  0x0000029a8b8ee3a0 JavaThread "Image Fetcher 0"            daemon [_thread_blocked, id=33864, stack(0x000000afc3e00000,0x000000afc3f00000) (1024K)]
  0x0000029a8b8ecff0 JavaThread "Image Fetcher 1"            daemon [_thread_blocked, id=34284, stack(0x000000afc3f00000,0x000000afc4000000) (1024K)]
Total: 20

Other Threads:
  0x0000029a3f0455a0 VMThread "VM Thread"                           [id=26220, stack(0x000000afc1f00000,0x000000afc2000000) (1024K)]
  0x0000029a3f02e210 WatcherThread "VM Periodic Task Thread"        [id=34384, stack(0x000000afc1e00000,0x000000afc1f00000) (1024K)]
  0x0000029a22e821b0 WorkerThread "GC Thread#0"                     [id=28204, stack(0x000000afc1900000,0x000000afc1a00000) (1024K)]
  0x0000029a3f48a2b0 WorkerThread "GC Thread#1"                     [id=30204, stack(0x000000afc4000000,0x000000afc4100000) (1024K)]
  0x0000029a3f45e840 WorkerThread "GC Thread#2"                     [id=21980, stack(0x000000afc4100000,0x000000afc4200000) (1024K)]
  0x0000029a3f45ebf0 WorkerThread "GC Thread#3"                     [id=37928, stack(0x000000afc4200000,0x000000afc4300000) (1024K)]
  0x0000029a3f45efa0 WorkerThread "GC Thread#4"                     [id=37764, stack(0x000000afc4300000,0x000000afc4400000) (1024K)]
  0x0000029a3f45f350 WorkerThread "GC Thread#5"                     [id=32556, stack(0x000000afc4400000,0x000000afc4500000) (1024K)]
  0x0000029a8b9727a0 WorkerThread "GC Thread#6"                     [id=35468, stack(0x000000afc4500000,0x000000afc4600000) (1024K)]
  0x0000029a86173a40 WorkerThread "GC Thread#7"                     [id=38704, stack(0x000000afc4600000,0x000000afc4700000) (1024K)]
  0x0000029a8b9743f0 WorkerThread "GC Thread#8"                     [id=38440, stack(0x000000afc4700000,0x000000afc4800000) (1024K)]
  0x0000029a8b9747a0 WorkerThread "GC Thread#9"                     [id=21216, stack(0x000000afc4800000,0x000000afc4900000) (1024K)]
  0x0000029a22e8ebe0 ConcurrentGCThread "G1 Main Marker"            [id=35912, stack(0x000000afc1a00000,0x000000afc1b00000) (1024K)]
  0x0000029a22e913c0 WorkerThread "G1 Conc#0"                       [id=37480, stack(0x000000afc1b00000,0x000000afc1c00000) (1024K)]
  0x0000029a3ef020c0 ConcurrentGCThread "G1 Refine#0"               [id=35192, stack(0x000000afc1c00000,0x000000afc1d00000) (1024K)]
  0x0000029a3ef02b40 ConcurrentGCThread "G1 Service"                [id=33324, stack(0x000000afc1d00000,0x000000afc1e00000) (1024K)]
Total: 16

Threads with active compile tasks:
C2 CompilerThread0  18844 2244   !   4       sun.awt.image.PNGImageDecoder::produceImage (1917 bytes)
Total: 1

VM state: not at safepoint (normal execution)

VM Mutex/Monitor currently owned by a thread: None

Heap address: 0x00000000a2600000, size: 1498 MB, Compressed Oops mode: 32-bit

CDS archive(s) mapped at: [0x0000029a40000000-0x0000029a40c60000-0x0000029a40c60000), size 12976128, SharedBaseAddress: 0x0000029a40000000, ArchiveRelocationMode: 1.
Compressed class space mapped at: 0x0000029a41000000-0x0000029a81000000, reserved size: 1073741824
Narrow klass base: 0x0000029a40000000, Narrow klass shift: 0, Narrow klass range: 0x41000000

GC Precious Log:
 CardTable entry size: 512
 Card Set container configuration: InlinePtr #cards 5 size 8 Array Of Cards #cards 12 size 40 Howl #buckets 4 coarsen threshold 1843 Howl Bitmap #cards 512 size 80 coarsen threshold 460 Card regions per heap region 1 cards per card region 2048
 CPUs: 12 total, 12 available
 Memory: 5989M
 Large Page Support: Disabled
 NUMA Support: Disabled
 Compressed Oops: Enabled (32-bit)
 Heap Region Size: 1M
 Heap Min Capacity: 8M
 Heap Initial Capacity: 94M
 Heap Max Capacity: 1498M
 Pre-touch: Disabled
 Parallel Workers: 10
 Concurrent Workers: 3
 Concurrent Refinement Workers: 10
 Periodic GC: Disabled

Heap:
 garbage-first heap   total reserved 1533952K, committed 96256K, used 8114K [0x00000000a2600000, 0x0000000100000000)
  region size 1024K, 6 young (6144K), 3 survivors (3072K)
 Metaspace       used 17767K, committed 18048K, reserved 1114112K
  class space    used 1978K, committed 2112K, reserved 1048576K

Heap Regions: E=young(eden), S=young(survivor), O=old, HS=humongous(starts), HC=humongous(continues), CS=collection set, F=free, TAMS=top-at-mark-start, PB=parsable bottom
|   0|0x00000000a2600000, 0x00000000a2700000, 0x00000000a2700000|100%| O|  |TAMS 0x00000000a2600000| PB 0x00000000a2600000| Untracked |  0
|   1|0x00000000a2700000, 0x00000000a2800000, 0x00000000a2800000|100%| O|  |TAMS 0x00000000a2700000| PB 0x00000000a2700000| Untracked |  0
|   2|0x00000000a2800000, 0x00000000a28ec930, 0x00000000a2900000| 92%| O|  |TAMS 0x00000000a2800000| PB 0x00000000a2800000| Untracked |  0
|   3|0x00000000a2900000, 0x00000000a2900000, 0x00000000a2a00000|  0%| F|  |TAMS 0x00000000a2900000| PB 0x00000000a2900000| Untracked |  0
|   4|0x00000000a2a00000, 0x00000000a2a00000, 0x00000000a2b00000|  0%| F|  |TAMS 0x00000000a2a00000| PB 0x00000000a2a00000| Untracked |  0
|   5|0x00000000a2b00000, 0x00000000a2b00000, 0x00000000a2c00000|  0%| F|  |TAMS 0x00000000a2b00000| PB 0x00000000a2b00000| Untracked |  0
|   6|0x00000000a2c00000, 0x00000000a2c00000, 0x00000000a2d00000|  0%| F|  |TAMS 0x00000000a2c00000| PB 0x00000000a2c00000| Untracked |  0
|   7|0x00000000a2d00000, 0x00000000a2d00000, 0x00000000a2e00000|  0%| F|  |TAMS 0x00000000a2d00000| PB 0x00000000a2d00000| Untracked |  0
|   8|0x00000000a2e00000, 0x00000000a2e00000, 0x00000000a2f00000|  0%| F|  |TAMS 0x00000000a2e00000| PB 0x00000000a2e00000| Untracked |  0
|   9|0x00000000a2f00000, 0x00000000a2f00000, 0x00000000a3000000|  0%| F|  |TAMS 0x00000000a2f00000| PB 0x00000000a2f00000| Untracked |  0
|  10|0x00000000a3000000, 0x00000000a3000000, 0x00000000a3100000|  0%| F|  |TAMS 0x00000000a3000000| PB 0x00000000a3000000| Untracked |  0
|  11|0x00000000a3100000, 0x00000000a3100000, 0x00000000a3200000|  0%| F|  |TAMS 0x00000000a3100000| PB 0x00000000a3100000| Untracked |  0
|  12|0x00000000a3200000, 0x00000000a3200000, 0x00000000a3300000|  0%| F|  |TAMS 0x00000000a3200000| PB 0x00000000a3200000| Untracked |  0
|  13|0x00000000a3300000, 0x00000000a3300000, 0x00000000a3400000|  0%| F|  |TAMS 0x00000000a3300000| PB 0x00000000a3300000| Untracked |  0
|  14|0x00000000a3400000, 0x00000000a3400000, 0x00000000a3500000|  0%| F|  |TAMS 0x00000000a3400000| PB 0x00000000a3400000| Untracked |  0
|  15|0x00000000a3500000, 0x00000000a3500000, 0x00000000a3600000|  0%| F|  |TAMS 0x00000000a3500000| PB 0x00000000a3500000| Untracked |  0
|  16|0x00000000a3600000, 0x00000000a3600000, 0x00000000a3700000|  0%| F|  |TAMS 0x00000000a3600000| PB 0x00000000a3600000| Untracked |  0
|  17|0x00000000a3700000, 0x00000000a3700000, 0x00000000a3800000|  0%| F|  |TAMS 0x00000000a3700000| PB 0x00000000a3700000| Untracked |  0
|  18|0x00000000a3800000, 0x00000000a3800000, 0x00000000a3900000|  0%| F|  |TAMS 0x00000000a3800000| PB 0x00000000a3800000| Untracked |  0
|  19|0x00000000a3900000, 0x00000000a3900000, 0x00000000a3a00000|  0%| F|  |TAMS 0x00000000a3900000| PB 0x00000000a3900000| Untracked |  0
|  20|0x00000000a3a00000, 0x00000000a3a00000, 0x00000000a3b00000|  0%| F|  |TAMS 0x00000000a3a00000| PB 0x00000000a3a00000| Untracked |  0
|  21|0x00000000a3b00000, 0x00000000a3b00000, 0x00000000a3c00000|  0%| F|  |TAMS 0x00000000a3b00000| PB 0x00000000a3b00000| Untracked |  0
|  22|0x00000000a3c00000, 0x00000000a3c00000, 0x00000000a3d00000|  0%| F|  |TAMS 0x00000000a3c00000| PB 0x00000000a3c00000| Untracked |  0
|  23|0x00000000a3d00000, 0x00000000a3d00000, 0x00000000a3e00000|  0%| F|  |TAMS 0x00000000a3d00000| PB 0x00000000a3d00000| Untracked |  0
|  24|0x00000000a3e00000, 0x00000000a3e00000, 0x00000000a3f00000|  0%| F|  |TAMS 0x00000000a3e00000| PB 0x00000000a3e00000| Untracked |  0
|  25|0x00000000a3f00000, 0x00000000a3f00000, 0x00000000a4000000|  0%| F|  |TAMS 0x00000000a3f00000| PB 0x00000000a3f00000| Untracked |  0
|  26|0x00000000a4000000, 0x00000000a4000000, 0x00000000a4100000|  0%| F|  |TAMS 0x00000000a4000000| PB 0x00000000a4000000| Untracked |  0
|  27|0x00000000a4100000, 0x00000000a4100000, 0x00000000a4200000|  0%| F|  |TAMS 0x00000000a4100000| PB 0x00000000a4100000| Untracked |  0
|  28|0x00000000a4200000, 0x00000000a4200000, 0x00000000a4300000|  0%| F|  |TAMS 0x00000000a4200000| PB 0x00000000a4200000| Untracked |  0
|  29|0x00000000a4300000, 0x00000000a4300000, 0x00000000a4400000|  0%| F|  |TAMS 0x00000000a4300000| PB 0x00000000a4300000| Untracked |  0
|  30|0x00000000a4400000, 0x00000000a4400000, 0x00000000a4500000|  0%| F|  |TAMS 0x00000000a4400000| PB 0x00000000a4400000| Untracked |  0
|  31|0x00000000a4500000, 0x00000000a4500000, 0x00000000a4600000|  0%| F|  |TAMS 0x00000000a4500000| PB 0x00000000a4500000| Untracked |  0
|  32|0x00000000a4600000, 0x00000000a4600000, 0x00000000a4700000|  0%| F|  |TAMS 0x00000000a4600000| PB 0x00000000a4600000| Untracked |  0
|  33|0x00000000a4700000, 0x00000000a4700000, 0x00000000a4800000|  0%| F|  |TAMS 0x00000000a4700000| PB 0x00000000a4700000| Untracked |  0
|  34|0x00000000a4800000, 0x00000000a4800000, 0x00000000a4900000|  0%| F|  |TAMS 0x00000000a4800000| PB 0x00000000a4800000| Untracked |  0
|  35|0x00000000a4900000, 0x00000000a4900000, 0x00000000a4a00000|  0%| F|  |TAMS 0x00000000a4900000| PB 0x00000000a4900000| Untracked |  0
|  36|0x00000000a4a00000, 0x00000000a4a00000, 0x00000000a4b00000|  0%| F|  |TAMS 0x00000000a4a00000| PB 0x00000000a4a00000| Untracked |  0
|  37|0x00000000a4b00000, 0x00000000a4b00000, 0x00000000a4c00000|  0%| F|  |TAMS 0x00000000a4b00000| PB 0x00000000a4b00000| Untracked |  0
|  38|0x00000000a4c00000, 0x00000000a4c00000, 0x00000000a4d00000|  0%| F|  |TAMS 0x00000000a4c00000| PB 0x00000000a4c00000| Untracked |  0
|  39|0x00000000a4d00000, 0x00000000a4d00000, 0x00000000a4e00000|  0%| F|  |TAMS 0x00000000a4d00000| PB 0x00000000a4d00000| Untracked |  0
|  40|0x00000000a4e00000, 0x00000000a4e00000, 0x00000000a4f00000|  0%| F|  |TAMS 0x00000000a4e00000| PB 0x00000000a4e00000| Untracked |  0
|  41|0x00000000a4f00000, 0x00000000a4f00000, 0x00000000a5000000|  0%| F|  |TAMS 0x00000000a4f00000| PB 0x00000000a4f00000| Untracked |  0
|  42|0x00000000a5000000, 0x00000000a5000000, 0x00000000a5100000|  0%| F|  |TAMS 0x00000000a5000000| PB 0x00000000a5000000| Untracked |  0
|  43|0x00000000a5100000, 0x00000000a5100000, 0x00000000a5200000|  0%| F|  |TAMS 0x00000000a5100000| PB 0x00000000a5100000| Untracked |  0
|  44|0x00000000a5200000, 0x00000000a5200000, 0x00000000a5300000|  0%| F|  |TAMS 0x00000000a5200000| PB 0x00000000a5200000| Untracked |  0
|  45|0x00000000a5300000, 0x00000000a5300000, 0x00000000a5400000|  0%| F|  |TAMS 0x00000000a5300000| PB 0x00000000a5300000| Untracked |  0
|  46|0x00000000a5400000, 0x00000000a5400000, 0x00000000a5500000|  0%| F|  |TAMS 0x00000000a5400000| PB 0x00000000a5400000| Untracked |  0
|  47|0x00000000a5500000, 0x00000000a5500000, 0x00000000a5600000|  0%| F|  |TAMS 0x00000000a5500000| PB 0x00000000a5500000| Untracked |  0
|  48|0x00000000a5600000, 0x00000000a5600000, 0x00000000a5700000|  0%| F|  |TAMS 0x00000000a5600000| PB 0x00000000a5600000| Untracked |  0
|  49|0x00000000a5700000, 0x00000000a5700000, 0x00000000a5800000|  0%| F|  |TAMS 0x00000000a5700000| PB 0x00000000a5700000| Untracked |  0
|  50|0x00000000a5800000, 0x00000000a5800000, 0x00000000a5900000|  0%| F|  |TAMS 0x00000000a5800000| PB 0x00000000a5800000| Untracked |  0
|  51|0x00000000a5900000, 0x00000000a5900000, 0x00000000a5a00000|  0%| F|  |TAMS 0x00000000a5900000| PB 0x00000000a5900000| Untracked |  0
|  52|0x00000000a5a00000, 0x00000000a5a00000, 0x00000000a5b00000|  0%| F|  |TAMS 0x00000000a5a00000| PB 0x00000000a5a00000| Untracked |  0
|  53|0x00000000a5b00000, 0x00000000a5b00000, 0x00000000a5c00000|  0%| F|  |TAMS 0x00000000a5b00000| PB 0x00000000a5b00000| Untracked |  0
|  54|0x00000000a5c00000, 0x00000000a5c00000, 0x00000000a5d00000|  0%| F|  |TAMS 0x00000000a5c00000| PB 0x00000000a5c00000| Untracked |  0
|  55|0x00000000a5d00000, 0x00000000a5d00000, 0x00000000a5e00000|  0%| F|  |TAMS 0x00000000a5d00000| PB 0x00000000a5d00000| Untracked |  0
|  56|0x00000000a5e00000, 0x00000000a5e00000, 0x00000000a5f00000|  0%| F|  |TAMS 0x00000000a5e00000| PB 0x00000000a5e00000| Untracked |  0
|  57|0x00000000a5f00000, 0x00000000a5f00000, 0x00000000a6000000|  0%| F|  |TAMS 0x00000000a5f00000| PB 0x00000000a5f00000| Untracked |  0
|  58|0x00000000a6000000, 0x00000000a6000000, 0x00000000a6100000|  0%| F|  |TAMS 0x00000000a6000000| PB 0x00000000a6000000| Untracked |  0
|  59|0x00000000a6100000, 0x00000000a6100000, 0x00000000a6200000|  0%| F|  |TAMS 0x00000000a6100000| PB 0x00000000a6100000| Untracked |  0
|  60|0x00000000a6200000, 0x00000000a6200000, 0x00000000a6300000|  0%| F|  |TAMS 0x00000000a6200000| PB 0x00000000a6200000| Untracked |  0
|  61|0x00000000a6300000, 0x00000000a6300000, 0x00000000a6400000|  0%| F|  |TAMS 0x00000000a6300000| PB 0x00000000a6300000| Untracked |  0
|  62|0x00000000a6400000, 0x00000000a6400000, 0x00000000a6500000|  0%| F|  |TAMS 0x00000000a6400000| PB 0x00000000a6400000| Untracked |  0
|  63|0x00000000a6500000, 0x00000000a6500000, 0x00000000a6600000|  0%| F|  |TAMS 0x00000000a6500000| PB 0x00000000a6500000| Untracked |  0
|  64|0x00000000a6600000, 0x00000000a6600000, 0x00000000a6700000|  0%| F|  |TAMS 0x00000000a6600000| PB 0x00000000a6600000| Untracked |  0
|  65|0x00000000a6700000, 0x00000000a6700000, 0x00000000a6800000|  0%| F|  |TAMS 0x00000000a6700000| PB 0x00000000a6700000| Untracked |  0
|  66|0x00000000a6800000, 0x00000000a6800000, 0x00000000a6900000|  0%| F|  |TAMS 0x00000000a6800000| PB 0x00000000a6800000| Untracked |  0
|  67|0x00000000a6900000, 0x00000000a6a00000, 0x00000000a6a00000|100%| S|CS|TAMS 0x00000000a6900000| PB 0x00000000a6900000| Complete |  0
|  68|0x00000000a6a00000, 0x00000000a6b00000, 0x00000000a6b00000|100%| S|CS|TAMS 0x00000000a6a00000| PB 0x00000000a6a00000| Complete |  0
|  69|0x00000000a6b00000, 0x00000000a6c00000, 0x00000000a6c00000|100%| S|CS|TAMS 0x00000000a6b00000| PB 0x00000000a6b00000| Complete |  0
|  70|0x00000000a6c00000, 0x00000000a6c00000, 0x00000000a6d00000|  0%| F|  |TAMS 0x00000000a6c00000| PB 0x00000000a6c00000| Untracked |  0
|  71|0x00000000a6d00000, 0x00000000a6d00000, 0x00000000a6e00000|  0%| F|  |TAMS 0x00000000a6d00000| PB 0x00000000a6d00000| Untracked |  0
|  72|0x00000000a6e00000, 0x00000000a6e00000, 0x00000000a6f00000|  0%| F|  |TAMS 0x00000000a6e00000| PB 0x00000000a6e00000| Untracked |  0
|  73|0x00000000a6f00000, 0x00000000a6f00000, 0x00000000a7000000|  0%| F|  |TAMS 0x00000000a6f00000| PB 0x00000000a6f00000| Untracked |  0
|  74|0x00000000a7000000, 0x00000000a7000000, 0x00000000a7100000|  0%| F|  |TAMS 0x00000000a7000000| PB 0x00000000a7000000| Untracked |  0
|  75|0x00000000a7100000, 0x00000000a7100000, 0x00000000a7200000|  0%| F|  |TAMS 0x00000000a7100000| PB 0x00000000a7100000| Untracked |  0
|  76|0x00000000a7200000, 0x00000000a7200000, 0x00000000a7300000|  0%| F|  |TAMS 0x00000000a7200000| PB 0x00000000a7200000| Untracked |  0
|  77|0x00000000a7300000, 0x00000000a7300000, 0x00000000a7400000|  0%| F|  |TAMS 0x00000000a7300000| PB 0x00000000a7300000| Untracked |  0
|  78|0x00000000a7400000, 0x00000000a7400000, 0x00000000a7500000|  0%| F|  |TAMS 0x00000000a7400000| PB 0x00000000a7400000| Untracked |  0
|  79|0x00000000a7500000, 0x00000000a7500000, 0x00000000a7600000|  0%| F|  |TAMS 0x00000000a7500000| PB 0x00000000a7500000| Untracked |  0
|  80|0x00000000a7600000, 0x00000000a7600000, 0x00000000a7700000|  0%| F|  |TAMS 0x00000000a7600000| PB 0x00000000a7600000| Untracked |  0
|  81|0x00000000a7700000, 0x00000000a7700000, 0x00000000a7800000|  0%| F|  |TAMS 0x00000000a7700000| PB 0x00000000a7700000| Untracked |  0
|  82|0x00000000a7800000, 0x00000000a7800000, 0x00000000a7900000|  0%| F|  |TAMS 0x00000000a7800000| PB 0x00000000a7800000| Untracked |  0
|  83|0x00000000a7900000, 0x00000000a7900000, 0x00000000a7a00000|  0%| F|  |TAMS 0x00000000a7900000| PB 0x00000000a7900000| Untracked |  0
|  84|0x00000000a7a00000, 0x00000000a7a00000, 0x00000000a7b00000|  0%| F|  |TAMS 0x00000000a7a00000| PB 0x00000000a7a00000| Untracked |  0
|  85|0x00000000a7b00000, 0x00000000a7b00000, 0x00000000a7c00000|  0%| F|  |TAMS 0x00000000a7b00000| PB 0x00000000a7b00000| Untracked |  0
|  86|0x00000000a7c00000, 0x00000000a7c00000, 0x00000000a7d00000|  0%| F|  |TAMS 0x00000000a7c00000| PB 0x00000000a7c00000| Untracked |  0
|  87|0x00000000a7d00000, 0x00000000a7d00000, 0x00000000a7e00000|  0%| F|  |TAMS 0x00000000a7d00000| PB 0x00000000a7d00000| Untracked |  0
|  88|0x00000000a7e00000, 0x00000000a7e00000, 0x00000000a7f00000|  0%| F|  |TAMS 0x00000000a7e00000| PB 0x00000000a7e00000| Untracked |  0
|  89|0x00000000a7f00000, 0x00000000a7f00000, 0x00000000a8000000|  0%| F|  |TAMS 0x00000000a7f00000| PB 0x00000000a7f00000| Untracked |  0
|  90|0x00000000a8000000, 0x00000000a8000000, 0x00000000a8100000|  0%| F|  |TAMS 0x00000000a8000000| PB 0x00000000a8000000| Untracked |  0
|  91|0x00000000a8100000, 0x00000000a81e5250, 0x00000000a8200000| 89%| E|  |TAMS 0x00000000a8100000| PB 0x00000000a8100000| Complete |  0
|  92|0x00000000a8200000, 0x00000000a8300000, 0x00000000a8300000|100%| E|CS|TAMS 0x00000000a8200000| PB 0x00000000a8200000| Complete |  0
|  93|0x00000000a8300000, 0x00000000a8400000, 0x00000000a8400000|100%| E|CS|TAMS 0x00000000a8300000| PB 0x00000000a8300000| Complete |  0

Card table byte_map: [0x0000029a3a9d0000,0x0000029a3acc0000] _byte_map_base: 0x0000029a3a4bd000

Marking Bits: (CMBitMap*) 0x0000029a22e827c0
 Bits: [0x0000029a3acc0000, 0x0000029a3c428000)

Polling page: 0x0000029a20e10000

Metaspace:

Usage:
  Non-class:     15.42 MB used.
      Class:      1.93 MB used.
       Both:     17.35 MB used.

Virtual space:
  Non-class space:       64.00 MB reserved,      15.56 MB ( 24%) committed,  1 nodes.
      Class space:        1.00 GB reserved,       2.06 MB ( <1%) committed,  1 nodes.
             Both:        1.06 GB reserved,      17.62 MB (  2%) committed. 

Chunk freelists:
   Non-Class:  30.00 KB
       Class:  13.97 MB
        Both:  14.00 MB

MaxMetaspaceSize: unlimited
CompressedClassSpaceSize: 1.00 GB
Initial GC threshold: 21.00 MB
Current GC threshold: 21.00 MB
CDS: on
 - commit_granule_bytes: 65536.
 - commit_granule_words: 8192.
 - virtual_space_node_default_size: 8388608.
 - enlarge_chunks_in_place: 1.
 - use_allocation_guard: 0.


Internal statistics:

num_allocs_failed_limit: 0.
num_arena_births: 190.
num_arena_deaths: 0.
num_vsnodes_births: 2.
num_vsnodes_deaths: 0.
num_space_committed: 282.
num_space_uncommitted: 0.
num_chunks_returned_to_freelist: 0.
num_chunks_taken_from_freelist: 383.
num_chunk_merges: 0.
num_chunk_splits: 221.
num_chunks_enlarged: 121.
num_inconsistent_stats: 0.

CodeHeap 'non-profiled nmethods': size=120000Kb used=784Kb max_used=784Kb free=119215Kb
 bounds [0x0000029a32c50000, 0x0000029a32ec0000, 0x0000029a3a180000]
CodeHeap 'profiled nmethods': size=120000Kb used=4247Kb max_used=4247Kb free=115752Kb
 bounds [0x0000029a2b180000, 0x0000029a2b5b0000, 0x0000029a326b0000]
CodeHeap 'non-nmethods': size=5760Kb used=1740Kb max_used=1764Kb free=4019Kb
 bounds [0x0000029a326b0000, 0x0000029a32920000, 0x0000029a32c50000]
 total_blobs=3093 nmethods=2328 adapters=669
 compilation: enabled
              stopped_count=0, restarted_count=0
 full_count=0

Compilation events (20 events):
Event: 18.616 Thread 0x0000029a3f0727e0 2271   !   3       sun.font.TrueTypeFont::readBlock (374 bytes)
Event: 18.620 Thread 0x0000029a3f0727e0 nmethod 2271 0x0000029a2b573e90 code [0x0000029a2b5743a0, 0x0000029a2b576b30]
Event: 18.620 Thread 0x0000029a3f0727e0 2272       3       java.nio.MappedByteBuffer::clear (5 bytes)
Event: 18.621 Thread 0x0000029a3f0727e0 nmethod 2272 0x0000029a2b577e10 code [0x0000029a2b577fc0, 0x0000029a2b578200]
Event: 18.621 Thread 0x0000029a3f0727e0 2273       3       sun.java2d.d3d.D3DSurfaceData::getContext (5 bytes)
Event: 18.621 Thread 0x0000029a3f0727e0 nmethod 2273 0x0000029a2b578310 code [0x0000029a2b5784a0, 0x0000029a2b578628]
Event: 18.628 Thread 0x0000029a3f0727e0 2274       3       java.lang.ref.ReferenceQueue::poll0 (65 bytes)
Event: 18.629 Thread 0x0000029a3f0727e0 nmethod 2274 0x0000029a2b578710 code [0x0000029a2b5788e0, 0x0000029a2b578db8]
Event: 18.629 Thread 0x0000029a3f0727e0 2275   !   3       java.lang.ref.NativeReferenceQueue::poll (28 bytes)
Event: 18.629 Thread 0x0000029a3f0727e0 nmethod 2275 0x0000029a2b578e90 code [0x0000029a2b579060, 0x0000029a2b5793a8]
Event: 18.629 Thread 0x0000029a3f0727e0 2276   !   3       java.util.concurrent.ConcurrentHashMap::replaceNode (437 bytes)
Event: 18.631 Thread 0x0000029a3f0727e0 nmethod 2276 0x0000029a2b579510 code [0x0000029a2b579880, 0x0000029a2b57afd0]
Event: 18.632 Thread 0x0000029a3f0727e0 2277       3       java.util.concurrent.ConcurrentHashMap::remove (8 bytes)
Event: 18.632 Thread 0x0000029a3f0727e0 nmethod 2277 0x0000029a2b57bd10 code [0x0000029a2b57bec0, 0x0000029a2b57c010]
Event: 18.636 Thread 0x0000029a3f0727e0 2279       3       javax.swing.text.View::getDocument (10 bytes)
Event: 18.636 Thread 0x0000029a3f0727e0 nmethod 2279 0x0000029a2b57c090 code [0x0000029a2b57c220, 0x0000029a2b57c408]
Event: 18.636 Thread 0x0000029a3f0727e0 2280       3       sun.java2d.SunGraphics2D::create (8 bytes)
Event: 18.636 Thread 0x0000029a3f0727e0 nmethod 2280 0x0000029a2b57c510 code [0x0000029a2b57c6c0, 0x0000029a2b57c8c8]
Event: 18.637 Thread 0x0000029a3f0727e0 2281   !   3       sun.java2d.SunGraphics2D::clone (114 bytes)
Event: 18.638 Thread 0x0000029a3f0727e0 nmethod 2281 0x0000029a2b57c990 code [0x0000029a2b57cbe0, 0x0000029a2b57d6d0]

GC Heap History (2 events):
Event: 18.510 GC heap before
{Heap before GC invocations=0 (full 0):
 garbage-first heap   total reserved 1533952K, committed 96256K, used 23552K [0x00000000a2600000, 0x0000000100000000)
  region size 1024K, 24 young (24576K), 0 survivors (0K)
 Metaspace       used 17602K, committed 17920K, reserved 1114112K
  class space    used 1964K, committed 2112K, reserved 1048576K
}
Event: 18.520 GC heap after
{Heap after GC invocations=1 (full 0):
 garbage-first heap   total reserved 1533952K, committed 96256K, used 6066K [0x00000000a2600000, 0x0000000100000000)
  region size 1024K, 3 young (3072K), 3 survivors (3072K)
 Metaspace       used 17602K, committed 17920K, reserved 1114112K
  class space    used 1964K, committed 2112K, reserved 1048576K
}

Dll operation events (11 events):
Event: 0.017 Loaded shared library C:\Program Files\Java\jdk-22\bin\java.dll
Event: 0.072 Loaded shared library C:\Program Files\Java\jdk-22\bin\jsvml.dll
Event: 0.119 Loaded shared library C:\Program Files\Java\jdk-22\bin\net.dll
Event: 0.122 Loaded shared library C:\Program Files\Java\jdk-22\bin\nio.dll
Event: 0.155 Loaded shared library C:\Program Files\Java\jdk-22\bin\zip.dll
Event: 0.177 Loaded shared library C:\Program Files\Java\jdk-22\bin\jimage.dll
Event: 0.201 Loaded shared library C:\Program Files\Java\jdk-22\bin\awt.dll
Event: 0.728 Loaded shared library C:\Program Files\Java\jdk-22\bin\freetype.dll
Event: 0.731 Loaded shared library C:\Program Files\Java\jdk-22\bin\fontmanager.dll
Event: 9.089 Loaded shared library C:\Program Files\Java\jdk-22\bin\extnet.dll
Event: 9.476 Loaded shared library C:\Program Files\Java\jdk-22\bin\sunmscapi.dll

Deoptimization events (20 events):
Event: 16.768 Thread 0x0000029a85e196d0 Uncommon trap: trap_request=0xffffff6e fr.pc=0x0000029a32cfe48c relative=0x000000000000026c
Event: 16.768 Thread 0x0000029a85e196d0 Uncommon trap: reason=loop_limit_check action=maybe_recompile pc=0x0000029a32cfe48c method=java.math.BigInteger.implMulAdd([I[IIII)I @ 26 c2
Event: 16.768 Thread 0x0000029a85e196d0 DEOPT PACKING pc=0x0000029a32cfe48c sp=0x000000afc38fcdf0
Event: 16.768 Thread 0x0000029a85e196d0 DEOPT UNPACKING pc=0x0000029a327046a2 sp=0x000000afc38fcd40 mode 2
Event: 16.795 Thread 0x0000029a85e196d0 Uncommon trap: trap_request=0xffffff6e fr.pc=0x0000029a32d0cf08 relative=0x0000000000000448
Event: 16.795 Thread 0x0000029a85e196d0 Uncommon trap: reason=loop_limit_check action=maybe_recompile pc=0x0000029a32d0cf08 method=java.lang.StringLatin1.indexOf([BI[BII)I @ 37 c2
Event: 16.795 Thread 0x0000029a85e196d0 DEOPT PACKING pc=0x0000029a32d0cf08 sp=0x000000afc38fe220
Event: 16.795 Thread 0x0000029a85e196d0 DEOPT UNPACKING pc=0x0000029a327046a2 sp=0x000000afc38fe180 mode 2
Event: 18.497 Thread 0x0000029a8b8ee3a0 Uncommon trap: trap_request=0xffffff76 fr.pc=0x0000029a32c89db4 relative=0x00000000000022b4
Event: 18.497 Thread 0x0000029a8b8ee3a0 Uncommon trap: reason=predicate action=maybe_recompile pc=0x0000029a32c89db4 method=sun.awt.image.PNGImageDecoder.produceImage()V @ 960 c2
Event: 18.497 Thread 0x0000029a8b8ee3a0 DEOPT PACKING pc=0x0000029a32c89db4 sp=0x000000afc3efef90
Event: 18.497 Thread 0x0000029a8b8ee3a0 DEOPT UNPACKING pc=0x0000029a327046a2 sp=0x000000afc3efef10 mode 2
Event: 18.628 Thread 0x0000029a85e196d0 Uncommon trap: trap_request=0xffffff45 fr.pc=0x0000029a32cc27b8 relative=0x0000000000000098
Event: 18.628 Thread 0x0000029a85e196d0 Uncommon trap: reason=unstable_if action=reinterpret pc=0x0000029a32cc27b8 method=java.lang.ref.ReferenceQueue.headIsNull()Z @ 4 c2
Event: 18.628 Thread 0x0000029a85e196d0 DEOPT PACKING pc=0x0000029a32cc27b8 sp=0x000000afc38fcc90
Event: 18.628 Thread 0x0000029a85e196d0 DEOPT UNPACKING pc=0x0000029a327046a2 sp=0x000000afc38fcb50 mode 2
Event: 18.628 Thread 0x0000029a85e196d0 Uncommon trap: trap_request=0xffffff45 fr.pc=0x0000029a32cc786c relative=0x000000000000006c
Event: 18.628 Thread 0x0000029a85e196d0 Uncommon trap: reason=unstable_if action=reinterpret pc=0x0000029a32cc786c method=java.lang.ref.ReferenceQueue.headIsNull()Z @ 4 c2
Event: 18.628 Thread 0x0000029a85e196d0 DEOPT PACKING pc=0x0000029a32cc786c sp=0x000000afc38fcc20
Event: 18.628 Thread 0x0000029a85e196d0 DEOPT UNPACKING pc=0x0000029a327046a2 sp=0x000000afc38fcb50 mode 2

Classes loaded (20 events):
Event: 18.631 Loading class sun/java2d/loops/ProcessPath$1
Event: 18.631 Loading class sun/java2d/loops/ProcessPath$EndSubPathHandler
Event: 18.631 Loading class sun/java2d/loops/ProcessPath$EndSubPathHandler done
Event: 18.631 Loading class sun/java2d/loops/ProcessPath$1 done
Event: 18.631 Loading class sun/java2d/loops/ProcessPath$FillProcessHandler
Event: 18.631 Loading class sun/java2d/loops/ProcessPath$ProcessHandler
Event: 18.631 Loading class sun/java2d/loops/ProcessPath$ProcessHandler done
Event: 18.631 Loading class sun/java2d/loops/ProcessPath$FillProcessHandler done
Event: 18.631 Loading class sun/java2d/loops/ProcessPath$FillData
Event: 18.631 Loading class sun/java2d/loops/ProcessPath$FillData done
Event: 18.631 Loading class java/awt/geom/Path2D$Float$CopyIterator
Event: 18.631 Loading class java/awt/geom/Path2D$Iterator
Event: 18.631 Loading class java/awt/geom/Path2D$Iterator done
Event: 18.632 Loading class java/awt/geom/Path2D$Float$CopyIterator done
Event: 18.632 Loading class sun/java2d/loops/ProcessPath$Point
Event: 18.632 Loading class sun/java2d/loops/ProcessPath$Point done
Event: 18.632 Loading class sun/java2d/loops/ProcessPath$ActiveEdgeList
Event: 18.632 Loading class sun/java2d/loops/ProcessPath$ActiveEdgeList done
Event: 18.632 Loading class sun/java2d/loops/ProcessPath$Edge
Event: 18.632 Loading class sun/java2d/loops/ProcessPath$Edge done

Classes unloaded (0 events):
No events

Classes redefined (0 events):
No events

Internal exceptions (20 events):
Event: 0.184 Thread 0x0000029a20bde4a0 Exception <a 'java/lang/ClassNotFoundException'{0x00000000a818f660}: sun/awt/resources/spi/awtProvider> (0x00000000a818f660) 
thrown [s\open\src\hotspot\share\classfile\systemDictionary.cpp, line 313]
Event: 0.216 Thread 0x0000029a20bde4a0 Exception <a 'java/io/FileNotFoundException'{0x00000000a81e3240}> (0x00000000a81e3240) 
thrown [s\open\src\hotspot\share\prims\jni.cpp, line 520]
Event: 0.224 Thread 0x0000029a20bde4a0 Exception <a 'java/io/FileNotFoundException'{0x00000000a8011a98}> (0x00000000a8011a98) 
thrown [s\open\src\hotspot\share\prims\jni.cpp, line 520]
Event: 0.428 Thread 0x0000029a20bde4a0 Exception <a 'java/lang/NoSuchMethodError'{0x00000000a80aac78}: 'void java.lang.invoke.DirectMethodHandle$Holder.invokeSpecial(java.lang.Object, java.lang.Object, java.lang.Object)'> (0x00000000a80aac78) 
thrown [s\open\src\hotspot\share\interpreter\linkResolver.cpp, line 774]
Event: 0.439 Thread 0x0000029a20bde4a0 Exception <a 'java/lang/NoSuchMethodError'{0x00000000a80d0fc0}: 'java.lang.Object java.lang.invoke.DirectMethodHandle$Holder.newInvokeSpecial(java.lang.Object, java.lang.Object, java.lang.Object, java.lang.Object, java.lang.Object)'> (0x00000000a80d0fc0) 
thrown [s\open\src\hotspot\share\interpreter\linkResolver.cpp, line 774]
Event: 0.449 Thread 0x0000029a20bde4a0 Exception <a 'java/lang/NoSuchMethodError'{0x00000000a7f82ea8}: 'java.lang.Object java.lang.invoke.DirectMethodHandle$Holder.invokeStatic(java.lang.Object, int, java.lang.Object)'> (0x00000000a7f82ea8) 
thrown [s\open\src\hotspot\share\interpreter\linkResolver.cpp, line 774]
Event: 0.476 Thread 0x0000029a20bde4a0 Exception <a 'java/lang/ClassNotFoundException'{0x00000000a7e250b0}: com/sun/swing/internal/plaf/metal/resources/spi/metalProvider> (0x00000000a7e250b0) 
thrown [s\open\src\hotspot\share\classfile\systemDictionary.cpp, line 313]
Event: 0.477 Thread 0x0000029a20bde4a0 Exception <a 'java/lang/ClassNotFoundException'{0x00000000a7e29060}: com/sun/swing/internal/plaf/basic/resources/spi/basicProvider> (0x00000000a7e29060) 
thrown [s\open\src\hotspot\share\classfile\systemDictionary.cpp, line 313]
Event: 0.492 Thread 0x0000029a20bde4a0 Exception <a 'java/lang/NoSuchMethodError'{0x00000000a7e48750}: 'int java.lang.invoke.Invokers$Holder.invokeExact_MT(java.lang.Object, java.lang.Object)'> (0x00000000a7e48750) 
thrown [s\open\src\hotspot\share\interpreter\linkResolver.cpp, line 774]
Event: 0.585 Thread 0x0000029a85bb0340 Exception <a 'java/lang/NoSuchMethodError'{0x00000000a7c2d608}: 'java.lang.Object java.lang.invoke.DirectMethodHandle$Holder.newInvokeSpecial(java.lang.Object, java.lang.Object, java.lang.Object, int, int, int, int, int)'> (0x00000000a7c2d608) 
thrown [s\open\src\hotspot\share\interpreter\linkResolver.cpp, line 774]
Event: 0.699 Thread 0x0000029a3f50f610 Exception <a 'java/lang/NoSuchMethodError'{0x00000000a7f0efb0}: 'void java.lang.invoke.DirectMethodHandle$Holder.invokeVirtual(java.lang.Object, java.lang.Object)'> (0x00000000a7f0efb0) 
thrown [s\open\src\hotspot\share\interpreter\linkResolver.cpp, line 774]
Event: 0.721 Thread 0x0000029a20bde4a0 Exception <a 'java/lang/NoSuchMethodError'{0x00000000a7cf9bd8}: 'void java.lang.invoke.DirectMethodHandle$Holder.invokeStaticInit(java.lang.Object)'> (0x00000000a7cf9bd8) 
thrown [s\open\src\hotspot\share\interpreter\linkResolver.cpp, line 774]
Event: 8.857 Thread 0x0000029a85e196d0 Exception <a 'java/lang/NoSuchMethodError'{0x00000000a7974e30}: 'void java.lang.invoke.DirectMethodHandle$Holder.invokeStatic(java.lang.Object, java.lang.Object)'> (0x00000000a7974e30) 
thrown [s\open\src\hotspot\share\interpreter\linkResolver.cpp, line 774]
Event: 8.902 Thread 0x0000029a85e196d0 Exception <a 'java/lang/NoSuchMethodError'{0x00000000a7889a68}: 'java.lang.Object java.lang.invoke.DirectMethodHandle$Holder.invokeInterface(java.lang.Object, java.lang.Object)'> (0x00000000a7889a68) 
thrown [s\open\src\hotspot\share\interpreter\linkResolver.cpp, line 774]
Event: 8.939 Thread 0x0000029a85e196d0 Exception <a 'java/lang/NoSuchMethodError'{0x00000000a7700b00}: 'void java.lang.invoke.DirectMethodHandle$Holder.invokeStatic(java.lang.Object, java.lang.Object, java.lang.Object)'> (0x00000000a7700b00) 
thrown [s\open\src\hotspot\share\interpreter\linkResolver.cpp, line 774]
Event: 8.941 Thread 0x0000029a85e196d0 Exception <a 'java/lang/NoSuchMethodError'{0x00000000a7709d28}: 'java.lang.Object java.lang.invoke.DirectMethodHandle$Holder.invokeVirtual(java.lang.Object, java.lang.Object, java.lang.Object)'> (0x00000000a7709d28) 
thrown [s\open\src\hotspot\share\interpreter\linkResolver.cpp, line 774]
Event: 9.197 Thread 0x0000029a85e196d0 Exception <a 'java/lang/NoSuchMethodError'{0x00000000a73ba5c0}: 'void java.lang.invoke.DirectMethodHandle$Holder.invokeStaticInit(java.lang.Object, java.lang.Object)'> (0x00000000a73ba5c0) 
thrown [s\open\src\hotspot\share\interpreter\linkResolver.cpp, line 774]
Event: 9.305 Thread 0x0000029a85e196d0 Exception <a 'sun/nio/fs/WindowsException'{0x00000000a72e4f48}> (0x00000000a72e4f48) 
thrown [s\open\src\hotspot\share\prims\jni.cpp, line 520]
Event: 9.382 Thread 0x0000029a85e196d0 Exception <a 'java/lang/NoSuchMethodError'{0x00000000a718b610}: 'java.lang.Object java.lang.invoke.DirectMethodHandle$Holder.invokeStaticInit(java.lang.Object, int, int, int, int)'> (0x00000000a718b610) 
thrown [s\open\src\hotspot\share\interpreter\linkResolver.cpp, line 774]
Event: 9.414 Thread 0x0000029a85e196d0 Exception <a 'java/lang/NoSuchMethodError'{0x00000000a704d660}: 'java.lang.Object java.lang.invoke.DirectMethodHandle$Holder.invokeStaticInit(java.lang.Object, java.lang.Object, int, int, int, int)'> (0x00000000a704d660) 
thrown [s\open\src\hotspot\share\interpreter\linkResolver.cpp, line 774]

ZGC Phase Switch (0 events):
No events

VM Operations (20 events):
Event: 11.287 Executing VM operation: Cleanup
Event: 11.287 Executing VM operation: Cleanup done
Event: 12.291 Executing VM operation: Cleanup
Event: 12.291 Executing VM operation: Cleanup done
Event: 13.301 Executing VM operation: Cleanup
Event: 13.301 Executing VM operation: Cleanup done
Event: 14.308 Executing VM operation: Cleanup
Event: 14.308 Executing VM operation: Cleanup done
Event: 15.320 Executing VM operation: Cleanup
Event: 15.321 Executing VM operation: Cleanup done
Event: 16.326 Executing VM operation: Cleanup
Event: 16.326 Executing VM operation: Cleanup done
Event: 17.337 Executing VM operation: Cleanup
Event: 17.337 Executing VM operation: Cleanup done
Event: 18.344 Executing VM operation: Cleanup
Event: 18.344 Executing VM operation: Cleanup done
Event: 18.494 Executing VM operation: HandshakeAllThreads (Deoptimize)
Event: 18.494 Executing VM operation: HandshakeAllThreads (Deoptimize) done
Event: 18.510 Executing VM operation: G1CollectForAllocation (G1 Evacuation Pause)
Event: 18.520 Executing VM operation: G1CollectForAllocation (G1 Evacuation Pause) done

Events (20 events):
Event: 0.069 Thread 0x0000029a3f063590 Thread added: 0x0000029a3f063590
Event: 0.069 Thread 0x0000029a3f063ff0 Thread added: 0x0000029a3f063ff0
Event: 0.069 Thread 0x0000029a3f064cb0 Thread added: 0x0000029a3f064cb0
Event: 0.069 Thread 0x0000029a3f067480 Thread added: 0x0000029a3f067480
Event: 0.069 Thread 0x0000029a3f0727e0 Thread added: 0x0000029a3f0727e0
Event: 0.103 Thread 0x0000029a3f274910 Thread added: 0x0000029a3f274910
Event: 0.145 Thread 0x0000029a3f3bba30 Thread added: 0x0000029a3f3bba30
Event: 0.292 Thread 0x0000029a3f4fdf40 Thread added: 0x0000029a3f4fdf40
Event: 0.294 Thread 0x0000029a3f50b0a0 Thread added: 0x0000029a3f50b0a0
Event: 0.296 Thread 0x0000029a3f50f610 Thread added: 0x0000029a3f50f610
Event: 0.503 Thread 0x0000029a85bb0340 Thread added: 0x0000029a85bb0340
Event: 0.697 Thread 0x0000029a85e196d0 Thread added: 0x0000029a85e196d0
Event: 0.870 Thread 0x0000029a20bde4a0 Thread exited: 0x0000029a20bde4a0
Event: 0.870 Thread 0x0000029a20bde4a0 Thread added: 0x0000029a20bde4a0
Event: 0.875 Thread 0x0000029a3f2846b0 Thread added: 0x0000029a3f2846b0
Event: 0.983 Thread 0x0000029a85f900a0 Thread added: 0x0000029a85f900a0
Event: 5.640 Thread 0x0000029a85bb0340 Thread exited: 0x0000029a85bb0340
Event: 8.858 Thread 0x0000029a85f9f520 Thread added: 0x0000029a85f9f520
Event: 18.455 Thread 0x0000029a8b8ee3a0 Thread added: 0x0000029a8b8ee3a0
Event: 18.507 Thread 0x0000029a8b8ecff0 Thread added: 0x0000029a8b8ecff0


Dynamic libraries:
0x00007ff7dc790000 - 0x00007ff7dc7a0000 	C:\Program Files\Java\jdk-22\bin\java.exe
0x00007ff8e16f0000 - 0x00007ff8e1907000 	C:\Windows\SYSTEM32\ntdll.dll
0x00007ff8e10e0000 - 0x00007ff8e11a4000 	C:\Windows\System32\KERNEL32.DLL
0x00007ff8decf0000 - 0x00007ff8df09d000 	C:\Windows\System32\KERNELBASE.dll
0x00007ff8deb60000 - 0x00007ff8dec71000 	C:\Windows\System32\ucrtbase.dll
0x00007ff84bfb0000 - 0x00007ff84bfcb000 	C:\Program Files\Java\jdk-22\bin\VCRUNTIME140.dll
0x00007ff8d43a0000 - 0x00007ff8d43b7000 	C:\Program Files\Java\jdk-22\bin\jli.dll
0x00007ff8e11f0000 - 0x00007ff8e12a2000 	C:\Windows\System32\ADVAPI32.dll
0x00007ff8e0d70000 - 0x00007ff8e0e17000 	C:\Windows\System32\msvcrt.dll
0x00007ff8e12c0000 - 0x00007ff8e1369000 	C:\Windows\System32\sechost.dll
0x00007ff8df400000 - 0x00007ff8df428000 	C:\Windows\System32\bcrypt.dll
0x00007ff8df740000 - 0x00007ff8df854000 	C:\Windows\System32\RPCRT4.dll
0x00007ff8df590000 - 0x00007ff8df73e000 	C:\Windows\System32\USER32.dll
0x00007ff8df3d0000 - 0x00007ff8df3f6000 	C:\Windows\System32\win32u.dll
0x00007ff8e11b0000 - 0x00007ff8e11d9000 	C:\Windows\System32\GDI32.dll
0x00007ff8df2b0000 - 0x00007ff8df3c9000 	C:\Windows\System32\gdi32full.dll
0x00007ff8c25b0000 - 0x00007ff8c2843000 	C:\Windows\WinSxS\amd64_microsoft.windows.common-controls_6595b64144ccf1df_6.0.22621.3672_none_2713b9d173822955\COMCTL32.dll
0x00007ff8df210000 - 0x00007ff8df2aa000 	C:\Windows\System32\msvcp_win.dll
0x00007ff8d4990000 - 0x00007ff8d499a000 	C:\Windows\SYSTEM32\VERSION.dll
0x00007ff8dfac0000 - 0x00007ff8dfaf1000 	C:\Windows\System32\IMM32.DLL
0x00007ff87e340000 - 0x00007ff87e34c000 	C:\Program Files\Java\jdk-22\bin\vcruntime140_1.dll
0x00007ff841410000 - 0x00007ff84149e000 	C:\Program Files\Java\jdk-22\bin\msvcp140.dll
0x00007ff841880000 - 0x00007ff8425c7000 	C:\Program Files\Java\jdk-22\bin\server\jvm.dll
0x00007ff8e1420000 - 0x00007ff8e1491000 	C:\Windows\System32\WS2_32.dll
0x00007ff8de730000 - 0x00007ff8de77d000 	C:\Windows\SYSTEM32\POWRPROF.dll
0x00007ff8da270000 - 0x00007ff8da2a4000 	C:\Windows\SYSTEM32\WINMM.dll
0x00007ff8de710000 - 0x00007ff8de723000 	C:\Windows\SYSTEM32\UMPDC.dll
0x00007ff8dda50000 - 0x00007ff8dda68000 	C:\Windows\SYSTEM32\kernel.appcore.dll
0x00007ff87d960000 - 0x00007ff87d96a000 	C:\Program Files\Java\jdk-22\bin\jimage.dll
0x00007ff8dc5d0000 - 0x00007ff8dc802000 	C:\Windows\SYSTEM32\DBGHELP.DLL
0x00007ff8e0820000 - 0x00007ff8e0ba8000 	C:\Windows\System32\combase.dll
0x00007ff8e0c30000 - 0x00007ff8e0d07000 	C:\Windows\System32\OLEAUT32.dll
0x00007ff8d5e90000 - 0x00007ff8d5ec2000 	C:\Windows\SYSTEM32\dbgcore.DLL
0x00007ff8dea20000 - 0x00007ff8dea9b000 	C:\Windows\System32\bcryptPrimitives.dll
0x00007ff841860000 - 0x00007ff84187e000 	C:\Program Files\Java\jdk-22\bin\java.dll
0x00007ff8dfb00000 - 0x00007ff8e035f000 	C:\Windows\System32\SHELL32.dll
0x00007ff8df860000 - 0x00007ff8dfa05000 	C:\Windows\System32\ole32.dll
0x00007ff8dc970000 - 0x00007ff8dd26c000 	C:\Windows\SYSTEM32\windows.storage.dll
0x00007ff8dc830000 - 0x00007ff8dc96f000 	C:\Windows\SYSTEM32\wintypes.dll
0x00007ff8e15b0000 - 0x00007ff8e16a4000 	C:\Windows\System32\SHCORE.dll
0x00007ff8e0d10000 - 0x00007ff8e0d6e000 	C:\Windows\System32\shlwapi.dll
0x00007ff8de950000 - 0x00007ff8de971000 	C:\Windows\SYSTEM32\profapi.dll
0x00007ff842780000 - 0x00007ff842857000 	C:\Program Files\Java\jdk-22\bin\jsvml.dll
0x00007ff87d450000 - 0x00007ff87d460000 	C:\Program Files\Java\jdk-22\bin\net.dll
0x00007ff8ddec0000 - 0x00007ff8ddf29000 	C:\Windows\system32\mswsock.dll
0x00007ff842760000 - 0x00007ff842776000 	C:\Program Files\Java\jdk-22\bin\nio.dll
0x00007ff841630000 - 0x00007ff841647000 	C:\Program Files\Java\jdk-22\bin\zip.dll
0x00007ff8414a0000 - 0x00007ff84162e000 	C:\Program Files\Java\jdk-22\bin\awt.dll
0x00007ff8da070000 - 0x00007ff8da107000 	C:\Windows\SYSTEM32\apphelp.dll
0x00007ff8dbe60000 - 0x00007ff8dbe8b000 	C:\Windows\system32\DWMAPI.DLL
0x00007ff8dba30000 - 0x00007ff8dbadf000 	C:\Windows\system32\uxtheme.dll
0x00007ff85c3d0000 - 0x00007ff85c4d0000 	C:\Windows\system32\opengl32.dll
0x00007ff872090000 - 0x00007ff8720bd000 	C:\Windows\SYSTEM32\GLU32.dll
0x00007ff8dbba0000 - 0x00007ff8dbbd9000 	C:\Windows\SYSTEM32\dxcore.dll
0x00007ff8df430000 - 0x00007ff8df583000 	C:\Windows\System32\MSCTF.dll
0x00007ff877690000 - 0x00007ff877838000 	C:\Windows\system32\d3d9.dll
0x00007ff8d4a40000 - 0x00007ff8d4bfb000 	C:\Windows\System32\DriverStore\FileRepository\u0390835.inf_amd64_66888840aa4163cc\B390488\aticfx64.dll
0x00007ff8a3d80000 - 0x00007ff8a3db4000 	C:\Windows\System32\DriverStore\FileRepository\u0390835.inf_amd64_66888840aa4163cc\B390488\atiu9p64.dll
0x00007ff81a460000 - 0x00007ff81b1b5000 	C:\Windows\System32\DriverStore\FileRepository\u0390835.inf_amd64_66888840aa4163cc\B390488\atiumd64.dll
0x00000000614a0000 - 0x00000000623c8000 	C:\Windows\System32\DriverStore\FileRepository\u0390835.inf_amd64_66888840aa4163cc\B390488\atiumd6a.dll
0x00007ff8e03a0000 - 0x00007ff8e0814000 	C:\Windows\System32\SETUPAPI.dll
0x00007ff8d1870000 - 0x00007ff8d18a5000 	C:\Windows\SYSTEM32\amdihk64.dll
0x00007ff8d7100000 - 0x00007ff8d7149000 	C:\Windows\SYSTEM32\directxdatabasehelper.dll
0x00007ff841380000 - 0x00007ff841407000 	C:\Program Files\Java\jdk-22\bin\freetype.dll
0x00007ff8412a0000 - 0x00007ff841377000 	C:\Program Files\Java\jdk-22\bin\fontmanager.dll
0x00007ff8e1370000 - 0x00007ff8e1420000 	C:\Windows\System32\clbcatq.dll
0x00007ff8db840000 - 0x00007ff8db9f0000 	C:\Windows\SYSTEM32\WindowsCodecs.dll
0x00007ff8b4520000 - 0x00007ff8b457e000 	C:\Windows\system32\dataexchange.dll
0x00007ff8d4410000 - 0x00007ff8d469a000 	C:\Windows\system32\twinapi.appcore.dll
0x00007ff8b54f0000 - 0x00007ff8b563e000 	C:\Windows\SYSTEM32\textinputframework.dll
0x00007ff8d9bd0000 - 0x00007ff8d9d03000 	C:\Windows\SYSTEM32\CoreMessaging.dll
0x00007ff8d6ad0000 - 0x00007ff8d6e3d000 	C:\Windows\SYSTEM32\CoreUIComponents.dll
0x00007ff8de6f0000 - 0x00007ff8de6fc000 	C:\Windows\SYSTEM32\CRYPTBASE.DLL
0x00007ff8dd540000 - 0x00007ff8dd638000 	C:\Windows\SYSTEM32\DNSAPI.dll
0x00007ff8dd4d0000 - 0x00007ff8dd4fd000 	C:\Windows\SYSTEM32\IPHLPAPI.DLL
0x00007ff8e0bb0000 - 0x00007ff8e0bb9000 	C:\Windows\System32\NSI.dll
0x00007ff8da810000 - 0x00007ff8da81a000 	C:\Windows\System32\rasadhlp.dll
0x00007ff8d8440000 - 0x00007ff8d84c3000 	C:\Windows\System32\fwpuclnt.dll
0x00007ff879f60000 - 0x00007ff879f69000 	C:\Program Files\Java\jdk-22\bin\extnet.dll
0x00007ff8de120000 - 0x00007ff8de13b000 	C:\Windows\SYSTEM32\CRYPTSP.dll
0x00007ff8dd9b0000 - 0x00007ff8dd9e5000 	C:\Windows\system32\rsaenh.dll
0x00007ff8ddfc0000 - 0x00007ff8ddfe8000 	C:\Windows\SYSTEM32\USERENV.dll
0x00007ff8a00b0000 - 0x00007ff8a00be000 	C:\Program Files\Java\jdk-22\bin\sunmscapi.dll
0x00007ff8df0a0000 - 0x00007ff8df207000 	C:\Windows\System32\CRYPT32.dll
0x00007ff8de340000 - 0x00007ff8de36e000 	C:\Windows\SYSTEM32\ncrypt.dll
0x00007ff8de300000 - 0x00007ff8de337000 	C:\Windows\SYSTEM32\NTASN1.dll

dbghelp: loaded successfully - version: 4.0.5 - missing functions: none
symbol engine: initialized successfully - sym options: 0x614 - pdb path: .;C:\Program Files\Java\jdk-22\bin;C:\Windows\SYSTEM32;C:\Windows\WinSxS\amd64_microsoft.windows.common-controls_6595b64144ccf1df_6.0.22621.3672_none_2713b9d173822955;C:\Program Files\Java\jdk-22\bin\server;C:\Windows\System32\DriverStore\FileRepository\u0390835.inf_amd64_66888840aa4163cc\B390488

VM Arguments:
jvm_args: -Dfile.encoding=UTF-8 --module-path=C:\Users\aishu\OneDrive\Documents\NetBeansProjects\Travel Management System\build\classes 
java_command: travel.management.system.ForgetPassword
java_class_path (initial): C:\Users\aishu\Downloads\mysql-connector-java-8.0.28.jar;C:\Users\aishu\OneDrive\Documents\NetBeansProjects\Travel Management System\build\classes
Launcher Type: SUN_STANDARD

[Global flags]
     intx CICompilerCount                          = 4                                         {product} {ergonomic}
     uint ConcGCThreads                            = 3                                         {product} {ergonomic}
     uint G1ConcRefinementThreads                  = 10                                        {product} {ergonomic}
   size_t G1HeapRegionSize                         = 1048576                                   {product} {ergonomic}
   size_t InitialHeapSize                          = 98566144                                  {product} {ergonomic}
   size_t MarkStackSize                            = 4194304                                   {product} {ergonomic}
   size_t MaxHeapSize                              = 1570766848                                {product} {ergonomic}
   size_t MaxNewSize                               = 941621248                                 {product} {ergonomic}
   size_t MinHeapDeltaBytes                        = 1048576                                   {product} {ergonomic}
   size_t MinHeapSize                              = 8388608                                   {product} {ergonomic}
    uintx NonNMethodCodeHeapSize                   = 5839372                                {pd product} {ergonomic}
    uintx NonProfiledCodeHeapSize                  = 122909434                              {pd product} {ergonomic}
    uintx ProfiledCodeHeapSize                     = 122909434                              {pd product} {ergonomic}
    uintx ReservedCodeCacheSize                    = 251658240                              {pd product} {ergonomic}
     bool SegmentedCodeCache                       = true                                      {product} {ergonomic}
   size_t SoftMaxHeapSize                          = 1570766848                             {manageable} {ergonomic}
     bool UseCompressedOops                        = true                           {product lp64_product} {ergonomic}
     bool UseG1GC                                  = true                                      {product} {ergonomic}
     bool UseLargePagesIndividualAllocation        = false                                  {pd product} {ergonomic}

Logging:
Log output configuration:
 #0: stdout all=warning uptime,level,tags foldmultilines=false
 #1: stderr all=off uptime,level,tags foldmultilines=false

Environment Variables:
PATH=C:\Program Files\Common Files\Oracle\Java\javapath;C:\Windows\system32;C:\Windows;C:\Windows\System32\Wbem;C:\Windows\System32\WindowsPowerShell\v1.0\;C:\Windows\System32\OpenSSH\;C:\Program Files\dotnet\;C:\Users\aishu\AppData\Local\Programs\Python\Launcher\;C:\Users\aishu\AppData\Local\Microsoft\WindowsApps;C:\Users\aishu\AppData\Local\Programs\Microsoft VS Code\bin;C:\Program Files\JetBrains\PyCharm 2023.3.4\bin;;C:\MinGW\bin;
USERNAME=aishu
OS=Windows_NT
PROCESSOR_IDENTIFIER=AMD64 Family 23 Model 104 Stepping 1, AuthenticAMD
TMP=C:\Users\aishu\AppData\Local\Temp
TEMP=C:\Users\aishu\AppData\Local\Temp




Periodic native trim disabled

---------------  S Y S T E M  ---------------

OS:
 Windows 11 , 64 bit Build 22621 (10.0.22621.3672)
OS uptime: 1 days 21:59 hours

CPU: total 12 (initial active 12) (12 cores per cpu, 2 threads per core) family 23 model 104 stepping 1 microcode 0x0, cx8, cmov, fxsr, ht, mmx, 3dnowpref, sse, sse2, sse3, ssse3, sse4a, sse4.1, sse4.2, popcnt, lzcnt, tsc, tscinvbit, avx, avx2, aes, clmul, bmi1, bmi2, adx, sha, fma, vzeroupper, clflush, clflushopt, rdtscp, rdpid, f16c
Processor Information for processor 0
  Max Mhz: 2100, Current Mhz: 2100, Mhz Limit: 2100
Processor Information for processor 1
  Max Mhz: 2100, Current Mhz: 2100, Mhz Limit: 2100
Processor Information for processor 2
  Max Mhz: 2100, Current Mhz: 1813, Mhz Limit: 2100
Processor Information for processor 3
  Max Mhz: 2100, Current Mhz: 2100, Mhz Limit: 2100
Processor Information for processor 4
  Max Mhz: 2100, Current Mhz: 1813, Mhz Limit: 2100
Processor Information for processor 5
  Max Mhz: 2100, Current Mhz: 2100, Mhz Limit: 2100
Processor Information for processor 6
  Max Mhz: 2100, Current Mhz: 2100, Mhz Limit: 2100
Processor Information for processor 7
  Max Mhz: 2100, Current Mhz: 2100, Mhz Limit: 2100
Processor Information for processor 8
  Max Mhz: 2100, Current Mhz: 2100, Mhz Limit: 2100
Processor Information for processor 9
  Max Mhz: 2100, Current Mhz: 1813, Mhz Limit: 2100
Processor Information for processor 10
  Max Mhz: 2100, Current Mhz: 1813, Mhz Limit: 2100
Processor Information for processor 11
  Max Mhz: 2100, Current Mhz: 1813, Mhz Limit: 2100

Memory: 4k page, system-wide physical 5989M (278M free)
TotalPageFile size 24421M (AvailPageFile size 0M)
current process WorkingSet (physical memory assigned to process): 131M, peak: 131M
current process commit charge ("private bytes"): 253M, peak: 255M

vm_info: Java HotSpot(TM) 64-Bit Server VM (22.0.1+8-16) for windows-amd64 JRE (22.0.1+8-16), built on 2024-03-12T10:33:16Z by "mach5one" with MS VC++ 17.6 (VS2022)

END.
