#
# There is insufficient memory for the Java Runtime Environment to continue.
# Native memory allocation (malloc) failed to allocate 660496 bytes. Error detail: Chunk::new
# Possible reasons:
#   The system is out of physical RAM or swap space
#   This process is running with CompressedOops enabled, and the Java Heap may be blocking the growth of the native heap
# Possible solutions:
#   Reduce memory load on the system
#   Increase physical memory or swap space
#   Check if swap backing store is full
#   Decrease Java heap size (-Xmx/-Xms)
#   Decrease number of Java threads
#   Decrease Java thread stack sizes (-Xss)
#   Set larger code cache with -XX:ReservedCodeCacheSize=
#   JVM is running with Unscaled Compressed Oops mode in which the Java heap is
#     placed in the first 4GB address space. The Java Heap base address is the
#     maximum limit for the native heap growth. Please use -XX:HeapBaseMinAddress
#     to set the Java Heap base and to place the Java Heap above 4GB virtual address.
# This output file may be truncated or incomplete.
#
#  Out of Memory Error (arena.cpp:150), pid=35076, tid=30608
#
# JRE version: Java(TM) SE Runtime Environment (22.0.1+8) (build 22.0.1+8-16)
# Java VM: Java HotSpot(TM) 64-Bit Server VM (22.0.1+8-16, mixed mode, sharing, tiered, compressed oops, compressed class ptrs, g1 gc, windows-amd64)
# No core dump will be written. Minidumps are not enabled by default on client versions of Windows
#

---------------  S U M M A R Y ------------

Command Line: -Dfile.encoding=UTF-8 --module-path=C:\Users\aishu\OneDrive\Documents\NetBeansProjects\Travel Management System\build\classes travel.management.system.Login

Host: AMD Ryzen 5 5500U with Radeon Graphics         , 12 cores, 5G,  Windows 11 , 64 bit Build 22621 (10.0.22621.3672)
Time: Sat Jul  6 21:40:56 2024 India Standard Time elapsed time: 1.598149 seconds (0d 0h 0m 1s)

---------------  T H R E A D  ---------------

Current thread (0x00000216802a90c0):  JavaThread "C2 CompilerThread0" daemon [_thread_in_native, id=30608, stack(0x000000a982600000,0x000000a982700000) (1024K)]


Current CompileTask:
C2:1598 1240   !   4       sun.font.TrueTypeFont::getTableBuffer (208 bytes)

Stack: [0x000000a982600000,0x000000a982700000]
Native frames: (J=compiled Java code, j=interpreted, Vv=VM code, C=native code)
V  [jvm.dll+0x6e2279]  (no source info available)
V  [jvm.dll+0x874e33]  (no source info available)
V  [jvm.dll+0x87725e]  (no source info available)
V  [jvm.dll+0x877933]  (no source info available)
V  [jvm.dll+0x27fd76]  (no source info available)
V  [jvm.dll+0xc3d0f]  (no source info available)
V  [jvm.dll+0xc3f6b]  (no source info available)
V  [jvm.dll+0x3bb0d2]  (no source info available)
V  [jvm.dll+0x387b6b]  (no source info available)
V  [jvm.dll+0x386fda]  (no source info available)
V  [jvm.dll+0x247918]  (no source info available)
V  [jvm.dll+0x246fbf]  (no source info available)
V  [jvm.dll+0x1c4e90]  (no source info available)
V  [jvm.dll+0x2569fe]  (no source info available)
V  [jvm.dll+0x254cba]  (no source info available)
V  [jvm.dll+0x3f5336]  (no source info available)
V  [jvm.dll+0x81d44b]  (no source info available)
V  [jvm.dll+0x6e0915]  (no source info available)
C  [ucrtbase.dll+0x29333]  (no source info available)
C  [KERNEL32.DLL+0x1257d]  (no source info available)
C  [ntdll.dll+0x5af28]  (no source info available)


---------------  P R O C E S S  ---------------

Threads class SMR info:
_java_thread_list=0x00000216c6d9a750, length=16, elements={
0x00000216802a1280, 0x00000216802a21a0, 0x00000216802a3f70, 0x00000216802a6ae0,
0x00000216802a7540, 0x00000216802a80d0, 0x00000216802a90c0, 0x00000216802a9f90,
0x00000216804c78f0, 0x00000216805c4b20, 0x00000216807242a0, 0x00000216807273d0,
0x000002168072a500, 0x00000216c6bacfc0, 0x00000216c6d56540, 0x00000216e1d78090
}

Java Threads: ( => current thread )
  0x00000216802a1280 JavaThread "Reference Handler"          daemon [_thread_blocked, id=12376, stack(0x000000a982000000,0x000000a982100000) (1024K)]
  0x00000216802a21a0 JavaThread "Finalizer"                  daemon [_thread_blocked, id=36568, stack(0x000000a982100000,0x000000a982200000) (1024K)]
  0x00000216802a3f70 JavaThread "Signal Dispatcher"          daemon [_thread_blocked, id=4608, stack(0x000000a982200000,0x000000a982300000) (1024K)]
  0x00000216802a6ae0 JavaThread "Attach Listener"            daemon [_thread_blocked, id=12364, stack(0x000000a982300000,0x000000a982400000) (1024K)]
  0x00000216802a7540 JavaThread "Service Thread"             daemon [_thread_blocked, id=35748, stack(0x000000a982400000,0x000000a982500000) (1024K)]
  0x00000216802a80d0 JavaThread "Monitor Deflation Thread"   daemon [_thread_blocked, id=38760, stack(0x000000a982500000,0x000000a982600000) (1024K)]
=>0x00000216802a90c0 JavaThread "C2 CompilerThread0"         daemon [_thread_in_native, id=30608, stack(0x000000a982600000,0x000000a982700000) (1024K)]
  0x00000216802a9f90 JavaThread "C1 CompilerThread0"         daemon [_thread_blocked, id=33028, stack(0x000000a982700000,0x000000a982800000) (1024K)]
  0x00000216804c78f0 JavaThread "Common-Cleaner"             daemon [_thread_blocked, id=38640, stack(0x000000a982800000,0x000000a982900000) (1024K)]
  0x00000216805c4b20 JavaThread "Notification Thread"        daemon [_thread_blocked, id=37852, stack(0x000000a982900000,0x000000a982a00000) (1024K)]
  0x00000216807242a0 JavaThread "Java2D Disposer"            daemon [_thread_blocked, id=32224, stack(0x000000a982a00000,0x000000a982b00000) (1024K)]
  0x00000216807273d0 JavaThread "AWT-Shutdown"                      [_thread_blocked, id=22324, stack(0x000000a982b00000,0x000000a982c00000) (1024K)]
  0x000002168072a500 JavaThread "AWT-Windows"                daemon [_thread_in_native, id=38156, stack(0x000000a982c00000,0x000000a982d00000) (1024K)]
  0x00000216c6bacfc0 JavaThread "Image Fetcher 0"            daemon [_thread_blocked, id=36124, stack(0x000000a983700000,0x000000a983800000) (1024K)]
  0x00000216c6d56540 JavaThread "AWT-EventQueue-0"                  [_thread_in_vm, id=33308, stack(0x000000a983800000,0x000000a983900000) (1024K)]
  0x00000216e1d78090 JavaThread "DestroyJavaVM"                     [_thread_blocked, id=28200, stack(0x000000a981800000,0x000000a981900000) (1024K)]
Total: 16

Other Threads:
  0x00000216802856b0 VMThread "VM Thread"                           [id=31368, stack(0x000000a981f00000,0x000000a982000000) (1024K)]
  0x000002168026bf50 WatcherThread "VM Periodic Task Thread"        [id=37068, stack(0x000000a981e00000,0x000000a981f00000) (1024K)]
  0x00000216e404f5f0 WorkerThread "GC Thread#0"                     [id=31396, stack(0x000000a981900000,0x000000a981a00000) (1024K)]
  0x00000216e405c930 ConcurrentGCThread "G1 Main Marker"            [id=8444, stack(0x000000a981a00000,0x000000a981b00000) (1024K)]
  0x00000216e405ea00 WorkerThread "G1 Conc#0"                       [id=33064, stack(0x000000a981b00000,0x000000a981c00000) (1024K)]
  0x00000216801420c0 ConcurrentGCThread "G1 Refine#0"               [id=35352, stack(0x000000a981c00000,0x000000a981d00000) (1024K)]
  0x00000216e40cc010 ConcurrentGCThread "G1 Service"                [id=23116, stack(0x000000a981d00000,0x000000a981e00000) (1024K)]
Total: 7

Threads with active compile tasks:
C2 CompilerThread0  1753 1240   !   4       sun.font.TrueTypeFont::getTableBuffer (208 bytes)
Total: 1

VM state: not at safepoint (normal execution)

VM Mutex/Monitor currently owned by a thread:  ([mutex/lock_event])
[0x00007ff8424e9b38] Metaspace_lock - owner thread: 0x00000216c6d56540

Heap address: 0x00000000a2600000, size: 1498 MB, Compressed Oops mode: 32-bit

CDS archive(s) mapped at: [0x0000021681000000-0x0000021681c60000-0x0000021681c60000), size 12976128, SharedBaseAddress: 0x0000021681000000, ArchiveRelocationMode: 1.
Compressed class space mapped at: 0x0000021682000000-0x00000216c2000000, reserved size: 1073741824
Narrow klass base: 0x0000021681000000, Narrow klass shift: 0, Narrow klass range: 0x41000000

GC Precious Log:
 CardTable entry size: 512
 Card Set container configuration: InlinePtr #cards 5 size 8 Array Of Cards #cards 12 size 40 Howl #buckets 4 coarsen threshold 1843 Howl Bitmap #cards 512 size 80 coarsen threshold 460 Card regions per heap region 1 cards per card region 2048
 CPUs: 12 total, 12 available
 Memory: 5989M
 Large Page Support: Disabled
 NUMA Support: Disabled
 Compressed Oops: Enabled (32-bit)
 Heap Region Size: 1M
 Heap Min Capacity: 8M
 Heap Initial Capacity: 94M
 Heap Max Capacity: 1498M
 Pre-touch: Disabled
 Parallel Workers: 10
 Concurrent Workers: 3
 Concurrent Refinement Workers: 10
 Periodic GC: Disabled

Heap:
 garbage-first heap   total reserved 1533952K, committed 96256K, used 18432K [0x00000000a2600000, 0x0000000100000000)
  region size 1024K, 17 young (17408K), 0 survivors (0K)
 Metaspace       used 8458K, committed 8640K, reserved 1114112K
  class space    used 940K, committed 1024K, reserved 1048576K

Heap Regions: E=young(eden), S=young(survivor), O=old, HS=humongous(starts), HC=humongous(continues), CS=collection set, F=free, TAMS=top-at-mark-start, PB=parsable bottom
|   0|0x00000000a2600000, 0x00000000a2700000, 0x00000000a2700000|100%|HS|  |TAMS 0x00000000a2600000| PB 0x00000000a2600000| Complete |  0
|   1|0x00000000a2700000, 0x00000000a2800000, 0x00000000a2800000|100%|HC|  |TAMS 0x00000000a2700000| PB 0x00000000a2700000| Complete |  0
|   2|0x00000000a2800000, 0x00000000a2800000, 0x00000000a2900000|  0%| F|  |TAMS 0x00000000a2800000| PB 0x00000000a2800000| Untracked |  0
|   3|0x00000000a2900000, 0x00000000a2900000, 0x00000000a2a00000|  0%| F|  |TAMS 0x00000000a2900000| PB 0x00000000a2900000| Untracked |  0
|   4|0x00000000a2a00000, 0x00000000a2a00000, 0x00000000a2b00000|  0%| F|  |TAMS 0x00000000a2a00000| PB 0x00000000a2a00000| Untracked |  0
|   5|0x00000000a2b00000, 0x00000000a2b00000, 0x00000000a2c00000|  0%| F|  |TAMS 0x00000000a2b00000| PB 0x00000000a2b00000| Untracked |  0
|   6|0x00000000a2c00000, 0x00000000a2c00000, 0x00000000a2d00000|  0%| F|  |TAMS 0x00000000a2c00000| PB 0x00000000a2c00000| Untracked |  0
|   7|0x00000000a2d00000, 0x00000000a2d00000, 0x00000000a2e00000|  0%| F|  |TAMS 0x00000000a2d00000| PB 0x00000000a2d00000| Untracked |  0
|   8|0x00000000a2e00000, 0x00000000a2e00000, 0x00000000a2f00000|  0%| F|  |TAMS 0x00000000a2e00000| PB 0x00000000a2e00000| Untracked |  0
|   9|0x00000000a2f00000, 0x00000000a2f00000, 0x00000000a3000000|  0%| F|  |TAMS 0x00000000a2f00000| PB 0x00000000a2f00000| Untracked |  0
|  10|0x00000000a3000000, 0x00000000a3000000, 0x00000000a3100000|  0%| F|  |TAMS 0x00000000a3000000| PB 0x00000000a3000000| Untracked |  0
|  11|0x00000000a3100000, 0x00000000a3100000, 0x00000000a3200000|  0%| F|  |TAMS 0x00000000a3100000| PB 0x00000000a3100000| Untracked |  0
|  12|0x00000000a3200000, 0x00000000a3200000, 0x00000000a3300000|  0%| F|  |TAMS 0x00000000a3200000| PB 0x00000000a3200000| Untracked |  0
|  13|0x00000000a3300000, 0x00000000a3300000, 0x00000000a3400000|  0%| F|  |TAMS 0x00000000a3300000| PB 0x00000000a3300000| Untracked |  0
|  14|0x00000000a3400000, 0x00000000a3400000, 0x00000000a3500000|  0%| F|  |TAMS 0x00000000a3400000| PB 0x00000000a3400000| Untracked |  0
|  15|0x00000000a3500000, 0x00000000a3500000, 0x00000000a3600000|  0%| F|  |TAMS 0x00000000a3500000| PB 0x00000000a3500000| Untracked |  0
|  16|0x00000000a3600000, 0x00000000a3600000, 0x00000000a3700000|  0%| F|  |TAMS 0x00000000a3600000| PB 0x00000000a3600000| Untracked |  0
|  17|0x00000000a3700000, 0x00000000a3700000, 0x00000000a3800000|  0%| F|  |TAMS 0x00000000a3700000| PB 0x00000000a3700000| Untracked |  0
|  18|0x00000000a3800000, 0x00000000a3800000, 0x00000000a3900000|  0%| F|  |TAMS 0x00000000a3800000| PB 0x00000000a3800000| Untracked |  0
|  19|0x00000000a3900000, 0x00000000a3900000, 0x00000000a3a00000|  0%| F|  |TAMS 0x00000000a3900000| PB 0x00000000a3900000| Untracked |  0
|  20|0x00000000a3a00000, 0x00000000a3a00000, 0x00000000a3b00000|  0%| F|  |TAMS 0x00000000a3a00000| PB 0x00000000a3a00000| Untracked |  0
|  21|0x00000000a3b00000, 0x00000000a3b00000, 0x00000000a3c00000|  0%| F|  |TAMS 0x00000000a3b00000| PB 0x00000000a3b00000| Untracked |  0
|  22|0x00000000a3c00000, 0x00000000a3c00000, 0x00000000a3d00000|  0%| F|  |TAMS 0x00000000a3c00000| PB 0x00000000a3c00000| Untracked |  0
|  23|0x00000000a3d00000, 0x00000000a3d00000, 0x00000000a3e00000|  0%| F|  |TAMS 0x00000000a3d00000| PB 0x00000000a3d00000| Untracked |  0
|  24|0x00000000a3e00000, 0x00000000a3e00000, 0x00000000a3f00000|  0%| F|  |TAMS 0x00000000a3e00000| PB 0x00000000a3e00000| Untracked |  0
|  25|0x00000000a3f00000, 0x00000000a3f00000, 0x00000000a4000000|  0%| F|  |TAMS 0x00000000a3f00000| PB 0x00000000a3f00000| Untracked |  0
|  26|0x00000000a4000000, 0x00000000a4000000, 0x00000000a4100000|  0%| F|  |TAMS 0x00000000a4000000| PB 0x00000000a4000000| Untracked |  0
|  27|0x00000000a4100000, 0x00000000a4100000, 0x00000000a4200000|  0%| F|  |TAMS 0x00000000a4100000| PB 0x00000000a4100000| Untracked |  0
|  28|0x00000000a4200000, 0x00000000a4200000, 0x00000000a4300000|  0%| F|  |TAMS 0x00000000a4200000| PB 0x00000000a4200000| Untracked |  0
|  29|0x00000000a4300000, 0x00000000a4300000, 0x00000000a4400000|  0%| F|  |TAMS 0x00000000a4300000| PB 0x00000000a4300000| Untracked |  0
|  30|0x00000000a4400000, 0x00000000a4400000, 0x00000000a4500000|  0%| F|  |TAMS 0x00000000a4400000| PB 0x00000000a4400000| Untracked |  0
|  31|0x00000000a4500000, 0x00000000a4500000, 0x00000000a4600000|  0%| F|  |TAMS 0x00000000a4500000| PB 0x00000000a4500000| Untracked |  0
|  32|0x00000000a4600000, 0x00000000a4600000, 0x00000000a4700000|  0%| F|  |TAMS 0x00000000a4600000| PB 0x00000000a4600000| Untracked |  0
|  33|0x00000000a4700000, 0x00000000a4700000, 0x00000000a4800000|  0%| F|  |TAMS 0x00000000a4700000| PB 0x00000000a4700000| Untracked |  0
|  34|0x00000000a4800000, 0x00000000a4800000, 0x00000000a4900000|  0%| F|  |TAMS 0x00000000a4800000| PB 0x00000000a4800000| Untracked |  0
|  35|0x00000000a4900000, 0x00000000a4900000, 0x00000000a4a00000|  0%| F|  |TAMS 0x00000000a4900000| PB 0x00000000a4900000| Untracked |  0
|  36|0x00000000a4a00000, 0x00000000a4a00000, 0x00000000a4b00000|  0%| F|  |TAMS 0x00000000a4a00000| PB 0x00000000a4a00000| Untracked |  0
|  37|0x00000000a4b00000, 0x00000000a4b00000, 0x00000000a4c00000|  0%| F|  |TAMS 0x00000000a4b00000| PB 0x00000000a4b00000| Untracked |  0
|  38|0x00000000a4c00000, 0x00000000a4c00000, 0x00000000a4d00000|  0%| F|  |TAMS 0x00000000a4c00000| PB 0x00000000a4c00000| Untracked |  0
|  39|0x00000000a4d00000, 0x00000000a4d00000, 0x00000000a4e00000|  0%| F|  |TAMS 0x00000000a4d00000| PB 0x00000000a4d00000| Untracked |  0
|  40|0x00000000a4e00000, 0x00000000a4e00000, 0x00000000a4f00000|  0%| F|  |TAMS 0x00000000a4e00000| PB 0x00000000a4e00000| Untracked |  0
|  41|0x00000000a4f00000, 0x00000000a4f00000, 0x00000000a5000000|  0%| F|  |TAMS 0x00000000a4f00000| PB 0x00000000a4f00000| Untracked |  0
|  42|0x00000000a5000000, 0x00000000a5000000, 0x00000000a5100000|  0%| F|  |TAMS 0x00000000a5000000| PB 0x00000000a5000000| Untracked |  0
|  43|0x00000000a5100000, 0x00000000a5100000, 0x00000000a5200000|  0%| F|  |TAMS 0x00000000a5100000| PB 0x00000000a5100000| Untracked |  0
|  44|0x00000000a5200000, 0x00000000a5200000, 0x00000000a5300000|  0%| F|  |TAMS 0x00000000a5200000| PB 0x00000000a5200000| Untracked |  0
|  45|0x00000000a5300000, 0x00000000a5300000, 0x00000000a5400000|  0%| F|  |TAMS 0x00000000a5300000| PB 0x00000000a5300000| Untracked |  0
|  46|0x00000000a5400000, 0x00000000a5400000, 0x00000000a5500000|  0%| F|  |TAMS 0x00000000a5400000| PB 0x00000000a5400000| Untracked |  0
|  47|0x00000000a5500000, 0x00000000a5500000, 0x00000000a5600000|  0%| F|  |TAMS 0x00000000a5500000| PB 0x00000000a5500000| Untracked |  0
|  48|0x00000000a5600000, 0x00000000a5600000, 0x00000000a5700000|  0%| F|  |TAMS 0x00000000a5600000| PB 0x00000000a5600000| Untracked |  0
|  49|0x00000000a5700000, 0x00000000a5700000, 0x00000000a5800000|  0%| F|  |TAMS 0x00000000a5700000| PB 0x00000000a5700000| Untracked |  0
|  50|0x00000000a5800000, 0x00000000a5800000, 0x00000000a5900000|  0%| F|  |TAMS 0x00000000a5800000| PB 0x00000000a5800000| Untracked |  0
|  51|0x00000000a5900000, 0x00000000a5900000, 0x00000000a5a00000|  0%| F|  |TAMS 0x00000000a5900000| PB 0x00000000a5900000| Untracked |  0
|  52|0x00000000a5a00000, 0x00000000a5a00000, 0x00000000a5b00000|  0%| F|  |TAMS 0x00000000a5a00000| PB 0x00000000a5a00000| Untracked |  0
|  53|0x00000000a5b00000, 0x00000000a5b00000, 0x00000000a5c00000|  0%| F|  |TAMS 0x00000000a5b00000| PB 0x00000000a5b00000| Untracked |  0
|  54|0x00000000a5c00000, 0x00000000a5c00000, 0x00000000a5d00000|  0%| F|  |TAMS 0x00000000a5c00000| PB 0x00000000a5c00000| Untracked |  0
|  55|0x00000000a5d00000, 0x00000000a5d00000, 0x00000000a5e00000|  0%| F|  |TAMS 0x00000000a5d00000| PB 0x00000000a5d00000| Untracked |  0
|  56|0x00000000a5e00000, 0x00000000a5e00000, 0x00000000a5f00000|  0%| F|  |TAMS 0x00000000a5e00000| PB 0x00000000a5e00000| Untracked |  0
|  57|0x00000000a5f00000, 0x00000000a5f00000, 0x00000000a6000000|  0%| F|  |TAMS 0x00000000a5f00000| PB 0x00000000a5f00000| Untracked |  0
|  58|0x00000000a6000000, 0x00000000a6000000, 0x00000000a6100000|  0%| F|  |TAMS 0x00000000a6000000| PB 0x00000000a6000000| Untracked |  0
|  59|0x00000000a6100000, 0x00000000a6100000, 0x00000000a6200000|  0%| F|  |TAMS 0x00000000a6100000| PB 0x00000000a6100000| Untracked |  0
|  60|0x00000000a6200000, 0x00000000a6200000, 0x00000000a6300000|  0%| F|  |TAMS 0x00000000a6200000| PB 0x00000000a6200000| Untracked |  0
|  61|0x00000000a6300000, 0x00000000a6300000, 0x00000000a6400000|  0%| F|  |TAMS 0x00000000a6300000| PB 0x00000000a6300000| Untracked |  0
|  62|0x00000000a6400000, 0x00000000a6400000, 0x00000000a6500000|  0%| F|  |TAMS 0x00000000a6400000| PB 0x00000000a6400000| Untracked |  0
|  63|0x00000000a6500000, 0x00000000a6500000, 0x00000000a6600000|  0%| F|  |TAMS 0x00000000a6500000| PB 0x00000000a6500000| Untracked |  0
|  64|0x00000000a6600000, 0x00000000a6600000, 0x00000000a6700000|  0%| F|  |TAMS 0x00000000a6600000| PB 0x00000000a6600000| Untracked |  0
|  65|0x00000000a6700000, 0x00000000a6700000, 0x00000000a6800000|  0%| F|  |TAMS 0x00000000a6700000| PB 0x00000000a6700000| Untracked |  0
|  66|0x00000000a6800000, 0x00000000a6800000, 0x00000000a6900000|  0%| F|  |TAMS 0x00000000a6800000| PB 0x00000000a6800000| Untracked |  0
|  67|0x00000000a6900000, 0x00000000a6900000, 0x00000000a6a00000|  0%| F|  |TAMS 0x00000000a6900000| PB 0x00000000a6900000| Untracked |  0
|  68|0x00000000a6a00000, 0x00000000a6a00000, 0x00000000a6b00000|  0%| F|  |TAMS 0x00000000a6a00000| PB 0x00000000a6a00000| Untracked |  0
|  69|0x00000000a6b00000, 0x00000000a6b00000, 0x00000000a6c00000|  0%| F|  |TAMS 0x00000000a6b00000| PB 0x00000000a6b00000| Untracked |  0
|  70|0x00000000a6c00000, 0x00000000a6c00000, 0x00000000a6d00000|  0%| F|  |TAMS 0x00000000a6c00000| PB 0x00000000a6c00000| Untracked |  0
|  71|0x00000000a6d00000, 0x00000000a6d00000, 0x00000000a6e00000|  0%| F|  |TAMS 0x00000000a6d00000| PB 0x00000000a6d00000| Untracked |  0
|  72|0x00000000a6e00000, 0x00000000a6e00000, 0x00000000a6f00000|  0%| F|  |TAMS 0x00000000a6e00000| PB 0x00000000a6e00000| Untracked |  0
|  73|0x00000000a6f00000, 0x00000000a6f00000, 0x00000000a7000000|  0%| F|  |TAMS 0x00000000a6f00000| PB 0x00000000a6f00000| Untracked |  0
|  74|0x00000000a7000000, 0x00000000a7000000, 0x00000000a7100000|  0%| F|  |TAMS 0x00000000a7000000| PB 0x00000000a7000000| Untracked |  0
|  75|0x00000000a7100000, 0x00000000a7100000, 0x00000000a7200000|  0%| F|  |TAMS 0x00000000a7100000| PB 0x00000000a7100000| Untracked |  0
|  76|0x00000000a7200000, 0x00000000a7200000, 0x00000000a7300000|  0%| F|  |TAMS 0x00000000a7200000| PB 0x00000000a7200000| Untracked |  0
|  77|0x00000000a7300000, 0x00000000a73f7d78, 0x00000000a7400000| 96%| E|  |TAMS 0x00000000a7300000| PB 0x00000000a7300000| Complete |  0
|  78|0x00000000a7400000, 0x00000000a7500000, 0x00000000a7500000|100%| E|CS|TAMS 0x00000000a7400000| PB 0x00000000a7400000| Complete |  0
|  79|0x00000000a7500000, 0x00000000a7600000, 0x00000000a7600000|100%| E|CS|TAMS 0x00000000a7500000| PB 0x00000000a7500000| Complete |  0
|  80|0x00000000a7600000, 0x00000000a7700000, 0x00000000a7700000|100%| E|CS|TAMS 0x00000000a7600000| PB 0x00000000a7600000| Complete |  0
|  81|0x00000000a7700000, 0x00000000a7800000, 0x00000000a7800000|100%| E|CS|TAMS 0x00000000a7700000| PB 0x00000000a7700000| Complete |  0
|  82|0x00000000a7800000, 0x00000000a7900000, 0x00000000a7900000|100%| E|CS|TAMS 0x00000000a7800000| PB 0x00000000a7800000| Complete |  0
|  83|0x00000000a7900000, 0x00000000a7a00000, 0x00000000a7a00000|100%| E|CS|TAMS 0x00000000a7900000| PB 0x00000000a7900000| Complete |  0
|  84|0x00000000a7a00000, 0x00000000a7b00000, 0x00000000a7b00000|100%| E|CS|TAMS 0x00000000a7a00000| PB 0x00000000a7a00000| Complete |  0
|  85|0x00000000a7b00000, 0x00000000a7c00000, 0x00000000a7c00000|100%| E|CS|TAMS 0x00000000a7b00000| PB 0x00000000a7b00000| Complete |  0
|  86|0x00000000a7c00000, 0x00000000a7d00000, 0x00000000a7d00000|100%| E|CS|TAMS 0x00000000a7c00000| PB 0x00000000a7c00000| Complete |  0
|  87|0x00000000a7d00000, 0x00000000a7e00000, 0x00000000a7e00000|100%| E|CS|TAMS 0x00000000a7d00000| PB 0x00000000a7d00000| Complete |  0
|  88|0x00000000a7e00000, 0x00000000a7f00000, 0x00000000a7f00000|100%| E|CS|TAMS 0x00000000a7e00000| PB 0x00000000a7e00000| Complete |  0
|  89|0x00000000a7f00000, 0x00000000a8000000, 0x00000000a8000000|100%| E|CS|TAMS 0x00000000a7f00000| PB 0x00000000a7f00000| Complete |  0
|  90|0x00000000a8000000, 0x00000000a8100000, 0x00000000a8100000|100%| E|CS|TAMS 0x00000000a8000000| PB 0x00000000a8000000| Complete |  0
|  91|0x00000000a8100000, 0x00000000a8200000, 0x00000000a8200000|100%| E|CS|TAMS 0x00000000a8100000| PB 0x00000000a8100000| Complete |  0
|  92|0x00000000a8200000, 0x00000000a8300000, 0x00000000a8300000|100%| E|CS|TAMS 0x00000000a8200000| PB 0x00000000a8200000| Complete |  0
|  93|0x00000000a8300000, 0x00000000a8400000, 0x00000000a8400000|100%| E|CS|TAMS 0x00000000a8300000| PB 0x00000000a8300000| Complete |  0

Card table byte_map: [0x00000216fbb90000,0x00000216fbe80000] _byte_map_base: 0x00000216fb67d000

Marking Bits: (CMBitMap*) 0x00000216e4050510
 Bits: [0x00000216fbe80000, 0x00000216fd5e8000)

Polling page: 0x00000216e37d0000

Metaspace:

Usage:
  Non-class:      7.34 MB used.
      Class:    940.37 KB used.
       Both:      8.26 MB used.

Virtual space:
  Non-class space:       64.00 MB reserved,       7.44 MB ( 12%) committed,  1 nodes.
      Class space:        1.00 GB reserved,       1.00 MB ( <1%) committed,  1 nodes.
             Both:        1.06 GB reserved,       8.44 MB ( <1%) committed. 

Chunk freelists:
   Non-Class:  8.48 MB
       Class:  15.01 MB
        Both:  23.49 MB

MaxMetaspaceSize: unlimited
CompressedClassSpaceSize: 1.00 GB
Initial GC threshold: 21.00 MB
Current GC threshold: 21.00 MB
CDS: on
 - commit_granule_bytes: 65536.
 - commit_granule_words: 8192.
 - virtual_space_node_default_size: 8388608.
 - enlarge_chunks_in_place: 1.
 - use_allocation_guard: 0.


Internal statistics:

num_allocs_failed_limit: 0.
num_arena_births: 154.
num_arena_deaths: 0.
num_vsnodes_births: 2.
num_vsnodes_deaths: 0.
num_space_committed: 135.
num_space_uncommitted: 0.
num_chunks_returned_to_freelist: 0.
num_chunks_taken_from_freelist: 199.
num_chunk_merges: 0.
num_chunk_splits: 115.
num_chunks_enlarged: 42.
num_inconsistent_stats: 0.

CodeHeap 'non-profiled nmethods': size=120000Kb used=347Kb max_used=347Kb free=119652Kb
 bounds [0x00000216f3e20000, 0x00000216f4090000, 0x00000216fb350000]
CodeHeap 'profiled nmethods': size=120000Kb used=2129Kb max_used=2129Kb free=117871Kb
 bounds [0x00000216ec350000, 0x00000216ec5c0000, 0x00000216f3880000]
CodeHeap 'non-nmethods': size=5760Kb used=1592Kb max_used=1608Kb free=4167Kb
 bounds [0x00000216f3880000, 0x00000216f3af0000, 0x00000216f3e20000]
 total_blobs=1922 nmethods=1272 adapters=555
 compilation: enabled
              stopped_count=0, restarted_count=0
 full_count=0

Compilation events (20 events):
Event: 1.535 Thread 0x00000216802a90c0 1235       4       sun.nio.cs.UnicodeDecoder::decode (24 bytes)
Event: 1.536 Thread 0x00000216802a90c0 nmethod 1235 0x00000216f3e74090 code [0x00000216f3e74200, 0x00000216f3e742b8]
Event: 1.537 Thread 0x00000216802a9f90 nmethod 1238 0x00000216ec557c10 code [0x00000216ec557fa0, 0x00000216ec559938]
Event: 1.537 Thread 0x00000216802a9f90 1239       3       java.util.HashSet::toArray (16 bytes)
Event: 1.537 Thread 0x00000216802a9f90 nmethod 1239 0x00000216ec55a110 code [0x00000216ec55a2c0, 0x00000216ec55a4e0]
Event: 1.539 Thread 0x00000216802a90c0 1240   !   4       sun.font.TrueTypeFont::getTableBuffer (208 bytes)
Event: 1.543 Thread 0x00000216802a9f90 1241       3       java.lang.StringUTF16::newBytesFor (61 bytes)
Event: 1.543 Thread 0x00000216802a9f90 nmethod 1241 0x00000216ec55a610 code [0x00000216ec55a880, 0x00000216ec55b0b0]
Event: 1.545 Thread 0x00000216802a9f90 1242       3       java.lang.StringUTF16::hashCode (52 bytes)
Event: 1.545 Thread 0x00000216802a9f90 nmethod 1242 0x00000216ec55b410 code [0x00000216ec55b5c0, 0x00000216ec55b7d0]
Event: 1.559 Thread 0x00000216802a9f90 1245       3       java.util.Locale::getDefault (4 bytes)
Event: 1.560 Thread 0x00000216802a9f90 nmethod 1245 0x00000216ec55b890 code [0x00000216ec55ba20, 0x00000216ec55bb18]
Event: 1.562 Thread 0x00000216802a9f90 1246       3       java.lang.String::toLowerCase (8 bytes)
Event: 1.562 Thread 0x00000216802a9f90 nmethod 1246 0x00000216ec55bb90 code [0x00000216ec55bd60, 0x00000216ec55c0e8]
Event: 1.571 Thread 0x00000216802a9f90 1248   !   3       sun.font.TrueTypeFont::getAllFullNames (30 bytes)
Event: 1.571 Thread 0x00000216802a9f90 nmethod 1248 0x00000216ec55c210 code [0x00000216ec55c440, 0x00000216ec55cd08]
Event: 1.571 Thread 0x00000216802a9f90 1250  s    3       sun.font.FontFamily::addLocaleNames (45 bytes)
Event: 1.572 Thread 0x00000216802a9f90 nmethod 1250 0x00000216ec55d010 code [0x00000216ec55d240, 0x00000216ec55dab8]
Event: 1.572 Thread 0x00000216802a9f90 1249   !   3       sun.font.TrueTypeFont::getAllFamilyNames (30 bytes)
Event: 1.573 Thread 0x00000216802a9f90 nmethod 1249 0x00000216ec55dd90 code [0x00000216ec55dfc0, 0x00000216ec55e888]

GC Heap History (0 events):
No events

Dll operation events (9 events):
Event: 0.022 Loaded shared library C:\Program Files\Java\jdk-22\bin\java.dll
Event: 0.075 Loaded shared library C:\Program Files\Java\jdk-22\bin\jsvml.dll
Event: 0.118 Loaded shared library C:\Program Files\Java\jdk-22\bin\net.dll
Event: 0.121 Loaded shared library C:\Program Files\Java\jdk-22\bin\nio.dll
Event: 0.160 Loaded shared library C:\Program Files\Java\jdk-22\bin\zip.dll
Event: 0.184 Loaded shared library C:\Program Files\Java\jdk-22\bin\jimage.dll
Event: 0.210 Loaded shared library C:\Program Files\Java\jdk-22\bin\awt.dll
Event: 0.758 Loaded shared library C:\Program Files\Java\jdk-22\bin\freetype.dll
Event: 0.761 Loaded shared library C:\Program Files\Java\jdk-22\bin\fontmanager.dll

Deoptimization events (16 events):
Event: 0.445 Thread 0x00000216e1d78090 Uncommon trap: trap_request=0xffffff45 fr.pc=0x00000216f3e2f63c relative=0x00000000000009fc
Event: 0.445 Thread 0x00000216e1d78090 Uncommon trap: reason=unstable_if action=reinterpret pc=0x00000216f3e2f63c method=java.util.HashMap.putVal(ILjava/lang/Object;Ljava/lang/Object;ZZ)Ljava/lang/Object; @ 236 c2
Event: 0.445 Thread 0x00000216e1d78090 DEOPT PACKING pc=0x00000216f3e2f63c sp=0x000000a9818fde40
Event: 0.445 Thread 0x00000216e1d78090 DEOPT UNPACKING pc=0x00000216f38d46a2 sp=0x000000a9818fddf8 mode 2
Event: 1.501 Thread 0x00000216c6d56540 Uncommon trap: trap_request=0xffffff45 fr.pc=0x00000216f3e2b4c8 relative=0x00000000000000a8
Event: 1.501 Thread 0x00000216c6d56540 Uncommon trap: reason=unstable_if action=reinterpret pc=0x00000216f3e2b4c8 method=java.lang.String.isLatin1()Z @ 10 c2
Event: 1.501 Thread 0x00000216c6d56540 DEOPT PACKING pc=0x00000216f3e2b4c8 sp=0x000000a9838fcd90
Event: 1.501 Thread 0x00000216c6d56540 DEOPT UNPACKING pc=0x00000216f38d46a2 sp=0x000000a9838fccc0 mode 2
Event: 1.501 Thread 0x00000216c6d56540 Uncommon trap: trap_request=0xffffff45 fr.pc=0x00000216f3e48330 relative=0x0000000000000190
Event: 1.501 Thread 0x00000216c6d56540 Uncommon trap: reason=unstable_if action=reinterpret pc=0x00000216f3e48330 method=jdk.internal.util.ArraysSupport.vectorizedHashCode(Ljava/lang/Object;IIII)I @ 2 c2
Event: 1.501 Thread 0x00000216c6d56540 DEOPT PACKING pc=0x00000216f3e48330 sp=0x000000a9838fcc90
Event: 1.501 Thread 0x00000216c6d56540 DEOPT UNPACKING pc=0x00000216f38d46a2 sp=0x000000a9838fcc40 mode 2
Event: 1.534 Thread 0x00000216c6d56540 Uncommon trap: trap_request=0xffffff45 fr.pc=0x00000216f3e71a00 relative=0x0000000000000420
Event: 1.534 Thread 0x00000216c6d56540 Uncommon trap: reason=unstable_if action=reinterpret pc=0x00000216f3e71a00 method=java.lang.Character.isSurrogate(C)Z @ 3 c2
Event: 1.534 Thread 0x00000216c6d56540 DEOPT PACKING pc=0x00000216f3e71a00 sp=0x000000a9838fca40
Event: 1.534 Thread 0x00000216c6d56540 DEOPT UNPACKING pc=0x00000216f38d46a2 sp=0x000000a9838fc958 mode 2

Classes loaded (20 events):
Event: 0.948 Loading class java/text/CharacterIterator
Event: 0.949 Loading class java/text/CharacterIterator done
Event: 0.949 Loading class javax/swing/text/Segment done
Event: 0.949 Loading class javax/swing/text/SegmentCache$CachedSegment done
Event: 0.949 Loading class javax/swing/text/Utilities
Event: 0.949 Loading class javax/swing/text/Utilities done
Event: 0.951 Loading class javax/swing/event/ChangeEvent
Event: 0.951 Loading class javax/swing/event/ChangeEvent done
Event: 0.951 Loading class java/applet/Applet
Event: 0.952 Loading class java/awt/Panel
Event: 0.952 Loading class java/awt/Panel done
Event: 0.952 Loading class java/applet/Applet done
Event: 0.952 Loading class sun/font/SunFontManager$FamilyDescription
Event: 0.952 Loading class sun/font/SunFontManager$FamilyDescription done
Event: 0.994 Loading class sun/font/SunFontManager$8
Event: 0.994 Loading class sun/font/SunFontManager$8 done
Event: 0.995 Loading class sun/font/SunFontManager$9
Event: 0.995 Loading class sun/font/SunFontManager$9 done
Event: 1.505 Loading class java/lang/foreign/MemorySegment
Event: 1.506 Loading class java/lang/foreign/MemorySegment done

Classes unloaded (0 events):
No events

Classes redefined (0 events):
No events

Internal exceptions (15 events):
Event: 0.124 Thread 0x00000216e1d78090 Exception <a 'sun/nio/fs/WindowsException'{0x00000000a82bc338}> (0x00000000a82bc338) 
thrown [s\open\src\hotspot\share\prims\jni.cpp, line 520]
Event: 0.131 Thread 0x00000216e1d78090 Exception <a 'sun/nio/fs/WindowsException'{0x00000000a82bea08}> (0x00000000a82bea08) 
thrown [s\open\src\hotspot\share\prims\jni.cpp, line 520]
Event: 0.132 Thread 0x00000216e1d78090 Exception <a 'sun/nio/fs/WindowsException'{0x00000000a82bf5a0}> (0x00000000a82bf5a0) 
thrown [s\open\src\hotspot\share\prims\jni.cpp, line 520]
Event: 0.194 Thread 0x00000216e1d78090 Exception <a 'java/lang/ClassNotFoundException'{0x00000000a818f178}: sun/awt/resources/spi/awtProvider> (0x00000000a818f178) 
thrown [s\open\src\hotspot\share\classfile\systemDictionary.cpp, line 313]
Event: 0.225 Thread 0x00000216e1d78090 Exception <a 'java/io/FileNotFoundException'{0x00000000a81e2d58}> (0x00000000a81e2d58) 
thrown [s\open\src\hotspot\share\prims\jni.cpp, line 520]
Event: 0.234 Thread 0x00000216e1d78090 Exception <a 'java/io/FileNotFoundException'{0x00000000a80117f8}> (0x00000000a80117f8) 
thrown [s\open\src\hotspot\share\prims\jni.cpp, line 520]
Event: 0.448 Thread 0x00000216e1d78090 Exception <a 'java/lang/NoSuchMethodError'{0x00000000a80aa998}: 'void java.lang.invoke.DirectMethodHandle$Holder.invokeSpecial(java.lang.Object, java.lang.Object, java.lang.Object)'> (0x00000000a80aa998) 
thrown [s\open\src\hotspot\share\interpreter\linkResolver.cpp, line 774]
Event: 0.460 Thread 0x00000216e1d78090 Exception <a 'java/lang/NoSuchMethodError'{0x00000000a80d0c70}: 'java.lang.Object java.lang.invoke.DirectMethodHandle$Holder.newInvokeSpecial(java.lang.Object, java.lang.Object, java.lang.Object, java.lang.Object, java.lang.Object)'> (0x00000000a80d0c70) 
thrown [s\open\src\hotspot\share\interpreter\linkResolver.cpp, line 774]
Event: 0.467 Thread 0x00000216e1d78090 Exception <a 'java/lang/NoSuchMethodError'{0x00000000a7f82668}: 'java.lang.Object java.lang.invoke.DirectMethodHandle$Holder.invokeStatic(java.lang.Object, int, java.lang.Object)'> (0x00000000a7f82668) 
thrown [s\open\src\hotspot\share\interpreter\linkResolver.cpp, line 774]
Event: 0.495 Thread 0x00000216e1d78090 Exception <a 'java/lang/ClassNotFoundException'{0x00000000a7e24880}: com/sun/swing/internal/plaf/metal/resources/spi/metalProvider> (0x00000000a7e24880) 
thrown [s\open\src\hotspot\share\classfile\systemDictionary.cpp, line 313]
Event: 0.496 Thread 0x00000216e1d78090 Exception <a 'java/lang/ClassNotFoundException'{0x00000000a7e28830}: com/sun/swing/internal/plaf/basic/resources/spi/basicProvider> (0x00000000a7e28830) 
thrown [s\open\src\hotspot\share\classfile\systemDictionary.cpp, line 313]
Event: 0.508 Thread 0x00000216e1d78090 Exception <a 'java/lang/NoSuchMethodError'{0x00000000a7e47f20}: 'int java.lang.invoke.Invokers$Holder.invokeExact_MT(java.lang.Object, java.lang.Object)'> (0x00000000a7e47f20) 
thrown [s\open\src\hotspot\share\interpreter\linkResolver.cpp, line 774]
Event: 0.594 Thread 0x00000216c6bacfc0 Exception <a 'java/lang/NoSuchMethodError'{0x00000000a7c2d7c8}: 'java.lang.Object java.lang.invoke.DirectMethodHandle$Holder.newInvokeSpecial(java.lang.Object, java.lang.Object, java.lang.Object, int, int, int, int, int)'> (0x00000000a7c2d7c8) 
thrown [s\open\src\hotspot\share\interpreter\linkResolver.cpp, line 774]
Event: 0.710 Thread 0x000002168072a500 Exception <a 'java/lang/NoSuchMethodError'{0x00000000a7f0efb0}: 'void java.lang.invoke.DirectMethodHandle$Holder.invokeVirtual(java.lang.Object, java.lang.Object)'> (0x00000000a7f0efb0) 
thrown [s\open\src\hotspot\share\interpreter\linkResolver.cpp, line 774]
Event: 0.749 Thread 0x00000216e1d78090 Exception <a 'java/lang/NoSuchMethodError'{0x00000000a7b9b200}: 'void java.lang.invoke.DirectMethodHandle$Holder.invokeStaticInit(java.lang.Object)'> (0x00000000a7b9b200) 
thrown [s\open\src\hotspot\share\interpreter\linkResolver.cpp, line 774]

ZGC Phase Switch (0 events):
No events

VM Operations (10 events):
Event: 0.133 Executing VM operation: HandshakeAllThreads (Deoptimize)
Event: 0.133 Executing VM operation: HandshakeAllThreads (Deoptimize) done
Event: 0.249 Executing VM operation: HandshakeAllThreads (Deoptimize)
Event: 0.249 Executing VM operation: HandshakeAllThreads (Deoptimize) done
Event: 0.578 Executing VM operation: HandshakeAllThreads (Deoptimize)
Event: 0.578 Executing VM operation: HandshakeAllThreads (Deoptimize) done
Event: 0.679 Executing VM operation: HandshakeAllThreads (Deoptimize)
Event: 0.679 Executing VM operation: HandshakeAllThreads (Deoptimize) done
Event: 1.360 Executing VM operation: ICBufferFull
Event: 1.360 Executing VM operation: ICBufferFull done

Events (18 events):
Event: 0.050 Thread 0x00000216e1d78090 Thread added: 0x00000216e1d78090
Event: 0.070 Thread 0x00000216802a1280 Thread added: 0x00000216802a1280
Event: 0.070 Thread 0x00000216802a21a0 Thread added: 0x00000216802a21a0
Event: 0.071 Thread 0x00000216802a3f70 Thread added: 0x00000216802a3f70
Event: 0.071 Thread 0x00000216802a6ae0 Thread added: 0x00000216802a6ae0
Event: 0.071 Thread 0x00000216802a7540 Thread added: 0x00000216802a7540
Event: 0.071 Thread 0x00000216802a80d0 Thread added: 0x00000216802a80d0
Event: 0.071 Thread 0x00000216802a90c0 Thread added: 0x00000216802a90c0
Event: 0.071 Thread 0x00000216802a9f90 Thread added: 0x00000216802a9f90
Event: 0.100 Thread 0x00000216804c78f0 Thread added: 0x00000216804c78f0
Event: 0.149 Thread 0x00000216805c4b20 Thread added: 0x00000216805c4b20
Event: 0.317 Thread 0x00000216807242a0 Thread added: 0x00000216807242a0
Event: 0.319 Thread 0x00000216807273d0 Thread added: 0x00000216807273d0
Event: 0.321 Thread 0x000002168072a500 Thread added: 0x000002168072a500
Event: 0.518 Thread 0x00000216c6bacfc0 Thread added: 0x00000216c6bacfc0
Event: 0.709 Thread 0x00000216c6d56540 Thread added: 0x00000216c6d56540
Event: 0.863 Thread 0x00000216e1d78090 Thread exited: 0x00000216e1d78090
Event: 0.863 Thread 0x00000216e1d78090 Thread added: 0x00000216e1d78090


Dynamic libraries:
0x00007ff7dc790000 - 0x00007ff7dc7a0000 	C:\Program Files\Java\jdk-22\bin\java.exe
0x00007ff8e16f0000 - 0x00007ff8e1907000 	C:\Windows\SYSTEM32\ntdll.dll
0x00007ff8e10e0000 - 0x00007ff8e11a4000 	C:\Windows\System32\KERNEL32.DLL
0x00007ff8decf0000 - 0x00007ff8df09d000 	C:\Windows\System32\KERNELBASE.dll
0x00007ff8deb60000 - 0x00007ff8dec71000 	C:\Windows\System32\ucrtbase.dll
0x00007ff84bfb0000 - 0x00007ff84bfcb000 	C:\Program Files\Java\jdk-22\bin\VCRUNTIME140.dll
0x00007ff8d43a0000 - 0x00007ff8d43b7000 	C:\Program Files\Java\jdk-22\bin\jli.dll
0x00007ff8e11f0000 - 0x00007ff8e12a2000 	C:\Windows\System32\ADVAPI32.dll
0x00007ff8e0d70000 - 0x00007ff8e0e17000 	C:\Windows\System32\msvcrt.dll
0x00007ff8e12c0000 - 0x00007ff8e1369000 	C:\Windows\System32\sechost.dll
0x00007ff8df400000 - 0x00007ff8df428000 	C:\Windows\System32\bcrypt.dll
0x00007ff8df740000 - 0x00007ff8df854000 	C:\Windows\System32\RPCRT4.dll
0x00007ff8df590000 - 0x00007ff8df73e000 	C:\Windows\System32\USER32.dll
0x00007ff8df3d0000 - 0x00007ff8df3f6000 	C:\Windows\System32\win32u.dll
0x00007ff8e11b0000 - 0x00007ff8e11d9000 	C:\Windows\System32\GDI32.dll
0x00007ff8df2b0000 - 0x00007ff8df3c9000 	C:\Windows\System32\gdi32full.dll
0x00007ff8c25b0000 - 0x00007ff8c2843000 	C:\Windows\WinSxS\amd64_microsoft.windows.common-controls_6595b64144ccf1df_6.0.22621.3672_none_2713b9d173822955\COMCTL32.dll
0x00007ff8df210000 - 0x00007ff8df2aa000 	C:\Windows\System32\msvcp_win.dll
0x00007ff8d4990000 - 0x00007ff8d499a000 	C:\Windows\SYSTEM32\VERSION.dll
0x00007ff8dfac0000 - 0x00007ff8dfaf1000 	C:\Windows\System32\IMM32.DLL
0x00007ff87e340000 - 0x00007ff87e34c000 	C:\Program Files\Java\jdk-22\bin\vcruntime140_1.dll
0x00007ff841410000 - 0x00007ff84149e000 	C:\Program Files\Java\jdk-22\bin\msvcp140.dll
0x00007ff841880000 - 0x00007ff8425c7000 	C:\Program Files\Java\jdk-22\bin\server\jvm.dll
0x00007ff8e1420000 - 0x00007ff8e1491000 	C:\Windows\System32\WS2_32.dll
0x00007ff8de730000 - 0x00007ff8de77d000 	C:\Windows\SYSTEM32\POWRPROF.dll
0x00007ff8da270000 - 0x00007ff8da2a4000 	C:\Windows\SYSTEM32\WINMM.dll
0x00007ff8de710000 - 0x00007ff8de723000 	C:\Windows\SYSTEM32\UMPDC.dll
0x00007ff8dda50000 - 0x00007ff8dda68000 	C:\Windows\SYSTEM32\kernel.appcore.dll
0x00007ff87d960000 - 0x00007ff87d96a000 	C:\Program Files\Java\jdk-22\bin\jimage.dll
0x00007ff8dc5d0000 - 0x00007ff8dc802000 	C:\Windows\SYSTEM32\DBGHELP.DLL
0x00007ff8e0820000 - 0x00007ff8e0ba8000 	C:\Windows\System32\combase.dll
0x00007ff8e0c30000 - 0x00007ff8e0d07000 	C:\Windows\System32\OLEAUT32.dll
0x00007ff8d5e90000 - 0x00007ff8d5ec2000 	C:\Windows\SYSTEM32\dbgcore.DLL
0x00007ff8dea20000 - 0x00007ff8dea9b000 	C:\Windows\System32\bcryptPrimitives.dll
0x00007ff841860000 - 0x00007ff84187e000 	C:\Program Files\Java\jdk-22\bin\java.dll
0x00007ff8dfb00000 - 0x00007ff8e035f000 	C:\Windows\System32\SHELL32.dll
0x00007ff8df860000 - 0x00007ff8dfa05000 	C:\Windows\System32\ole32.dll
0x00007ff8dc970000 - 0x00007ff8dd26c000 	C:\Windows\SYSTEM32\windows.storage.dll
0x00007ff8dc830000 - 0x00007ff8dc96f000 	C:\Windows\SYSTEM32\wintypes.dll
0x00007ff8e15b0000 - 0x00007ff8e16a4000 	C:\Windows\System32\SHCORE.dll
0x00007ff8e0d10000 - 0x00007ff8e0d6e000 	C:\Windows\System32\shlwapi.dll
0x00007ff8de950000 - 0x00007ff8de971000 	C:\Windows\SYSTEM32\profapi.dll
0x00007ff842780000 - 0x00007ff842857000 	C:\Program Files\Java\jdk-22\bin\jsvml.dll
0x00007ff87d450000 - 0x00007ff87d460000 	C:\Program Files\Java\jdk-22\bin\net.dll
0x00007ff8ddec0000 - 0x00007ff8ddf29000 	C:\Windows\system32\mswsock.dll
0x00007ff842760000 - 0x00007ff842776000 	C:\Program Files\Java\jdk-22\bin\nio.dll
0x00007ff841630000 - 0x00007ff841647000 	C:\Program Files\Java\jdk-22\bin\zip.dll
0x00007ff8414a0000 - 0x00007ff84162e000 	C:\Program Files\Java\jdk-22\bin\awt.dll
0x00007ff8da070000 - 0x00007ff8da107000 	C:\Windows\SYSTEM32\apphelp.dll
0x00007ff8dbe60000 - 0x00007ff8dbe8b000 	C:\Windows\system32\DWMAPI.DLL
0x00007ff8dba30000 - 0x00007ff8dbadf000 	C:\Windows\system32\uxtheme.dll
0x00007ff85c3d0000 - 0x00007ff85c4d0000 	C:\Windows\system32\opengl32.dll
0x00007ff872090000 - 0x00007ff8720bd000 	C:\Windows\SYSTEM32\GLU32.dll
0x00007ff8dbba0000 - 0x00007ff8dbbd9000 	C:\Windows\SYSTEM32\dxcore.dll
0x00007ff8df430000 - 0x00007ff8df583000 	C:\Windows\System32\MSCTF.dll
0x00007ff877690000 - 0x00007ff877838000 	C:\Windows\system32\d3d9.dll
0x00007ff8d4a40000 - 0x00007ff8d4bfb000 	C:\Windows\System32\DriverStore\FileRepository\u0390835.inf_amd64_66888840aa4163cc\B390488\aticfx64.dll
0x00007ff8a3d80000 - 0x00007ff8a3db4000 	C:\Windows\System32\DriverStore\FileRepository\u0390835.inf_amd64_66888840aa4163cc\B390488\atiu9p64.dll
0x00007ff81a460000 - 0x00007ff81b1b5000 	C:\Windows\System32\DriverStore\FileRepository\u0390835.inf_amd64_66888840aa4163cc\B390488\atiumd64.dll
0x00000000614a0000 - 0x00000000623c8000 	C:\Windows\System32\DriverStore\FileRepository\u0390835.inf_amd64_66888840aa4163cc\B390488\atiumd6a.dll
0x00007ff8e03a0000 - 0x00007ff8e0814000 	C:\Windows\System32\SETUPAPI.dll
0x00007ff8d1870000 - 0x00007ff8d18a5000 	C:\Windows\SYSTEM32\amdihk64.dll
0x00007ff8d7100000 - 0x00007ff8d7149000 	C:\Windows\SYSTEM32\directxdatabasehelper.dll
0x00007ff841380000 - 0x00007ff841407000 	C:\Program Files\Java\jdk-22\bin\freetype.dll
0x00007ff8412a0000 - 0x00007ff841377000 	C:\Program Files\Java\jdk-22\bin\fontmanager.dll
0x00007ff8e1370000 - 0x00007ff8e1420000 	C:\Windows\System32\clbcatq.dll
0x00007ff8db840000 - 0x00007ff8db9f0000 	C:\Windows\SYSTEM32\WindowsCodecs.dll
0x00007ff8b4520000 - 0x00007ff8b457e000 	C:\Windows\system32\dataexchange.dll
0x00007ff8d4410000 - 0x00007ff8d469a000 	C:\Windows\system32\twinapi.appcore.dll
0x00007ff8b54f0000 - 0x00007ff8b563e000 	C:\Windows\SYSTEM32\textinputframework.dll
0x00007ff8d9bd0000 - 0x00007ff8d9d03000 	C:\Windows\SYSTEM32\CoreMessaging.dll
0x00007ff8d6ad0000 - 0x00007ff8d6e3d000 	C:\Windows\SYSTEM32\CoreUIComponents.dll
0x00007ff8de6f0000 - 0x00007ff8de6fc000 	C:\Windows\SYSTEM32\CRYPTBASE.DLL

dbghelp: loaded successfully - version: 4.0.5 - missing functions: none
symbol engine: initialized successfully - sym options: 0x614 - pdb path: .;C:\Program Files\Java\jdk-22\bin;C:\Windows\SYSTEM32;C:\Windows\WinSxS\amd64_microsoft.windows.common-controls_6595b64144ccf1df_6.0.22621.3672_none_2713b9d173822955;C:\Program Files\Java\jdk-22\bin\server;C:\Windows\System32\DriverStore\FileRepository\u0390835.inf_amd64_66888840aa4163cc\B390488

VM Arguments:
jvm_args: -Dfile.encoding=UTF-8 --module-path=C:\Users\aishu\OneDrive\Documents\NetBeansProjects\Travel Management System\build\classes 
java_command: travel.management.system.Login
java_class_path (initial): C:\Users\aishu\Downloads\mysql-connector-java-8.0.28.jar;C:\Users\aishu\OneDrive\Documents\NetBeansProjects\Travel Management System\build\classes
Launcher Type: SUN_STANDARD

[Global flags]
     intx CICompilerCount                          = 4                                         {product} {ergonomic}
     uint ConcGCThreads                            = 3                                         {product} {ergonomic}
     uint G1ConcRefinementThreads                  = 10                                        {product} {ergonomic}
   size_t G1HeapRegionSize                         = 1048576                                   {product} {ergonomic}
   size_t InitialHeapSize                          = 98566144                                  {product} {ergonomic}
   size_t MarkStackSize                            = 4194304                                   {product} {ergonomic}
   size_t MaxHeapSize                              = 1570766848                                {product} {ergonomic}
   size_t MaxNewSize                               = 941621248                                 {product} {ergonomic}
   size_t MinHeapDeltaBytes                        = 1048576                                   {product} {ergonomic}
   size_t MinHeapSize                              = 8388608                                   {product} {ergonomic}
    uintx NonNMethodCodeHeapSize                   = 5839372                                {pd product} {ergonomic}
    uintx NonProfiledCodeHeapSize                  = 122909434                              {pd product} {ergonomic}
    uintx ProfiledCodeHeapSize                     = 122909434                              {pd product} {ergonomic}
    uintx ReservedCodeCacheSize                    = 251658240                              {pd product} {ergonomic}
     bool SegmentedCodeCache                       = true                                      {product} {ergonomic}
   size_t SoftMaxHeapSize                          = 1570766848                             {manageable} {ergonomic}
     bool UseCompressedOops                        = true                           {product lp64_product} {ergonomic}
     bool UseG1GC                                  = true                                      {product} {ergonomic}
     bool UseLargePagesIndividualAllocation        = false                                  {pd product} {ergonomic}

Logging:
Log output configuration:
 #0: stdout all=warning uptime,level,tags foldmultilines=false
 #1: stderr all=off uptime,level,tags foldmultilines=false

Environment Variables:
PATH=C:\Program Files\Common Files\Oracle\Java\javapath;C:\Windows\system32;C:\Windows;C:\Windows\System32\Wbem;C:\Windows\System32\WindowsPowerShell\v1.0\;C:\Windows\System32\OpenSSH\;C:\Program Files\dotnet\;C:\Users\aishu\AppData\Local\Programs\Python\Launcher\;C:\Users\aishu\AppData\Local\Microsoft\WindowsApps;C:\Users\aishu\AppData\Local\Programs\Microsoft VS Code\bin;C:\Program Files\JetBrains\PyCharm 2023.3.4\bin;;C:\MinGW\bin;
USERNAME=aishu
OS=Windows_NT
PROCESSOR_IDENTIFIER=AMD64 Family 23 Model 104 Stepping 1, AuthenticAMD
TMP=C:\Users\aishu\AppData\Local\Temp
TEMP=C:\Users\aishu\AppData\Local\Temp




Periodic native trim disabled

---------------  S Y S T E M  ---------------

OS:
 Windows 11 , 64 bit Build 22621 (10.0.22621.3672)
OS uptime: 1 days 22:13 hours

CPU: total 12 (initial active 12) (12 cores per cpu, 2 threads per core) family 23 model 104 stepping 1 microcode 0x0, cx8, cmov, fxsr, ht, mmx, 3dnowpref, sse, sse2, sse3, ssse3, sse4a, sse4.1, sse4.2, popcnt, lzcnt, tsc, tscinvbit, avx, avx2, aes, clmul, bmi1, bmi2, adx, sha, fma, vzeroupper, clflush, clflushopt, rdtscp, rdpid, f16c
Processor Information for processor 0
  Max Mhz: 2100, Current Mhz: 1813, Mhz Limit: 2100
Processor Information for processor 1
  Max Mhz: 2100, Current Mhz: 1813, Mhz Limit: 2100
Processor Information for processor 2
  Max Mhz: 2100, Current Mhz: 1813, Mhz Limit: 2100
Processor Information for processor 3
  Max Mhz: 2100, Current Mhz: 2100, Mhz Limit: 2100
Processor Information for processor 4
  Max Mhz: 2100, Current Mhz: 2100, Mhz Limit: 2100
Processor Information for processor 5
  Max Mhz: 2100, Current Mhz: 1813, Mhz Limit: 2100
Processor Information for processor 6
  Max Mhz: 2100, Current Mhz: 1813, Mhz Limit: 2100
Processor Information for processor 7
  Max Mhz: 2100, Current Mhz: 1813, Mhz Limit: 2100
Processor Information for processor 8
  Max Mhz: 2100, Current Mhz: 1813, Mhz Limit: 2100
Processor Information for processor 9
  Max Mhz: 2100, Current Mhz: 1813, Mhz Limit: 2100
Processor Information for processor 10
  Max Mhz: 2100, Current Mhz: 1813, Mhz Limit: 2100
Processor Information for processor 11
  Max Mhz: 2100, Current Mhz: 1813, Mhz Limit: 2100

Memory: 4k page, system-wide physical 5989M (294M free)
TotalPageFile size 24421M (AvailPageFile size 0M)
current process WorkingSet (physical memory assigned to process): 92M, peak: 92M
current process commit charge ("private bytes"): 212M, peak: 214M

vm_info: Java HotSpot(TM) 64-Bit Server VM (22.0.1+8-16) for windows-amd64 JRE (22.0.1+8-16), built on 2024-03-12T10:33:16Z by "mach5one" with MS VC++ 17.6 (VS2022)

END.
