#
# There is insufficient memory for the Java Runtime Environment to continue.
# Native memory allocation (malloc) failed to allocate 45376 bytes. Error detail: Chunk::new
# Possible reasons:
#   The system is out of physical RAM or swap space
#   This process is running with CompressedOops enabled, and the Java Heap may be blocking the growth of the native heap
# Possible solutions:
#   Reduce memory load on the system
#   Increase physical memory or swap space
#   Check if swap backing store is full
#   Decrease Java heap size (-Xmx/-Xms)
#   Decrease number of Java threads
#   Decrease Java thread stack sizes (-Xss)
#   Set larger code cache with -XX:ReservedCodeCacheSize=
#   JVM is running with Unscaled Compressed Oops mode in which the Java heap is
#     placed in the first 4GB address space. The Java Heap base address is the
#     maximum limit for the native heap growth. Please use -XX:HeapBaseMinAddress
#     to set the Java Heap base and to place the Java Heap above 4GB virtual address.
# This output file may be truncated or incomplete.
#
#  Out of Memory Error (arena.cpp:150), pid=35044, tid=38520
#
# JRE version: Java(TM) SE Runtime Environment (22.0.1+8) (build 22.0.1+8-16)
# Java VM: Java HotSpot(TM) 64-Bit Server VM (22.0.1+8-16, mixed mode, sharing, tiered, compressed oops, compressed class ptrs, g1 gc, windows-amd64)
# No core dump will be written. Minidumps are not enabled by default on client versions of Windows
#

---------------  S U M M A R Y ------------

Command Line: -Dfile.encoding=UTF-8 --module-path=C:\Users\aishu\OneDrive\Documents\NetBeansProjects\Travel Management System\build\classes travel.management.system.AddCustomer

Host: AMD Ryzen 5 5500U with Radeon Graphics         , 12 cores, 5G,  Windows 11 , 64 bit Build 22621 (10.0.22621.3672)
Time: Sun Jul  7 12:34:04 2024 India Standard Time elapsed time: 0.806959 seconds (0d 0h 0m 0s)

---------------  T H R E A D  ---------------

Current thread (0x000002955a472c70):  JavaThread "C2 CompilerThread1" daemon [_thread_in_native, id=38520, stack(0x000000e740000000,0x000000e740100000) (1024K)]


Current CompileTask:
C2:807  926       4       java.lang.StringCoding::countPositives (33 bytes)

Stack: [0x000000e740000000,0x000000e740100000]
Native frames: (J=compiled Java code, j=interpreted, Vv=VM code, C=native code)
V  [jvm.dll+0x6e2279]  (no source info available)
V  [jvm.dll+0x874e33]  (no source info available)
V  [jvm.dll+0x87725e]  (no source info available)
V  [jvm.dll+0x877933]  (no source info available)
V  [jvm.dll+0x27fd76]  (no source info available)
V  [jvm.dll+0xc3d0f]  (no source info available)
V  [jvm.dll+0xc3f6b]  (no source info available)
V  [jvm.dll+0x2f3c2f]  (no source info available)
V  [jvm.dll+0x60bc9a]  (no source info available)
V  [jvm.dll+0x249a35]  (no source info available)
V  [jvm.dll+0x246ec6]  (no source info available)
V  [jvm.dll+0x1c4e90]  (no source info available)
V  [jvm.dll+0x2569fe]  (no source info available)
V  [jvm.dll+0x254cba]  (no source info available)
V  [jvm.dll+0x3f5336]  (no source info available)
V  [jvm.dll+0x81d44b]  (no source info available)
V  [jvm.dll+0x6e0915]  (no source info available)
C  [ucrtbase.dll+0x29333]  (no source info available)
C  [KERNEL32.DLL+0x1257d]  (no source info available)
C  [ntdll.dll+0x5af28]  (no source info available)


---------------  P R O C E S S  ---------------

Threads class SMR info:
_java_thread_list=0x00000295a0ab33b0, length=18, elements={
0x000002953c2d9380, 0x000002955a45df80, 0x000002955a45eca0, 0x000002955a461010,
0x000002955a462470, 0x000002955a463000, 0x000002955a464880, 0x000002955a468990,
0x000002955a471800, 0x000002955a68eed0, 0x000002955a740f20, 0x000002955a7b70d0,
0x000002955a7bb640, 0x000002955a7c17f0, 0x00000295a0a782b0, 0x00000295a0a9c360,
0x00000295a0ab2bc0, 0x000002955a472c70
}

Java Threads: ( => current thread )
  0x000002953c2d9380 JavaThread "main"                              [_thread_in_vm, id=31292, stack(0x000000e73e600000,0x000000e73e700000) (1024K)]
  0x000002955a45df80 JavaThread "Reference Handler"          daemon [_thread_blocked, id=38064, stack(0x000000e73ee00000,0x000000e73ef00000) (1024K)]
  0x000002955a45eca0 JavaThread "Finalizer"                  daemon [_thread_blocked, id=24756, stack(0x000000e73ef00000,0x000000e73f000000) (1024K)]
  0x000002955a461010 JavaThread "Signal Dispatcher"          daemon [_thread_blocked, id=17148, stack(0x000000e73f000000,0x000000e73f100000) (1024K)]
  0x000002955a462470 JavaThread "Attach Listener"            daemon [_thread_blocked, id=30912, stack(0x000000e73f100000,0x000000e73f200000) (1024K)]
  0x000002955a463000 JavaThread "Service Thread"             daemon [_thread_blocked, id=3956, stack(0x000000e73f200000,0x000000e73f300000) (1024K)]
  0x000002955a464880 JavaThread "Monitor Deflation Thread"   daemon [_thread_blocked, id=36840, stack(0x000000e73f300000,0x000000e73f400000) (1024K)]
  0x000002955a468990 JavaThread "C2 CompilerThread0"         daemon [_thread_in_native, id=37432, stack(0x000000e73f400000,0x000000e73f500000) (1024K)]
  0x000002955a471800 JavaThread "C1 CompilerThread0"         daemon [_thread_blocked, id=15032, stack(0x000000e73f500000,0x000000e73f600000) (1024K)]
  0x000002955a68eed0 JavaThread "Common-Cleaner"             daemon [_thread_blocked, id=37420, stack(0x000000e73f600000,0x000000e73f700000) (1024K)]
  0x000002955a740f20 JavaThread "Notification Thread"        daemon [_thread_blocked, id=33592, stack(0x000000e73f700000,0x000000e73f800000) (1024K)]
  0x000002955a7b70d0 JavaThread "Java2D Disposer"            daemon [_thread_blocked, id=13852, stack(0x000000e73f800000,0x000000e73f900000) (1024K)]
  0x000002955a7bb640 JavaThread "AWT-Shutdown"                      [_thread_blocked, id=37764, stack(0x000000e73f900000,0x000000e73fa00000) (1024K)]
  0x000002955a7c17f0 JavaThread "AWT-Windows"                daemon [_thread_in_native, id=29620, stack(0x000000e73fa00000,0x000000e73fb00000) (1024K)]
  0x00000295a0a782b0 JavaThread "AWT-EventQueue-0"                  [_thread_blocked, id=28128, stack(0x000000e73fd00000,0x000000e73fe00000) (1024K)]
  0x00000295a0a9c360 JavaThread "Image Fetcher 0"            daemon [_thread_blocked, id=34976, stack(0x000000e73fe00000,0x000000e73ff00000) (1024K)]
  0x00000295a0ab2bc0 JavaThread "mysql-cj-abandoned-connection-cleanup" daemon [_thread_blocked, id=25000, stack(0x000000e73ff00000,0x000000e740000000) (1024K)]
=>0x000002955a472c70 JavaThread "C2 CompilerThread1"         daemon [_thread_in_native, id=38520, stack(0x000000e740000000,0x000000e740100000) (1024K)]
Total: 18

Other Threads:
  0x000002955a4437b0 VMThread "VM Thread"                           [id=38328, stack(0x000000e73ed00000,0x000000e73ee00000) (1024K)]
  0x000002955a42bb00 WatcherThread "VM Periodic Task Thread"        [id=37548, stack(0x000000e73ec00000,0x000000e73ed00000) (1024K)]
  0x000002953c3203c0 WorkerThread "GC Thread#0"                     [id=33632, stack(0x000000e73e700000,0x000000e73e800000) (1024K)]
  0x000002953c32cdf0 ConcurrentGCThread "G1 Main Marker"            [id=35984, stack(0x000000e73e800000,0x000000e73e900000) (1024K)]
  0x000002953c32e1c0 WorkerThread "G1 Conc#0"                       [id=18904, stack(0x000000e73e900000,0x000000e73ea00000) (1024K)]
  0x000002953c399270 ConcurrentGCThread "G1 Refine#0"               [id=30340, stack(0x000000e73ea00000,0x000000e73eb00000) (1024K)]
  0x000002955a3010b0 ConcurrentGCThread "G1 Service"                [id=35184, stack(0x000000e73eb00000,0x000000e73ec00000) (1024K)]
Total: 7

Threads with active compile tasks:
C2 CompilerThread0  834  924       4       java.util.Properties::loadConvert (540 bytes)
C2 CompilerThread1  834  926       4       java.lang.StringCoding::countPositives (33 bytes)
Total: 2

VM state: not at safepoint (normal execution)

VM Mutex/Monitor currently owned by a thread:  ([mutex/lock_event])
[0x00007ff8424e9b38] Metaspace_lock - owner thread: 0x000002953c2d9380

Heap address: 0x00000000a2600000, size: 1498 MB, Compressed Oops mode: 32-bit

CDS archive(s) mapped at: [0x000002955b000000-0x000002955bc60000-0x000002955bc60000), size 12976128, SharedBaseAddress: 0x000002955b000000, ArchiveRelocationMode: 1.
Compressed class space mapped at: 0x000002955c000000-0x000002959c000000, reserved size: 1073741824
Narrow klass base: 0x000002955b000000, Narrow klass shift: 0, Narrow klass range: 0x41000000

GC Precious Log:
 CardTable entry size: 512
 Card Set container configuration: InlinePtr #cards 5 size 8 Array Of Cards #cards 12 size 40 Howl #buckets 4 coarsen threshold 1843 Howl Bitmap #cards 512 size 80 coarsen threshold 460 Card regions per heap region 1 cards per card region 2048
 CPUs: 12 total, 12 available
 Memory: 5989M
 Large Page Support: Disabled
 NUMA Support: Disabled
 Compressed Oops: Enabled (32-bit)
 Heap Region Size: 1M
 Heap Min Capacity: 8M
 Heap Initial Capacity: 94M
 Heap Max Capacity: 1498M
 Pre-touch: Disabled
 Parallel Workers: 10
 Concurrent Workers: 3
 Concurrent Refinement Workers: 10
 Periodic GC: Disabled

Heap:
 garbage-first heap   total reserved 1533952K, committed 96256K, used 19456K [0x00000000a2600000, 0x0000000100000000)
  region size 1024K, 15 young (15360K), 0 survivors (0K)
 Metaspace       used 7970K, committed 8128K, reserved 1114112K
  class space    used 952K, committed 1024K, reserved 1048576K

Heap Regions: E=young(eden), S=young(survivor), O=old, HS=humongous(starts), HC=humongous(continues), CS=collection set, F=free, TAMS=top-at-mark-start, PB=parsable bottom
|   0|0x00000000a2600000, 0x00000000a2700000, 0x00000000a2700000|100%|HS|  |TAMS 0x00000000a2600000| PB 0x00000000a2600000| Complete |  0
|   1|0x00000000a2700000, 0x00000000a2800000, 0x00000000a2800000|100%|HC|  |TAMS 0x00000000a2700000| PB 0x00000000a2700000| Complete |  0
|   2|0x00000000a2800000, 0x00000000a2900000, 0x00000000a2900000|100%|HC|  |TAMS 0x00000000a2800000| PB 0x00000000a2800000| Complete |  0
|   3|0x00000000a2900000, 0x00000000a2a00000, 0x00000000a2a00000|100%|HC|  |TAMS 0x00000000a2900000| PB 0x00000000a2900000| Complete |  0
|   4|0x00000000a2a00000, 0x00000000a2b00000, 0x00000000a2b00000|100%|HS|  |TAMS 0x00000000a2a00000| PB 0x00000000a2a00000| Complete |  0
|   5|0x00000000a2b00000, 0x00000000a2b00000, 0x00000000a2c00000|  0%| F|  |TAMS 0x00000000a2b00000| PB 0x00000000a2b00000| Untracked |  0
|   6|0x00000000a2c00000, 0x00000000a2c00000, 0x00000000a2d00000|  0%| F|  |TAMS 0x00000000a2c00000| PB 0x00000000a2c00000| Untracked |  0
|   7|0x00000000a2d00000, 0x00000000a2d00000, 0x00000000a2e00000|  0%| F|  |TAMS 0x00000000a2d00000| PB 0x00000000a2d00000| Untracked |  0
|   8|0x00000000a2e00000, 0x00000000a2e00000, 0x00000000a2f00000|  0%| F|  |TAMS 0x00000000a2e00000| PB 0x00000000a2e00000| Untracked |  0
|   9|0x00000000a2f00000, 0x00000000a2f00000, 0x00000000a3000000|  0%| F|  |TAMS 0x00000000a2f00000| PB 0x00000000a2f00000| Untracked |  0
|  10|0x00000000a3000000, 0x00000000a3000000, 0x00000000a3100000|  0%| F|  |TAMS 0x00000000a3000000| PB 0x00000000a3000000| Untracked |  0
|  11|0x00000000a3100000, 0x00000000a3100000, 0x00000000a3200000|  0%| F|  |TAMS 0x00000000a3100000| PB 0x00000000a3100000| Untracked |  0
|  12|0x00000000a3200000, 0x00000000a3200000, 0x00000000a3300000|  0%| F|  |TAMS 0x00000000a3200000| PB 0x00000000a3200000| Untracked |  0
|  13|0x00000000a3300000, 0x00000000a3300000, 0x00000000a3400000|  0%| F|  |TAMS 0x00000000a3300000| PB 0x00000000a3300000| Untracked |  0
|  14|0x00000000a3400000, 0x00000000a3400000, 0x00000000a3500000|  0%| F|  |TAMS 0x00000000a3400000| PB 0x00000000a3400000| Untracked |  0
|  15|0x00000000a3500000, 0x00000000a3500000, 0x00000000a3600000|  0%| F|  |TAMS 0x00000000a3500000| PB 0x00000000a3500000| Untracked |  0
|  16|0x00000000a3600000, 0x00000000a3600000, 0x00000000a3700000|  0%| F|  |TAMS 0x00000000a3600000| PB 0x00000000a3600000| Untracked |  0
|  17|0x00000000a3700000, 0x00000000a3700000, 0x00000000a3800000|  0%| F|  |TAMS 0x00000000a3700000| PB 0x00000000a3700000| Untracked |  0
|  18|0x00000000a3800000, 0x00000000a3800000, 0x00000000a3900000|  0%| F|  |TAMS 0x00000000a3800000| PB 0x00000000a3800000| Untracked |  0
|  19|0x00000000a3900000, 0x00000000a3900000, 0x00000000a3a00000|  0%| F|  |TAMS 0x00000000a3900000| PB 0x00000000a3900000| Untracked |  0
|  20|0x00000000a3a00000, 0x00000000a3a00000, 0x00000000a3b00000|  0%| F|  |TAMS 0x00000000a3a00000| PB 0x00000000a3a00000| Untracked |  0
|  21|0x00000000a3b00000, 0x00000000a3b00000, 0x00000000a3c00000|  0%| F|  |TAMS 0x00000000a3b00000| PB 0x00000000a3b00000| Untracked |  0
|  22|0x00000000a3c00000, 0x00000000a3c00000, 0x00000000a3d00000|  0%| F|  |TAMS 0x00000000a3c00000| PB 0x00000000a3c00000| Untracked |  0
|  23|0x00000000a3d00000, 0x00000000a3d00000, 0x00000000a3e00000|  0%| F|  |TAMS 0x00000000a3d00000| PB 0x00000000a3d00000| Untracked |  0
|  24|0x00000000a3e00000, 0x00000000a3e00000, 0x00000000a3f00000|  0%| F|  |TAMS 0x00000000a3e00000| PB 0x00000000a3e00000| Untracked |  0
|  25|0x00000000a3f00000, 0x00000000a3f00000, 0x00000000a4000000|  0%| F|  |TAMS 0x00000000a3f00000| PB 0x00000000a3f00000| Untracked |  0
|  26|0x00000000a4000000, 0x00000000a4000000, 0x00000000a4100000|  0%| F|  |TAMS 0x00000000a4000000| PB 0x00000000a4000000| Untracked |  0
|  27|0x00000000a4100000, 0x00000000a4100000, 0x00000000a4200000|  0%| F|  |TAMS 0x00000000a4100000| PB 0x00000000a4100000| Untracked |  0
|  28|0x00000000a4200000, 0x00000000a4200000, 0x00000000a4300000|  0%| F|  |TAMS 0x00000000a4200000| PB 0x00000000a4200000| Untracked |  0
|  29|0x00000000a4300000, 0x00000000a4300000, 0x00000000a4400000|  0%| F|  |TAMS 0x00000000a4300000| PB 0x00000000a4300000| Untracked |  0
|  30|0x00000000a4400000, 0x00000000a4400000, 0x00000000a4500000|  0%| F|  |TAMS 0x00000000a4400000| PB 0x00000000a4400000| Untracked |  0
|  31|0x00000000a4500000, 0x00000000a4500000, 0x00000000a4600000|  0%| F|  |TAMS 0x00000000a4500000| PB 0x00000000a4500000| Untracked |  0
|  32|0x00000000a4600000, 0x00000000a4600000, 0x00000000a4700000|  0%| F|  |TAMS 0x00000000a4600000| PB 0x00000000a4600000| Untracked |  0
|  33|0x00000000a4700000, 0x00000000a4700000, 0x00000000a4800000|  0%| F|  |TAMS 0x00000000a4700000| PB 0x00000000a4700000| Untracked |  0
|  34|0x00000000a4800000, 0x00000000a4800000, 0x00000000a4900000|  0%| F|  |TAMS 0x00000000a4800000| PB 0x00000000a4800000| Untracked |  0
|  35|0x00000000a4900000, 0x00000000a4900000, 0x00000000a4a00000|  0%| F|  |TAMS 0x00000000a4900000| PB 0x00000000a4900000| Untracked |  0
|  36|0x00000000a4a00000, 0x00000000a4a00000, 0x00000000a4b00000|  0%| F|  |TAMS 0x00000000a4a00000| PB 0x00000000a4a00000| Untracked |  0
|  37|0x00000000a4b00000, 0x00000000a4b00000, 0x00000000a4c00000|  0%| F|  |TAMS 0x00000000a4b00000| PB 0x00000000a4b00000| Untracked |  0
|  38|0x00000000a4c00000, 0x00000000a4c00000, 0x00000000a4d00000|  0%| F|  |TAMS 0x00000000a4c00000| PB 0x00000000a4c00000| Untracked |  0
|  39|0x00000000a4d00000, 0x00000000a4d00000, 0x00000000a4e00000|  0%| F|  |TAMS 0x00000000a4d00000| PB 0x00000000a4d00000| Untracked |  0
|  40|0x00000000a4e00000, 0x00000000a4e00000, 0x00000000a4f00000|  0%| F|  |TAMS 0x00000000a4e00000| PB 0x00000000a4e00000| Untracked |  0
|  41|0x00000000a4f00000, 0x00000000a4f00000, 0x00000000a5000000|  0%| F|  |TAMS 0x00000000a4f00000| PB 0x00000000a4f00000| Untracked |  0
|  42|0x00000000a5000000, 0x00000000a5000000, 0x00000000a5100000|  0%| F|  |TAMS 0x00000000a5000000| PB 0x00000000a5000000| Untracked |  0
|  43|0x00000000a5100000, 0x00000000a5100000, 0x00000000a5200000|  0%| F|  |TAMS 0x00000000a5100000| PB 0x00000000a5100000| Untracked |  0
|  44|0x00000000a5200000, 0x00000000a5200000, 0x00000000a5300000|  0%| F|  |TAMS 0x00000000a5200000| PB 0x00000000a5200000| Untracked |  0
|  45|0x00000000a5300000, 0x00000000a5300000, 0x00000000a5400000|  0%| F|  |TAMS 0x00000000a5300000| PB 0x00000000a5300000| Untracked |  0
|  46|0x00000000a5400000, 0x00000000a5400000, 0x00000000a5500000|  0%| F|  |TAMS 0x00000000a5400000| PB 0x00000000a5400000| Untracked |  0
|  47|0x00000000a5500000, 0x00000000a5500000, 0x00000000a5600000|  0%| F|  |TAMS 0x00000000a5500000| PB 0x00000000a5500000| Untracked |  0
|  48|0x00000000a5600000, 0x00000000a5600000, 0x00000000a5700000|  0%| F|  |TAMS 0x00000000a5600000| PB 0x00000000a5600000| Untracked |  0
|  49|0x00000000a5700000, 0x00000000a5700000, 0x00000000a5800000|  0%| F|  |TAMS 0x00000000a5700000| PB 0x00000000a5700000| Untracked |  0
|  50|0x00000000a5800000, 0x00000000a5800000, 0x00000000a5900000|  0%| F|  |TAMS 0x00000000a5800000| PB 0x00000000a5800000| Untracked |  0
|  51|0x00000000a5900000, 0x00000000a5900000, 0x00000000a5a00000|  0%| F|  |TAMS 0x00000000a5900000| PB 0x00000000a5900000| Untracked |  0
|  52|0x00000000a5a00000, 0x00000000a5a00000, 0x00000000a5b00000|  0%| F|  |TAMS 0x00000000a5a00000| PB 0x00000000a5a00000| Untracked |  0
|  53|0x00000000a5b00000, 0x00000000a5b00000, 0x00000000a5c00000|  0%| F|  |TAMS 0x00000000a5b00000| PB 0x00000000a5b00000| Untracked |  0
|  54|0x00000000a5c00000, 0x00000000a5c00000, 0x00000000a5d00000|  0%| F|  |TAMS 0x00000000a5c00000| PB 0x00000000a5c00000| Untracked |  0
|  55|0x00000000a5d00000, 0x00000000a5d00000, 0x00000000a5e00000|  0%| F|  |TAMS 0x00000000a5d00000| PB 0x00000000a5d00000| Untracked |  0
|  56|0x00000000a5e00000, 0x00000000a5e00000, 0x00000000a5f00000|  0%| F|  |TAMS 0x00000000a5e00000| PB 0x00000000a5e00000| Untracked |  0
|  57|0x00000000a5f00000, 0x00000000a5f00000, 0x00000000a6000000|  0%| F|  |TAMS 0x00000000a5f00000| PB 0x00000000a5f00000| Untracked |  0
|  58|0x00000000a6000000, 0x00000000a6000000, 0x00000000a6100000|  0%| F|  |TAMS 0x00000000a6000000| PB 0x00000000a6000000| Untracked |  0
|  59|0x00000000a6100000, 0x00000000a6100000, 0x00000000a6200000|  0%| F|  |TAMS 0x00000000a6100000| PB 0x00000000a6100000| Untracked |  0
|  60|0x00000000a6200000, 0x00000000a6200000, 0x00000000a6300000|  0%| F|  |TAMS 0x00000000a6200000| PB 0x00000000a6200000| Untracked |  0
|  61|0x00000000a6300000, 0x00000000a6300000, 0x00000000a6400000|  0%| F|  |TAMS 0x00000000a6300000| PB 0x00000000a6300000| Untracked |  0
|  62|0x00000000a6400000, 0x00000000a6400000, 0x00000000a6500000|  0%| F|  |TAMS 0x00000000a6400000| PB 0x00000000a6400000| Untracked |  0
|  63|0x00000000a6500000, 0x00000000a6500000, 0x00000000a6600000|  0%| F|  |TAMS 0x00000000a6500000| PB 0x00000000a6500000| Untracked |  0
|  64|0x00000000a6600000, 0x00000000a6600000, 0x00000000a6700000|  0%| F|  |TAMS 0x00000000a6600000| PB 0x00000000a6600000| Untracked |  0
|  65|0x00000000a6700000, 0x00000000a6700000, 0x00000000a6800000|  0%| F|  |TAMS 0x00000000a6700000| PB 0x00000000a6700000| Untracked |  0
|  66|0x00000000a6800000, 0x00000000a6800000, 0x00000000a6900000|  0%| F|  |TAMS 0x00000000a6800000| PB 0x00000000a6800000| Untracked |  0
|  67|0x00000000a6900000, 0x00000000a6900000, 0x00000000a6a00000|  0%| F|  |TAMS 0x00000000a6900000| PB 0x00000000a6900000| Untracked |  0
|  68|0x00000000a6a00000, 0x00000000a6a00000, 0x00000000a6b00000|  0%| F|  |TAMS 0x00000000a6a00000| PB 0x00000000a6a00000| Untracked |  0
|  69|0x00000000a6b00000, 0x00000000a6b00000, 0x00000000a6c00000|  0%| F|  |TAMS 0x00000000a6b00000| PB 0x00000000a6b00000| Untracked |  0
|  70|0x00000000a6c00000, 0x00000000a6c00000, 0x00000000a6d00000|  0%| F|  |TAMS 0x00000000a6c00000| PB 0x00000000a6c00000| Untracked |  0
|  71|0x00000000a6d00000, 0x00000000a6d00000, 0x00000000a6e00000|  0%| F|  |TAMS 0x00000000a6d00000| PB 0x00000000a6d00000| Untracked |  0
|  72|0x00000000a6e00000, 0x00000000a6e00000, 0x00000000a6f00000|  0%| F|  |TAMS 0x00000000a6e00000| PB 0x00000000a6e00000| Untracked |  0
|  73|0x00000000a6f00000, 0x00000000a6f00000, 0x00000000a7000000|  0%| F|  |TAMS 0x00000000a6f00000| PB 0x00000000a6f00000| Untracked |  0
|  74|0x00000000a7000000, 0x00000000a7000000, 0x00000000a7100000|  0%| F|  |TAMS 0x00000000a7000000| PB 0x00000000a7000000| Untracked |  0
|  75|0x00000000a7100000, 0x00000000a7100000, 0x00000000a7200000|  0%| F|  |TAMS 0x00000000a7100000| PB 0x00000000a7100000| Untracked |  0
|  76|0x00000000a7200000, 0x00000000a7200000, 0x00000000a7300000|  0%| F|  |TAMS 0x00000000a7200000| PB 0x00000000a7200000| Untracked |  0
|  77|0x00000000a7300000, 0x00000000a7300000, 0x00000000a7400000|  0%| F|  |TAMS 0x00000000a7300000| PB 0x00000000a7300000| Untracked |  0
|  78|0x00000000a7400000, 0x00000000a7400000, 0x00000000a7500000|  0%| F|  |TAMS 0x00000000a7400000| PB 0x00000000a7400000| Untracked |  0
|  79|0x00000000a7500000, 0x00000000a757ce20, 0x00000000a7600000| 48%| E|  |TAMS 0x00000000a7500000| PB 0x00000000a7500000| Complete |  0
|  80|0x00000000a7600000, 0x00000000a7700000, 0x00000000a7700000|100%| E|CS|TAMS 0x00000000a7600000| PB 0x00000000a7600000| Complete |  0
|  81|0x00000000a7700000, 0x00000000a7800000, 0x00000000a7800000|100%| E|CS|TAMS 0x00000000a7700000| PB 0x00000000a7700000| Complete |  0
|  82|0x00000000a7800000, 0x00000000a7900000, 0x00000000a7900000|100%| E|CS|TAMS 0x00000000a7800000| PB 0x00000000a7800000| Complete |  0
|  83|0x00000000a7900000, 0x00000000a7a00000, 0x00000000a7a00000|100%| E|CS|TAMS 0x00000000a7900000| PB 0x00000000a7900000| Complete |  0
|  84|0x00000000a7a00000, 0x00000000a7b00000, 0x00000000a7b00000|100%| E|CS|TAMS 0x00000000a7a00000| PB 0x00000000a7a00000| Complete |  0
|  85|0x00000000a7b00000, 0x00000000a7c00000, 0x00000000a7c00000|100%| E|CS|TAMS 0x00000000a7b00000| PB 0x00000000a7b00000| Complete |  0
|  86|0x00000000a7c00000, 0x00000000a7d00000, 0x00000000a7d00000|100%| E|CS|TAMS 0x00000000a7c00000| PB 0x00000000a7c00000| Complete |  0
|  87|0x00000000a7d00000, 0x00000000a7e00000, 0x00000000a7e00000|100%| E|CS|TAMS 0x00000000a7d00000| PB 0x00000000a7d00000| Complete |  0
|  88|0x00000000a7e00000, 0x00000000a7f00000, 0x00000000a7f00000|100%| E|CS|TAMS 0x00000000a7e00000| PB 0x00000000a7e00000| Complete |  0
|  89|0x00000000a7f00000, 0x00000000a8000000, 0x00000000a8000000|100%| E|CS|TAMS 0x00000000a7f00000| PB 0x00000000a7f00000| Complete |  0
|  90|0x00000000a8000000, 0x00000000a8100000, 0x00000000a8100000|100%| E|CS|TAMS 0x00000000a8000000| PB 0x00000000a8000000| Complete |  0
|  91|0x00000000a8100000, 0x00000000a8200000, 0x00000000a8200000|100%| E|CS|TAMS 0x00000000a8100000| PB 0x00000000a8100000| Complete |  0
|  92|0x00000000a8200000, 0x00000000a8300000, 0x00000000a8300000|100%| E|CS|TAMS 0x00000000a8200000| PB 0x00000000a8200000| Complete |  0
|  93|0x00000000a8300000, 0x00000000a8400000, 0x00000000a8400000|100%| E|CS|TAMS 0x00000000a8300000| PB 0x00000000a8300000| Complete |  0

Card table byte_map: [0x0000029555d70000,0x0000029556060000] _byte_map_base: 0x000002955585d000

Marking Bits: (CMBitMap*) 0x000002953c3209d0
 Bits: [0x0000029556060000, 0x00000295577c8000)

Polling page: 0x000002953c120000

Metaspace:

Usage:
  Non-class:      6.85 MB used.
      Class:    952.64 KB used.
       Both:      7.78 MB used.

Virtual space:
  Non-class space:       64.00 MB reserved,       6.94 MB ( 11%) committed,  1 nodes.
      Class space:        1.00 GB reserved,       1.00 MB ( <1%) committed,  1 nodes.
             Both:        1.06 GB reserved,       7.94 MB ( <1%) committed. 

Chunk freelists:
   Non-Class:  8.67 MB
       Class:  14.94 MB
        Both:  23.61 MB

MaxMetaspaceSize: unlimited
CompressedClassSpaceSize: 1.00 GB
Initial GC threshold: 21.00 MB
Current GC threshold: 21.00 MB
CDS: on
 - commit_granule_bytes: 65536.
 - commit_granule_words: 8192.
 - virtual_space_node_default_size: 8388608.
 - enlarge_chunks_in_place: 1.
 - use_allocation_guard: 0.


Internal statistics:

num_allocs_failed_limit: 0.
num_arena_births: 150.
num_arena_deaths: 0.
num_vsnodes_births: 2.
num_vsnodes_deaths: 0.
num_space_committed: 127.
num_space_uncommitted: 0.
num_chunks_returned_to_freelist: 0.
num_chunks_taken_from_freelist: 203.
num_chunk_merges: 0.
num_chunk_splits: 126.
num_chunks_enlarged: 62.
num_inconsistent_stats: 0.

CodeHeap 'non-profiled nmethods': size=120000Kb used=275Kb max_used=275Kb free=119724Kb
 bounds [0x000002954d8b0000, 0x000002954db20000, 0x0000029554de0000]
CodeHeap 'profiled nmethods': size=120000Kb used=1498Kb max_used=1498Kb free=118501Kb
 bounds [0x0000029545de0000, 0x0000029546050000, 0x000002954d310000]
CodeHeap 'non-nmethods': size=5760Kb used=1514Kb max_used=1528Kb free=4245Kb
 bounds [0x000002954d310000, 0x000002954d580000, 0x000002954d8b0000]
 total_blobs=1538 nmethods=949 adapters=494
 compilation: enabled
              stopped_count=0, restarted_count=0
 full_count=0

Compilation events (20 events):
Event: 0.790 Thread 0x000002955a471800  940       3       jdk.internal.jimage.BasicImageReader::verifyLocation (39 bytes)
Event: 0.790 Thread 0x000002955a471800 nmethod 940 0x0000029545f51f10 code [0x0000029545f520e0, 0x0000029545f523b8]
Event: 0.790 Thread 0x000002955a471800  943       3       jdk.internal.jimage.BasicImageReader::getLocationIndex (52 bytes)
Event: 0.790 Thread 0x000002955a471800 nmethod 943 0x0000029545f52510 code [0x0000029545f52700, 0x0000029545f52b88]
Event: 0.790 Thread 0x000002955a471800  944       3       jdk.internal.jimage.ImageStringsReader::hashCode (8 bytes)
Event: 0.790 Thread 0x000002955a471800 nmethod 944 0x0000029545f52d90 code [0x0000029545f52f40, 0x0000029545f53100]
Event: 0.792 Thread 0x000002955a471800  945       3       java.lang.invoke.InvokerBytecodeGenerator::emitStoreResult (27 bytes)
Event: 0.792 Thread 0x000002955a471800 nmethod 945 0x0000029545f53210 code [0x0000029545f533c0, 0x0000029545f53590]
Event: 0.792 Thread 0x000002955a471800  947       3       java.lang.invoke.LambdaForm::useCount (61 bytes)
Event: 0.792 Thread 0x000002955a471800 nmethod 947 0x0000029545f53690 code [0x0000029545f53860, 0x0000029545f53ba8]
Event: 0.792 Thread 0x000002955a471800  946       3       java.lang.invoke.LambdaForm$NamedFunction::intrinsicName (21 bytes)
Event: 0.793 Thread 0x000002955a471800 nmethod 946 0x0000029545f53d90 code [0x0000029545f53f40, 0x0000029545f54188]
Event: 0.795 Thread 0x000002955a471800  949       3       java.lang.invoke.LambdaForm::normalizeNames (270 bytes)
Event: 0.796 Thread 0x000002955a472c70 nmethod 932% 0x000002954d8f3f10 code [0x000002954d8f40a0, 0x000002954d8f4558]
Event: 0.796 Thread 0x000002955a472c70  926       4       java.lang.StringCoding::countPositives (33 bytes)
Event: 0.797 Thread 0x000002955a471800 nmethod 949 0x0000029545f54290 code [0x0000029545f54540, 0x0000029545f556f0]
Event: 0.797 Thread 0x000002955a471800  951       3       sun.invoke.util.BytecodeDescriptor::unparse (24 bytes)
Event: 0.797 Thread 0x000002955a471800 nmethod 951 0x0000029545f55c90 code [0x0000029545f55e40, 0x0000029545f56040]
Event: 0.797 Thread 0x000002955a471800  950       3       jdk.internal.org.objectweb.asm.MethodWriter::visitTypeInsn (116 bytes)
Event: 0.797 Thread 0x000002955a471800 nmethod 950 0x0000029545f56110 code [0x0000029545f56300, 0x0000029545f566f0]

GC Heap History (0 events):
No events

Dll operation events (8 events):
Event: 0.017 Loaded shared library C:\Program Files\Java\jdk-22\bin\java.dll
Event: 0.065 Loaded shared library C:\Program Files\Java\jdk-22\bin\jsvml.dll
Event: 0.112 Loaded shared library C:\Program Files\Java\jdk-22\bin\net.dll
Event: 0.115 Loaded shared library C:\Program Files\Java\jdk-22\bin\nio.dll
Event: 0.149 Loaded shared library C:\Program Files\Java\jdk-22\bin\zip.dll
Event: 0.171 Loaded shared library C:\Program Files\Java\jdk-22\bin\jimage.dll
Event: 0.195 Loaded shared library C:\Program Files\Java\jdk-22\bin\awt.dll
Event: 0.666 Loaded shared library C:\Program Files\Java\jdk-22\bin\javajpeg.dll

Deoptimization events (20 events):
Event: 0.778 Thread 0x000002953c2d9380 DEOPT PACKING pc=0x0000029545e12549 sp=0x000000e73e6fc280
Event: 0.778 Thread 0x000002953c2d9380 DEOPT UNPACKING pc=0x000002954d364e42 sp=0x000000e73e6fb708 mode 0
Event: 0.779 Thread 0x000002953c2d9380 DEOPT PACKING pc=0x0000029545e12549 sp=0x000000e73e6fc280
Event: 0.779 Thread 0x000002953c2d9380 DEOPT UNPACKING pc=0x000002954d364e42 sp=0x000000e73e6fb708 mode 0
Event: 0.780 Thread 0x000002953c2d9380 DEOPT PACKING pc=0x0000029545e12549 sp=0x000000e73e6fc280
Event: 0.780 Thread 0x000002953c2d9380 DEOPT UNPACKING pc=0x000002954d364e42 sp=0x000000e73e6fb708 mode 0
Event: 0.781 Thread 0x000002953c2d9380 DEOPT PACKING pc=0x0000029545e12549 sp=0x000000e73e6fc2c0
Event: 0.781 Thread 0x000002953c2d9380 DEOPT UNPACKING pc=0x000002954d364e42 sp=0x000000e73e6fb748 mode 0
Event: 0.781 Thread 0x000002953c2d9380 DEOPT PACKING pc=0x0000029545e12549 sp=0x000000e73e6fc2c0
Event: 0.782 Thread 0x000002953c2d9380 DEOPT UNPACKING pc=0x000002954d364e42 sp=0x000000e73e6fb748 mode 0
Event: 0.782 Thread 0x000002953c2d9380 DEOPT PACKING pc=0x0000029545e12549 sp=0x000000e73e6fc2c0
Event: 0.782 Thread 0x000002953c2d9380 DEOPT UNPACKING pc=0x000002954d364e42 sp=0x000000e73e6fb748 mode 0
Event: 0.782 Thread 0x000002953c2d9380 DEOPT PACKING pc=0x0000029545e12549 sp=0x000000e73e6fc2c0
Event: 0.782 Thread 0x000002953c2d9380 DEOPT UNPACKING pc=0x000002954d364e42 sp=0x000000e73e6fb748 mode 0
Event: 0.783 Thread 0x000002953c2d9380 DEOPT PACKING pc=0x0000029545e12549 sp=0x000000e73e6fc2c0
Event: 0.783 Thread 0x000002953c2d9380 DEOPT UNPACKING pc=0x000002954d364e42 sp=0x000000e73e6fb748 mode 0
Event: 0.784 Thread 0x000002953c2d9380 DEOPT PACKING pc=0x0000029545e12549 sp=0x000000e73e6fc2c0
Event: 0.784 Thread 0x000002953c2d9380 DEOPT UNPACKING pc=0x000002954d364e42 sp=0x000000e73e6fb748 mode 0
Event: 0.784 Thread 0x000002953c2d9380 DEOPT PACKING pc=0x0000029545e12549 sp=0x000000e73e6fc2c0
Event: 0.784 Thread 0x000002953c2d9380 DEOPT UNPACKING pc=0x000002954d364e42 sp=0x000000e73e6fb748 mode 0

Classes loaded (20 events):
Event: 0.771 Loading class java/util/PropertyResourceBundle
Event: 0.771 Loading class java/util/PropertyResourceBundle done
Event: 0.771 Loading class sun/util/PropertyResourceBundleCharset
Event: 0.771 Loading class sun/util/PropertyResourceBundleCharset done
Event: 0.771 Loading class sun/util/PropertyResourceBundleCharset$PropertiesFileDecoder
Event: 0.772 Loading class sun/util/PropertyResourceBundleCharset$PropertiesFileDecoder done
Event: 0.787 Loading class java/text/MessageFormat
Event: 0.788 Loading class java/text/MessageFormat done
Event: 0.789 Loading class java/math/BigDecimal
Event: 0.789 Loading class java/math/BigDecimal done
Event: 0.790 Loading class java/math/MathContext
Event: 0.790 Loading class java/math/MathContext done
Event: 0.792 Loading class java/util/Collections$UnmodifiableMap$UnmodifiableEntrySet
Event: 0.793 Loading class java/util/Collections$UnmodifiableMap$UnmodifiableEntrySet done
Event: 0.793 Loading class java/util/Collections$UnmodifiableMap$UnmodifiableEntrySet$UnmodifiableEntrySetSpliterator
Event: 0.793 Loading class java/util/Collections$UnmodifiableMap$UnmodifiableEntrySet$UnmodifiableEntrySetSpliterator done
Event: 0.793 Loading class java/util/HashMap$EntrySpliterator
Event: 0.793 Loading class java/util/HashMap$EntrySpliterator done
Event: 0.794 Loading class java/lang/invoke/DirectMethodHandle$Special
Event: 0.794 Loading class java/lang/invoke/DirectMethodHandle$Special done

Classes unloaded (0 events):
No events

Classes redefined (0 events):
No events

Internal exceptions (17 events):
Event: 0.117 Thread 0x000002953c2d9380 Exception <a 'sun/nio/fs/WindowsException'{0x00000000a82bc360}> (0x00000000a82bc360) 
thrown [s\open\src\hotspot\share\prims\jni.cpp, line 520]
Event: 0.122 Thread 0x000002953c2d9380 Exception <a 'sun/nio/fs/WindowsException'{0x00000000a82bea30}> (0x00000000a82bea30) 
thrown [s\open\src\hotspot\share\prims\jni.cpp, line 520]
Event: 0.122 Thread 0x000002953c2d9380 Exception <a 'sun/nio/fs/WindowsException'{0x00000000a82bf5c8}> (0x00000000a82bf5c8) 
thrown [s\open\src\hotspot\share\prims\jni.cpp, line 520]
Event: 0.178 Thread 0x000002953c2d9380 Exception <a 'java/lang/ClassNotFoundException'{0x00000000a818fea0}: sun/awt/resources/spi/awtProvider> (0x00000000a818fea0) 
thrown [s\open\src\hotspot\share\classfile\systemDictionary.cpp, line 313]
Event: 0.212 Thread 0x000002953c2d9380 Exception <a 'java/io/FileNotFoundException'{0x00000000a81e3b08}> (0x00000000a81e3b08) 
thrown [s\open\src\hotspot\share\prims\jni.cpp, line 520]
Event: 0.223 Thread 0x000002953c2d9380 Exception <a 'java/io/FileNotFoundException'{0x00000000a80121c0}> (0x00000000a80121c0) 
thrown [s\open\src\hotspot\share\prims\jni.cpp, line 520]
Event: 0.420 Thread 0x000002953c2d9380 Exception <a 'java/lang/NoSuchMethodError'{0x00000000a80aa708}: 'void java.lang.invoke.DirectMethodHandle$Holder.invokeSpecial(java.lang.Object, java.lang.Object, java.lang.Object)'> (0x00000000a80aa708) 
thrown [s\open\src\hotspot\share\interpreter\linkResolver.cpp, line 774]
Event: 0.430 Thread 0x000002953c2d9380 Exception <a 'java/lang/NoSuchMethodError'{0x00000000a80d09a8}: 'java.lang.Object java.lang.invoke.DirectMethodHandle$Holder.newInvokeSpecial(java.lang.Object, java.lang.Object, java.lang.Object, java.lang.Object, java.lang.Object)'> (0x00000000a80d09a8) 
thrown [s\open\src\hotspot\share\interpreter\linkResolver.cpp, line 774]
Event: 0.439 Thread 0x000002953c2d9380 Exception <a 'java/lang/NoSuchMethodError'{0x00000000a7f82668}: 'java.lang.Object java.lang.invoke.DirectMethodHandle$Holder.invokeStatic(java.lang.Object, int, java.lang.Object)'> (0x00000000a7f82668) 
thrown [s\open\src\hotspot\share\interpreter\linkResolver.cpp, line 774]
Event: 0.468 Thread 0x000002953c2d9380 Exception <a 'java/lang/ClassNotFoundException'{0x00000000a7e24880}: com/sun/swing/internal/plaf/metal/resources/spi/metalProvider> (0x00000000a7e24880) 
thrown [s\open\src\hotspot\share\classfile\systemDictionary.cpp, line 313]
Event: 0.469 Thread 0x000002953c2d9380 Exception <a 'java/lang/ClassNotFoundException'{0x00000000a7e28830}: com/sun/swing/internal/plaf/basic/resources/spi/basicProvider> (0x00000000a7e28830) 
thrown [s\open\src\hotspot\share\classfile\systemDictionary.cpp, line 313]
Event: 0.484 Thread 0x000002953c2d9380 Exception <a 'java/lang/NoSuchMethodError'{0x00000000a7e480c8}: 'int java.lang.invoke.Invokers$Holder.invokeExact_MT(java.lang.Object, java.lang.Object)'> (0x00000000a7e480c8) 
thrown [s\open\src\hotspot\share\interpreter\linkResolver.cpp, line 774]
Event: 0.669 Thread 0x00000295a0a9c360 Exception <a 'java/lang/NoSuchMethodError'{0x00000000a7b2a288}: 'java.lang.Object java.lang.invoke.DirectMethodHandle$Holder.newInvokeSpecial(java.lang.Object, java.lang.Object, java.lang.Object, int, int, int, int, int)'> (0x00000000a7b2a288) 
thrown [s\open\src\hotspot\share\interpreter\linkResolver.cpp, line 774]
Event: 0.727 Thread 0x000002953c2d9380 Exception <a 'java/lang/NoSuchMethodError'{0x00000000a7d3df98}: 'void java.lang.invoke.DirectMethodHandle$Holder.invokeStatic(java.lang.Object, java.lang.Object)'> (0x00000000a7d3df98) 
thrown [s\open\src\hotspot\share\interpreter\linkResolver.cpp, line 774]
Event: 0.766 Thread 0x000002953c2d9380 Exception <a 'java/lang/NoSuchMethodError'{0x00000000a766f180}: 'java.lang.Object java.lang.invoke.DirectMethodHandle$Holder.invokeInterface(java.lang.Object, java.lang.Object)'> (0x00000000a766f180) 
thrown [s\open\src\hotspot\share\interpreter\linkResolver.cpp, line 774]
Event: 0.795 Thread 0x000002953c2d9380 Exception <a 'java/lang/NoSuchMethodError'{0x00000000a76e8e10}: 'void java.lang.invoke.DirectMethodHandle$Holder.invokeStatic(java.lang.Object, java.lang.Object, java.lang.Object)'> (0x00000000a76e8e10) 
thrown [s\open\src\hotspot\share\interpreter\linkResolver.cpp, line 774]
Event: 0.797 Thread 0x000002953c2d9380 Exception <a 'java/lang/NoSuchMethodError'{0x00000000a76f1d88}: 'java.lang.Object java.lang.invoke.DirectMethodHandle$Holder.invokeVirtual(java.lang.Object, java.lang.Object, java.lang.Object)'> (0x00000000a76f1d88) 
thrown [s\open\src\hotspot\share\interpreter\linkResolver.cpp, line 774]

ZGC Phase Switch (0 events):
No events

VM Operations (10 events):
Event: 0.124 Executing VM operation: HandshakeAllThreads (Deoptimize)
Event: 0.124 Executing VM operation: HandshakeAllThreads (Deoptimize) done
Event: 0.494 Executing VM operation: HandshakeAllThreads (Deoptimize)
Event: 0.494 Executing VM operation: HandshakeAllThreads (Deoptimize) done
Event: 0.645 Executing VM operation: HandshakeAllThreads (Deoptimize)
Event: 0.645 Executing VM operation: HandshakeAllThreads (Deoptimize) done
Event: 0.698 Executing VM operation: HandshakeAllThreads (Deoptimize)
Event: 0.698 Executing VM operation: HandshakeAllThreads (Deoptimize) done
Event: 0.743 Executing VM operation: HandshakeAllThreads (Deoptimize)
Event: 0.743 Executing VM operation: HandshakeAllThreads (Deoptimize) done

Events (18 events):
Event: 0.042 Thread 0x000002953c2d9380 Thread added: 0x000002953c2d9380
Event: 0.062 Thread 0x000002955a45df80 Thread added: 0x000002955a45df80
Event: 0.062 Thread 0x000002955a45eca0 Thread added: 0x000002955a45eca0
Event: 0.062 Thread 0x000002955a461010 Thread added: 0x000002955a461010
Event: 0.062 Thread 0x000002955a462470 Thread added: 0x000002955a462470
Event: 0.062 Thread 0x000002955a463000 Thread added: 0x000002955a463000
Event: 0.063 Thread 0x000002955a464880 Thread added: 0x000002955a464880
Event: 0.063 Thread 0x000002955a468990 Thread added: 0x000002955a468990
Event: 0.063 Thread 0x000002955a471800 Thread added: 0x000002955a471800
Event: 0.096 Thread 0x000002955a68eed0 Thread added: 0x000002955a68eed0
Event: 0.139 Thread 0x000002955a740f20 Thread added: 0x000002955a740f20
Event: 0.293 Thread 0x000002955a7b70d0 Thread added: 0x000002955a7b70d0
Event: 0.295 Thread 0x000002955a7bb640 Thread added: 0x000002955a7bb640
Event: 0.297 Thread 0x000002955a7c17f0 Thread added: 0x000002955a7c17f0
Event: 0.533 Thread 0x00000295a0a782b0 Thread added: 0x00000295a0a782b0
Event: 0.582 Thread 0x00000295a0a9c360 Thread added: 0x00000295a0a9c360
Event: 0.728 Thread 0x00000295a0ab2bc0 Thread added: 0x00000295a0ab2bc0
Event: 0.785 Thread 0x000002955a472c70 Thread added: 0x000002955a472c70


Dynamic libraries:
0x00007ff7dc790000 - 0x00007ff7dc7a0000 	C:\Program Files\Java\jdk-22\bin\java.exe
0x00007ff8e16f0000 - 0x00007ff8e1907000 	C:\Windows\SYSTEM32\ntdll.dll
0x00007ff8e10e0000 - 0x00007ff8e11a4000 	C:\Windows\System32\KERNEL32.DLL
0x00007ff8decf0000 - 0x00007ff8df09d000 	C:\Windows\System32\KERNELBASE.dll
0x00007ff8deb60000 - 0x00007ff8dec71000 	C:\Windows\System32\ucrtbase.dll
0x00007ff84bfb0000 - 0x00007ff84bfcb000 	C:\Program Files\Java\jdk-22\bin\VCRUNTIME140.dll
0x00007ff8d43a0000 - 0x00007ff8d43b7000 	C:\Program Files\Java\jdk-22\bin\jli.dll
0x00007ff8e11f0000 - 0x00007ff8e12a2000 	C:\Windows\System32\ADVAPI32.dll
0x00007ff8e0d70000 - 0x00007ff8e0e17000 	C:\Windows\System32\msvcrt.dll
0x00007ff8e12c0000 - 0x00007ff8e1369000 	C:\Windows\System32\sechost.dll
0x00007ff8df400000 - 0x00007ff8df428000 	C:\Windows\System32\bcrypt.dll
0x00007ff8df740000 - 0x00007ff8df854000 	C:\Windows\System32\RPCRT4.dll
0x00007ff8df590000 - 0x00007ff8df73e000 	C:\Windows\System32\USER32.dll
0x00007ff8df3d0000 - 0x00007ff8df3f6000 	C:\Windows\System32\win32u.dll
0x00007ff8e11b0000 - 0x00007ff8e11d9000 	C:\Windows\System32\GDI32.dll
0x00007ff8df2b0000 - 0x00007ff8df3c9000 	C:\Windows\System32\gdi32full.dll
0x00007ff8c25b0000 - 0x00007ff8c2843000 	C:\Windows\WinSxS\amd64_microsoft.windows.common-controls_6595b64144ccf1df_6.0.22621.3672_none_2713b9d173822955\COMCTL32.dll
0x00007ff8df210000 - 0x00007ff8df2aa000 	C:\Windows\System32\msvcp_win.dll
0x00007ff8d4990000 - 0x00007ff8d499a000 	C:\Windows\SYSTEM32\VERSION.dll
0x00007ff8dfac0000 - 0x00007ff8dfaf1000 	C:\Windows\System32\IMM32.DLL
0x00007ff87e340000 - 0x00007ff87e34c000 	C:\Program Files\Java\jdk-22\bin\vcruntime140_1.dll
0x00007ff841410000 - 0x00007ff84149e000 	C:\Program Files\Java\jdk-22\bin\msvcp140.dll
0x00007ff841880000 - 0x00007ff8425c7000 	C:\Program Files\Java\jdk-22\bin\server\jvm.dll
0x00007ff8e1420000 - 0x00007ff8e1491000 	C:\Windows\System32\WS2_32.dll
0x00007ff8de730000 - 0x00007ff8de77d000 	C:\Windows\SYSTEM32\POWRPROF.dll
0x00007ff8da270000 - 0x00007ff8da2a4000 	C:\Windows\SYSTEM32\WINMM.dll
0x00007ff8de710000 - 0x00007ff8de723000 	C:\Windows\SYSTEM32\UMPDC.dll
0x00007ff8dda50000 - 0x00007ff8dda68000 	C:\Windows\SYSTEM32\kernel.appcore.dll
0x00007ff87d960000 - 0x00007ff87d96a000 	C:\Program Files\Java\jdk-22\bin\jimage.dll
0x00007ff8dc5d0000 - 0x00007ff8dc802000 	C:\Windows\SYSTEM32\DBGHELP.DLL
0x00007ff8e0820000 - 0x00007ff8e0ba8000 	C:\Windows\System32\combase.dll
0x00007ff8e0c30000 - 0x00007ff8e0d07000 	C:\Windows\System32\OLEAUT32.dll
0x00007ff8d5e90000 - 0x00007ff8d5ec2000 	C:\Windows\SYSTEM32\dbgcore.DLL
0x00007ff8dea20000 - 0x00007ff8dea9b000 	C:\Windows\System32\bcryptPrimitives.dll
0x00007ff841860000 - 0x00007ff84187e000 	C:\Program Files\Java\jdk-22\bin\java.dll
0x00007ff8dfb00000 - 0x00007ff8e035f000 	C:\Windows\System32\SHELL32.dll
0x00007ff8df860000 - 0x00007ff8dfa05000 	C:\Windows\System32\ole32.dll
0x00007ff8dc970000 - 0x00007ff8dd26c000 	C:\Windows\SYSTEM32\windows.storage.dll
0x00007ff8dc830000 - 0x00007ff8dc96f000 	C:\Windows\SYSTEM32\wintypes.dll
0x00007ff8e15b0000 - 0x00007ff8e16a4000 	C:\Windows\System32\SHCORE.dll
0x00007ff8e0d10000 - 0x00007ff8e0d6e000 	C:\Windows\System32\shlwapi.dll
0x00007ff8de950000 - 0x00007ff8de971000 	C:\Windows\SYSTEM32\profapi.dll
0x00007ff842780000 - 0x00007ff842857000 	C:\Program Files\Java\jdk-22\bin\jsvml.dll
0x00007ff87d450000 - 0x00007ff87d460000 	C:\Program Files\Java\jdk-22\bin\net.dll
0x00007ff8ddec0000 - 0x00007ff8ddf29000 	C:\Windows\system32\mswsock.dll
0x00007ff842760000 - 0x00007ff842776000 	C:\Program Files\Java\jdk-22\bin\nio.dll
0x00007ff841630000 - 0x00007ff841647000 	C:\Program Files\Java\jdk-22\bin\zip.dll
0x00007ff8414a0000 - 0x00007ff84162e000 	C:\Program Files\Java\jdk-22\bin\awt.dll
0x00007ff8da070000 - 0x00007ff8da107000 	C:\Windows\SYSTEM32\apphelp.dll
0x00007ff8dbe60000 - 0x00007ff8dbe8b000 	C:\Windows\system32\DWMAPI.DLL
0x00007ff8dba30000 - 0x00007ff8dbadf000 	C:\Windows\system32\uxtheme.dll
0x00007ff85c3d0000 - 0x00007ff85c4d0000 	C:\Windows\system32\opengl32.dll
0x00007ff872090000 - 0x00007ff8720bd000 	C:\Windows\SYSTEM32\GLU32.dll
0x00007ff8dbba0000 - 0x00007ff8dbbd9000 	C:\Windows\SYSTEM32\dxcore.dll
0x00007ff8df430000 - 0x00007ff8df583000 	C:\Windows\System32\MSCTF.dll
0x00007ff877690000 - 0x00007ff877838000 	C:\Windows\system32\d3d9.dll
0x00007ff8d4a40000 - 0x00007ff8d4bfb000 	C:\Windows\System32\DriverStore\FileRepository\u0390835.inf_amd64_66888840aa4163cc\B390488\aticfx64.dll
0x00007ff8a3d80000 - 0x00007ff8a3db4000 	C:\Windows\System32\DriverStore\FileRepository\u0390835.inf_amd64_66888840aa4163cc\B390488\atiu9p64.dll
0x00007ff81a460000 - 0x00007ff81b1b5000 	C:\Windows\System32\DriverStore\FileRepository\u0390835.inf_amd64_66888840aa4163cc\B390488\atiumd64.dll
0x00000000614a0000 - 0x00000000623c8000 	C:\Windows\System32\DriverStore\FileRepository\u0390835.inf_amd64_66888840aa4163cc\B390488\atiumd6a.dll
0x00007ff8e03a0000 - 0x00007ff8e0814000 	C:\Windows\System32\SETUPAPI.dll
0x00007ff8d1870000 - 0x00007ff8d18a5000 	C:\Windows\SYSTEM32\amdihk64.dll
0x00007ff8d7100000 - 0x00007ff8d7149000 	C:\Windows\SYSTEM32\directxdatabasehelper.dll
0x00007ff8c3980000 - 0x00007ff8c39ae000 	C:\Program Files\Java\jdk-22\bin\javajpeg.dll

dbghelp: loaded successfully - version: 4.0.5 - missing functions: none
symbol engine: initialized successfully - sym options: 0x614 - pdb path: .;C:\Program Files\Java\jdk-22\bin;C:\Windows\SYSTEM32;C:\Windows\WinSxS\amd64_microsoft.windows.common-controls_6595b64144ccf1df_6.0.22621.3672_none_2713b9d173822955;C:\Program Files\Java\jdk-22\bin\server;C:\Windows\System32\DriverStore\FileRepository\u0390835.inf_amd64_66888840aa4163cc\B390488

VM Arguments:
jvm_args: -Dfile.encoding=UTF-8 --module-path=C:\Users\aishu\OneDrive\Documents\NetBeansProjects\Travel Management System\build\classes 
java_command: travel.management.system.AddCustomer
java_class_path (initial): C:\Users\aishu\Downloads\mysql-connector-java-8.0.28.jar;C:\Users\aishu\OneDrive\Documents\NetBeansProjects\Travel Management System\build\classes
Launcher Type: SUN_STANDARD

[Global flags]
     intx CICompilerCount                          = 4                                         {product} {ergonomic}
     uint ConcGCThreads                            = 3                                         {product} {ergonomic}
     uint G1ConcRefinementThreads                  = 10                                        {product} {ergonomic}
   size_t G1HeapRegionSize                         = 1048576                                   {product} {ergonomic}
   size_t InitialHeapSize                          = 98566144                                  {product} {ergonomic}
   size_t MarkStackSize                            = 4194304                                   {product} {ergonomic}
   size_t MaxHeapSize                              = 1570766848                                {product} {ergonomic}
   size_t MaxNewSize                               = 941621248                                 {product} {ergonomic}
   size_t MinHeapDeltaBytes                        = 1048576                                   {product} {ergonomic}
   size_t MinHeapSize                              = 8388608                                   {product} {ergonomic}
    uintx NonNMethodCodeHeapSize                   = 5839372                                {pd product} {ergonomic}
    uintx NonProfiledCodeHeapSize                  = 122909434                              {pd product} {ergonomic}
    uintx ProfiledCodeHeapSize                     = 122909434                              {pd product} {ergonomic}
    uintx ReservedCodeCacheSize                    = 251658240                              {pd product} {ergonomic}
     bool SegmentedCodeCache                       = true                                      {product} {ergonomic}
   size_t SoftMaxHeapSize                          = 1570766848                             {manageable} {ergonomic}
     bool UseCompressedOops                        = true                           {product lp64_product} {ergonomic}
     bool UseG1GC                                  = true                                      {product} {ergonomic}
     bool UseLargePagesIndividualAllocation        = false                                  {pd product} {ergonomic}

Logging:
Log output configuration:
 #0: stdout all=warning uptime,level,tags foldmultilines=false
 #1: stderr all=off uptime,level,tags foldmultilines=false

Environment Variables:
PATH=C:\Program Files\Common Files\Oracle\Java\javapath;C:\Windows\system32;C:\Windows;C:\Windows\System32\Wbem;C:\Windows\System32\WindowsPowerShell\v1.0\;C:\Windows\System32\OpenSSH\;C:\Program Files\dotnet\;C:\Users\aishu\AppData\Local\Programs\Python\Launcher\;C:\Users\aishu\AppData\Local\Microsoft\WindowsApps;C:\Users\aishu\AppData\Local\Programs\Microsoft VS Code\bin;C:\Program Files\JetBrains\PyCharm 2023.3.4\bin;;C:\MinGW\bin;
USERNAME=aishu
OS=Windows_NT
PROCESSOR_IDENTIFIER=AMD64 Family 23 Model 104 Stepping 1, AuthenticAMD
TMP=C:\Users\aishu\AppData\Local\Temp
TEMP=C:\Users\aishu\AppData\Local\Temp




Periodic native trim disabled

---------------  S Y S T E M  ---------------

OS:
 Windows 11 , 64 bit Build 22621 (10.0.22621.3672)
OS uptime: 2 days 13:06 hours

CPU: total 12 (initial active 12) (12 cores per cpu, 2 threads per core) family 23 model 104 stepping 1 microcode 0x0, cx8, cmov, fxsr, ht, mmx, 3dnowpref, sse, sse2, sse3, ssse3, sse4a, sse4.1, sse4.2, popcnt, lzcnt, tsc, tscinvbit, avx, avx2, aes, clmul, bmi1, bmi2, adx, sha, fma, vzeroupper, clflush, clflushopt, rdtscp, rdpid, f16c
Processor Information for processor 0
  Max Mhz: 2100, Current Mhz: 1813, Mhz Limit: 2100
Processor Information for processor 1
  Max Mhz: 2100, Current Mhz: 1813, Mhz Limit: 2100
Processor Information for processor 2
  Max Mhz: 2100, Current Mhz: 1813, Mhz Limit: 2100
Processor Information for processor 3
  Max Mhz: 2100, Current Mhz: 2100, Mhz Limit: 2100
Processor Information for processor 4
  Max Mhz: 2100, Current Mhz: 2100, Mhz Limit: 2100
Processor Information for processor 5
  Max Mhz: 2100, Current Mhz: 1813, Mhz Limit: 2100
Processor Information for processor 6
  Max Mhz: 2100, Current Mhz: 2100, Mhz Limit: 2100
Processor Information for processor 7
  Max Mhz: 2100, Current Mhz: 1813, Mhz Limit: 2100
Processor Information for processor 8
  Max Mhz: 2100, Current Mhz: 1813, Mhz Limit: 2100
Processor Information for processor 9
  Max Mhz: 2100, Current Mhz: 1813, Mhz Limit: 2100
Processor Information for processor 10
  Max Mhz: 2100, Current Mhz: 1813, Mhz Limit: 2100
Processor Information for processor 11
  Max Mhz: 2100, Current Mhz: 1813, Mhz Limit: 2100

Memory: 4k page, system-wide physical 5989M (421M free)
TotalPageFile size 24421M (AvailPageFile size 0M)
current process WorkingSet (physical memory assigned to process): 75M, peak: 75M
current process commit charge ("private bytes"): 202M, peak: 202M

vm_info: Java HotSpot(TM) 64-Bit Server VM (22.0.1+8-16) for windows-amd64 JRE (22.0.1+8-16), built on 2024-03-12T10:33:16Z by "mach5one" with MS VC++ 17.6 (VS2022)

END.
